/workspaces/SESARS_Labs/src/lab/install/lab02_pkg/lib/python3.10/site-packages/lab02_pkg/turtle1_goal_node.py
/workspaces/SESARS_Labs/src/lab/install/lab02_pkg/lib/python3.10/site-packages/lab02_pkg/__init__.py
/workspaces/SESARS_Labs/src/lab/install/lab02_pkg/lib/python3.10/site-packages/lab02_pkg/turtle1_compute_trajectory.py
/workspaces/SESARS_Labs/src/lab/install/lab02_pkg/lib/python3.10/site-packages/lab02_pkg/turtle1_move_forward.py
/workspaces/SESARS_Labs/src/lab/install/lab02_pkg/lib/python3.10/site-packages/lab02_pkg/__pycache__/turtle1_goal_node.cpython-310.pyc
/workspaces/SESARS_Labs/src/lab/install/lab02_pkg/lib/python3.10/site-packages/lab02_pkg/__pycache__/__init__.cpython-310.pyc
/workspaces/SESARS_Labs/src/lab/install/lab02_pkg/lib/python3.10/site-packages/lab02_pkg/__pycache__/turtle1_compute_trajectory.cpython-310.pyc
/workspaces/SESARS_Labs/src/lab/install/lab02_pkg/lib/python3.10/site-packages/lab02_pkg/__pycache__/turtle1_move_forward.cpython-310.pyc
/workspaces/SESARS_Labs/src/lab/install/lab02_pkg/share/ament_index/resource_index/packages/lab02_pkg
/workspaces/SESARS_Labs/src/lab/install/lab02_pkg/share/lab02_pkg/package.xml
/workspaces/SESARS_Labs/src/lab/install/lab02_pkg/share/lab02_pkg/launch/launch.py
/workspaces/SESARS_Labs/src/lab/install/lab02_pkg/lib/python3.10/site-packages/lab02_pkg-0.0.0-py3.10.egg-info/zip-safe
/workspaces/SESARS_Labs/src/lab/install/lab02_pkg/lib/python3.10/site-packages/lab02_pkg-0.0.0-py3.10.egg-info/top_level.txt
/workspaces/SESARS_Labs/src/lab/install/lab02_pkg/lib/python3.10/site-packages/lab02_pkg-0.0.0-py3.10.egg-info/PKG-INFO
/workspaces/SESARS_Labs/src/lab/install/lab02_pkg/lib/python3.10/site-packages/lab02_pkg-0.0.0-py3.10.egg-info/dependency_links.txt
/workspaces/SESARS_Labs/src/lab/install/lab02_pkg/lib/python3.10/site-packages/lab02_pkg-0.0.0-py3.10.egg-info/entry_points.txt
/workspaces/SESARS_Labs/src/lab/install/lab02_pkg/lib/python3.10/site-packages/lab02_pkg-0.0.0-py3.10.egg-info/SOURCES.txt
/workspaces/SESARS_Labs/src/lab/install/lab02_pkg/lib/python3.10/site-packages/lab02_pkg-0.0.0-py3.10.egg-info/requires.txt
/workspaces/SESARS_Labs/src/lab/install/lab02_pkg/lib/lab02_pkg/rotate_absolute_action_client
/workspaces/SESARS_Labs/src/lab/install/lab02_pkg/lib/lab02_pkg/turtle1_compute_trajectory
/workspaces/SESARS_Labs/src/lab/install/lab02_pkg/lib/lab02_pkg/turtle1_goal_generator
/workspaces/SESARS_Labs/src/lab/install/lab02_pkg/lib/lab02_pkg/turtle1_goal_node
/workspaces/SESARS_Labs/src/lab/install/lab02_pkg/lib/lab02_pkg/turtle1_move_forward
