[0.951s] Invoking command in '/workspaces/SESARS_Labs/src/lab/src/lab01_pkg': PYTHONPATH=/workspaces/SESARS_Labs/src/lab/build/lab01_pkg/prefix_override:/workspaces/SESARS_Labs/src/lab/install/lab01_pkg/lib/python3.10/site-packages:${PYTHONPATH} /usr/bin/python3 setup.py egg_info --egg-base ../../build/lab01_pkg build --build-base /workspaces/SESARS_Labs/src/lab/build/lab01_pkg/build install --record /workspaces/SESARS_Labs/src/lab/build/lab01_pkg/install.log --single-version-externally-managed
[1.119s] running egg_info
[1.120s] writing ../../build/lab01_pkg/lab01_pkg.egg-info/PKG-INFO
[1.120s] writing dependency_links to ../../build/lab01_pkg/lab01_pkg.egg-info/dependency_links.txt
[1.120s] writing entry points to ../../build/lab01_pkg/lab01_pkg.egg-info/entry_points.txt
[1.120s] writing requirements to ../../build/lab01_pkg/lab01_pkg.egg-info/requires.txt
[1.120s] writing top-level names to ../../build/lab01_pkg/lab01_pkg.egg-info/top_level.txt
[1.122s] reading manifest file '../../build/lab01_pkg/lab01_pkg.egg-info/SOURCES.txt'
[1.122s] writing manifest file '../../build/lab01_pkg/lab01_pkg.egg-info/SOURCES.txt'
[1.122s] running build
[1.122s] running build_py
[1.123s] running install
[1.123s] /usr/lib/python3/dist-packages/setuptools/command/install.py:34: SetuptoolsDeprecationWarning: setup.py install is deprecated. Use build and pip and other standards-based tools.
[1.123s]   warnings.warn(
[1.123s] running install_lib
[1.124s] running install_data
[1.124s] running install_egg_info
[1.126s] removing '/workspaces/SESARS_Labs/src/lab/install/lab01_pkg/lib/python3.10/site-packages/lab01_pkg-0.0.0-py3.10.egg-info' (and everything under it)
[1.126s] Copying ../../build/lab01_pkg/lab01_pkg.egg-info to /workspaces/SESARS_Labs/src/lab/install/lab01_pkg/lib/python3.10/site-packages/lab01_pkg-0.0.0-py3.10.egg-info
[1.127s] running install_scripts
[1.143s] Installing controller script to /workspaces/SESARS_Labs/src/lab/install/lab01_pkg/lib/lab01_pkg
[1.144s] Installing controller_reset script to /workspaces/SESARS_Labs/src/lab/install/lab01_pkg/lib/lab01_pkg
[1.144s] Installing localization script to /workspaces/SESARS_Labs/src/lab/install/lab01_pkg/lib/lab01_pkg
[1.144s] Installing localization_reset script to /workspaces/SESARS_Labs/src/lab/install/lab01_pkg/lib/lab01_pkg
[1.144s] Installing reset_node script to /workspaces/SESARS_Labs/src/lab/install/lab01_pkg/lib/lab01_pkg
[1.144s] writing list of installed files to '/workspaces/SESARS_Labs/src/lab/build/lab01_pkg/install.log'
[1.190s] Invoked command in '/workspaces/SESARS_Labs/src/lab/src/lab01_pkg' returned '0': PYTHONPATH=/workspaces/SESARS_Labs/src/lab/build/lab01_pkg/prefix_override:/workspaces/SESARS_Labs/src/lab/install/lab01_pkg/lib/python3.10/site-packages:${PYTHONPATH} /usr/bin/python3 setup.py egg_info --egg-base ../../build/lab01_pkg build --build-base /workspaces/SESARS_Labs/src/lab/build/lab01_pkg/build install --record /workspaces/SESARS_Labs/src/lab/build/lab01_pkg/install.log --single-version-externally-managed
