running egg_info
creating ../build/lab02_interfaces/lab02_interfaces.egg-info
writing ../build/lab02_interfaces/lab02_interfaces.egg-info/PKG-INFO
writing dependency_links to ../build/lab02_interfaces/lab02_interfaces.egg-info/dependency_links.txt
writing entry points to ../build/lab02_interfaces/lab02_interfaces.egg-info/entry_points.txt
writing requirements to ../build/lab02_interfaces/lab02_interfaces.egg-info/requires.txt
writing top-level names to ../build/lab02_interfaces/lab02_interfaces.egg-info/top_level.txt
writing manifest file '../build/lab02_interfaces/lab02_interfaces.egg-info/SOURCES.txt'
reading manifest file '../build/lab02_interfaces/lab02_interfaces.egg-info/SOURCES.txt'
writing manifest file '../build/lab02_interfaces/lab02_interfaces.egg-info/SOURCES.txt'
running build
running build_py
creating /workspaces/SESARS_Labs/src/lab/src/build/lab02_interfaces/build
creating /workspaces/SESARS_Labs/src/lab/src/build/lab02_interfaces/build/lib
creating /workspaces/SESARS_Labs/src/lab/src/build/lab02_interfaces/build/lib/lab02_interfaces
copying lab02_interfaces/__init__.py -> /workspaces/SESARS_Labs/src/lab/src/build/lab02_interfaces/build/lib/lab02_interfaces
running install
running install_lib
creating /workspaces/SESARS_Labs/src/lab/src/install/lab02_interfaces/lib/python3.10/site-packages/lab02_interfaces
copying /workspaces/SESARS_Labs/src/lab/src/build/lab02_interfaces/build/lib/lab02_interfaces/__init__.py -> /workspaces/SESARS_Labs/src/lab/src/install/lab02_interfaces/lib/python3.10/site-packages/lab02_interfaces
byte-compiling /workspaces/SESARS_Labs/src/lab/src/install/lab02_interfaces/lib/python3.10/site-packages/lab02_interfaces/__init__.py to __init__.cpython-310.pyc
running install_data
creating /workspaces/SESARS_Labs/src/lab/src/install/lab02_interfaces/share/ament_index
creating /workspaces/SESARS_Labs/src/lab/src/install/lab02_interfaces/share/ament_index/resource_index
creating /workspaces/SESARS_Labs/src/lab/src/install/lab02_interfaces/share/ament_index/resource_index/packages
copying resource/lab02_interfaces -> /workspaces/SESARS_Labs/src/lab/src/install/lab02_interfaces/share/ament_index/resource_index/packages
copying package.xml -> /workspaces/SESARS_Labs/src/lab/src/install/lab02_interfaces/share/lab02_interfaces
running install_egg_info
Copying ../build/lab02_interfaces/lab02_interfaces.egg-info to /workspaces/SESARS_Labs/src/lab/src/install/lab02_interfaces/lib/python3.10/site-packages/lab02_interfaces-0.0.0-py3.10.egg-info
running install_scripts
writing list of installed files to '/workspaces/SESARS_Labs/src/lab/src/build/lab02_interfaces/install.log'
