[1.557s] Invoking command in '/workspaces/SESARS_Labs/src/lab/src/lab02_interfaces': PYTHONPATH=/workspaces/SESARS_Labs/src/lab/src/build/lab02_interfaces/prefix_override:/workspaces/SESARS_Labs/src/lab/src/install/lab02_interfaces/lib/python3.10/site-packages:${PYTHONPATH} /usr/bin/python3 setup.py egg_info --egg-base ../build/lab02_interfaces build --build-base /workspaces/SESARS_Labs/src/lab/src/build/lab02_interfaces/build install --record /workspaces/SESARS_Labs/src/lab/src/build/lab02_interfaces/install.log --single-version-externally-managed
[1.754s] running egg_info
[1.755s] creating ../build/lab02_interfaces/lab02_interfaces.egg-info
[1.755s] writing ../build/lab02_interfaces/lab02_interfaces.egg-info/PKG-INFO
[1.756s] writing dependency_links to ../build/lab02_interfaces/lab02_interfaces.egg-info/dependency_links.txt
[1.756s] writing entry points to ../build/lab02_interfaces/lab02_interfaces.egg-info/entry_points.txt
[1.756s] writing requirements to ../build/lab02_interfaces/lab02_interfaces.egg-info/requires.txt
[1.757s] writing top-level names to ../build/lab02_interfaces/lab02_interfaces.egg-info/top_level.txt
[1.757s] writing manifest file '../build/lab02_interfaces/lab02_interfaces.egg-info/SOURCES.txt'
[1.758s] reading manifest file '../build/lab02_interfaces/lab02_interfaces.egg-info/SOURCES.txt'
[1.759s] writing manifest file '../build/lab02_interfaces/lab02_interfaces.egg-info/SOURCES.txt'
[1.759s] running build
[1.759s] running build_py
[1.759s] creating /workspaces/SESARS_Labs/src/lab/src/build/lab02_interfaces/build
[1.759s] creating /workspaces/SESARS_Labs/src/lab/src/build/lab02_interfaces/build/lib
[1.759s] creating /workspaces/SESARS_Labs/src/lab/src/build/lab02_interfaces/build/lib/lab02_interfaces
[1.759s] copying lab02_interfaces/__init__.py -> /workspaces/SESARS_Labs/src/lab/src/build/lab02_interfaces/build/lib/lab02_interfaces
[1.759s] running install
[1.759s] /usr/lib/python3/dist-packages/setuptools/command/install.py:34: SetuptoolsDeprecationWarning: setup.py install is deprecated. Use build and pip and other standards-based tools.
[1.760s]   warnings.warn(
[1.760s] running install_lib
[1.762s] creating /workspaces/SESARS_Labs/src/lab/src/install/lab02_interfaces/lib/python3.10/site-packages/lab02_interfaces
[1.763s] copying /workspaces/SESARS_Labs/src/lab/src/build/lab02_interfaces/build/lib/lab02_interfaces/__init__.py -> /workspaces/SESARS_Labs/src/lab/src/install/lab02_interfaces/lib/python3.10/site-packages/lab02_interfaces
[1.763s] byte-compiling /workspaces/SESARS_Labs/src/lab/src/install/lab02_interfaces/lib/python3.10/site-packages/lab02_interfaces/__init__.py to __init__.cpython-310.pyc
[1.763s] running install_data
[1.764s] creating /workspaces/SESARS_Labs/src/lab/src/install/lab02_interfaces/share/ament_index
[1.764s] creating /workspaces/SESARS_Labs/src/lab/src/install/lab02_interfaces/share/ament_index/resource_index
[1.764s] creating /workspaces/SESARS_Labs/src/lab/src/install/lab02_interfaces/share/ament_index/resource_index/packages
[1.764s] copying resource/lab02_interfaces -> /workspaces/SESARS_Labs/src/lab/src/install/lab02_interfaces/share/ament_index/resource_index/packages
[1.764s] copying package.xml -> /workspaces/SESARS_Labs/src/lab/src/install/lab02_interfaces/share/lab02_interfaces
[1.764s] running install_egg_info
[1.766s] Copying ../build/lab02_interfaces/lab02_interfaces.egg-info to /workspaces/SESARS_Labs/src/lab/src/install/lab02_interfaces/lib/python3.10/site-packages/lab02_interfaces-0.0.0-py3.10.egg-info
[1.767s] running install_scripts
[1.796s] writing list of installed files to '/workspaces/SESARS_Labs/src/lab/src/build/lab02_interfaces/install.log'
[1.953s] Invoked command in '/workspaces/SESARS_Labs/src/lab/src/lab02_interfaces' returned '0': PYTHONPATH=/workspaces/SESARS_Labs/src/lab/src/build/lab02_interfaces/prefix_override:/workspaces/SESARS_Labs/src/lab/src/install/lab02_interfaces/lib/python3.10/site-packages:${PYTHONPATH} /usr/bin/python3 setup.py egg_info --egg-base ../build/lab02_interfaces build --build-base /workspaces/SESARS_Labs/src/lab/src/build/lab02_interfaces/build install --record /workspaces/SESARS_Labs/src/lab/src/build/lab02_interfaces/install.log --single-version-externally-managed
