[0.591s] DEBUG:colcon:Command line arguments: ['/usr/bin/colcon', 'build']
[0.591s] DEBUG:colcon:Parsed command line arguments: Namespace(log_base=None, log_level=None, verb_name='build', build_base='build', install_base='install', merge_install=False, symlink_install=False, test_result_base=None, continue_on_error=False, executor='parallel', parallel_workers=12, event_handlers=None, ignore_user_meta=False, metas=['./colcon.meta'], base_paths=['.'], packages_ignore=None, packages_ignore_regex=None, paths=None, packages_up_to=None, packages_up_to_regex=None, packages_above=None, packages_above_and_dependencies=None, packages_above_depth=None, packages_select_by_dep=None, packages_skip_by_dep=None, packages_skip_up_to=None, packages_select_build_failed=False, packages_skip_build_finished=False, packages_select_test_failures=False, packages_skip_test_passed=False, packages_select=None, packages_skip=None, packages_select_regex=None, packages_skip_regex=None, packages_start=None, packages_end=None, cmake_args=None, cmake_target=None, cmake_target_skip_unavailable=False, cmake_clean_cache=False, cmake_clean_first=False, cmake_force_configure=False, ament_cmake_args=None, catkin_cmake_args=None, catkin_skip_building_tests=False, verb_parser=<colcon_defaults.argument_parser.defaults.DefaultArgumentsDecorator object at 0x7f1082071900>, verb_extension=<colcon_core.verb.build.BuildVerb object at 0x7f1082301f30>, main=<bound method BuildVerb.main of <colcon_core.verb.build.BuildVerb object at 0x7f1082301f30>>)
[0.621s] Level 1:colcon.colcon_core.package_discovery:discover_packages(colcon_meta) check parameters
[0.621s] Level 1:colcon.colcon_core.package_discovery:discover_packages(recursive) check parameters
[0.622s] Level 1:colcon.colcon_core.package_discovery:discover_packages(ignore) check parameters
[0.622s] Level 1:colcon.colcon_core.package_discovery:discover_packages(path) check parameters
[0.622s] Level 1:colcon.colcon_core.package_discovery:discover_packages(colcon_meta) discover
[0.622s] Level 1:colcon.colcon_core.package_discovery:discover_packages(recursive) discover
[0.622s] INFO:colcon.colcon_core.package_discovery:Crawling recursively for packages in '/workspaces/SESARS_Labs/src/lab'
[0.622s] Level 1:colcon.colcon_core.package_identification:_identify(.) by extensions ['ignore', 'ignore_ament_install']
[0.622s] Level 1:colcon.colcon_core.package_identification:_identify(.) by extension 'ignore'
[0.622s] Level 1:colcon.colcon_core.package_identification:_identify(.) by extension 'ignore_ament_install'
[0.622s] Level 1:colcon.colcon_core.package_identification:_identify(.) by extensions ['colcon_pkg']
[0.622s] Level 1:colcon.colcon_core.package_identification:_identify(.) by extension 'colcon_pkg'
[0.622s] Level 1:colcon.colcon_core.package_identification:_identify(.) by extensions ['colcon_meta']
[0.622s] Level 1:colcon.colcon_core.package_identification:_identify(.) by extension 'colcon_meta'
[0.622s] Level 1:colcon.colcon_core.package_identification:_identify(.) by extensions ['ros']
[0.622s] Level 1:colcon.colcon_core.package_identification:_identify(.) by extension 'ros'
[0.631s] Level 1:colcon.colcon_core.package_identification:_identify(.) by extensions ['cmake', 'python']
[0.631s] Level 1:colcon.colcon_core.package_identification:_identify(.) by extension 'cmake'
[0.631s] Level 1:colcon.colcon_core.package_identification:_identify(.) by extension 'python'
[0.631s] Level 1:colcon.colcon_core.package_identification:_identify(.) by extensions ['python_setup_py']
[0.631s] Level 1:colcon.colcon_core.package_identification:_identify(.) by extension 'python_setup_py'
[0.631s] Level 1:colcon.colcon_core.package_identification:_identify(build) by extensions ['ignore', 'ignore_ament_install']
[0.632s] Level 1:colcon.colcon_core.package_identification:_identify(build) by extension 'ignore'
[0.632s] Level 1:colcon.colcon_core.package_identification:_identify(build) ignored
[0.632s] Level 1:colcon.colcon_core.package_identification:_identify(install) by extensions ['ignore', 'ignore_ament_install']
[0.632s] Level 1:colcon.colcon_core.package_identification:_identify(install) by extension 'ignore'
[0.632s] Level 1:colcon.colcon_core.package_identification:_identify(install) ignored
[0.632s] Level 1:colcon.colcon_core.package_identification:_identify(log) by extensions ['ignore', 'ignore_ament_install']
[0.632s] Level 1:colcon.colcon_core.package_identification:_identify(log) by extension 'ignore'
[0.632s] Level 1:colcon.colcon_core.package_identification:_identify(log) ignored
[0.632s] Level 1:colcon.colcon_core.package_identification:_identify(src) by extensions ['ignore', 'ignore_ament_install']
[0.632s] Level 1:colcon.colcon_core.package_identification:_identify(src) by extension 'ignore'
[0.632s] Level 1:colcon.colcon_core.package_identification:_identify(src) by extension 'ignore_ament_install'
[0.632s] Level 1:colcon.colcon_core.package_identification:_identify(src) by extensions ['colcon_pkg']
[0.632s] Level 1:colcon.colcon_core.package_identification:_identify(src) by extension 'colcon_pkg'
[0.632s] Level 1:colcon.colcon_core.package_identification:_identify(src) by extensions ['colcon_meta']
[0.632s] Level 1:colcon.colcon_core.package_identification:_identify(src) by extension 'colcon_meta'
[0.632s] Level 1:colcon.colcon_core.package_identification:_identify(src) by extensions ['ros']
[0.632s] Level 1:colcon.colcon_core.package_identification:_identify(src) by extension 'ros'
[0.632s] Level 1:colcon.colcon_core.package_identification:_identify(src) by extensions ['cmake', 'python']
[0.632s] Level 1:colcon.colcon_core.package_identification:_identify(src) by extension 'cmake'
[0.632s] Level 1:colcon.colcon_core.package_identification:_identify(src) by extension 'python'
[0.632s] Level 1:colcon.colcon_core.package_identification:_identify(src) by extensions ['python_setup_py']
[0.632s] Level 1:colcon.colcon_core.package_identification:_identify(src) by extension 'python_setup_py'
[0.633s] Level 1:colcon.colcon_core.package_identification:_identify(src/lab01_pkg) by extensions ['ignore', 'ignore_ament_install']
[0.633s] Level 1:colcon.colcon_core.package_identification:_identify(src/lab01_pkg) by extension 'ignore'
[0.633s] Level 1:colcon.colcon_core.package_identification:_identify(src/lab01_pkg) by extension 'ignore_ament_install'
[0.633s] Level 1:colcon.colcon_core.package_identification:_identify(src/lab01_pkg) by extensions ['colcon_pkg']
[0.633s] Level 1:colcon.colcon_core.package_identification:_identify(src/lab01_pkg) by extension 'colcon_pkg'
[0.633s] Level 1:colcon.colcon_core.package_identification:_identify(src/lab01_pkg) by extensions ['colcon_meta']
[0.633s] Level 1:colcon.colcon_core.package_identification:_identify(src/lab01_pkg) by extension 'colcon_meta'
[0.633s] Level 1:colcon.colcon_core.package_identification:_identify(src/lab01_pkg) by extensions ['ros']
[0.633s] Level 1:colcon.colcon_core.package_identification:_identify(src/lab01_pkg) by extension 'ros'
[0.635s] DEBUG:colcon.colcon_core.package_identification:Package 'src/lab01_pkg' with type 'ros.ament_python' and name 'lab01_pkg'
[0.635s] Level 1:colcon.colcon_core.package_identification:_identify(src/lab02_interfaces) by extensions ['ignore', 'ignore_ament_install']
[0.635s] Level 1:colcon.colcon_core.package_identification:_identify(src/lab02_interfaces) by extension 'ignore'
[0.635s] Level 1:colcon.colcon_core.package_identification:_identify(src/lab02_interfaces) by extension 'ignore_ament_install'
[0.635s] Level 1:colcon.colcon_core.package_identification:_identify(src/lab02_interfaces) by extensions ['colcon_pkg']
[0.635s] Level 1:colcon.colcon_core.package_identification:_identify(src/lab02_interfaces) by extension 'colcon_pkg'
[0.635s] Level 1:colcon.colcon_core.package_identification:_identify(src/lab02_interfaces) by extensions ['colcon_meta']
[0.635s] Level 1:colcon.colcon_core.package_identification:_identify(src/lab02_interfaces) by extension 'colcon_meta'
[0.635s] Level 1:colcon.colcon_core.package_identification:_identify(src/lab02_interfaces) by extensions ['ros']
[0.635s] Level 1:colcon.colcon_core.package_identification:_identify(src/lab02_interfaces) by extension 'ros'
[0.636s] DEBUG:colcon.colcon_core.package_identification:Package 'src/lab02_interfaces' with type 'ros.ament_cmake' and name 'lab02_interfaces'
[0.636s] Level 1:colcon.colcon_core.package_identification:_identify(src/lab02_pkg) by extensions ['ignore', 'ignore_ament_install']
[0.636s] Level 1:colcon.colcon_core.package_identification:_identify(src/lab02_pkg) by extension 'ignore'
[0.636s] Level 1:colcon.colcon_core.package_identification:_identify(src/lab02_pkg) by extension 'ignore_ament_install'
[0.636s] Level 1:colcon.colcon_core.package_identification:_identify(src/lab02_pkg) by extensions ['colcon_pkg']
[0.636s] Level 1:colcon.colcon_core.package_identification:_identify(src/lab02_pkg) by extension 'colcon_pkg'
[0.636s] Level 1:colcon.colcon_core.package_identification:_identify(src/lab02_pkg) by extensions ['colcon_meta']
[0.636s] Level 1:colcon.colcon_core.package_identification:_identify(src/lab02_pkg) by extension 'colcon_meta'
[0.636s] Level 1:colcon.colcon_core.package_identification:_identify(src/lab02_pkg) by extensions ['ros']
[0.636s] Level 1:colcon.colcon_core.package_identification:_identify(src/lab02_pkg) by extension 'ros'
[0.637s] DEBUG:colcon.colcon_core.package_identification:Package 'src/lab02_pkg' with type 'ros.ament_python' and name 'lab02_pkg'
[0.637s] Level 1:colcon.colcon_core.package_identification:_identify(src/py_pubsub) by extensions ['ignore', 'ignore_ament_install']
[0.637s] Level 1:colcon.colcon_core.package_identification:_identify(src/py_pubsub) by extension 'ignore'
[0.637s] Level 1:colcon.colcon_core.package_identification:_identify(src/py_pubsub) by extension 'ignore_ament_install'
[0.637s] Level 1:colcon.colcon_core.package_identification:_identify(src/py_pubsub) by extensions ['colcon_pkg']
[0.637s] Level 1:colcon.colcon_core.package_identification:_identify(src/py_pubsub) by extension 'colcon_pkg'
[0.637s] Level 1:colcon.colcon_core.package_identification:_identify(src/py_pubsub) by extensions ['colcon_meta']
[0.637s] Level 1:colcon.colcon_core.package_identification:_identify(src/py_pubsub) by extension 'colcon_meta'
[0.637s] Level 1:colcon.colcon_core.package_identification:_identify(src/py_pubsub) by extensions ['ros']
[0.637s] Level 1:colcon.colcon_core.package_identification:_identify(src/py_pubsub) by extension 'ros'
[0.637s] DEBUG:colcon.colcon_core.package_identification:Package 'src/py_pubsub' with type 'ros.ament_python' and name 'py_pubsub'
[0.637s] Level 1:colcon.colcon_core.package_discovery:discover_packages(recursive) using defaults
[0.637s] Level 1:colcon.colcon_core.package_discovery:discover_packages(ignore) discover
[0.637s] Level 1:colcon.colcon_core.package_discovery:discover_packages(ignore) using defaults
[0.637s] Level 1:colcon.colcon_core.package_discovery:discover_packages(path) discover
[0.637s] Level 1:colcon.colcon_core.package_discovery:discover_packages(path) using defaults
[0.685s] Level 5:colcon.colcon_core.verb:set package 'lab01_pkg' build argument 'cmake_args' from command line to 'None'
[0.685s] Level 5:colcon.colcon_core.verb:set package 'lab01_pkg' build argument 'cmake_target' from command line to 'None'
[0.685s] Level 5:colcon.colcon_core.verb:set package 'lab01_pkg' build argument 'cmake_target_skip_unavailable' from command line to 'False'
[0.685s] Level 5:colcon.colcon_core.verb:set package 'lab01_pkg' build argument 'cmake_clean_cache' from command line to 'False'
[0.685s] Level 5:colcon.colcon_core.verb:set package 'lab01_pkg' build argument 'cmake_clean_first' from command line to 'False'
[0.685s] Level 5:colcon.colcon_core.verb:set package 'lab01_pkg' build argument 'cmake_force_configure' from command line to 'False'
[0.685s] Level 5:colcon.colcon_core.verb:set package 'lab01_pkg' build argument 'ament_cmake_args' from command line to 'None'
[0.685s] Level 5:colcon.colcon_core.verb:set package 'lab01_pkg' build argument 'catkin_cmake_args' from command line to 'None'
[0.686s] Level 5:colcon.colcon_core.verb:set package 'lab01_pkg' build argument 'catkin_skip_building_tests' from command line to 'False'
[0.686s] DEBUG:colcon.colcon_core.verb:Building package 'lab01_pkg' with the following arguments: {'ament_cmake_args': None, 'build_base': '/workspaces/SESARS_Labs/src/lab/build/lab01_pkg', 'catkin_cmake_args': None, 'catkin_skip_building_tests': False, 'cmake_args': None, 'cmake_clean_cache': False, 'cmake_clean_first': False, 'cmake_force_configure': False, 'cmake_target': None, 'cmake_target_skip_unavailable': False, 'install_base': '/workspaces/SESARS_Labs/src/lab/install/lab01_pkg', 'merge_install': False, 'path': '/workspaces/SESARS_Labs/src/lab/src/lab01_pkg', 'symlink_install': False, 'test_result_base': None}
[0.694s] Level 5:colcon.colcon_core.verb:set package 'lab02_interfaces' build argument 'cmake_args' from command line to 'None'
[0.694s] Level 5:colcon.colcon_core.verb:set package 'lab02_interfaces' build argument 'cmake_target' from command line to 'None'
[0.694s] Level 5:colcon.colcon_core.verb:set package 'lab02_interfaces' build argument 'cmake_target_skip_unavailable' from command line to 'False'
[0.694s] Level 5:colcon.colcon_core.verb:set package 'lab02_interfaces' build argument 'cmake_clean_cache' from command line to 'False'
[0.694s] Level 5:colcon.colcon_core.verb:set package 'lab02_interfaces' build argument 'cmake_clean_first' from command line to 'False'
[0.694s] Level 5:colcon.colcon_core.verb:set package 'lab02_interfaces' build argument 'cmake_force_configure' from command line to 'False'
[0.694s] Level 5:colcon.colcon_core.verb:set package 'lab02_interfaces' build argument 'ament_cmake_args' from command line to 'None'
[0.694s] Level 5:colcon.colcon_core.verb:set package 'lab02_interfaces' build argument 'catkin_cmake_args' from command line to 'None'
[0.694s] Level 5:colcon.colcon_core.verb:set package 'lab02_interfaces' build argument 'catkin_skip_building_tests' from command line to 'False'
[0.694s] DEBUG:colcon.colcon_core.verb:Building package 'lab02_interfaces' with the following arguments: {'ament_cmake_args': None, 'build_base': '/workspaces/SESARS_Labs/src/lab/build/lab02_interfaces', 'catkin_cmake_args': None, 'catkin_skip_building_tests': False, 'cmake_args': None, 'cmake_clean_cache': False, 'cmake_clean_first': False, 'cmake_force_configure': False, 'cmake_target': None, 'cmake_target_skip_unavailable': False, 'install_base': '/workspaces/SESARS_Labs/src/lab/install/lab02_interfaces', 'merge_install': False, 'path': '/workspaces/SESARS_Labs/src/lab/src/lab02_interfaces', 'symlink_install': False, 'test_result_base': None}
[0.703s] Level 5:colcon.colcon_core.verb:set package 'py_pubsub' build argument 'cmake_args' from command line to 'None'
[0.703s] Level 5:colcon.colcon_core.verb:set package 'py_pubsub' build argument 'cmake_target' from command line to 'None'
[0.703s] Level 5:colcon.colcon_core.verb:set package 'py_pubsub' build argument 'cmake_target_skip_unavailable' from command line to 'False'
[0.703s] Level 5:colcon.colcon_core.verb:set package 'py_pubsub' build argument 'cmake_clean_cache' from command line to 'False'
[0.703s] Level 5:colcon.colcon_core.verb:set package 'py_pubsub' build argument 'cmake_clean_first' from command line to 'False'
[0.703s] Level 5:colcon.colcon_core.verb:set package 'py_pubsub' build argument 'cmake_force_configure' from command line to 'False'
[0.703s] Level 5:colcon.colcon_core.verb:set package 'py_pubsub' build argument 'ament_cmake_args' from command line to 'None'
[0.703s] Level 5:colcon.colcon_core.verb:set package 'py_pubsub' build argument 'catkin_cmake_args' from command line to 'None'
[0.703s] Level 5:colcon.colcon_core.verb:set package 'py_pubsub' build argument 'catkin_skip_building_tests' from command line to 'False'
[0.703s] DEBUG:colcon.colcon_core.verb:Building package 'py_pubsub' with the following arguments: {'ament_cmake_args': None, 'build_base': '/workspaces/SESARS_Labs/src/lab/build/py_pubsub', 'catkin_cmake_args': None, 'catkin_skip_building_tests': False, 'cmake_args': None, 'cmake_clean_cache': False, 'cmake_clean_first': False, 'cmake_force_configure': False, 'cmake_target': None, 'cmake_target_skip_unavailable': False, 'install_base': '/workspaces/SESARS_Labs/src/lab/install/py_pubsub', 'merge_install': False, 'path': '/workspaces/SESARS_Labs/src/lab/src/py_pubsub', 'symlink_install': False, 'test_result_base': None}
[0.714s] Level 5:colcon.colcon_core.verb:set package 'lab02_pkg' build argument 'cmake_args' from command line to 'None'
[0.714s] Level 5:colcon.colcon_core.verb:set package 'lab02_pkg' build argument 'cmake_target' from command line to 'None'
[0.714s] Level 5:colcon.colcon_core.verb:set package 'lab02_pkg' build argument 'cmake_target_skip_unavailable' from command line to 'False'
[0.714s] Level 5:colcon.colcon_core.verb:set package 'lab02_pkg' build argument 'cmake_clean_cache' from command line to 'False'
[0.714s] Level 5:colcon.colcon_core.verb:set package 'lab02_pkg' build argument 'cmake_clean_first' from command line to 'False'
[0.714s] Level 5:colcon.colcon_core.verb:set package 'lab02_pkg' build argument 'cmake_force_configure' from command line to 'False'
[0.714s] Level 5:colcon.colcon_core.verb:set package 'lab02_pkg' build argument 'ament_cmake_args' from command line to 'None'
[0.714s] Level 5:colcon.colcon_core.verb:set package 'lab02_pkg' build argument 'catkin_cmake_args' from command line to 'None'
[0.714s] Level 5:colcon.colcon_core.verb:set package 'lab02_pkg' build argument 'catkin_skip_building_tests' from command line to 'False'
[0.714s] DEBUG:colcon.colcon_core.verb:Building package 'lab02_pkg' with the following arguments: {'ament_cmake_args': None, 'build_base': '/workspaces/SESARS_Labs/src/lab/build/lab02_pkg', 'catkin_cmake_args': None, 'catkin_skip_building_tests': False, 'cmake_args': None, 'cmake_clean_cache': False, 'cmake_clean_first': False, 'cmake_force_configure': False, 'cmake_target': None, 'cmake_target_skip_unavailable': False, 'install_base': '/workspaces/SESARS_Labs/src/lab/install/lab02_pkg', 'merge_install': False, 'path': '/workspaces/SESARS_Labs/src/lab/src/lab02_pkg', 'symlink_install': False, 'test_result_base': None}
[0.723s] INFO:colcon.colcon_core.executor:Executing jobs using 'parallel' executor
[0.732s] DEBUG:colcon.colcon_parallel_executor.executor.parallel:run_until_complete
[0.732s] INFO:colcon.colcon_ros.task.ament_cmake.build:Building ROS package in '/workspaces/SESARS_Labs/src/lab/src/lab02_interfaces' with build type 'ament_cmake'
[0.732s] INFO:colcon.colcon_cmake.task.cmake.build:Building CMake package in '/workspaces/SESARS_Labs/src/lab/src/lab02_interfaces'
[0.742s] INFO:colcon.colcon_core.plugin_system:Skipping extension 'colcon_core.shell.bat': Not used on non-Windows systems
[0.743s] INFO:colcon.colcon_core.shell:Skip shell extension 'powershell' for command environment: Not usable outside of PowerShell
[0.743s] DEBUG:colcon.colcon_core.shell:Skip shell extension 'dsv' for command environment
[0.771s] INFO:colcon.colcon_ros.task.ament_python.build:Building ROS package in '/workspaces/SESARS_Labs/src/lab/src/lab01_pkg' with build type 'ament_python'
[0.771s] Level 1:colcon.colcon_core.shell:create_environment_hook('lab01_pkg', 'ament_prefix_path')
[0.781s] INFO:colcon.colcon_core.shell:Creating environment hook '/workspaces/SESARS_Labs/src/lab/install/lab01_pkg/share/lab01_pkg/hook/ament_prefix_path.ps1'
[0.781s] INFO:colcon.colcon_core.shell:Creating environment descriptor '/workspaces/SESARS_Labs/src/lab/install/lab01_pkg/share/lab01_pkg/hook/ament_prefix_path.dsv'
[0.781s] INFO:colcon.colcon_core.shell:Creating environment hook '/workspaces/SESARS_Labs/src/lab/install/lab01_pkg/share/lab01_pkg/hook/ament_prefix_path.sh'
[0.790s] INFO:colcon.colcon_core.shell:Skip shell extension 'powershell' for command environment: Not usable outside of PowerShell
[0.790s] DEBUG:colcon.colcon_core.shell:Skip shell extension 'dsv' for command environment
[0.818s] INFO:colcon.colcon_ros.task.ament_python.build:Building ROS package in '/workspaces/SESARS_Labs/src/lab/src/py_pubsub' with build type 'ament_python'
[0.818s] Level 1:colcon.colcon_core.shell:create_environment_hook('py_pubsub', 'ament_prefix_path')
[0.827s] INFO:colcon.colcon_core.shell:Creating environment hook '/workspaces/SESARS_Labs/src/lab/install/py_pubsub/share/py_pubsub/hook/ament_prefix_path.ps1'
[0.828s] INFO:colcon.colcon_core.shell:Creating environment descriptor '/workspaces/SESARS_Labs/src/lab/install/py_pubsub/share/py_pubsub/hook/ament_prefix_path.dsv'
[0.828s] INFO:colcon.colcon_core.shell:Creating environment hook '/workspaces/SESARS_Labs/src/lab/install/py_pubsub/share/py_pubsub/hook/ament_prefix_path.sh'
[0.838s] INFO:colcon.colcon_core.shell:Skip shell extension 'powershell' for command environment: Not usable outside of PowerShell
[0.838s] DEBUG:colcon.colcon_core.shell:Skip shell extension 'dsv' for command environment
[0.873s] DEBUG:colcon.colcon_core.event_handler.log_command:Invoking command in '/workspaces/SESARS_Labs/src/lab/build/lab02_interfaces': CMAKE_PREFIX_PATH=${CMAKE_PREFIX_PATH}:/workspaces/SESARS_Labs/src/lab/install/py_pubsub:/workspaces/SESARS_Labs/src/lab/install/lab02_pkg:/workspaces/SESARS_Labs/src/lab/install/lab01_pkg:/opt/ros/humble /usr/bin/cmake --build /workspaces/SESARS_Labs/src/lab/build/lab02_interfaces -- -j12 -l12
[1.079s] INFO:colcon.colcon_core.task.python.build:Building Python package in '/workspaces/SESARS_Labs/src/lab/src/lab01_pkg'
[1.088s] INFO:colcon.colcon_core.shell:Skip shell extension 'powershell' for command environment: Not usable outside of PowerShell
[1.088s] DEBUG:colcon.colcon_core.shell:Skip shell extension 'dsv' for command environment
[1.322s] INFO:colcon.colcon_core.task.python.build:Building Python package in '/workspaces/SESARS_Labs/src/lab/src/py_pubsub'
[1.338s] INFO:colcon.colcon_core.shell:Skip shell extension 'powershell' for command environment: Not usable outside of PowerShell
[1.338s] DEBUG:colcon.colcon_core.shell:Skip shell extension 'dsv' for command environment
[1.372s] DEBUG:colcon.colcon_core.event_handler.log_command:Invoked command in '/workspaces/SESARS_Labs/src/lab/build/lab02_interfaces' returned '0': CMAKE_PREFIX_PATH=${CMAKE_PREFIX_PATH}:/workspaces/SESARS_Labs/src/lab/install/py_pubsub:/workspaces/SESARS_Labs/src/lab/install/lab02_pkg:/workspaces/SESARS_Labs/src/lab/install/lab01_pkg:/opt/ros/humble /usr/bin/cmake --build /workspaces/SESARS_Labs/src/lab/build/lab02_interfaces -- -j12 -l12
[1.438s] DEBUG:colcon.colcon_core.event_handler.log_command:Invoking command in '/workspaces/SESARS_Labs/src/lab/build/lab02_interfaces': CMAKE_PREFIX_PATH=${CMAKE_PREFIX_PATH}:/workspaces/SESARS_Labs/src/lab/install/py_pubsub:/workspaces/SESARS_Labs/src/lab/install/lab02_pkg:/workspaces/SESARS_Labs/src/lab/install/lab01_pkg:/opt/ros/humble /usr/bin/cmake --install /workspaces/SESARS_Labs/src/lab/build/lab02_interfaces
[1.498s] Level 1:colcon.colcon_core.environment:create_environment_scripts_only(lab02_interfaces)
[1.499s] DEBUG:colcon.colcon_core.event_handler.log_command:Invoked command in '/workspaces/SESARS_Labs/src/lab/build/lab02_interfaces' returned '0': CMAKE_PREFIX_PATH=${CMAKE_PREFIX_PATH}:/workspaces/SESARS_Labs/src/lab/install/py_pubsub:/workspaces/SESARS_Labs/src/lab/install/lab02_pkg:/workspaces/SESARS_Labs/src/lab/install/lab01_pkg:/opt/ros/humble /usr/bin/cmake --install /workspaces/SESARS_Labs/src/lab/build/lab02_interfaces
[1.512s] Level 1:colcon.colcon_core.environment:checking '/workspaces/SESARS_Labs/src/lab/install/lab02_interfaces' for CMake module files
[1.512s] Level 1:colcon.colcon_core.environment:checking '/workspaces/SESARS_Labs/src/lab/install/lab02_interfaces' for CMake config files
[1.513s] Level 1:colcon.colcon_core.shell:create_environment_hook('lab02_interfaces', 'cmake_prefix_path')
[1.522s] INFO:colcon.colcon_core.shell:Creating environment hook '/workspaces/SESARS_Labs/src/lab/install/lab02_interfaces/share/lab02_interfaces/hook/cmake_prefix_path.ps1'
[1.522s] INFO:colcon.colcon_core.shell:Creating environment descriptor '/workspaces/SESARS_Labs/src/lab/install/lab02_interfaces/share/lab02_interfaces/hook/cmake_prefix_path.dsv'
[1.522s] INFO:colcon.colcon_core.shell:Creating environment hook '/workspaces/SESARS_Labs/src/lab/install/lab02_interfaces/share/lab02_interfaces/hook/cmake_prefix_path.sh'
[1.523s] Level 1:colcon.colcon_core.environment:checking '/workspaces/SESARS_Labs/src/lab/install/lab02_interfaces/lib'
[1.523s] Level 1:colcon.colcon_core.shell:create_environment_hook('lab02_interfaces', 'ld_library_path_lib')
[1.532s] INFO:colcon.colcon_core.shell:Creating environment hook '/workspaces/SESARS_Labs/src/lab/install/lab02_interfaces/share/lab02_interfaces/hook/ld_library_path_lib.ps1'
[1.532s] INFO:colcon.colcon_core.shell:Creating environment descriptor '/workspaces/SESARS_Labs/src/lab/install/lab02_interfaces/share/lab02_interfaces/hook/ld_library_path_lib.dsv'
[1.532s] INFO:colcon.colcon_core.shell:Creating environment hook '/workspaces/SESARS_Labs/src/lab/install/lab02_interfaces/share/lab02_interfaces/hook/ld_library_path_lib.sh'
[1.532s] Level 1:colcon.colcon_core.environment:checking '/workspaces/SESARS_Labs/src/lab/install/lab02_interfaces/bin'
[1.533s] Level 1:colcon.colcon_core.environment:checking '/workspaces/SESARS_Labs/src/lab/install/lab02_interfaces/lib/pkgconfig/lab02_interfaces.pc'
[1.533s] Level 1:colcon.colcon_core.environment:checking '/workspaces/SESARS_Labs/src/lab/install/lab02_interfaces/lib/python3.10/site-packages'
[1.533s] Level 1:colcon.colcon_core.environment:checking '/workspaces/SESARS_Labs/src/lab/install/lab02_interfaces/bin'
[1.543s] INFO:colcon.colcon_core.shell:Creating package script '/workspaces/SESARS_Labs/src/lab/install/lab02_interfaces/share/lab02_interfaces/package.ps1'
[1.543s] INFO:colcon.colcon_core.shell:Creating package descriptor '/workspaces/SESARS_Labs/src/lab/install/lab02_interfaces/share/lab02_interfaces/package.dsv'
[1.544s] INFO:colcon.colcon_core.shell:Creating package script '/workspaces/SESARS_Labs/src/lab/install/lab02_interfaces/share/lab02_interfaces/package.sh'
[1.545s] INFO:colcon.colcon_core.shell:Creating package script '/workspaces/SESARS_Labs/src/lab/install/lab02_interfaces/share/lab02_interfaces/package.bash'
[1.545s] INFO:colcon.colcon_core.shell:Creating package script '/workspaces/SESARS_Labs/src/lab/install/lab02_interfaces/share/lab02_interfaces/package.zsh'
[1.546s] Level 1:colcon.colcon_core.environment:create_file_with_runtime_dependencies(/workspaces/SESARS_Labs/src/lab/install/lab02_interfaces/share/colcon-core/packages/lab02_interfaces)
[1.625s] Level 1:colcon.colcon_core.environment:create_environment_scripts_only(lab02_interfaces)
[1.633s] Level 1:colcon.colcon_core.environment:checking '/workspaces/SESARS_Labs/src/lab/install/lab02_interfaces' for CMake module files
[1.633s] Level 1:colcon.colcon_core.environment:checking '/workspaces/SESARS_Labs/src/lab/install/lab02_interfaces' for CMake config files
[1.634s] Level 1:colcon.colcon_core.shell:create_environment_hook('lab02_interfaces', 'cmake_prefix_path')
[1.642s] INFO:colcon.colcon_core.shell:Creating environment hook '/workspaces/SESARS_Labs/src/lab/install/lab02_interfaces/share/lab02_interfaces/hook/cmake_prefix_path.ps1'
[1.643s] INFO:colcon.colcon_core.shell:Creating environment descriptor '/workspaces/SESARS_Labs/src/lab/install/lab02_interfaces/share/lab02_interfaces/hook/cmake_prefix_path.dsv'
[1.643s] INFO:colcon.colcon_core.shell:Creating environment hook '/workspaces/SESARS_Labs/src/lab/install/lab02_interfaces/share/lab02_interfaces/hook/cmake_prefix_path.sh'
[1.644s] Level 1:colcon.colcon_core.environment:checking '/workspaces/SESARS_Labs/src/lab/install/lab02_interfaces/lib'
[1.644s] Level 1:colcon.colcon_core.shell:create_environment_hook('lab02_interfaces', 'ld_library_path_lib')
[1.655s] INFO:colcon.colcon_core.shell:Creating environment hook '/workspaces/SESARS_Labs/src/lab/install/lab02_interfaces/share/lab02_interfaces/hook/ld_library_path_lib.ps1'
[1.655s] INFO:colcon.colcon_core.shell:Creating environment descriptor '/workspaces/SESARS_Labs/src/lab/install/lab02_interfaces/share/lab02_interfaces/hook/ld_library_path_lib.dsv'
[1.656s] INFO:colcon.colcon_core.shell:Creating environment hook '/workspaces/SESARS_Labs/src/lab/install/lab02_interfaces/share/lab02_interfaces/hook/ld_library_path_lib.sh'
[1.656s] Level 1:colcon.colcon_core.environment:checking '/workspaces/SESARS_Labs/src/lab/install/lab02_interfaces/bin'
[1.656s] Level 1:colcon.colcon_core.environment:checking '/workspaces/SESARS_Labs/src/lab/install/lab02_interfaces/lib/pkgconfig/lab02_interfaces.pc'
[1.656s] Level 1:colcon.colcon_core.environment:checking '/workspaces/SESARS_Labs/src/lab/install/lab02_interfaces/lib/python3.10/site-packages'
[1.657s] Level 1:colcon.colcon_core.environment:checking '/workspaces/SESARS_Labs/src/lab/install/lab02_interfaces/bin'
[1.665s] INFO:colcon.colcon_core.shell:Creating package script '/workspaces/SESARS_Labs/src/lab/install/lab02_interfaces/share/lab02_interfaces/package.ps1'
[1.666s] INFO:colcon.colcon_core.shell:Creating package descriptor '/workspaces/SESARS_Labs/src/lab/install/lab02_interfaces/share/lab02_interfaces/package.dsv'
[1.666s] INFO:colcon.colcon_core.shell:Creating package script '/workspaces/SESARS_Labs/src/lab/install/lab02_interfaces/share/lab02_interfaces/package.sh'
[1.667s] INFO:colcon.colcon_core.shell:Creating package script '/workspaces/SESARS_Labs/src/lab/install/lab02_interfaces/share/lab02_interfaces/package.bash'
[1.667s] INFO:colcon.colcon_core.shell:Creating package script '/workspaces/SESARS_Labs/src/lab/install/lab02_interfaces/share/lab02_interfaces/package.zsh'
[1.667s] Level 1:colcon.colcon_core.environment:create_file_with_runtime_dependencies(/workspaces/SESARS_Labs/src/lab/install/lab02_interfaces/share/colcon-core/packages/lab02_interfaces)
[1.668s] INFO:colcon.colcon_ros.task.ament_python.build:Building ROS package in '/workspaces/SESARS_Labs/src/lab/src/lab02_pkg' with build type 'ament_python'
[1.668s] Level 1:colcon.colcon_core.shell:create_environment_hook('lab02_pkg', 'ament_prefix_path')
[1.678s] INFO:colcon.colcon_core.shell:Creating environment hook '/workspaces/SESARS_Labs/src/lab/install/lab02_pkg/share/lab02_pkg/hook/ament_prefix_path.ps1'
[1.678s] INFO:colcon.colcon_core.shell:Creating environment descriptor '/workspaces/SESARS_Labs/src/lab/install/lab02_pkg/share/lab02_pkg/hook/ament_prefix_path.dsv'
[1.678s] INFO:colcon.colcon_core.shell:Creating environment hook '/workspaces/SESARS_Labs/src/lab/install/lab02_pkg/share/lab02_pkg/hook/ament_prefix_path.sh'
[1.687s] INFO:colcon.colcon_core.shell:Skip shell extension 'powershell' for command environment: Not usable outside of PowerShell
[1.687s] DEBUG:colcon.colcon_core.shell:Skip shell extension 'dsv' for command environment
[1.723s] DEBUG:colcon.colcon_core.event_handler.log_command:Invoking command in '/workspaces/SESARS_Labs/src/lab/src/lab01_pkg': PYTHONPATH=/workspaces/SESARS_Labs/src/lab/build/lab01_pkg/prefix_override:/workspaces/SESARS_Labs/src/lab/install/lab01_pkg/lib/python3.10/site-packages:${PYTHONPATH} /usr/bin/python3 setup.py egg_info --egg-base ../../build/lab01_pkg build --build-base /workspaces/SESARS_Labs/src/lab/build/lab01_pkg/build install --record /workspaces/SESARS_Labs/src/lab/build/lab01_pkg/install.log --single-version-externally-managed
[1.725s] DEBUG:colcon.colcon_core.event_handler.log_command:Invoking command in '/workspaces/SESARS_Labs/src/lab/src/py_pubsub': PYTHONPATH=/workspaces/SESARS_Labs/src/lab/build/py_pubsub/prefix_override:/workspaces/SESARS_Labs/src/lab/install/py_pubsub/lib/python3.10/site-packages:${PYTHONPATH} /usr/bin/python3 setup.py egg_info --egg-base ../../build/py_pubsub build --build-base /workspaces/SESARS_Labs/src/lab/build/py_pubsub/build install --record /workspaces/SESARS_Labs/src/lab/build/py_pubsub/install.log --single-version-externally-managed
[1.918s] INFO:colcon.colcon_core.task.python.build:Building Python package in '/workspaces/SESARS_Labs/src/lab/src/lab02_pkg'
[1.929s] INFO:colcon.colcon_core.shell:Skip shell extension 'powershell' for command environment: Not usable outside of PowerShell
[1.929s] DEBUG:colcon.colcon_core.shell:Skip shell extension 'dsv' for command environment
[1.961s] DEBUG:colcon.colcon_core.event_handler.log_command:Invoked command in '/workspaces/SESARS_Labs/src/lab/src/lab01_pkg' returned '0': PYTHONPATH=/workspaces/SESARS_Labs/src/lab/build/lab01_pkg/prefix_override:/workspaces/SESARS_Labs/src/lab/install/lab01_pkg/lib/python3.10/site-packages:${PYTHONPATH} /usr/bin/python3 setup.py egg_info --egg-base ../../build/lab01_pkg build --build-base /workspaces/SESARS_Labs/src/lab/build/lab01_pkg/build install --record /workspaces/SESARS_Labs/src/lab/build/lab01_pkg/install.log --single-version-externally-managed
[1.971s] Level 1:colcon.colcon_core.environment:checking '/workspaces/SESARS_Labs/src/lab/install/lab01_pkg' for CMake module files
[1.972s] Level 1:colcon.colcon_core.environment:checking '/workspaces/SESARS_Labs/src/lab/install/lab01_pkg' for CMake config files
[1.972s] Level 1:colcon.colcon_core.environment:checking '/workspaces/SESARS_Labs/src/lab/install/lab01_pkg/lib'
[1.972s] Level 1:colcon.colcon_core.environment:checking '/workspaces/SESARS_Labs/src/lab/install/lab01_pkg/bin'
[1.972s] Level 1:colcon.colcon_core.environment:checking '/workspaces/SESARS_Labs/src/lab/install/lab01_pkg/lib/pkgconfig/lab01_pkg.pc'
[1.972s] Level 1:colcon.colcon_core.environment:checking '/workspaces/SESARS_Labs/src/lab/install/lab01_pkg/lib/python3.10/site-packages'
[1.972s] Level 1:colcon.colcon_core.shell:create_environment_hook('lab01_pkg', 'pythonpath')
[1.981s] INFO:colcon.colcon_core.shell:Creating environment hook '/workspaces/SESARS_Labs/src/lab/install/lab01_pkg/share/lab01_pkg/hook/pythonpath.ps1'
[1.981s] INFO:colcon.colcon_core.shell:Creating environment descriptor '/workspaces/SESARS_Labs/src/lab/install/lab01_pkg/share/lab01_pkg/hook/pythonpath.dsv'
[1.981s] INFO:colcon.colcon_core.shell:Creating environment hook '/workspaces/SESARS_Labs/src/lab/install/lab01_pkg/share/lab01_pkg/hook/pythonpath.sh'
[1.982s] Level 1:colcon.colcon_core.environment:checking '/workspaces/SESARS_Labs/src/lab/install/lab01_pkg/bin'
[1.982s] Level 1:colcon.colcon_core.environment:create_environment_scripts_only(lab01_pkg)
[1.993s] INFO:colcon.colcon_core.shell:Creating package script '/workspaces/SESARS_Labs/src/lab/install/lab01_pkg/share/lab01_pkg/package.ps1'
[1.994s] INFO:colcon.colcon_core.shell:Creating package descriptor '/workspaces/SESARS_Labs/src/lab/install/lab01_pkg/share/lab01_pkg/package.dsv'
[1.994s] INFO:colcon.colcon_core.shell:Creating package script '/workspaces/SESARS_Labs/src/lab/install/lab01_pkg/share/lab01_pkg/package.sh'
[1.994s] INFO:colcon.colcon_core.shell:Creating package script '/workspaces/SESARS_Labs/src/lab/install/lab01_pkg/share/lab01_pkg/package.bash'
[1.995s] INFO:colcon.colcon_core.shell:Creating package script '/workspaces/SESARS_Labs/src/lab/install/lab01_pkg/share/lab01_pkg/package.zsh'
[1.995s] Level 1:colcon.colcon_core.environment:create_file_with_runtime_dependencies(/workspaces/SESARS_Labs/src/lab/install/lab01_pkg/share/colcon-core/packages/lab01_pkg)
[2.001s] DEBUG:colcon.colcon_core.event_handler.log_command:Invoked command in '/workspaces/SESARS_Labs/src/lab/src/py_pubsub' returned '0': PYTHONPATH=/workspaces/SESARS_Labs/src/lab/build/py_pubsub/prefix_override:/workspaces/SESARS_Labs/src/lab/install/py_pubsub/lib/python3.10/site-packages:${PYTHONPATH} /usr/bin/python3 setup.py egg_info --egg-base ../../build/py_pubsub build --build-base /workspaces/SESARS_Labs/src/lab/build/py_pubsub/build install --record /workspaces/SESARS_Labs/src/lab/build/py_pubsub/install.log --single-version-externally-managed
[2.013s] Level 1:colcon.colcon_core.environment:checking '/workspaces/SESARS_Labs/src/lab/install/py_pubsub' for CMake module files
[2.013s] Level 1:colcon.colcon_core.environment:checking '/workspaces/SESARS_Labs/src/lab/install/py_pubsub' for CMake config files
[2.014s] Level 1:colcon.colcon_core.environment:checking '/workspaces/SESARS_Labs/src/lab/install/py_pubsub/lib'
[2.014s] Level 1:colcon.colcon_core.environment:checking '/workspaces/SESARS_Labs/src/lab/install/py_pubsub/bin'
[2.014s] Level 1:colcon.colcon_core.environment:checking '/workspaces/SESARS_Labs/src/lab/install/py_pubsub/lib/pkgconfig/py_pubsub.pc'
[2.014s] Level 1:colcon.colcon_core.environment:checking '/workspaces/SESARS_Labs/src/lab/install/py_pubsub/lib/python3.10/site-packages'
[2.014s] Level 1:colcon.colcon_core.shell:create_environment_hook('py_pubsub', 'pythonpath')
[2.023s] INFO:colcon.colcon_core.shell:Creating environment hook '/workspaces/SESARS_Labs/src/lab/install/py_pubsub/share/py_pubsub/hook/pythonpath.ps1'
[2.024s] INFO:colcon.colcon_core.shell:Creating environment descriptor '/workspaces/SESARS_Labs/src/lab/install/py_pubsub/share/py_pubsub/hook/pythonpath.dsv'
[2.024s] INFO:colcon.colcon_core.shell:Creating environment hook '/workspaces/SESARS_Labs/src/lab/install/py_pubsub/share/py_pubsub/hook/pythonpath.sh'
[2.025s] Level 1:colcon.colcon_core.environment:checking '/workspaces/SESARS_Labs/src/lab/install/py_pubsub/bin'
[2.025s] Level 1:colcon.colcon_core.environment:create_environment_scripts_only(py_pubsub)
[2.034s] INFO:colcon.colcon_core.shell:Creating package script '/workspaces/SESARS_Labs/src/lab/install/py_pubsub/share/py_pubsub/package.ps1'
[2.035s] INFO:colcon.colcon_core.shell:Creating package descriptor '/workspaces/SESARS_Labs/src/lab/install/py_pubsub/share/py_pubsub/package.dsv'
[2.035s] INFO:colcon.colcon_core.shell:Creating package script '/workspaces/SESARS_Labs/src/lab/install/py_pubsub/share/py_pubsub/package.sh'
[2.036s] INFO:colcon.colcon_core.shell:Creating package script '/workspaces/SESARS_Labs/src/lab/install/py_pubsub/share/py_pubsub/package.bash'
[2.036s] INFO:colcon.colcon_core.shell:Creating package script '/workspaces/SESARS_Labs/src/lab/install/py_pubsub/share/py_pubsub/package.zsh'
[2.036s] Level 1:colcon.colcon_core.environment:create_file_with_runtime_dependencies(/workspaces/SESARS_Labs/src/lab/install/py_pubsub/share/colcon-core/packages/py_pubsub)
[2.271s] DEBUG:colcon.colcon_core.event_handler.log_command:Invoking command in '/workspaces/SESARS_Labs/src/lab/src/lab02_pkg': PYTHONPATH=/workspaces/SESARS_Labs/src/lab/build/lab02_pkg/prefix_override:/workspaces/SESARS_Labs/src/lab/install/lab02_pkg/lib/python3.10/site-packages:${PYTHONPATH} /usr/bin/python3 setup.py egg_info --egg-base ../../build/lab02_pkg build --build-base /workspaces/SESARS_Labs/src/lab/build/lab02_pkg/build install --record /workspaces/SESARS_Labs/src/lab/build/lab02_pkg/install.log --single-version-externally-managed
[2.482s] DEBUG:colcon.colcon_core.event_handler.log_command:Invoked command in '/workspaces/SESARS_Labs/src/lab/src/lab02_pkg' returned '0': PYTHONPATH=/workspaces/SESARS_Labs/src/lab/build/lab02_pkg/prefix_override:/workspaces/SESARS_Labs/src/lab/install/lab02_pkg/lib/python3.10/site-packages:${PYTHONPATH} /usr/bin/python3 setup.py egg_info --egg-base ../../build/lab02_pkg build --build-base /workspaces/SESARS_Labs/src/lab/build/lab02_pkg/build install --record /workspaces/SESARS_Labs/src/lab/build/lab02_pkg/install.log --single-version-externally-managed
[2.499s] Level 1:colcon.colcon_core.environment:checking '/workspaces/SESARS_Labs/src/lab/install/lab02_pkg' for CMake module files
[2.499s] Level 1:colcon.colcon_core.environment:checking '/workspaces/SESARS_Labs/src/lab/install/lab02_pkg' for CMake config files
[2.499s] Level 1:colcon.colcon_core.environment:checking '/workspaces/SESARS_Labs/src/lab/install/lab02_pkg/lib'
[2.499s] Level 1:colcon.colcon_core.environment:checking '/workspaces/SESARS_Labs/src/lab/install/lab02_pkg/bin'
[2.499s] Level 1:colcon.colcon_core.environment:checking '/workspaces/SESARS_Labs/src/lab/install/lab02_pkg/lib/pkgconfig/lab02_pkg.pc'
[2.500s] Level 1:colcon.colcon_core.environment:checking '/workspaces/SESARS_Labs/src/lab/install/lab02_pkg/lib/python3.10/site-packages'
[2.500s] Level 1:colcon.colcon_core.shell:create_environment_hook('lab02_pkg', 'pythonpath')
[2.508s] INFO:colcon.colcon_core.shell:Creating environment hook '/workspaces/SESARS_Labs/src/lab/install/lab02_pkg/share/lab02_pkg/hook/pythonpath.ps1'
[2.508s] INFO:colcon.colcon_core.shell:Creating environment descriptor '/workspaces/SESARS_Labs/src/lab/install/lab02_pkg/share/lab02_pkg/hook/pythonpath.dsv'
[2.509s] INFO:colcon.colcon_core.shell:Creating environment hook '/workspaces/SESARS_Labs/src/lab/install/lab02_pkg/share/lab02_pkg/hook/pythonpath.sh'
[2.509s] Level 1:colcon.colcon_core.environment:checking '/workspaces/SESARS_Labs/src/lab/install/lab02_pkg/bin'
[2.509s] Level 1:colcon.colcon_core.environment:create_environment_scripts_only(lab02_pkg)
[2.518s] INFO:colcon.colcon_core.shell:Creating package script '/workspaces/SESARS_Labs/src/lab/install/lab02_pkg/share/lab02_pkg/package.ps1'
[2.518s] INFO:colcon.colcon_core.shell:Creating package descriptor '/workspaces/SESARS_Labs/src/lab/install/lab02_pkg/share/lab02_pkg/package.dsv'
[2.519s] INFO:colcon.colcon_core.shell:Creating package script '/workspaces/SESARS_Labs/src/lab/install/lab02_pkg/share/lab02_pkg/package.sh'
[2.519s] INFO:colcon.colcon_core.shell:Creating package script '/workspaces/SESARS_Labs/src/lab/install/lab02_pkg/share/lab02_pkg/package.bash'
[2.519s] INFO:colcon.colcon_core.shell:Creating package script '/workspaces/SESARS_Labs/src/lab/install/lab02_pkg/share/lab02_pkg/package.zsh'
[2.519s] Level 1:colcon.colcon_core.environment:create_file_with_runtime_dependencies(/workspaces/SESARS_Labs/src/lab/install/lab02_pkg/share/colcon-core/packages/lab02_pkg)
[2.519s] DEBUG:colcon.colcon_parallel_executor.executor.parallel:closing loop
[2.520s] DEBUG:colcon.colcon_parallel_executor.executor.parallel:loop closed
[2.520s] DEBUG:colcon.colcon_parallel_executor.executor.parallel:run_until_complete finished with '0'
[2.520s] DEBUG:colcon.colcon_core.event_reactor:joining thread
[2.537s] INFO:colcon.colcon_core.plugin_system:Skipping extension 'colcon_notification.desktop_notification.notify_send': Could not find 'notify-send'
[2.537s] INFO:colcon.colcon_core.plugin_system:Skipping extension 'colcon_notification.desktop_notification.terminal_notifier': Not used on non-Darwin systems
[2.537s] INFO:colcon.colcon_core.plugin_system:Skipping extension 'colcon_notification.desktop_notification.win32': Not used on non-Windows systems
[2.537s] INFO:colcon.colcon_notification.desktop_notification:Sending desktop notification using 'notify2'
[2.541s] DEBUG:colcon.colcon_notification.desktop_notification.notify2:Failed to initialize notify2: org.freedesktop.DBus.Error.Spawn.ExecFailed: /usr/bin/dbus-launch terminated abnormally without any error message
[2.541s] DEBUG:colcon.colcon_core.event_reactor:joined thread
[2.557s] INFO:colcon.colcon_core.shell:Creating prefix script '/workspaces/SESARS_Labs/src/lab/install/local_setup.ps1'
[2.558s] INFO:colcon.colcon_core.shell:Creating prefix util module '/workspaces/SESARS_Labs/src/lab/install/_local_setup_util_ps1.py'
[2.559s] INFO:colcon.colcon_core.shell:Creating prefix chain script '/workspaces/SESARS_Labs/src/lab/install/setup.ps1'
[2.568s] INFO:colcon.colcon_core.shell:Creating prefix script '/workspaces/SESARS_Labs/src/lab/install/local_setup.sh'
[2.569s] INFO:colcon.colcon_core.shell:Creating prefix util module '/workspaces/SESARS_Labs/src/lab/install/_local_setup_util_sh.py'
[2.569s] INFO:colcon.colcon_core.shell:Creating prefix chain script '/workspaces/SESARS_Labs/src/lab/install/setup.sh'
[2.578s] INFO:colcon.colcon_core.shell:Creating prefix script '/workspaces/SESARS_Labs/src/lab/install/local_setup.bash'
[2.578s] INFO:colcon.colcon_core.shell:Creating prefix chain script '/workspaces/SESARS_Labs/src/lab/install/setup.bash'
[2.588s] INFO:colcon.colcon_core.shell:Creating prefix script '/workspaces/SESARS_Labs/src/lab/install/local_setup.zsh'
[2.588s] INFO:colcon.colcon_core.shell:Creating prefix chain script '/workspaces/SESARS_Labs/src/lab/install/setup.zsh'
