running egg_info
creating ../build/lab02_pkg/lab02_pkg.egg-info
writing ../build/lab02_pkg/lab02_pkg.egg-info/PKG-INFO
writing dependency_links to ../build/lab02_pkg/lab02_pkg.egg-info/dependency_links.txt
writing entry points to ../build/lab02_pkg/lab02_pkg.egg-info/entry_points.txt
writing requirements to ../build/lab02_pkg/lab02_pkg.egg-info/requires.txt
writing top-level names to ../build/lab02_pkg/lab02_pkg.egg-info/top_level.txt
writing manifest file '../build/lab02_pkg/lab02_pkg.egg-info/SOURCES.txt'
reading manifest file '../build/lab02_pkg/lab02_pkg.egg-info/SOURCES.txt'
writing manifest file '../build/lab02_pkg/lab02_pkg.egg-info/SOURCES.txt'
running build
running build_py
creating /workspaces/SESARS_Labs/src/lab/src/build/lab02_pkg/build
creating /workspaces/SESARS_Labs/src/lab/src/build/lab02_pkg/build/lib
creating /workspaces/SESARS_Labs/src/lab/src/build/lab02_pkg/build/lib/lab02_pkg
copying lab02_pkg/__init__.py -> /workspaces/SESARS_Labs/src/lab/src/build/lab02_pkg/build/lib/lab02_pkg
copying lab02_pkg/turtle1_compute_trajectory.py -> /workspaces/SESARS_Labs/src/lab/src/build/lab02_pkg/build/lib/lab02_pkg
running install
running install_lib
creating /workspaces/SESARS_Labs/src/lab/src/install/lab02_pkg/lib/python3.10/site-packages/lab02_pkg
copying /workspaces/SESARS_Labs/src/lab/src/build/lab02_pkg/build/lib/lab02_pkg/__init__.py -> /workspaces/SESARS_Labs/src/lab/src/install/lab02_pkg/lib/python3.10/site-packages/lab02_pkg
copying /workspaces/SESARS_Labs/src/lab/src/build/lab02_pkg/build/lib/lab02_pkg/turtle1_compute_trajectory.py -> /workspaces/SESARS_Labs/src/lab/src/install/lab02_pkg/lib/python3.10/site-packages/lab02_pkg
byte-compiling /workspaces/SESARS_Labs/src/lab/src/install/lab02_pkg/lib/python3.10/site-packages/lab02_pkg/__init__.py to __init__.cpython-310.pyc
byte-compiling /workspaces/SESARS_Labs/src/lab/src/install/lab02_pkg/lib/python3.10/site-packages/lab02_pkg/turtle1_compute_trajectory.py to turtle1_compute_trajectory.cpython-310.pyc
running install_data
creating /workspaces/SESARS_Labs/src/lab/src/install/lab02_pkg/share/ament_index
creating /workspaces/SESARS_Labs/src/lab/src/install/lab02_pkg/share/ament_index/resource_index
creating /workspaces/SESARS_Labs/src/lab/src/install/lab02_pkg/share/ament_index/resource_index/packages
copying resource/lab02_pkg -> /workspaces/SESARS_Labs/src/lab/src/install/lab02_pkg/share/ament_index/resource_index/packages
copying package.xml -> /workspaces/SESARS_Labs/src/lab/src/install/lab02_pkg/share/lab02_pkg
running install_egg_info
Copying ../build/lab02_pkg/lab02_pkg.egg-info to /workspaces/SESARS_Labs/src/lab/src/install/lab02_pkg/lib/python3.10/site-packages/lab02_pkg-0.0.0-py3.10.egg-info
running install_scripts
writing list of installed files to '/workspaces/SESARS_Labs/src/lab/src/build/lab02_pkg/install.log'
