[1.533s] Invoking command in '/workspaces/SESARS_Labs/src/lab/src/lab02_pkg': PYTHONPATH=/workspaces/SESARS_Labs/src/lab/src/build/lab02_pkg/prefix_override:/workspaces/SESARS_Labs/src/lab/src/install/lab02_pkg/lib/python3.10/site-packages:${PYTHONPATH} /usr/bin/python3 setup.py egg_info --egg-base ../build/lab02_pkg build --build-base /workspaces/SESARS_Labs/src/lab/src/build/lab02_pkg/build install --record /workspaces/SESARS_Labs/src/lab/src/build/lab02_pkg/install.log --single-version-externally-managed
[1.697s] running egg_info
[1.698s] creating ../build/lab02_pkg/lab02_pkg.egg-info
[1.698s] writing ../build/lab02_pkg/lab02_pkg.egg-info/PKG-INFO
[1.698s] writing dependency_links to ../build/lab02_pkg/lab02_pkg.egg-info/dependency_links.txt
[1.698s] writing entry points to ../build/lab02_pkg/lab02_pkg.egg-info/entry_points.txt
[1.698s] writing requirements to ../build/lab02_pkg/lab02_pkg.egg-info/requires.txt
[1.698s] writing top-level names to ../build/lab02_pkg/lab02_pkg.egg-info/top_level.txt
[1.699s] writing manifest file '../build/lab02_pkg/lab02_pkg.egg-info/SOURCES.txt'
[1.701s] reading manifest file '../build/lab02_pkg/lab02_pkg.egg-info/SOURCES.txt'
[1.701s] writing manifest file '../build/lab02_pkg/lab02_pkg.egg-info/SOURCES.txt'
[1.701s] running build
[1.702s] running build_py
[1.702s] creating /workspaces/SESARS_Labs/src/lab/src/build/lab02_pkg/build
[1.702s] creating /workspaces/SESARS_Labs/src/lab/src/build/lab02_pkg/build/lib
[1.702s] creating /workspaces/SESARS_Labs/src/lab/src/build/lab02_pkg/build/lib/lab02_pkg
[1.702s] copying lab02_pkg/__init__.py -> /workspaces/SESARS_Labs/src/lab/src/build/lab02_pkg/build/lib/lab02_pkg
[1.702s] copying lab02_pkg/turtle1_compute_trajectory.py -> /workspaces/SESARS_Labs/src/lab/src/build/lab02_pkg/build/lib/lab02_pkg
[1.702s] running install
[1.703s] /usr/lib/python3/dist-packages/setuptools/command/install.py:34: SetuptoolsDeprecationWarning: setup.py install is deprecated. Use build and pip and other standards-based tools.
[1.703s]   warnings.warn(
[1.703s] running install_lib
[1.705s] creating /workspaces/SESARS_Labs/src/lab/src/install/lab02_pkg/lib/python3.10/site-packages/lab02_pkg
[1.705s] copying /workspaces/SESARS_Labs/src/lab/src/build/lab02_pkg/build/lib/lab02_pkg/__init__.py -> /workspaces/SESARS_Labs/src/lab/src/install/lab02_pkg/lib/python3.10/site-packages/lab02_pkg
[1.705s] copying /workspaces/SESARS_Labs/src/lab/src/build/lab02_pkg/build/lib/lab02_pkg/turtle1_compute_trajectory.py -> /workspaces/SESARS_Labs/src/lab/src/install/lab02_pkg/lib/python3.10/site-packages/lab02_pkg
[1.706s] byte-compiling /workspaces/SESARS_Labs/src/lab/src/install/lab02_pkg/lib/python3.10/site-packages/lab02_pkg/__init__.py to __init__.cpython-310.pyc
[1.706s] byte-compiling /workspaces/SESARS_Labs/src/lab/src/install/lab02_pkg/lib/python3.10/site-packages/lab02_pkg/turtle1_compute_trajectory.py to turtle1_compute_trajectory.cpython-310.pyc
[1.706s] running install_data
[1.707s] creating /workspaces/SESARS_Labs/src/lab/src/install/lab02_pkg/share/ament_index
[1.707s] creating /workspaces/SESARS_Labs/src/lab/src/install/lab02_pkg/share/ament_index/resource_index
[1.707s] creating /workspaces/SESARS_Labs/src/lab/src/install/lab02_pkg/share/ament_index/resource_index/packages
[1.708s] copying resource/lab02_pkg -> /workspaces/SESARS_Labs/src/lab/src/install/lab02_pkg/share/ament_index/resource_index/packages
[1.708s] copying package.xml -> /workspaces/SESARS_Labs/src/lab/src/install/lab02_pkg/share/lab02_pkg
[1.708s] running install_egg_info
[1.710s] Copying ../build/lab02_pkg/lab02_pkg.egg-info to /workspaces/SESARS_Labs/src/lab/src/install/lab02_pkg/lib/python3.10/site-packages/lab02_pkg-0.0.0-py3.10.egg-info
[1.710s] running install_scripts
[1.728s] writing list of installed files to '/workspaces/SESARS_Labs/src/lab/src/build/lab02_pkg/install.log'
[1.806s] Invoked command in '/workspaces/SESARS_Labs/src/lab/src/lab02_pkg' returned '0': PYTHONPATH=/workspaces/SESARS_Labs/src/lab/src/build/lab02_pkg/prefix_override:/workspaces/SESARS_Labs/src/lab/src/install/lab02_pkg/lib/python3.10/site-packages:${PYTHONPATH} /usr/bin/python3 setup.py egg_info --egg-base ../build/lab02_pkg build --build-base /workspaces/SESARS_Labs/src/lab/src/build/lab02_pkg/build install --record /workspaces/SESARS_Labs/src/lab/src/build/lab02_pkg/install.log --single-version-externally-managed
