[0.881s] Invoking command in '/workspaces/SESARS_Labs/src/lab/src/lab01_pkg': PYTHONPATH=/workspaces/SESARS_Labs/src/lab/build/lab01_pkg/prefix_override:/workspaces/SESARS_Labs/src/lab/install/lab01_pkg/lib/python3.10/site-packages:${PYTHONPATH} /usr/bin/python3 setup.py egg_info --egg-base ../../build/lab01_pkg build --build-base /workspaces/SESARS_Labs/src/lab/build/lab01_pkg/build install --record /workspaces/SESARS_Labs/src/lab/build/lab01_pkg/install.log --single-version-externally-managed
[1.042s] running egg_info
[1.042s] creating ../../build/lab01_pkg/lab01_pkg.egg-info
[1.043s] writing ../../build/lab01_pkg/lab01_pkg.egg-info/PKG-INFO
[1.043s] writing dependency_links to ../../build/lab01_pkg/lab01_pkg.egg-info/dependency_links.txt
[1.043s] writing entry points to ../../build/lab01_pkg/lab01_pkg.egg-info/entry_points.txt
[1.043s] writing requirements to ../../build/lab01_pkg/lab01_pkg.egg-info/requires.txt
[1.043s] writing top-level names to ../../build/lab01_pkg/lab01_pkg.egg-info/top_level.txt
[1.044s] writing manifest file '../../build/lab01_pkg/lab01_pkg.egg-info/SOURCES.txt'
[1.044s] reading manifest file '../../build/lab01_pkg/lab01_pkg.egg-info/SOURCES.txt'
[1.045s] writing manifest file '../../build/lab01_pkg/lab01_pkg.egg-info/SOURCES.txt'
[1.045s] running build
[1.045s] running build_py
[1.045s] creating /workspaces/SESARS_Labs/src/lab/build/lab01_pkg/build
[1.045s] creating /workspaces/SESARS_Labs/src/lab/build/lab01_pkg/build/lib
[1.045s] creating /workspaces/SESARS_Labs/src/lab/build/lab01_pkg/build/lib/lab01_pkg
[1.045s] copying lab01_pkg/controller_reset.py -> /workspaces/SESARS_Labs/src/lab/build/lab01_pkg/build/lib/lab01_pkg
[1.045s] copying lab01_pkg/reset_node.py -> /workspaces/SESARS_Labs/src/lab/build/lab01_pkg/build/lib/lab01_pkg
[1.045s] copying lab01_pkg/localization.py -> /workspaces/SESARS_Labs/src/lab/build/lab01_pkg/build/lib/lab01_pkg
[1.046s] copying lab01_pkg/__init__.py -> /workspaces/SESARS_Labs/src/lab/build/lab01_pkg/build/lib/lab01_pkg
[1.046s] copying lab01_pkg/controller.py -> /workspaces/SESARS_Labs/src/lab/build/lab01_pkg/build/lib/lab01_pkg
[1.046s] copying lab01_pkg/localization_reset.py -> /workspaces/SESARS_Labs/src/lab/build/lab01_pkg/build/lib/lab01_pkg
[1.046s] running install
[1.046s] /usr/lib/python3/dist-packages/setuptools/command/install.py:34: SetuptoolsDeprecationWarning: setup.py install is deprecated. Use build and pip and other standards-based tools.
[1.046s]   warnings.warn(
[1.046s] running install_lib
[1.047s] creating /workspaces/SESARS_Labs/src/lab/install/lab01_pkg/lib/python3.10/site-packages/lab01_pkg
[1.048s] copying /workspaces/SESARS_Labs/src/lab/build/lab01_pkg/build/lib/lab01_pkg/controller_reset.py -> /workspaces/SESARS_Labs/src/lab/install/lab01_pkg/lib/python3.10/site-packages/lab01_pkg
[1.048s] copying /workspaces/SESARS_Labs/src/lab/build/lab01_pkg/build/lib/lab01_pkg/reset_node.py -> /workspaces/SESARS_Labs/src/lab/install/lab01_pkg/lib/python3.10/site-packages/lab01_pkg
[1.048s] copying /workspaces/SESARS_Labs/src/lab/build/lab01_pkg/build/lib/lab01_pkg/localization.py -> /workspaces/SESARS_Labs/src/lab/install/lab01_pkg/lib/python3.10/site-packages/lab01_pkg
[1.048s] copying /workspaces/SESARS_Labs/src/lab/build/lab01_pkg/build/lib/lab01_pkg/__init__.py -> /workspaces/SESARS_Labs/src/lab/install/lab01_pkg/lib/python3.10/site-packages/lab01_pkg
[1.048s] copying /workspaces/SESARS_Labs/src/lab/build/lab01_pkg/build/lib/lab01_pkg/controller.py -> /workspaces/SESARS_Labs/src/lab/install/lab01_pkg/lib/python3.10/site-packages/lab01_pkg
[1.048s] copying /workspaces/SESARS_Labs/src/lab/build/lab01_pkg/build/lib/lab01_pkg/localization_reset.py -> /workspaces/SESARS_Labs/src/lab/install/lab01_pkg/lib/python3.10/site-packages/lab01_pkg
[1.048s] byte-compiling /workspaces/SESARS_Labs/src/lab/install/lab01_pkg/lib/python3.10/site-packages/lab01_pkg/controller_reset.py to controller_reset.cpython-310.pyc
[1.049s] byte-compiling /workspaces/SESARS_Labs/src/lab/install/lab01_pkg/lib/python3.10/site-packages/lab01_pkg/reset_node.py to reset_node.cpython-310.pyc
[1.049s] byte-compiling /workspaces/SESARS_Labs/src/lab/install/lab01_pkg/lib/python3.10/site-packages/lab01_pkg/localization.py to localization.cpython-310.pyc
[1.049s] byte-compiling /workspaces/SESARS_Labs/src/lab/install/lab01_pkg/lib/python3.10/site-packages/lab01_pkg/__init__.py to __init__.cpython-310.pyc
[1.049s] byte-compiling /workspaces/SESARS_Labs/src/lab/install/lab01_pkg/lib/python3.10/site-packages/lab01_pkg/controller.py to controller.cpython-310.pyc
[1.050s] byte-compiling /workspaces/SESARS_Labs/src/lab/install/lab01_pkg/lib/python3.10/site-packages/lab01_pkg/localization_reset.py to localization_reset.cpython-310.pyc
[1.050s] running install_data
[1.051s] creating /workspaces/SESARS_Labs/src/lab/install/lab01_pkg/share/ament_index
[1.051s] creating /workspaces/SESARS_Labs/src/lab/install/lab01_pkg/share/ament_index/resource_index
[1.051s] creating /workspaces/SESARS_Labs/src/lab/install/lab01_pkg/share/ament_index/resource_index/packages
[1.051s] copying resource/lab01_pkg -> /workspaces/SESARS_Labs/src/lab/install/lab01_pkg/share/ament_index/resource_index/packages
[1.051s] copying package.xml -> /workspaces/SESARS_Labs/src/lab/install/lab01_pkg/share/lab01_pkg
[1.051s] running install_egg_info
[1.053s] Copying ../../build/lab01_pkg/lab01_pkg.egg-info to /workspaces/SESARS_Labs/src/lab/install/lab01_pkg/lib/python3.10/site-packages/lab01_pkg-0.0.0-py3.10.egg-info
[1.055s] running install_scripts
[1.074s] Installing controller script to /workspaces/SESARS_Labs/src/lab/install/lab01_pkg/lib/lab01_pkg
[1.074s] Installing controller_reset script to /workspaces/SESARS_Labs/src/lab/install/lab01_pkg/lib/lab01_pkg
[1.074s] Installing localization script to /workspaces/SESARS_Labs/src/lab/install/lab01_pkg/lib/lab01_pkg
[1.075s] Installing localization_reset script to /workspaces/SESARS_Labs/src/lab/install/lab01_pkg/lib/lab01_pkg
[1.075s] Installing reset_node script to /workspaces/SESARS_Labs/src/lab/install/lab01_pkg/lib/lab01_pkg
[1.075s] writing list of installed files to '/workspaces/SESARS_Labs/src/lab/build/lab01_pkg/install.log'
[1.154s] Invoked command in '/workspaces/SESARS_Labs/src/lab/src/lab01_pkg' returned '0': PYTHONPATH=/workspaces/SESARS_Labs/src/lab/build/lab01_pkg/prefix_override:/workspaces/SESARS_Labs/src/lab/install/lab01_pkg/lib/python3.10/site-packages:${PYTHONPATH} /usr/bin/python3 setup.py egg_info --egg-base ../../build/lab01_pkg build --build-base /workspaces/SESARS_Labs/src/lab/build/lab01_pkg/build install --record /workspaces/SESARS_Labs/src/lab/build/lab01_pkg/install.log --single-version-externally-managed
