[0.758s] Invoking command in '/workspaces/SESARS_Labs/src/lab/src/lab02_pkg': PYTHONPATH=/workspaces/SESARS_Labs/src/lab/build/lab02_pkg/prefix_override:/workspaces/SESARS_Labs/src/lab/install/lab02_pkg/lib/python3.10/site-packages:${PYTHONPATH} /usr/bin/python3 setup.py egg_info --egg-base ../../build/lab02_pkg build --build-base /workspaces/SESARS_Labs/src/lab/build/lab02_pkg/build install --record /workspaces/SESARS_Labs/src/lab/build/lab02_pkg/install.log --single-version-externally-managed
[0.953s] running egg_info
[0.953s] writing ../../build/lab02_pkg/lab02_pkg.egg-info/PKG-INFO
[0.953s] writing dependency_links to ../../build/lab02_pkg/lab02_pkg.egg-info/dependency_links.txt
[0.953s] writing entry points to ../../build/lab02_pkg/lab02_pkg.egg-info/entry_points.txt
[0.954s] writing requirements to ../../build/lab02_pkg/lab02_pkg.egg-info/requires.txt
[0.954s] writing top-level names to ../../build/lab02_pkg/lab02_pkg.egg-info/top_level.txt
[0.955s] reading manifest file '../../build/lab02_pkg/lab02_pkg.egg-info/SOURCES.txt'
[0.955s] writing manifest file '../../build/lab02_pkg/lab02_pkg.egg-info/SOURCES.txt'
[0.955s] running build
[0.955s] running build_py
[0.956s] copying lab02_pkg/turtle1_move_forward.py -> /workspaces/SESARS_Labs/src/lab/build/lab02_pkg/build/lib/lab02_pkg
[0.956s] running install
[0.956s] /usr/lib/python3/dist-packages/setuptools/command/install.py:34: SetuptoolsDeprecationWarning: setup.py install is deprecated. Use build and pip and other standards-based tools.
[0.956s]   warnings.warn(
[0.956s] running install_lib
[0.957s] copying /workspaces/SESARS_Labs/src/lab/build/lab02_pkg/build/lib/lab02_pkg/turtle1_move_forward.py -> /workspaces/SESARS_Labs/src/lab/install/lab02_pkg/lib/python3.10/site-packages/lab02_pkg
[0.957s] byte-compiling /workspaces/SESARS_Labs/src/lab/install/lab02_pkg/lib/python3.10/site-packages/lab02_pkg/turtle1_move_forward.py to turtle1_move_forward.cpython-310.pyc
[0.958s] running install_data
[0.958s] running install_egg_info
[0.960s] removing '/workspaces/SESARS_Labs/src/lab/install/lab02_pkg/lib/python3.10/site-packages/lab02_pkg-0.0.0-py3.10.egg-info' (and everything under it)
[0.960s] Copying ../../build/lab02_pkg/lab02_pkg.egg-info to /workspaces/SESARS_Labs/src/lab/install/lab02_pkg/lib/python3.10/site-packages/lab02_pkg-0.0.0-py3.10.egg-info
[0.960s] running install_scripts
[0.980s] Installing turtle1_compute_trajectory script to /workspaces/SESARS_Labs/src/lab/install/lab02_pkg/lib/lab02_pkg
[0.980s] Installing turtle1_move_forward script to /workspaces/SESARS_Labs/src/lab/install/lab02_pkg/lib/lab02_pkg
[0.980s] writing list of installed files to '/workspaces/SESARS_Labs/src/lab/build/lab02_pkg/install.log'
[1.020s] Invoked command in '/workspaces/SESARS_Labs/src/lab/src/lab02_pkg' returned '0': PYTHONPATH=/workspaces/SESARS_Labs/src/lab/build/lab02_pkg/prefix_override:/workspaces/SESARS_Labs/src/lab/install/lab02_pkg/lib/python3.10/site-packages:${PYTHONPATH} /usr/bin/python3 setup.py egg_info --egg-base ../../build/lab02_pkg build --build-base /workspaces/SESARS_Labs/src/lab/build/lab02_pkg/build install --record /workspaces/SESARS_Labs/src/lab/build/lab02_pkg/install.log --single-version-externally-managed
