[0.553s] Invoking command in '/workspaces/SESARS_Labs/src/lab/src/lab02_pkg': PYTHONPATH=/workspaces/SESARS_Labs/src/lab/build/lab02_pkg/prefix_override:/workspaces/SESARS_Labs/src/lab/install/lab02_pkg/lib/python3.10/site-packages:${PYTHONPATH} /usr/bin/python3 setup.py egg_info --egg-base ../../build/lab02_pkg build --build-base /workspaces/SESARS_Labs/src/lab/build/lab02_pkg/build install --record /workspaces/SESARS_Labs/src/lab/build/lab02_pkg/install.log --single-version-externally-managed
[0.708s] running egg_info
[0.708s] creating ../../build/lab02_pkg/lab02_pkg.egg-info
[0.708s] writing ../../build/lab02_pkg/lab02_pkg.egg-info/PKG-INFO
[0.708s] writing dependency_links to ../../build/lab02_pkg/lab02_pkg.egg-info/dependency_links.txt
[0.709s] writing entry points to ../../build/lab02_pkg/lab02_pkg.egg-info/entry_points.txt
[0.709s] writing requirements to ../../build/lab02_pkg/lab02_pkg.egg-info/requires.txt
[0.709s] writing top-level names to ../../build/lab02_pkg/lab02_pkg.egg-info/top_level.txt
[0.709s] writing manifest file '../../build/lab02_pkg/lab02_pkg.egg-info/SOURCES.txt'
[0.710s] reading manifest file '../../build/lab02_pkg/lab02_pkg.egg-info/SOURCES.txt'
[0.710s] writing manifest file '../../build/lab02_pkg/lab02_pkg.egg-info/SOURCES.txt'
[0.710s] running build
[0.710s] running build_py
[0.710s] creating /workspaces/SESARS_Labs/src/lab/build/lab02_pkg/build
[0.711s] creating /workspaces/SESARS_Labs/src/lab/build/lab02_pkg/build/lib
[0.711s] creating /workspaces/SESARS_Labs/src/lab/build/lab02_pkg/build/lib/lab02_pkg
[0.711s] copying lab02_pkg/__init__.py -> /workspaces/SESARS_Labs/src/lab/build/lab02_pkg/build/lib/lab02_pkg
[0.711s] /usr/lib/python3/dist-packages/setuptools/command/install.py:34: SetuptoolsDeprecationWarning: setup.py install is deprecated. Use build and pip and other standards-based tools.
[0.711s]   warnings.warn(
[0.711s] copying lab02_pkg/turtle1_compute_trajectory.py -> /workspaces/SESARS_Labs/src/lab/build/lab02_pkg/build/lib/lab02_pkg
[0.711s] copying lab02_pkg/turtle1_move_forward.py -> /workspaces/SESARS_Labs/src/lab/build/lab02_pkg/build/lib/lab02_pkg
[0.712s] running install
[0.712s] running install_lib
[0.712s] creating /workspaces/SESARS_Labs/src/lab/install/lab02_pkg/lib/python3.10/site-packages/lab02_pkg
[0.712s] copying /workspaces/SESARS_Labs/src/lab/build/lab02_pkg/build/lib/lab02_pkg/__init__.py -> /workspaces/SESARS_Labs/src/lab/install/lab02_pkg/lib/python3.10/site-packages/lab02_pkg
[0.712s] copying /workspaces/SESARS_Labs/src/lab/build/lab02_pkg/build/lib/lab02_pkg/turtle1_compute_trajectory.py -> /workspaces/SESARS_Labs/src/lab/install/lab02_pkg/lib/python3.10/site-packages/lab02_pkg
[0.712s] copying /workspaces/SESARS_Labs/src/lab/build/lab02_pkg/build/lib/lab02_pkg/turtle1_move_forward.py -> /workspaces/SESARS_Labs/src/lab/install/lab02_pkg/lib/python3.10/site-packages/lab02_pkg
[0.712s] byte-compiling /workspaces/SESARS_Labs/src/lab/install/lab02_pkg/lib/python3.10/site-packages/lab02_pkg/__init__.py to __init__.cpython-310.pyc
[0.713s] byte-compiling /workspaces/SESARS_Labs/src/lab/install/lab02_pkg/lib/python3.10/site-packages/lab02_pkg/turtle1_compute_trajectory.py to turtle1_compute_trajectory.cpython-310.pyc
[0.714s] byte-compiling /workspaces/SESARS_Labs/src/lab/install/lab02_pkg/lib/python3.10/site-packages/lab02_pkg/turtle1_move_forward.py to turtle1_move_forward.cpython-310.pyc
[0.715s] running install_data
[0.716s] creating /workspaces/SESARS_Labs/src/lab/install/lab02_pkg/share/ament_index
[0.716s] creating /workspaces/SESARS_Labs/src/lab/install/lab02_pkg/share/ament_index/resource_index
[0.716s] creating /workspaces/SESARS_Labs/src/lab/install/lab02_pkg/share/ament_index/resource_index/packages
[0.716s] copying resource/lab02_pkg -> /workspaces/SESARS_Labs/src/lab/install/lab02_pkg/share/ament_index/resource_index/packages
[0.716s] copying package.xml -> /workspaces/SESARS_Labs/src/lab/install/lab02_pkg/share/lab02_pkg
[0.716s] running install_egg_info
[0.717s] Copying ../../build/lab02_pkg/lab02_pkg.egg-info to /workspaces/SESARS_Labs/src/lab/install/lab02_pkg/lib/python3.10/site-packages/lab02_pkg-0.0.0-py3.10.egg-info
[0.718s] running install_scripts
[0.734s] Installing turtle1_compute_trajectory script to /workspaces/SESARS_Labs/src/lab/install/lab02_pkg/lib/lab02_pkg
[0.735s] Installing turtle1_move_forward script to /workspaces/SESARS_Labs/src/lab/install/lab02_pkg/lib/lab02_pkg
[0.735s] writing list of installed files to '/workspaces/SESARS_Labs/src/lab/build/lab02_pkg/install.log'
[0.763s] Invoked command in '/workspaces/SESARS_Labs/src/lab/src/lab02_pkg' returned '0': PYTHONPATH=/workspaces/SESARS_Labs/src/lab/build/lab02_pkg/prefix_override:/workspaces/SESARS_Labs/src/lab/install/lab02_pkg/lib/python3.10/site-packages:${PYTHONPATH} /usr/bin/python3 setup.py egg_info --egg-base ../../build/lab02_pkg build --build-base /workspaces/SESARS_Labs/src/lab/build/lab02_pkg/build install --record /workspaces/SESARS_Labs/src/lab/build/lab02_pkg/install.log --single-version-externally-managed
