[0.571s] DEBUG:colcon:Command line arguments: ['/usr/bin/colcon', 'build']
[0.571s] DEBUG:colcon:Parsed command line arguments: Namespace(log_base=None, log_level=None, verb_name='build', build_base='build', install_base='install', merge_install=False, symlink_install=False, test_result_base=None, continue_on_error=False, executor='parallel', parallel_workers=12, event_handlers=None, ignore_user_meta=False, metas=['./colcon.meta'], base_paths=['.'], packages_ignore=None, packages_ignore_regex=None, paths=None, packages_up_to=None, packages_up_to_regex=None, packages_above=None, packages_above_and_dependencies=None, packages_above_depth=None, packages_select_by_dep=None, packages_skip_by_dep=None, packages_skip_up_to=None, packages_select_build_failed=False, packages_skip_build_finished=False, packages_select_test_failures=False, packages_skip_test_passed=False, packages_select=None, packages_skip=None, packages_select_regex=None, packages_skip_regex=None, packages_start=None, packages_end=None, cmake_args=None, cmake_target=None, cmake_target_skip_unavailable=False, cmake_clean_cache=False, cmake_clean_first=False, cmake_force_configure=False, ament_cmake_args=None, catkin_cmake_args=None, catkin_skip_building_tests=False, verb_parser=<colcon_defaults.argument_parser.defaults.DefaultArgumentsDecorator object at 0x7fb70081a140>, verb_extension=<colcon_core.verb.build.BuildVerb object at 0x7fb7008192d0>, main=<bound method BuildVerb.main of <colcon_core.verb.build.BuildVerb object at 0x7fb7008192d0>>)
[0.601s] Level 1:colcon.colcon_core.package_discovery:discover_packages(colcon_meta) check parameters
[0.601s] Level 1:colcon.colcon_core.package_discovery:discover_packages(recursive) check parameters
[0.601s] Level 1:colcon.colcon_core.package_discovery:discover_packages(ignore) check parameters
[0.601s] Level 1:colcon.colcon_core.package_discovery:discover_packages(path) check parameters
[0.601s] Level 1:colcon.colcon_core.package_discovery:discover_packages(colcon_meta) discover
[0.601s] Level 1:colcon.colcon_core.package_discovery:discover_packages(recursive) discover
[0.601s] INFO:colcon.colcon_core.package_discovery:Crawling recursively for packages in '/workspaces/SESARS_Labs/src/lab/src'
[0.601s] Level 1:colcon.colcon_core.package_identification:_identify(.) by extensions ['ignore', 'ignore_ament_install']
[0.601s] Level 1:colcon.colcon_core.package_identification:_identify(.) by extension 'ignore'
[0.601s] Level 1:colcon.colcon_core.package_identification:_identify(.) by extension 'ignore_ament_install'
[0.601s] Level 1:colcon.colcon_core.package_identification:_identify(.) by extensions ['colcon_pkg']
[0.601s] Level 1:colcon.colcon_core.package_identification:_identify(.) by extension 'colcon_pkg'
[0.601s] Level 1:colcon.colcon_core.package_identification:_identify(.) by extensions ['colcon_meta']
[0.601s] Level 1:colcon.colcon_core.package_identification:_identify(.) by extension 'colcon_meta'
[0.601s] Level 1:colcon.colcon_core.package_identification:_identify(.) by extensions ['ros']
[0.601s] Level 1:colcon.colcon_core.package_identification:_identify(.) by extension 'ros'
[0.610s] Level 1:colcon.colcon_core.package_identification:_identify(.) by extensions ['cmake', 'python']
[0.610s] Level 1:colcon.colcon_core.package_identification:_identify(.) by extension 'cmake'
[0.610s] Level 1:colcon.colcon_core.package_identification:_identify(.) by extension 'python'
[0.610s] Level 1:colcon.colcon_core.package_identification:_identify(.) by extensions ['python_setup_py']
[0.611s] Level 1:colcon.colcon_core.package_identification:_identify(.) by extension 'python_setup_py'
[0.611s] Level 1:colcon.colcon_core.package_identification:_identify(build) by extensions ['ignore', 'ignore_ament_install']
[0.611s] Level 1:colcon.colcon_core.package_identification:_identify(build) by extension 'ignore'
[0.611s] Level 1:colcon.colcon_core.package_identification:_identify(build) ignored
[0.611s] Level 1:colcon.colcon_core.package_identification:_identify(install) by extensions ['ignore', 'ignore_ament_install']
[0.611s] Level 1:colcon.colcon_core.package_identification:_identify(install) by extension 'ignore'
[0.611s] Level 1:colcon.colcon_core.package_identification:_identify(install) ignored
[0.611s] Level 1:colcon.colcon_core.package_identification:_identify(lab01_pkg) by extensions ['ignore', 'ignore_ament_install']
[0.611s] Level 1:colcon.colcon_core.package_identification:_identify(lab01_pkg) by extension 'ignore'
[0.611s] Level 1:colcon.colcon_core.package_identification:_identify(lab01_pkg) by extension 'ignore_ament_install'
[0.611s] Level 1:colcon.colcon_core.package_identification:_identify(lab01_pkg) by extensions ['colcon_pkg']
[0.611s] Level 1:colcon.colcon_core.package_identification:_identify(lab01_pkg) by extension 'colcon_pkg'
[0.611s] Level 1:colcon.colcon_core.package_identification:_identify(lab01_pkg) by extensions ['colcon_meta']
[0.611s] Level 1:colcon.colcon_core.package_identification:_identify(lab01_pkg) by extension 'colcon_meta'
[0.611s] Level 1:colcon.colcon_core.package_identification:_identify(lab01_pkg) by extensions ['ros']
[0.611s] Level 1:colcon.colcon_core.package_identification:_identify(lab01_pkg) by extension 'ros'
[0.613s] DEBUG:colcon.colcon_core.package_identification:Package 'lab01_pkg' with type 'ros.ament_python' and name 'lab01_pkg'
[0.613s] Level 1:colcon.colcon_core.package_identification:_identify(lab02_interfaces) by extensions ['ignore', 'ignore_ament_install']
[0.613s] Level 1:colcon.colcon_core.package_identification:_identify(lab02_interfaces) by extension 'ignore'
[0.613s] Level 1:colcon.colcon_core.package_identification:_identify(lab02_interfaces) by extension 'ignore_ament_install'
[0.613s] Level 1:colcon.colcon_core.package_identification:_identify(lab02_interfaces) by extensions ['colcon_pkg']
[0.613s] Level 1:colcon.colcon_core.package_identification:_identify(lab02_interfaces) by extension 'colcon_pkg'
[0.614s] Level 1:colcon.colcon_core.package_identification:_identify(lab02_interfaces) by extensions ['colcon_meta']
[0.614s] Level 1:colcon.colcon_core.package_identification:_identify(lab02_interfaces) by extension 'colcon_meta'
[0.614s] Level 1:colcon.colcon_core.package_identification:_identify(lab02_interfaces) by extensions ['ros']
[0.614s] Level 1:colcon.colcon_core.package_identification:_identify(lab02_interfaces) by extension 'ros'
[0.614s] DEBUG:colcon.colcon_core.package_identification:Package 'lab02_interfaces' with type 'ros.ament_python' and name 'lab02_interfaces'
[0.614s] Level 1:colcon.colcon_core.package_identification:_identify(lab02_pkg) by extensions ['ignore', 'ignore_ament_install']
[0.614s] Level 1:colcon.colcon_core.package_identification:_identify(lab02_pkg) by extension 'ignore'
[0.614s] Level 1:colcon.colcon_core.package_identification:_identify(lab02_pkg) by extension 'ignore_ament_install'
[0.614s] Level 1:colcon.colcon_core.package_identification:_identify(lab02_pkg) by extensions ['colcon_pkg']
[0.614s] Level 1:colcon.colcon_core.package_identification:_identify(lab02_pkg) by extension 'colcon_pkg'
[0.614s] Level 1:colcon.colcon_core.package_identification:_identify(lab02_pkg) by extensions ['colcon_meta']
[0.614s] Level 1:colcon.colcon_core.package_identification:_identify(lab02_pkg) by extension 'colcon_meta'
[0.614s] Level 1:colcon.colcon_core.package_identification:_identify(lab02_pkg) by extensions ['ros']
[0.614s] Level 1:colcon.colcon_core.package_identification:_identify(lab02_pkg) by extension 'ros'
[0.615s] DEBUG:colcon.colcon_core.package_identification:Package 'lab02_pkg' with type 'ros.ament_python' and name 'lab02_pkg'
[0.615s] Level 1:colcon.colcon_core.package_identification:_identify(log) by extensions ['ignore', 'ignore_ament_install']
[0.615s] Level 1:colcon.colcon_core.package_identification:_identify(log) by extension 'ignore'
[0.615s] Level 1:colcon.colcon_core.package_identification:_identify(log) ignored
[0.615s] Level 1:colcon.colcon_core.package_identification:_identify(py_pubsub) by extensions ['ignore', 'ignore_ament_install']
[0.615s] Level 1:colcon.colcon_core.package_identification:_identify(py_pubsub) by extension 'ignore'
[0.615s] Level 1:colcon.colcon_core.package_identification:_identify(py_pubsub) by extension 'ignore_ament_install'
[0.615s] Level 1:colcon.colcon_core.package_identification:_identify(py_pubsub) by extensions ['colcon_pkg']
[0.615s] Level 1:colcon.colcon_core.package_identification:_identify(py_pubsub) by extension 'colcon_pkg'
[0.615s] Level 1:colcon.colcon_core.package_identification:_identify(py_pubsub) by extensions ['colcon_meta']
[0.615s] Level 1:colcon.colcon_core.package_identification:_identify(py_pubsub) by extension 'colcon_meta'
[0.615s] Level 1:colcon.colcon_core.package_identification:_identify(py_pubsub) by extensions ['ros']
[0.615s] Level 1:colcon.colcon_core.package_identification:_identify(py_pubsub) by extension 'ros'
[0.616s] DEBUG:colcon.colcon_core.package_identification:Package 'py_pubsub' with type 'ros.ament_python' and name 'py_pubsub'
[0.616s] Level 1:colcon.colcon_core.package_identification:_identify(py_srvcli) by extensions ['ignore', 'ignore_ament_install']
[0.616s] Level 1:colcon.colcon_core.package_identification:_identify(py_srvcli) by extension 'ignore'
[0.616s] Level 1:colcon.colcon_core.package_identification:_identify(py_srvcli) by extension 'ignore_ament_install'
[0.616s] Level 1:colcon.colcon_core.package_identification:_identify(py_srvcli) by extensions ['colcon_pkg']
[0.616s] Level 1:colcon.colcon_core.package_identification:_identify(py_srvcli) by extension 'colcon_pkg'
[0.616s] Level 1:colcon.colcon_core.package_identification:_identify(py_srvcli) by extensions ['colcon_meta']
[0.616s] Level 1:colcon.colcon_core.package_identification:_identify(py_srvcli) by extension 'colcon_meta'
[0.616s] Level 1:colcon.colcon_core.package_identification:_identify(py_srvcli) by extensions ['ros']
[0.616s] Level 1:colcon.colcon_core.package_identification:_identify(py_srvcli) by extension 'ros'
[0.616s] DEBUG:colcon.colcon_core.package_identification:Package 'py_srvcli' with type 'ros.ament_python' and name 'py_srvcli'
[0.616s] Level 1:colcon.colcon_core.package_discovery:discover_packages(recursive) using defaults
[0.617s] Level 1:colcon.colcon_core.package_discovery:discover_packages(ignore) discover
[0.617s] Level 1:colcon.colcon_core.package_discovery:discover_packages(ignore) using defaults
[0.617s] Level 1:colcon.colcon_core.package_discovery:discover_packages(path) discover
[0.617s] Level 1:colcon.colcon_core.package_discovery:discover_packages(path) using defaults
[0.664s] Level 5:colcon.colcon_core.verb:set package 'lab01_pkg' build argument 'cmake_args' from command line to 'None'
[0.664s] Level 5:colcon.colcon_core.verb:set package 'lab01_pkg' build argument 'cmake_target' from command line to 'None'
[0.664s] Level 5:colcon.colcon_core.verb:set package 'lab01_pkg' build argument 'cmake_target_skip_unavailable' from command line to 'False'
[0.664s] Level 5:colcon.colcon_core.verb:set package 'lab01_pkg' build argument 'cmake_clean_cache' from command line to 'False'
[0.664s] Level 5:colcon.colcon_core.verb:set package 'lab01_pkg' build argument 'cmake_clean_first' from command line to 'False'
[0.664s] Level 5:colcon.colcon_core.verb:set package 'lab01_pkg' build argument 'cmake_force_configure' from command line to 'False'
[0.664s] Level 5:colcon.colcon_core.verb:set package 'lab01_pkg' build argument 'ament_cmake_args' from command line to 'None'
[0.664s] Level 5:colcon.colcon_core.verb:set package 'lab01_pkg' build argument 'catkin_cmake_args' from command line to 'None'
[0.664s] Level 5:colcon.colcon_core.verb:set package 'lab01_pkg' build argument 'catkin_skip_building_tests' from command line to 'False'
[0.664s] DEBUG:colcon.colcon_core.verb:Building package 'lab01_pkg' with the following arguments: {'ament_cmake_args': None, 'build_base': '/workspaces/SESARS_Labs/src/lab/src/build/lab01_pkg', 'catkin_cmake_args': None, 'catkin_skip_building_tests': False, 'cmake_args': None, 'cmake_clean_cache': False, 'cmake_clean_first': False, 'cmake_force_configure': False, 'cmake_target': None, 'cmake_target_skip_unavailable': False, 'install_base': '/workspaces/SESARS_Labs/src/lab/src/install/lab01_pkg', 'merge_install': False, 'path': '/workspaces/SESARS_Labs/src/lab/src/lab01_pkg', 'symlink_install': False, 'test_result_base': None}
[0.672s] Level 5:colcon.colcon_core.verb:set package 'lab02_interfaces' build argument 'cmake_args' from command line to 'None'
[0.672s] Level 5:colcon.colcon_core.verb:set package 'lab02_interfaces' build argument 'cmake_target' from command line to 'None'
[0.672s] Level 5:colcon.colcon_core.verb:set package 'lab02_interfaces' build argument 'cmake_target_skip_unavailable' from command line to 'False'
[0.672s] Level 5:colcon.colcon_core.verb:set package 'lab02_interfaces' build argument 'cmake_clean_cache' from command line to 'False'
[0.672s] Level 5:colcon.colcon_core.verb:set package 'lab02_interfaces' build argument 'cmake_clean_first' from command line to 'False'
[0.672s] Level 5:colcon.colcon_core.verb:set package 'lab02_interfaces' build argument 'cmake_force_configure' from command line to 'False'
[0.672s] Level 5:colcon.colcon_core.verb:set package 'lab02_interfaces' build argument 'ament_cmake_args' from command line to 'None'
[0.672s] Level 5:colcon.colcon_core.verb:set package 'lab02_interfaces' build argument 'catkin_cmake_args' from command line to 'None'
[0.672s] Level 5:colcon.colcon_core.verb:set package 'lab02_interfaces' build argument 'catkin_skip_building_tests' from command line to 'False'
[0.672s] DEBUG:colcon.colcon_core.verb:Building package 'lab02_interfaces' with the following arguments: {'ament_cmake_args': None, 'build_base': '/workspaces/SESARS_Labs/src/lab/src/build/lab02_interfaces', 'catkin_cmake_args': None, 'catkin_skip_building_tests': False, 'cmake_args': None, 'cmake_clean_cache': False, 'cmake_clean_first': False, 'cmake_force_configure': False, 'cmake_target': None, 'cmake_target_skip_unavailable': False, 'install_base': '/workspaces/SESARS_Labs/src/lab/src/install/lab02_interfaces', 'merge_install': False, 'path': '/workspaces/SESARS_Labs/src/lab/src/lab02_interfaces', 'symlink_install': False, 'test_result_base': None}
[0.680s] Level 5:colcon.colcon_core.verb:set package 'lab02_pkg' build argument 'cmake_args' from command line to 'None'
[0.680s] Level 5:colcon.colcon_core.verb:set package 'lab02_pkg' build argument 'cmake_target' from command line to 'None'
[0.680s] Level 5:colcon.colcon_core.verb:set package 'lab02_pkg' build argument 'cmake_target_skip_unavailable' from command line to 'False'
[0.680s] Level 5:colcon.colcon_core.verb:set package 'lab02_pkg' build argument 'cmake_clean_cache' from command line to 'False'
[0.680s] Level 5:colcon.colcon_core.verb:set package 'lab02_pkg' build argument 'cmake_clean_first' from command line to 'False'
[0.680s] Level 5:colcon.colcon_core.verb:set package 'lab02_pkg' build argument 'cmake_force_configure' from command line to 'False'
[0.680s] Level 5:colcon.colcon_core.verb:set package 'lab02_pkg' build argument 'ament_cmake_args' from command line to 'None'
[0.680s] Level 5:colcon.colcon_core.verb:set package 'lab02_pkg' build argument 'catkin_cmake_args' from command line to 'None'
[0.680s] Level 5:colcon.colcon_core.verb:set package 'lab02_pkg' build argument 'catkin_skip_building_tests' from command line to 'False'
[0.680s] DEBUG:colcon.colcon_core.verb:Building package 'lab02_pkg' with the following arguments: {'ament_cmake_args': None, 'build_base': '/workspaces/SESARS_Labs/src/lab/src/build/lab02_pkg', 'catkin_cmake_args': None, 'catkin_skip_building_tests': False, 'cmake_args': None, 'cmake_clean_cache': False, 'cmake_clean_first': False, 'cmake_force_configure': False, 'cmake_target': None, 'cmake_target_skip_unavailable': False, 'install_base': '/workspaces/SESARS_Labs/src/lab/src/install/lab02_pkg', 'merge_install': False, 'path': '/workspaces/SESARS_Labs/src/lab/src/lab02_pkg', 'symlink_install': False, 'test_result_base': None}
[0.688s] Level 5:colcon.colcon_core.verb:set package 'py_pubsub' build argument 'cmake_args' from command line to 'None'
[0.688s] Level 5:colcon.colcon_core.verb:set package 'py_pubsub' build argument 'cmake_target' from command line to 'None'
[0.688s] Level 5:colcon.colcon_core.verb:set package 'py_pubsub' build argument 'cmake_target_skip_unavailable' from command line to 'False'
[0.688s] Level 5:colcon.colcon_core.verb:set package 'py_pubsub' build argument 'cmake_clean_cache' from command line to 'False'
[0.688s] Level 5:colcon.colcon_core.verb:set package 'py_pubsub' build argument 'cmake_clean_first' from command line to 'False'
[0.688s] Level 5:colcon.colcon_core.verb:set package 'py_pubsub' build argument 'cmake_force_configure' from command line to 'False'
[0.688s] Level 5:colcon.colcon_core.verb:set package 'py_pubsub' build argument 'ament_cmake_args' from command line to 'None'
[0.688s] Level 5:colcon.colcon_core.verb:set package 'py_pubsub' build argument 'catkin_cmake_args' from command line to 'None'
[0.689s] Level 5:colcon.colcon_core.verb:set package 'py_pubsub' build argument 'catkin_skip_building_tests' from command line to 'False'
[0.689s] DEBUG:colcon.colcon_core.verb:Building package 'py_pubsub' with the following arguments: {'ament_cmake_args': None, 'build_base': '/workspaces/SESARS_Labs/src/lab/src/build/py_pubsub', 'catkin_cmake_args': None, 'catkin_skip_building_tests': False, 'cmake_args': None, 'cmake_clean_cache': False, 'cmake_clean_first': False, 'cmake_force_configure': False, 'cmake_target': None, 'cmake_target_skip_unavailable': False, 'install_base': '/workspaces/SESARS_Labs/src/lab/src/install/py_pubsub', 'merge_install': False, 'path': '/workspaces/SESARS_Labs/src/lab/src/py_pubsub', 'symlink_install': False, 'test_result_base': None}
[0.697s] Level 5:colcon.colcon_core.verb:set package 'py_srvcli' build argument 'cmake_args' from command line to 'None'
[0.697s] Level 5:colcon.colcon_core.verb:set package 'py_srvcli' build argument 'cmake_target' from command line to 'None'
[0.697s] Level 5:colcon.colcon_core.verb:set package 'py_srvcli' build argument 'cmake_target_skip_unavailable' from command line to 'False'
[0.697s] Level 5:colcon.colcon_core.verb:set package 'py_srvcli' build argument 'cmake_clean_cache' from command line to 'False'
[0.697s] Level 5:colcon.colcon_core.verb:set package 'py_srvcli' build argument 'cmake_clean_first' from command line to 'False'
[0.697s] Level 5:colcon.colcon_core.verb:set package 'py_srvcli' build argument 'cmake_force_configure' from command line to 'False'
[0.697s] Level 5:colcon.colcon_core.verb:set package 'py_srvcli' build argument 'ament_cmake_args' from command line to 'None'
[0.697s] Level 5:colcon.colcon_core.verb:set package 'py_srvcli' build argument 'catkin_cmake_args' from command line to 'None'
[0.697s] Level 5:colcon.colcon_core.verb:set package 'py_srvcli' build argument 'catkin_skip_building_tests' from command line to 'False'
[0.697s] DEBUG:colcon.colcon_core.verb:Building package 'py_srvcli' with the following arguments: {'ament_cmake_args': None, 'build_base': '/workspaces/SESARS_Labs/src/lab/src/build/py_srvcli', 'catkin_cmake_args': None, 'catkin_skip_building_tests': False, 'cmake_args': None, 'cmake_clean_cache': False, 'cmake_clean_first': False, 'cmake_force_configure': False, 'cmake_target': None, 'cmake_target_skip_unavailable': False, 'install_base': '/workspaces/SESARS_Labs/src/lab/src/install/py_srvcli', 'merge_install': False, 'path': '/workspaces/SESARS_Labs/src/lab/src/py_srvcli', 'symlink_install': False, 'test_result_base': None}
[0.705s] INFO:colcon.colcon_core.executor:Executing jobs using 'parallel' executor
[0.713s] DEBUG:colcon.colcon_parallel_executor.executor.parallel:run_until_complete
[0.713s] INFO:colcon.colcon_ros.task.ament_python.build:Building ROS package in '/workspaces/SESARS_Labs/src/lab/src/lab01_pkg' with build type 'ament_python'
[0.713s] Level 1:colcon.colcon_core.shell:create_environment_hook('lab01_pkg', 'ament_prefix_path')
[0.723s] INFO:colcon.colcon_core.plugin_system:Skipping extension 'colcon_core.shell.bat': Not used on non-Windows systems
[0.724s] INFO:colcon.colcon_core.shell:Creating environment hook '/workspaces/SESARS_Labs/src/lab/src/install/lab01_pkg/share/lab01_pkg/hook/ament_prefix_path.ps1'
[0.724s] INFO:colcon.colcon_core.shell:Creating environment descriptor '/workspaces/SESARS_Labs/src/lab/src/install/lab01_pkg/share/lab01_pkg/hook/ament_prefix_path.dsv'
[0.724s] INFO:colcon.colcon_core.shell:Creating environment hook '/workspaces/SESARS_Labs/src/lab/src/install/lab01_pkg/share/lab01_pkg/hook/ament_prefix_path.sh'
[0.733s] INFO:colcon.colcon_core.shell:Skip shell extension 'powershell' for command environment: Not usable outside of PowerShell
[0.733s] DEBUG:colcon.colcon_core.shell:Skip shell extension 'dsv' for command environment
[0.756s] INFO:colcon.colcon_ros.task.ament_python.build:Building ROS package in '/workspaces/SESARS_Labs/src/lab/src/lab02_interfaces' with build type 'ament_python'
[0.756s] Level 1:colcon.colcon_core.shell:create_environment_hook('lab02_interfaces', 'ament_prefix_path')
[0.770s] INFO:colcon.colcon_core.shell:Creating environment hook '/workspaces/SESARS_Labs/src/lab/src/install/lab02_interfaces/share/lab02_interfaces/hook/ament_prefix_path.ps1'
[0.770s] INFO:colcon.colcon_core.shell:Creating environment descriptor '/workspaces/SESARS_Labs/src/lab/src/install/lab02_interfaces/share/lab02_interfaces/hook/ament_prefix_path.dsv'
[0.770s] INFO:colcon.colcon_core.shell:Creating environment hook '/workspaces/SESARS_Labs/src/lab/src/install/lab02_interfaces/share/lab02_interfaces/hook/ament_prefix_path.sh'
[0.781s] INFO:colcon.colcon_core.shell:Skip shell extension 'powershell' for command environment: Not usable outside of PowerShell
[0.781s] DEBUG:colcon.colcon_core.shell:Skip shell extension 'dsv' for command environment
[0.800s] INFO:colcon.colcon_ros.task.ament_python.build:Building ROS package in '/workspaces/SESARS_Labs/src/lab/src/lab02_pkg' with build type 'ament_python'
[0.800s] Level 1:colcon.colcon_core.shell:create_environment_hook('lab02_pkg', 'ament_prefix_path')
[0.809s] INFO:colcon.colcon_core.shell:Creating environment hook '/workspaces/SESARS_Labs/src/lab/src/install/lab02_pkg/share/lab02_pkg/hook/ament_prefix_path.ps1'
[0.810s] INFO:colcon.colcon_core.shell:Creating environment descriptor '/workspaces/SESARS_Labs/src/lab/src/install/lab02_pkg/share/lab02_pkg/hook/ament_prefix_path.dsv'
[0.810s] INFO:colcon.colcon_core.shell:Creating environment hook '/workspaces/SESARS_Labs/src/lab/src/install/lab02_pkg/share/lab02_pkg/hook/ament_prefix_path.sh'
[0.819s] INFO:colcon.colcon_core.shell:Skip shell extension 'powershell' for command environment: Not usable outside of PowerShell
[0.819s] DEBUG:colcon.colcon_core.shell:Skip shell extension 'dsv' for command environment
[0.842s] INFO:colcon.colcon_ros.task.ament_python.build:Building ROS package in '/workspaces/SESARS_Labs/src/lab/src/py_pubsub' with build type 'ament_python'
[0.843s] Level 1:colcon.colcon_core.shell:create_environment_hook('py_pubsub', 'ament_prefix_path')
[0.855s] INFO:colcon.colcon_core.shell:Creating environment hook '/workspaces/SESARS_Labs/src/lab/src/install/py_pubsub/share/py_pubsub/hook/ament_prefix_path.ps1'
[0.855s] INFO:colcon.colcon_core.shell:Creating environment descriptor '/workspaces/SESARS_Labs/src/lab/src/install/py_pubsub/share/py_pubsub/hook/ament_prefix_path.dsv'
[0.856s] INFO:colcon.colcon_core.shell:Creating environment hook '/workspaces/SESARS_Labs/src/lab/src/install/py_pubsub/share/py_pubsub/hook/ament_prefix_path.sh'
[0.865s] INFO:colcon.colcon_core.shell:Skip shell extension 'powershell' for command environment: Not usable outside of PowerShell
[0.866s] DEBUG:colcon.colcon_core.shell:Skip shell extension 'dsv' for command environment
[0.886s] INFO:colcon.colcon_ros.task.ament_python.build:Building ROS package in '/workspaces/SESARS_Labs/src/lab/src/py_srvcli' with build type 'ament_python'
[0.886s] Level 1:colcon.colcon_core.shell:create_environment_hook('py_srvcli', 'ament_prefix_path')
[0.895s] INFO:colcon.colcon_core.shell:Creating environment hook '/workspaces/SESARS_Labs/src/lab/src/install/py_srvcli/share/py_srvcli/hook/ament_prefix_path.ps1'
[0.895s] INFO:colcon.colcon_core.shell:Creating environment descriptor '/workspaces/SESARS_Labs/src/lab/src/install/py_srvcli/share/py_srvcli/hook/ament_prefix_path.dsv'
[0.896s] INFO:colcon.colcon_core.shell:Creating environment hook '/workspaces/SESARS_Labs/src/lab/src/install/py_srvcli/share/py_srvcli/hook/ament_prefix_path.sh'
[0.905s] INFO:colcon.colcon_core.shell:Skip shell extension 'powershell' for command environment: Not usable outside of PowerShell
[0.905s] DEBUG:colcon.colcon_core.shell:Skip shell extension 'dsv' for command environment
[1.099s] INFO:colcon.colcon_core.task.python.build:Building Python package in '/workspaces/SESARS_Labs/src/lab/src/lab01_pkg'
[1.112s] INFO:colcon.colcon_core.shell:Skip shell extension 'powershell' for command environment: Not usable outside of PowerShell
[1.113s] DEBUG:colcon.colcon_core.shell:Skip shell extension 'dsv' for command environment
[1.322s] INFO:colcon.colcon_core.task.python.build:Building Python package in '/workspaces/SESARS_Labs/src/lab/src/lab02_interfaces'
[1.338s] INFO:colcon.colcon_core.shell:Skip shell extension 'powershell' for command environment: Not usable outside of PowerShell
[1.338s] DEBUG:colcon.colcon_core.shell:Skip shell extension 'dsv' for command environment
[1.525s] INFO:colcon.colcon_core.task.python.build:Building Python package in '/workspaces/SESARS_Labs/src/lab/src/lab02_pkg'
[1.537s] INFO:colcon.colcon_core.shell:Skip shell extension 'powershell' for command environment: Not usable outside of PowerShell
[1.537s] DEBUG:colcon.colcon_core.shell:Skip shell extension 'dsv' for command environment
[1.738s] INFO:colcon.colcon_core.task.python.build:Building Python package in '/workspaces/SESARS_Labs/src/lab/src/py_pubsub'
[1.749s] INFO:colcon.colcon_core.shell:Skip shell extension 'powershell' for command environment: Not usable outside of PowerShell
[1.749s] DEBUG:colcon.colcon_core.shell:Skip shell extension 'dsv' for command environment
[1.950s] INFO:colcon.colcon_core.task.python.build:Building Python package in '/workspaces/SESARS_Labs/src/lab/src/py_srvcli'
[1.965s] INFO:colcon.colcon_core.shell:Skip shell extension 'powershell' for command environment: Not usable outside of PowerShell
[1.965s] DEBUG:colcon.colcon_core.shell:Skip shell extension 'dsv' for command environment
[2.314s] DEBUG:colcon.colcon_core.event_handler.log_command:Invoking command in '/workspaces/SESARS_Labs/src/lab/src/lab02_interfaces': PYTHONPATH=/workspaces/SESARS_Labs/src/lab/src/build/lab02_interfaces/prefix_override:/workspaces/SESARS_Labs/src/lab/src/install/lab02_interfaces/lib/python3.10/site-packages:${PYTHONPATH} /usr/bin/python3 setup.py egg_info --egg-base ../build/lab02_interfaces build --build-base /workspaces/SESARS_Labs/src/lab/src/build/lab02_interfaces/build install --record /workspaces/SESARS_Labs/src/lab/src/build/lab02_interfaces/install.log --single-version-externally-managed
[2.322s] DEBUG:colcon.colcon_core.event_handler.log_command:Invoking command in '/workspaces/SESARS_Labs/src/lab/src/py_pubsub': PYTHONPATH=/workspaces/SESARS_Labs/src/lab/src/build/py_pubsub/prefix_override:/workspaces/SESARS_Labs/src/lab/src/install/py_pubsub/lib/python3.10/site-packages:${PYTHONPATH} /usr/bin/python3 setup.py egg_info --egg-base ../build/py_pubsub build --build-base /workspaces/SESARS_Labs/src/lab/src/build/py_pubsub/build install --record /workspaces/SESARS_Labs/src/lab/src/build/py_pubsub/install.log --single-version-externally-managed
[2.328s] DEBUG:colcon.colcon_core.event_handler.log_command:Invoking command in '/workspaces/SESARS_Labs/src/lab/src/py_srvcli': PYTHONPATH=/workspaces/SESARS_Labs/src/lab/src/build/py_srvcli/prefix_override:/workspaces/SESARS_Labs/src/lab/src/install/py_srvcli/lib/python3.10/site-packages:${PYTHONPATH} /usr/bin/python3 setup.py egg_info --egg-base ../build/py_srvcli build --build-base /workspaces/SESARS_Labs/src/lab/src/build/py_srvcli/build install --record /workspaces/SESARS_Labs/src/lab/src/build/py_srvcli/install.log --single-version-externally-managed
[2.332s] DEBUG:colcon.colcon_core.event_handler.log_command:Invoking command in '/workspaces/SESARS_Labs/src/lab/src/lab01_pkg': PYTHONPATH=/workspaces/SESARS_Labs/src/lab/src/build/lab01_pkg/prefix_override:/workspaces/SESARS_Labs/src/lab/src/install/lab01_pkg/lib/python3.10/site-packages:${PYTHONPATH} /usr/bin/python3 setup.py egg_info --egg-base ../build/lab01_pkg build --build-base /workspaces/SESARS_Labs/src/lab/src/build/lab01_pkg/build install --record /workspaces/SESARS_Labs/src/lab/src/build/lab01_pkg/install.log --single-version-externally-managed
[2.333s] DEBUG:colcon.colcon_core.event_handler.log_command:Invoking command in '/workspaces/SESARS_Labs/src/lab/src/lab02_pkg': PYTHONPATH=/workspaces/SESARS_Labs/src/lab/src/build/lab02_pkg/prefix_override:/workspaces/SESARS_Labs/src/lab/src/install/lab02_pkg/lib/python3.10/site-packages:${PYTHONPATH} /usr/bin/python3 setup.py egg_info --egg-base ../build/lab02_pkg build --build-base /workspaces/SESARS_Labs/src/lab/src/build/lab02_pkg/build install --record /workspaces/SESARS_Labs/src/lab/src/build/lab02_pkg/install.log --single-version-externally-managed
[2.566s] DEBUG:colcon.colcon_core.event_handler.log_command:Invoked command in '/workspaces/SESARS_Labs/src/lab/src/py_srvcli' returned '0': PYTHONPATH=/workspaces/SESARS_Labs/src/lab/src/build/py_srvcli/prefix_override:/workspaces/SESARS_Labs/src/lab/src/install/py_srvcli/lib/python3.10/site-packages:${PYTHONPATH} /usr/bin/python3 setup.py egg_info --egg-base ../build/py_srvcli build --build-base /workspaces/SESARS_Labs/src/lab/src/build/py_srvcli/build install --record /workspaces/SESARS_Labs/src/lab/src/build/py_srvcli/install.log --single-version-externally-managed
[2.582s] Level 1:colcon.colcon_core.environment:checking '/workspaces/SESARS_Labs/src/lab/src/install/py_srvcli' for CMake module files
[2.582s] Level 1:colcon.colcon_core.environment:checking '/workspaces/SESARS_Labs/src/lab/src/install/py_srvcli' for CMake config files
[2.582s] Level 1:colcon.colcon_core.environment:checking '/workspaces/SESARS_Labs/src/lab/src/install/py_srvcli/lib'
[2.583s] Level 1:colcon.colcon_core.environment:checking '/workspaces/SESARS_Labs/src/lab/src/install/py_srvcli/bin'
[2.583s] Level 1:colcon.colcon_core.environment:checking '/workspaces/SESARS_Labs/src/lab/src/install/py_srvcli/lib/pkgconfig/py_srvcli.pc'
[2.583s] Level 1:colcon.colcon_core.environment:checking '/workspaces/SESARS_Labs/src/lab/src/install/py_srvcli/lib/python3.10/site-packages'
[2.583s] Level 1:colcon.colcon_core.shell:create_environment_hook('py_srvcli', 'pythonpath')
[2.591s] INFO:colcon.colcon_core.shell:Creating environment hook '/workspaces/SESARS_Labs/src/lab/src/install/py_srvcli/share/py_srvcli/hook/pythonpath.ps1'
[2.592s] INFO:colcon.colcon_core.shell:Creating environment descriptor '/workspaces/SESARS_Labs/src/lab/src/install/py_srvcli/share/py_srvcli/hook/pythonpath.dsv'
[2.592s] INFO:colcon.colcon_core.shell:Creating environment hook '/workspaces/SESARS_Labs/src/lab/src/install/py_srvcli/share/py_srvcli/hook/pythonpath.sh'
[2.592s] Level 1:colcon.colcon_core.environment:checking '/workspaces/SESARS_Labs/src/lab/src/install/py_srvcli/bin'
[2.592s] Level 1:colcon.colcon_core.environment:create_environment_scripts_only(py_srvcli)
[2.601s] INFO:colcon.colcon_core.shell:Creating package script '/workspaces/SESARS_Labs/src/lab/src/install/py_srvcli/share/py_srvcli/package.ps1'
[2.602s] INFO:colcon.colcon_core.shell:Creating package descriptor '/workspaces/SESARS_Labs/src/lab/src/install/py_srvcli/share/py_srvcli/package.dsv'
[2.602s] INFO:colcon.colcon_core.shell:Creating package script '/workspaces/SESARS_Labs/src/lab/src/install/py_srvcli/share/py_srvcli/package.sh'
[2.603s] INFO:colcon.colcon_core.shell:Creating package script '/workspaces/SESARS_Labs/src/lab/src/install/py_srvcli/share/py_srvcli/package.bash'
[2.603s] INFO:colcon.colcon_core.shell:Creating package script '/workspaces/SESARS_Labs/src/lab/src/install/py_srvcli/share/py_srvcli/package.zsh'
[2.603s] Level 1:colcon.colcon_core.environment:create_file_with_runtime_dependencies(/workspaces/SESARS_Labs/src/lab/src/install/py_srvcli/share/colcon-core/packages/py_srvcli)
[2.607s] DEBUG:colcon.colcon_core.event_handler.log_command:Invoked command in '/workspaces/SESARS_Labs/src/lab/src/lab02_pkg' returned '0': PYTHONPATH=/workspaces/SESARS_Labs/src/lab/src/build/lab02_pkg/prefix_override:/workspaces/SESARS_Labs/src/lab/src/install/lab02_pkg/lib/python3.10/site-packages:${PYTHONPATH} /usr/bin/python3 setup.py egg_info --egg-base ../build/lab02_pkg build --build-base /workspaces/SESARS_Labs/src/lab/src/build/lab02_pkg/build install --record /workspaces/SESARS_Labs/src/lab/src/build/lab02_pkg/install.log --single-version-externally-managed
[2.614s] Level 1:colcon.colcon_core.environment:checking '/workspaces/SESARS_Labs/src/lab/src/install/lab02_pkg' for CMake module files
[2.615s] Level 1:colcon.colcon_core.environment:checking '/workspaces/SESARS_Labs/src/lab/src/install/lab02_pkg' for CMake config files
[2.615s] Level 1:colcon.colcon_core.environment:checking '/workspaces/SESARS_Labs/src/lab/src/install/lab02_pkg/lib'
[2.615s] Level 1:colcon.colcon_core.environment:checking '/workspaces/SESARS_Labs/src/lab/src/install/lab02_pkg/bin'
[2.615s] Level 1:colcon.colcon_core.environment:checking '/workspaces/SESARS_Labs/src/lab/src/install/lab02_pkg/lib/pkgconfig/lab02_pkg.pc'
[2.615s] Level 1:colcon.colcon_core.environment:checking '/workspaces/SESARS_Labs/src/lab/src/install/lab02_pkg/lib/python3.10/site-packages'
[2.615s] Level 1:colcon.colcon_core.shell:create_environment_hook('lab02_pkg', 'pythonpath')
[2.629s] INFO:colcon.colcon_core.shell:Creating environment hook '/workspaces/SESARS_Labs/src/lab/src/install/lab02_pkg/share/lab02_pkg/hook/pythonpath.ps1'
[2.629s] INFO:colcon.colcon_core.shell:Creating environment descriptor '/workspaces/SESARS_Labs/src/lab/src/install/lab02_pkg/share/lab02_pkg/hook/pythonpath.dsv'
[2.629s] INFO:colcon.colcon_core.shell:Creating environment hook '/workspaces/SESARS_Labs/src/lab/src/install/lab02_pkg/share/lab02_pkg/hook/pythonpath.sh'
[2.630s] Level 1:colcon.colcon_core.environment:checking '/workspaces/SESARS_Labs/src/lab/src/install/lab02_pkg/bin'
[2.630s] Level 1:colcon.colcon_core.environment:create_environment_scripts_only(lab02_pkg)
[2.639s] INFO:colcon.colcon_core.shell:Creating package script '/workspaces/SESARS_Labs/src/lab/src/install/lab02_pkg/share/lab02_pkg/package.ps1'
[2.639s] INFO:colcon.colcon_core.shell:Creating package descriptor '/workspaces/SESARS_Labs/src/lab/src/install/lab02_pkg/share/lab02_pkg/package.dsv'
[2.640s] INFO:colcon.colcon_core.shell:Creating package script '/workspaces/SESARS_Labs/src/lab/src/install/lab02_pkg/share/lab02_pkg/package.sh'
[2.640s] INFO:colcon.colcon_core.shell:Creating package script '/workspaces/SESARS_Labs/src/lab/src/install/lab02_pkg/share/lab02_pkg/package.bash'
[2.640s] INFO:colcon.colcon_core.shell:Creating package script '/workspaces/SESARS_Labs/src/lab/src/install/lab02_pkg/share/lab02_pkg/package.zsh'
[2.640s] Level 1:colcon.colcon_core.environment:create_file_with_runtime_dependencies(/workspaces/SESARS_Labs/src/lab/src/install/lab02_pkg/share/colcon-core/packages/lab02_pkg)
[2.643s] DEBUG:colcon.colcon_core.event_handler.log_command:Invoked command in '/workspaces/SESARS_Labs/src/lab/src/py_pubsub' returned '0': PYTHONPATH=/workspaces/SESARS_Labs/src/lab/src/build/py_pubsub/prefix_override:/workspaces/SESARS_Labs/src/lab/src/install/py_pubsub/lib/python3.10/site-packages:${PYTHONPATH} /usr/bin/python3 setup.py egg_info --egg-base ../build/py_pubsub build --build-base /workspaces/SESARS_Labs/src/lab/src/build/py_pubsub/build install --record /workspaces/SESARS_Labs/src/lab/src/build/py_pubsub/install.log --single-version-externally-managed
[2.651s] Level 1:colcon.colcon_core.environment:checking '/workspaces/SESARS_Labs/src/lab/src/install/py_pubsub' for CMake module files
[2.651s] Level 1:colcon.colcon_core.environment:checking '/workspaces/SESARS_Labs/src/lab/src/install/py_pubsub' for CMake config files
[2.652s] Level 1:colcon.colcon_core.environment:checking '/workspaces/SESARS_Labs/src/lab/src/install/py_pubsub/lib'
[2.652s] Level 1:colcon.colcon_core.environment:checking '/workspaces/SESARS_Labs/src/lab/src/install/py_pubsub/bin'
[2.652s] Level 1:colcon.colcon_core.environment:checking '/workspaces/SESARS_Labs/src/lab/src/install/py_pubsub/lib/pkgconfig/py_pubsub.pc'
[2.652s] Level 1:colcon.colcon_core.environment:checking '/workspaces/SESARS_Labs/src/lab/src/install/py_pubsub/lib/python3.10/site-packages'
[2.652s] Level 1:colcon.colcon_core.shell:create_environment_hook('py_pubsub', 'pythonpath')
[2.661s] INFO:colcon.colcon_core.shell:Creating environment hook '/workspaces/SESARS_Labs/src/lab/src/install/py_pubsub/share/py_pubsub/hook/pythonpath.ps1'
[2.661s] INFO:colcon.colcon_core.shell:Creating environment descriptor '/workspaces/SESARS_Labs/src/lab/src/install/py_pubsub/share/py_pubsub/hook/pythonpath.dsv'
[2.661s] INFO:colcon.colcon_core.shell:Creating environment hook '/workspaces/SESARS_Labs/src/lab/src/install/py_pubsub/share/py_pubsub/hook/pythonpath.sh'
[2.662s] Level 1:colcon.colcon_core.environment:checking '/workspaces/SESARS_Labs/src/lab/src/install/py_pubsub/bin'
[2.662s] Level 1:colcon.colcon_core.environment:create_environment_scripts_only(py_pubsub)
[2.671s] INFO:colcon.colcon_core.shell:Creating package script '/workspaces/SESARS_Labs/src/lab/src/install/py_pubsub/share/py_pubsub/package.ps1'
[2.671s] INFO:colcon.colcon_core.shell:Creating package descriptor '/workspaces/SESARS_Labs/src/lab/src/install/py_pubsub/share/py_pubsub/package.dsv'
[2.672s] INFO:colcon.colcon_core.shell:Creating package script '/workspaces/SESARS_Labs/src/lab/src/install/py_pubsub/share/py_pubsub/package.sh'
[2.672s] INFO:colcon.colcon_core.shell:Creating package script '/workspaces/SESARS_Labs/src/lab/src/install/py_pubsub/share/py_pubsub/package.bash'
[2.672s] INFO:colcon.colcon_core.shell:Creating package script '/workspaces/SESARS_Labs/src/lab/src/install/py_pubsub/share/py_pubsub/package.zsh'
[2.673s] Level 1:colcon.colcon_core.environment:create_file_with_runtime_dependencies(/workspaces/SESARS_Labs/src/lab/src/install/py_pubsub/share/colcon-core/packages/py_pubsub)
[2.675s] DEBUG:colcon.colcon_core.event_handler.log_command:Invoked command in '/workspaces/SESARS_Labs/src/lab/src/lab01_pkg' returned '0': PYTHONPATH=/workspaces/SESARS_Labs/src/lab/src/build/lab01_pkg/prefix_override:/workspaces/SESARS_Labs/src/lab/src/install/lab01_pkg/lib/python3.10/site-packages:${PYTHONPATH} /usr/bin/python3 setup.py egg_info --egg-base ../build/lab01_pkg build --build-base /workspaces/SESARS_Labs/src/lab/src/build/lab01_pkg/build install --record /workspaces/SESARS_Labs/src/lab/src/build/lab01_pkg/install.log --single-version-externally-managed
[2.686s] Level 1:colcon.colcon_core.environment:checking '/workspaces/SESARS_Labs/src/lab/src/install/lab01_pkg' for CMake module files
[2.687s] Level 1:colcon.colcon_core.environment:checking '/workspaces/SESARS_Labs/src/lab/src/install/lab01_pkg' for CMake config files
[2.687s] Level 1:colcon.colcon_core.environment:checking '/workspaces/SESARS_Labs/src/lab/src/install/lab01_pkg/lib'
[2.687s] Level 1:colcon.colcon_core.environment:checking '/workspaces/SESARS_Labs/src/lab/src/install/lab01_pkg/bin'
[2.687s] Level 1:colcon.colcon_core.environment:checking '/workspaces/SESARS_Labs/src/lab/src/install/lab01_pkg/lib/pkgconfig/lab01_pkg.pc'
[2.687s] Level 1:colcon.colcon_core.environment:checking '/workspaces/SESARS_Labs/src/lab/src/install/lab01_pkg/lib/python3.10/site-packages'
[2.687s] Level 1:colcon.colcon_core.shell:create_environment_hook('lab01_pkg', 'pythonpath')
[2.697s] INFO:colcon.colcon_core.shell:Creating environment hook '/workspaces/SESARS_Labs/src/lab/src/install/lab01_pkg/share/lab01_pkg/hook/pythonpath.ps1'
[2.697s] INFO:colcon.colcon_core.shell:Creating environment descriptor '/workspaces/SESARS_Labs/src/lab/src/install/lab01_pkg/share/lab01_pkg/hook/pythonpath.dsv'
[2.697s] INFO:colcon.colcon_core.shell:Creating environment hook '/workspaces/SESARS_Labs/src/lab/src/install/lab01_pkg/share/lab01_pkg/hook/pythonpath.sh'
[2.698s] Level 1:colcon.colcon_core.environment:checking '/workspaces/SESARS_Labs/src/lab/src/install/lab01_pkg/bin'
[2.698s] Level 1:colcon.colcon_core.environment:create_environment_scripts_only(lab01_pkg)
[2.706s] INFO:colcon.colcon_core.shell:Creating package script '/workspaces/SESARS_Labs/src/lab/src/install/lab01_pkg/share/lab01_pkg/package.ps1'
[2.707s] INFO:colcon.colcon_core.shell:Creating package descriptor '/workspaces/SESARS_Labs/src/lab/src/install/lab01_pkg/share/lab01_pkg/package.dsv'
[2.707s] INFO:colcon.colcon_core.shell:Creating package script '/workspaces/SESARS_Labs/src/lab/src/install/lab01_pkg/share/lab01_pkg/package.sh'
[2.707s] INFO:colcon.colcon_core.shell:Creating package script '/workspaces/SESARS_Labs/src/lab/src/install/lab01_pkg/share/lab01_pkg/package.bash'
[2.708s] INFO:colcon.colcon_core.shell:Creating package script '/workspaces/SESARS_Labs/src/lab/src/install/lab01_pkg/share/lab01_pkg/package.zsh'
[2.708s] Level 1:colcon.colcon_core.environment:create_file_with_runtime_dependencies(/workspaces/SESARS_Labs/src/lab/src/install/lab01_pkg/share/colcon-core/packages/lab01_pkg)
[2.710s] DEBUG:colcon.colcon_core.event_handler.log_command:Invoked command in '/workspaces/SESARS_Labs/src/lab/src/lab02_interfaces' returned '0': PYTHONPATH=/workspaces/SESARS_Labs/src/lab/src/build/lab02_interfaces/prefix_override:/workspaces/SESARS_Labs/src/lab/src/install/lab02_interfaces/lib/python3.10/site-packages:${PYTHONPATH} /usr/bin/python3 setup.py egg_info --egg-base ../build/lab02_interfaces build --build-base /workspaces/SESARS_Labs/src/lab/src/build/lab02_interfaces/build install --record /workspaces/SESARS_Labs/src/lab/src/build/lab02_interfaces/install.log --single-version-externally-managed
[2.721s] Level 1:colcon.colcon_core.environment:checking '/workspaces/SESARS_Labs/src/lab/src/install/lab02_interfaces' for CMake module files
[2.721s] Level 1:colcon.colcon_core.environment:checking '/workspaces/SESARS_Labs/src/lab/src/install/lab02_interfaces' for CMake config files
[2.722s] Level 1:colcon.colcon_core.environment:checking '/workspaces/SESARS_Labs/src/lab/src/install/lab02_interfaces/lib'
[2.722s] Level 1:colcon.colcon_core.environment:checking '/workspaces/SESARS_Labs/src/lab/src/install/lab02_interfaces/bin'
[2.722s] Level 1:colcon.colcon_core.environment:checking '/workspaces/SESARS_Labs/src/lab/src/install/lab02_interfaces/lib/pkgconfig/lab02_interfaces.pc'
[2.722s] Level 1:colcon.colcon_core.environment:checking '/workspaces/SESARS_Labs/src/lab/src/install/lab02_interfaces/lib/python3.10/site-packages'
[2.722s] Level 1:colcon.colcon_core.shell:create_environment_hook('lab02_interfaces', 'pythonpath')
[2.735s] INFO:colcon.colcon_core.shell:Creating environment hook '/workspaces/SESARS_Labs/src/lab/src/install/lab02_interfaces/share/lab02_interfaces/hook/pythonpath.ps1'
[2.735s] INFO:colcon.colcon_core.shell:Creating environment descriptor '/workspaces/SESARS_Labs/src/lab/src/install/lab02_interfaces/share/lab02_interfaces/hook/pythonpath.dsv'
[2.736s] INFO:colcon.colcon_core.shell:Creating environment hook '/workspaces/SESARS_Labs/src/lab/src/install/lab02_interfaces/share/lab02_interfaces/hook/pythonpath.sh'
[2.736s] Level 1:colcon.colcon_core.environment:checking '/workspaces/SESARS_Labs/src/lab/src/install/lab02_interfaces/bin'
[2.736s] Level 1:colcon.colcon_core.environment:create_environment_scripts_only(lab02_interfaces)
[2.747s] INFO:colcon.colcon_core.shell:Creating package script '/workspaces/SESARS_Labs/src/lab/src/install/lab02_interfaces/share/lab02_interfaces/package.ps1'
[2.748s] INFO:colcon.colcon_core.shell:Creating package descriptor '/workspaces/SESARS_Labs/src/lab/src/install/lab02_interfaces/share/lab02_interfaces/package.dsv'
[2.749s] INFO:colcon.colcon_core.shell:Creating package script '/workspaces/SESARS_Labs/src/lab/src/install/lab02_interfaces/share/lab02_interfaces/package.sh'
[2.749s] INFO:colcon.colcon_core.shell:Creating package script '/workspaces/SESARS_Labs/src/lab/src/install/lab02_interfaces/share/lab02_interfaces/package.bash'
[2.749s] INFO:colcon.colcon_core.shell:Creating package script '/workspaces/SESARS_Labs/src/lab/src/install/lab02_interfaces/share/lab02_interfaces/package.zsh'
[2.749s] Level 1:colcon.colcon_core.environment:create_file_with_runtime_dependencies(/workspaces/SESARS_Labs/src/lab/src/install/lab02_interfaces/share/colcon-core/packages/lab02_interfaces)
[2.750s] DEBUG:colcon.colcon_parallel_executor.executor.parallel:closing loop
[2.750s] DEBUG:colcon.colcon_parallel_executor.executor.parallel:loop closed
[2.750s] DEBUG:colcon.colcon_parallel_executor.executor.parallel:run_until_complete finished with '0'
[2.750s] DEBUG:colcon.colcon_core.event_reactor:joining thread
[2.774s] INFO:colcon.colcon_core.plugin_system:Skipping extension 'colcon_notification.desktop_notification.notify_send': Could not find 'notify-send'
[2.775s] INFO:colcon.colcon_core.plugin_system:Skipping extension 'colcon_notification.desktop_notification.terminal_notifier': Not used on non-Darwin systems
[2.775s] INFO:colcon.colcon_core.plugin_system:Skipping extension 'colcon_notification.desktop_notification.win32': Not used on non-Windows systems
[2.775s] INFO:colcon.colcon_notification.desktop_notification:Sending desktop notification using 'notify2'
[2.778s] DEBUG:colcon.colcon_notification.desktop_notification.notify2:Failed to initialize notify2: org.freedesktop.DBus.Error.Spawn.ExecFailed: /usr/bin/dbus-launch terminated abnormally without any error message
[2.779s] DEBUG:colcon.colcon_core.event_reactor:joined thread
[2.794s] INFO:colcon.colcon_core.shell:Creating prefix script '/workspaces/SESARS_Labs/src/lab/src/install/local_setup.ps1'
[2.795s] INFO:colcon.colcon_core.shell:Creating prefix util module '/workspaces/SESARS_Labs/src/lab/src/install/_local_setup_util_ps1.py'
[2.796s] INFO:colcon.colcon_core.shell:Creating prefix chain script '/workspaces/SESARS_Labs/src/lab/src/install/setup.ps1'
[2.805s] INFO:colcon.colcon_core.shell:Creating prefix script '/workspaces/SESARS_Labs/src/lab/src/install/local_setup.sh'
[2.805s] INFO:colcon.colcon_core.shell:Creating prefix util module '/workspaces/SESARS_Labs/src/lab/src/install/_local_setup_util_sh.py'
[2.805s] INFO:colcon.colcon_core.shell:Creating prefix chain script '/workspaces/SESARS_Labs/src/lab/src/install/setup.sh'
[2.814s] INFO:colcon.colcon_core.shell:Creating prefix script '/workspaces/SESARS_Labs/src/lab/src/install/local_setup.bash'
[2.814s] INFO:colcon.colcon_core.shell:Creating prefix chain script '/workspaces/SESARS_Labs/src/lab/src/install/setup.bash'
[2.822s] INFO:colcon.colcon_core.shell:Creating prefix script '/workspaces/SESARS_Labs/src/lab/src/install/local_setup.zsh'
[2.823s] INFO:colcon.colcon_core.shell:Creating prefix chain script '/workspaces/SESARS_Labs/src/lab/src/install/setup.zsh'
