[0.145s] Invoking command in '/workspaces/SESARS_Labs/src/lab/build/lab02_interfaces': CMAKE_PREFIX_PATH=${CMAKE_PREFIX_PATH}:/workspaces/SESARS_Labs/src/lab/install/py_pubsub:/workspaces/SESARS_Labs/src/lab/install/lab02_pkg:/workspaces/SESARS_Labs/src/lab/install/lab01_pkg:/opt/ros/humble /usr/bin/cmake --build /workspaces/SESARS_Labs/src/lab/build/lab02_interfaces -- -j12 -l12
[0.394s] [  2%] Built target lab02_interfaces__cpp
[0.395s] [ 12%] Built target lab02_interfaces__rosidl_generator_c
[0.395s] [ 12%] Built target ament_cmake_python_copy_lab02_interfaces
[0.395s] [ 23%] Built target lab02_interfaces__rosidl_typesupport_cpp
[0.395s] [ 46%] Built target lab02_interfaces__rosidl_typesupport_fastrtps_cpp
[0.395s] [ 48%] Built target lab02_interfaces__rosidl_typesupport_introspection_c
[0.395s] [ 53%] Built target lab02_interfaces__rosidl_typesupport_fastrtps_c
[0.395s] [ 64%] Built target lab02_interfaces__rosidl_typesupport_introspection_cpp
[0.396s] [ 74%] Built target lab02_interfaces__rosidl_typesupport_c
[0.396s] [ 74%] Built target lab02_interfaces
[0.396s] [ 76%] Built target lab02_interfaces__py
[0.396s] [ 84%] Built target lab02_interfaces__rosidl_generator_py
[0.397s] [ 89%] Built target lab02_interfaces__rosidl_typesupport_c__pyext
[0.397s] [ 94%] Built target lab02_interfaces__rosidl_typesupport_fastrtps_c__pyext
[0.397s] [100%] Built target lab02_interfaces__rosidl_typesupport_introspection_c__pyext
[0.397s] running egg_info
[0.397s] writing lab02_interfaces.egg-info/PKG-INFO
[0.397s] writing dependency_links to lab02_interfaces.egg-info/dependency_links.txt
[0.397s] writing top-level names to lab02_interfaces.egg-info/top_level.txt
[0.397s] reading manifest file 'lab02_interfaces.egg-info/SOURCES.txt'
[0.397s] writing manifest file 'lab02_interfaces.egg-info/SOURCES.txt'
[0.422s] [100%] Built target ament_cmake_python_build_lab02_interfaces_egg
[0.626s] Invoked command in '/workspaces/SESARS_Labs/src/lab/build/lab02_interfaces' returned '0': CMAKE_PREFIX_PATH=${CMAKE_PREFIX_PATH}:/workspaces/SESARS_Labs/src/lab/install/py_pubsub:/workspaces/SESARS_Labs/src/lab/install/lab02_pkg:/workspaces/SESARS_Labs/src/lab/install/lab01_pkg:/opt/ros/humble /usr/bin/cmake --build /workspaces/SESARS_Labs/src/lab/build/lab02_interfaces -- -j12 -l12
[0.716s] Invoking command in '/workspaces/SESARS_Labs/src/lab/build/lab02_interfaces': CMAKE_PREFIX_PATH=${CMAKE_PREFIX_PATH}:/workspaces/SESARS_Labs/src/lab/install/py_pubsub:/workspaces/SESARS_Labs/src/lab/install/lab02_pkg:/workspaces/SESARS_Labs/src/lab/install/lab01_pkg:/opt/ros/humble /usr/bin/cmake --install /workspaces/SESARS_Labs/src/lab/build/lab02_interfaces
[0.726s] -- Install configuration: ""
[0.726s] -- Up-to-date: /workspaces/SESARS_Labs/src/lab/install/lab02_interfaces/share/ament_index/resource_index/rosidl_interfaces/lab02_interfaces
[0.726s] -- Up-to-date: /workspaces/SESARS_Labs/src/lab/install/lab02_interfaces/include/lab02_interfaces/lab02_interfaces
[0.726s] -- Up-to-date: /workspaces/SESARS_Labs/src/lab/install/lab02_interfaces/include/lab02_interfaces/lab02_interfaces/action
[0.726s] -- Up-to-date: /workspaces/SESARS_Labs/src/lab/install/lab02_interfaces/include/lab02_interfaces/lab02_interfaces/action/detail
[0.726s] -- Up-to-date: /workspaces/SESARS_Labs/src/lab/install/lab02_interfaces/include/lab02_interfaces/lab02_interfaces/action/detail/move_distance__struct.h
[0.726s] -- Up-to-date: /workspaces/SESARS_Labs/src/lab/install/lab02_interfaces/include/lab02_interfaces/lab02_interfaces/action/detail/move_distance__type_support.h
[0.727s] -- Up-to-date: /workspaces/SESARS_Labs/src/lab/install/lab02_interfaces/include/lab02_interfaces/lab02_interfaces/action/detail/move_distance__functions.c
[0.727s] -- Up-to-date: /workspaces/SESARS_Labs/src/lab/install/lab02_interfaces/include/lab02_interfaces/lab02_interfaces/action/detail/move_distance__functions.h
[0.727s] -- Up-to-date: /workspaces/SESARS_Labs/src/lab/install/lab02_interfaces/include/lab02_interfaces/lab02_interfaces/action/move_distance.h
[0.727s] -- Up-to-date: /workspaces/SESARS_Labs/src/lab/install/lab02_interfaces/include/lab02_interfaces/lab02_interfaces/srv
[0.727s] -- Up-to-date: /workspaces/SESARS_Labs/src/lab/install/lab02_interfaces/include/lab02_interfaces/lab02_interfaces/srv/detail
[0.727s] -- Up-to-date: /workspaces/SESARS_Labs/src/lab/install/lab02_interfaces/include/lab02_interfaces/lab02_interfaces/srv/detail/compute_trajectory__struct.h
[0.727s] -- Up-to-date: /workspaces/SESARS_Labs/src/lab/install/lab02_interfaces/include/lab02_interfaces/lab02_interfaces/srv/detail/compute_trajectory__functions.h
[0.728s] -- Up-to-date: /workspaces/SESARS_Labs/src/lab/install/lab02_interfaces/include/lab02_interfaces/lab02_interfaces/srv/detail/compute_trajectory__type_support.h
[0.728s] -- Up-to-date: /workspaces/SESARS_Labs/src/lab/install/lab02_interfaces/include/lab02_interfaces/lab02_interfaces/srv/detail/compute_trajectory__functions.c
[0.728s] -- Up-to-date: /workspaces/SESARS_Labs/src/lab/install/lab02_interfaces/include/lab02_interfaces/lab02_interfaces/srv/compute_trajectory.h
[0.728s] -- Up-to-date: /workspaces/SESARS_Labs/src/lab/install/lab02_interfaces/include/lab02_interfaces/lab02_interfaces/msg
[0.728s] -- Up-to-date: /workspaces/SESARS_Labs/src/lab/install/lab02_interfaces/include/lab02_interfaces/lab02_interfaces/msg/rosidl_generator_c__visibility_control.h
[0.728s] -- Up-to-date: /workspaces/SESARS_Labs/src/lab/install/lab02_interfaces/share/lab02_interfaces/environment/library_path.sh
[0.728s] -- Up-to-date: /workspaces/SESARS_Labs/src/lab/install/lab02_interfaces/share/lab02_interfaces/environment/library_path.dsv
[0.728s] -- Up-to-date: /workspaces/SESARS_Labs/src/lab/install/lab02_interfaces/lib/liblab02_interfaces__rosidl_generator_c.so
[0.729s] -- Up-to-date: /workspaces/SESARS_Labs/src/lab/install/lab02_interfaces/include/lab02_interfaces/lab02_interfaces
[0.729s] -- Up-to-date: /workspaces/SESARS_Labs/src/lab/install/lab02_interfaces/include/lab02_interfaces/lab02_interfaces/action
[0.729s] -- Up-to-date: /workspaces/SESARS_Labs/src/lab/install/lab02_interfaces/include/lab02_interfaces/lab02_interfaces/action/detail
[0.729s] -- Up-to-date: /workspaces/SESARS_Labs/src/lab/install/lab02_interfaces/include/lab02_interfaces/lab02_interfaces/action/detail/move_distance__rosidl_typesupport_fastrtps_c.h
[0.729s] -- Up-to-date: /workspaces/SESARS_Labs/src/lab/install/lab02_interfaces/include/lab02_interfaces/lab02_interfaces/srv
[0.729s] -- Up-to-date: /workspaces/SESARS_Labs/src/lab/install/lab02_interfaces/include/lab02_interfaces/lab02_interfaces/srv/detail
[0.729s] -- Up-to-date: /workspaces/SESARS_Labs/src/lab/install/lab02_interfaces/include/lab02_interfaces/lab02_interfaces/srv/detail/compute_trajectory__rosidl_typesupport_fastrtps_c.h
[0.729s] -- Up-to-date: /workspaces/SESARS_Labs/src/lab/install/lab02_interfaces/include/lab02_interfaces/lab02_interfaces/msg
[0.729s] -- Up-to-date: /workspaces/SESARS_Labs/src/lab/install/lab02_interfaces/include/lab02_interfaces/lab02_interfaces/msg/rosidl_typesupport_fastrtps_c__visibility_control.h
[0.729s] -- Up-to-date: /workspaces/SESARS_Labs/src/lab/install/lab02_interfaces/lib/liblab02_interfaces__rosidl_typesupport_fastrtps_c.so
[0.729s] -- Up-to-date: /workspaces/SESARS_Labs/src/lab/install/lab02_interfaces/include/lab02_interfaces/lab02_interfaces
[0.730s] -- Up-to-date: /workspaces/SESARS_Labs/src/lab/install/lab02_interfaces/include/lab02_interfaces/lab02_interfaces/action
[0.730s] -- Up-to-date: /workspaces/SESARS_Labs/src/lab/install/lab02_interfaces/include/lab02_interfaces/lab02_interfaces/action/detail
[0.730s] -- Up-to-date: /workspaces/SESARS_Labs/src/lab/install/lab02_interfaces/include/lab02_interfaces/lab02_interfaces/action/detail/move_distance__type_support.c
[0.730s] -- Up-to-date: /workspaces/SESARS_Labs/src/lab/install/lab02_interfaces/include/lab02_interfaces/lab02_interfaces/action/detail/move_distance__rosidl_typesupport_introspection_c.h
[0.730s] -- Up-to-date: /workspaces/SESARS_Labs/src/lab/install/lab02_interfaces/include/lab02_interfaces/lab02_interfaces/srv
[0.730s] -- Up-to-date: /workspaces/SESARS_Labs/src/lab/install/lab02_interfaces/include/lab02_interfaces/lab02_interfaces/srv/detail
[0.730s] -- Up-to-date: /workspaces/SESARS_Labs/src/lab/install/lab02_interfaces/include/lab02_interfaces/lab02_interfaces/srv/detail/compute_trajectory__rosidl_typesupport_introspection_c.h
[0.730s] -- Up-to-date: /workspaces/SESARS_Labs/src/lab/install/lab02_interfaces/include/lab02_interfaces/lab02_interfaces/srv/detail/compute_trajectory__type_support.c
[0.730s] -- Up-to-date: /workspaces/SESARS_Labs/src/lab/install/lab02_interfaces/include/lab02_interfaces/lab02_interfaces/msg
[0.730s] -- Up-to-date: /workspaces/SESARS_Labs/src/lab/install/lab02_interfaces/include/lab02_interfaces/lab02_interfaces/msg/rosidl_typesupport_introspection_c__visibility_control.h
[0.731s] -- Up-to-date: /workspaces/SESARS_Labs/src/lab/install/lab02_interfaces/lib/liblab02_interfaces__rosidl_typesupport_introspection_c.so
[0.731s] -- Up-to-date: /workspaces/SESARS_Labs/src/lab/install/lab02_interfaces/lib/liblab02_interfaces__rosidl_typesupport_c.so
[0.731s] -- Up-to-date: /workspaces/SESARS_Labs/src/lab/install/lab02_interfaces/include/lab02_interfaces/lab02_interfaces
[0.731s] -- Up-to-date: /workspaces/SESARS_Labs/src/lab/install/lab02_interfaces/include/lab02_interfaces/lab02_interfaces/action
[0.731s] -- Up-to-date: /workspaces/SESARS_Labs/src/lab/install/lab02_interfaces/include/lab02_interfaces/lab02_interfaces/action/move_distance.hpp
[0.731s] -- Up-to-date: /workspaces/SESARS_Labs/src/lab/install/lab02_interfaces/include/lab02_interfaces/lab02_interfaces/action/detail
[0.731s] -- Up-to-date: /workspaces/SESARS_Labs/src/lab/install/lab02_interfaces/include/lab02_interfaces/lab02_interfaces/action/detail/move_distance__struct.hpp
[0.731s] -- Up-to-date: /workspaces/SESARS_Labs/src/lab/install/lab02_interfaces/include/lab02_interfaces/lab02_interfaces/action/detail/move_distance__traits.hpp
[0.731s] -- Up-to-date: /workspaces/SESARS_Labs/src/lab/install/lab02_interfaces/include/lab02_interfaces/lab02_interfaces/action/detail/move_distance__builder.hpp
[0.731s] -- Up-to-date: /workspaces/SESARS_Labs/src/lab/install/lab02_interfaces/include/lab02_interfaces/lab02_interfaces/srv
[0.731s] -- Up-to-date: /workspaces/SESARS_Labs/src/lab/install/lab02_interfaces/include/lab02_interfaces/lab02_interfaces/srv/detail
[0.731s] -- Up-to-date: /workspaces/SESARS_Labs/src/lab/install/lab02_interfaces/include/lab02_interfaces/lab02_interfaces/srv/detail/compute_trajectory__builder.hpp
[0.731s] -- Up-to-date: /workspaces/SESARS_Labs/src/lab/install/lab02_interfaces/include/lab02_interfaces/lab02_interfaces/srv/detail/compute_trajectory__traits.hpp
[0.732s] -- Up-to-date: /workspaces/SESARS_Labs/src/lab/install/lab02_interfaces/include/lab02_interfaces/lab02_interfaces/srv/detail/compute_trajectory__struct.hpp
[0.732s] -- Up-to-date: /workspaces/SESARS_Labs/src/lab/install/lab02_interfaces/include/lab02_interfaces/lab02_interfaces/srv/compute_trajectory.hpp
[0.732s] -- Up-to-date: /workspaces/SESARS_Labs/src/lab/install/lab02_interfaces/include/lab02_interfaces/lab02_interfaces
[0.732s] -- Up-to-date: /workspaces/SESARS_Labs/src/lab/install/lab02_interfaces/include/lab02_interfaces/lab02_interfaces/action
[0.732s] -- Up-to-date: /workspaces/SESARS_Labs/src/lab/install/lab02_interfaces/include/lab02_interfaces/lab02_interfaces/action/detail
[0.732s] -- Up-to-date: /workspaces/SESARS_Labs/src/lab/install/lab02_interfaces/include/lab02_interfaces/lab02_interfaces/action/detail/dds_fastrtps
[0.732s] -- Up-to-date: /workspaces/SESARS_Labs/src/lab/install/lab02_interfaces/include/lab02_interfaces/lab02_interfaces/action/detail/move_distance__rosidl_typesupport_fastrtps_cpp.hpp
[0.732s] -- Up-to-date: /workspaces/SESARS_Labs/src/lab/install/lab02_interfaces/include/lab02_interfaces/lab02_interfaces/srv
[0.732s] -- Up-to-date: /workspaces/SESARS_Labs/src/lab/install/lab02_interfaces/include/lab02_interfaces/lab02_interfaces/srv/detail
[0.732s] -- Up-to-date: /workspaces/SESARS_Labs/src/lab/install/lab02_interfaces/include/lab02_interfaces/lab02_interfaces/srv/detail/dds_fastrtps
[0.732s] -- Up-to-date: /workspaces/SESARS_Labs/src/lab/install/lab02_interfaces/include/lab02_interfaces/lab02_interfaces/srv/detail/compute_trajectory__rosidl_typesupport_fastrtps_cpp.hpp
[0.733s] -- Up-to-date: /workspaces/SESARS_Labs/src/lab/install/lab02_interfaces/include/lab02_interfaces/lab02_interfaces/msg
[0.733s] -- Up-to-date: /workspaces/SESARS_Labs/src/lab/install/lab02_interfaces/include/lab02_interfaces/lab02_interfaces/msg/rosidl_typesupport_fastrtps_cpp__visibility_control.h
[0.733s] -- Up-to-date: /workspaces/SESARS_Labs/src/lab/install/lab02_interfaces/lib/liblab02_interfaces__rosidl_typesupport_fastrtps_cpp.so
[0.733s] -- Up-to-date: /workspaces/SESARS_Labs/src/lab/install/lab02_interfaces/include/lab02_interfaces/lab02_interfaces
[0.733s] -- Up-to-date: /workspaces/SESARS_Labs/src/lab/install/lab02_interfaces/include/lab02_interfaces/lab02_interfaces/action
[0.733s] -- Up-to-date: /workspaces/SESARS_Labs/src/lab/install/lab02_interfaces/include/lab02_interfaces/lab02_interfaces/action/detail
[0.733s] -- Up-to-date: /workspaces/SESARS_Labs/src/lab/install/lab02_interfaces/include/lab02_interfaces/lab02_interfaces/action/detail/move_distance__rosidl_typesupport_introspection_cpp.hpp
[0.733s] -- Up-to-date: /workspaces/SESARS_Labs/src/lab/install/lab02_interfaces/include/lab02_interfaces/lab02_interfaces/action/detail/move_distance__type_support.cpp
[0.733s] -- Up-to-date: /workspaces/SESARS_Labs/src/lab/install/lab02_interfaces/include/lab02_interfaces/lab02_interfaces/srv
[0.733s] -- Up-to-date: /workspaces/SESARS_Labs/src/lab/install/lab02_interfaces/include/lab02_interfaces/lab02_interfaces/srv/detail
[0.733s] -- Up-to-date: /workspaces/SESARS_Labs/src/lab/install/lab02_interfaces/include/lab02_interfaces/lab02_interfaces/srv/detail/compute_trajectory__rosidl_typesupport_introspection_cpp.hpp
[0.733s] -- Up-to-date: /workspaces/SESARS_Labs/src/lab/install/lab02_interfaces/include/lab02_interfaces/lab02_interfaces/srv/detail/compute_trajectory__type_support.cpp
[0.734s] -- Up-to-date: /workspaces/SESARS_Labs/src/lab/install/lab02_interfaces/lib/liblab02_interfaces__rosidl_typesupport_introspection_cpp.so
[0.734s] -- Up-to-date: /workspaces/SESARS_Labs/src/lab/install/lab02_interfaces/lib/liblab02_interfaces__rosidl_typesupport_cpp.so
[0.734s] -- Up-to-date: /workspaces/SESARS_Labs/src/lab/install/lab02_interfaces/share/lab02_interfaces/environment/pythonpath.sh
[0.734s] -- Up-to-date: /workspaces/SESARS_Labs/src/lab/install/lab02_interfaces/share/lab02_interfaces/environment/pythonpath.dsv
[0.734s] -- Up-to-date: /workspaces/SESARS_Labs/src/lab/install/lab02_interfaces/local/lib/python3.10/dist-packages/lab02_interfaces-0.0.0-py3.10.egg-info
[0.734s] -- Installing: /workspaces/SESARS_Labs/src/lab/install/lab02_interfaces/local/lib/python3.10/dist-packages/lab02_interfaces-0.0.0-py3.10.egg-info/top_level.txt
[0.734s] -- Installing: /workspaces/SESARS_Labs/src/lab/install/lab02_interfaces/local/lib/python3.10/dist-packages/lab02_interfaces-0.0.0-py3.10.egg-info/PKG-INFO
[0.734s] -- Installing: /workspaces/SESARS_Labs/src/lab/install/lab02_interfaces/local/lib/python3.10/dist-packages/lab02_interfaces-0.0.0-py3.10.egg-info/dependency_links.txt
[0.734s] -- Installing: /workspaces/SESARS_Labs/src/lab/install/lab02_interfaces/local/lib/python3.10/dist-packages/lab02_interfaces-0.0.0-py3.10.egg-info/SOURCES.txt
[0.734s] -- Up-to-date: /workspaces/SESARS_Labs/src/lab/install/lab02_interfaces/local/lib/python3.10/dist-packages/lab02_interfaces
[0.734s] -- Up-to-date: /workspaces/SESARS_Labs/src/lab/install/lab02_interfaces/local/lib/python3.10/dist-packages/lab02_interfaces/lab02_interfaces_s__rosidl_typesupport_c.cpython-310-x86_64-linux-gnu.so
[0.734s] -- Up-to-date: /workspaces/SESARS_Labs/src/lab/install/lab02_interfaces/local/lib/python3.10/dist-packages/lab02_interfaces/action
[0.735s] -- Up-to-date: /workspaces/SESARS_Labs/src/lab/install/lab02_interfaces/local/lib/python3.10/dist-packages/lab02_interfaces/action/__init__.py
[0.735s] -- Up-to-date: /workspaces/SESARS_Labs/src/lab/install/lab02_interfaces/local/lib/python3.10/dist-packages/lab02_interfaces/action/_move_distance.py
[0.735s] -- Up-to-date: /workspaces/SESARS_Labs/src/lab/install/lab02_interfaces/local/lib/python3.10/dist-packages/lab02_interfaces/action/_move_distance_s.c
[0.735s] -- Up-to-date: /workspaces/SESARS_Labs/src/lab/install/lab02_interfaces/local/lib/python3.10/dist-packages/lab02_interfaces/lab02_interfaces_s__rosidl_typesupport_fastrtps_c.cpython-310-x86_64-linux-gnu.so
[0.735s] -- Up-to-date: /workspaces/SESARS_Labs/src/lab/install/lab02_interfaces/local/lib/python3.10/dist-packages/lab02_interfaces/__init__.py
[0.735s] -- Up-to-date: /workspaces/SESARS_Labs/src/lab/install/lab02_interfaces/local/lib/python3.10/dist-packages/lab02_interfaces/_lab02_interfaces_s.ep.rosidl_typesupport_fastrtps_c.c
[0.735s] -- Up-to-date: /workspaces/SESARS_Labs/src/lab/install/lab02_interfaces/local/lib/python3.10/dist-packages/lab02_interfaces/liblab02_interfaces__rosidl_generator_py.so
[0.735s] -- Up-to-date: /workspaces/SESARS_Labs/src/lab/install/lab02_interfaces/local/lib/python3.10/dist-packages/lab02_interfaces/srv
[0.735s] -- Up-to-date: /workspaces/SESARS_Labs/src/lab/install/lab02_interfaces/local/lib/python3.10/dist-packages/lab02_interfaces/srv/__init__.py
[0.735s] -- Up-to-date: /workspaces/SESARS_Labs/src/lab/install/lab02_interfaces/local/lib/python3.10/dist-packages/lab02_interfaces/srv/_compute_trajectory_s.c
[0.735s] -- Up-to-date: /workspaces/SESARS_Labs/src/lab/install/lab02_interfaces/local/lib/python3.10/dist-packages/lab02_interfaces/srv/_compute_trajectory.py
[0.735s] -- Up-to-date: /workspaces/SESARS_Labs/src/lab/install/lab02_interfaces/local/lib/python3.10/dist-packages/lab02_interfaces/_lab02_interfaces_s.ep.rosidl_typesupport_introspection_c.c
[0.735s] -- Up-to-date: /workspaces/SESARS_Labs/src/lab/install/lab02_interfaces/local/lib/python3.10/dist-packages/lab02_interfaces/lab02_interfaces_s__rosidl_typesupport_introspection_c.cpython-310-x86_64-linux-gnu.so
[0.737s] -- Up-to-date: /workspaces/SESARS_Labs/src/lab/install/lab02_interfaces/local/lib/python3.10/dist-packages/lab02_interfaces/_lab02_interfaces_s.ep.rosidl_typesupport_c.c
[0.756s] Listing '/workspaces/SESARS_Labs/src/lab/install/lab02_interfaces/local/lib/python3.10/dist-packages/lab02_interfaces'...
[0.756s] Listing '/workspaces/SESARS_Labs/src/lab/install/lab02_interfaces/local/lib/python3.10/dist-packages/lab02_interfaces/action'...
[0.756s] Listing '/workspaces/SESARS_Labs/src/lab/install/lab02_interfaces/local/lib/python3.10/dist-packages/lab02_interfaces/srv'...
[0.760s] -- Up-to-date: /workspaces/SESARS_Labs/src/lab/install/lab02_interfaces/local/lib/python3.10/dist-packages/lab02_interfaces/lab02_interfaces_s__rosidl_typesupport_fastrtps_c.cpython-310-x86_64-linux-gnu.so
[0.760s] -- Up-to-date: /workspaces/SESARS_Labs/src/lab/install/lab02_interfaces/local/lib/python3.10/dist-packages/lab02_interfaces/lab02_interfaces_s__rosidl_typesupport_introspection_c.cpython-310-x86_64-linux-gnu.so
[0.760s] -- Up-to-date: /workspaces/SESARS_Labs/src/lab/install/lab02_interfaces/local/lib/python3.10/dist-packages/lab02_interfaces/lab02_interfaces_s__rosidl_typesupport_c.cpython-310-x86_64-linux-gnu.so
[0.761s] -- Up-to-date: /workspaces/SESARS_Labs/src/lab/install/lab02_interfaces/lib/liblab02_interfaces__rosidl_generator_py.so
[0.761s] -- Up-to-date: /workspaces/SESARS_Labs/src/lab/install/lab02_interfaces/share/lab02_interfaces/srv/ComputeTrajectory.idl
[0.761s] -- Up-to-date: /workspaces/SESARS_Labs/src/lab/install/lab02_interfaces/share/lab02_interfaces/action/MoveDistance.idl
[0.761s] -- Up-to-date: /workspaces/SESARS_Labs/src/lab/install/lab02_interfaces/share/lab02_interfaces/srv/ComputeTrajectory.srv
[0.762s] -- Up-to-date: /workspaces/SESARS_Labs/src/lab/install/lab02_interfaces/share/lab02_interfaces/srv/ComputeTrajectory_Request.msg
[0.762s] -- Up-to-date: /workspaces/SESARS_Labs/src/lab/install/lab02_interfaces/share/lab02_interfaces/srv/ComputeTrajectory_Response.msg
[0.762s] -- Up-to-date: /workspaces/SESARS_Labs/src/lab/install/lab02_interfaces/share/lab02_interfaces/action/MoveDistance.action
[0.762s] -- Up-to-date: /workspaces/SESARS_Labs/src/lab/install/lab02_interfaces/share/ament_index/resource_index/package_run_dependencies/lab02_interfaces
[0.762s] -- Up-to-date: /workspaces/SESARS_Labs/src/lab/install/lab02_interfaces/share/ament_index/resource_index/parent_prefix_path/lab02_interfaces
[0.762s] -- Up-to-date: /workspaces/SESARS_Labs/src/lab/install/lab02_interfaces/share/lab02_interfaces/environment/ament_prefix_path.sh
[0.762s] -- Up-to-date: /workspaces/SESARS_Labs/src/lab/install/lab02_interfaces/share/lab02_interfaces/environment/ament_prefix_path.dsv
[0.762s] -- Up-to-date: /workspaces/SESARS_Labs/src/lab/install/lab02_interfaces/share/lab02_interfaces/environment/path.sh
[0.762s] -- Up-to-date: /workspaces/SESARS_Labs/src/lab/install/lab02_interfaces/share/lab02_interfaces/environment/path.dsv
[0.762s] -- Up-to-date: /workspaces/SESARS_Labs/src/lab/install/lab02_interfaces/share/lab02_interfaces/local_setup.bash
[0.763s] -- Up-to-date: /workspaces/SESARS_Labs/src/lab/install/lab02_interfaces/share/lab02_interfaces/local_setup.sh
[0.763s] -- Up-to-date: /workspaces/SESARS_Labs/src/lab/install/lab02_interfaces/share/lab02_interfaces/local_setup.zsh
[0.763s] -- Up-to-date: /workspaces/SESARS_Labs/src/lab/install/lab02_interfaces/share/lab02_interfaces/local_setup.dsv
[0.763s] -- Installing: /workspaces/SESARS_Labs/src/lab/install/lab02_interfaces/share/lab02_interfaces/package.dsv
[0.763s] -- Up-to-date: /workspaces/SESARS_Labs/src/lab/install/lab02_interfaces/share/ament_index/resource_index/packages/lab02_interfaces
[0.763s] -- Up-to-date: /workspaces/SESARS_Labs/src/lab/install/lab02_interfaces/share/lab02_interfaces/cmake/export_lab02_interfaces__rosidl_generator_cExport.cmake
[0.763s] -- Up-to-date: /workspaces/SESARS_Labs/src/lab/install/lab02_interfaces/share/lab02_interfaces/cmake/export_lab02_interfaces__rosidl_generator_cExport-noconfig.cmake
[0.763s] -- Up-to-date: /workspaces/SESARS_Labs/src/lab/install/lab02_interfaces/share/lab02_interfaces/cmake/export_lab02_interfaces__rosidl_typesupport_fastrtps_cExport.cmake
[0.763s] -- Up-to-date: /workspaces/SESARS_Labs/src/lab/install/lab02_interfaces/share/lab02_interfaces/cmake/export_lab02_interfaces__rosidl_typesupport_fastrtps_cExport-noconfig.cmake
[0.763s] -- Up-to-date: /workspaces/SESARS_Labs/src/lab/install/lab02_interfaces/share/lab02_interfaces/cmake/lab02_interfaces__rosidl_typesupport_introspection_cExport.cmake
[0.764s] -- Up-to-date: /workspaces/SESARS_Labs/src/lab/install/lab02_interfaces/share/lab02_interfaces/cmake/lab02_interfaces__rosidl_typesupport_introspection_cExport-noconfig.cmake
[0.764s] -- Up-to-date: /workspaces/SESARS_Labs/src/lab/install/lab02_interfaces/share/lab02_interfaces/cmake/lab02_interfaces__rosidl_typesupport_cExport.cmake
[0.764s] -- Up-to-date: /workspaces/SESARS_Labs/src/lab/install/lab02_interfaces/share/lab02_interfaces/cmake/lab02_interfaces__rosidl_typesupport_cExport-noconfig.cmake
[0.764s] -- Up-to-date: /workspaces/SESARS_Labs/src/lab/install/lab02_interfaces/share/lab02_interfaces/cmake/export_lab02_interfaces__rosidl_generator_cppExport.cmake
[0.764s] -- Up-to-date: /workspaces/SESARS_Labs/src/lab/install/lab02_interfaces/share/lab02_interfaces/cmake/export_lab02_interfaces__rosidl_typesupport_fastrtps_cppExport.cmake
[0.764s] -- Up-to-date: /workspaces/SESARS_Labs/src/lab/install/lab02_interfaces/share/lab02_interfaces/cmake/export_lab02_interfaces__rosidl_typesupport_fastrtps_cppExport-noconfig.cmake
[0.764s] -- Up-to-date: /workspaces/SESARS_Labs/src/lab/install/lab02_interfaces/share/lab02_interfaces/cmake/lab02_interfaces__rosidl_typesupport_introspection_cppExport.cmake
[0.764s] -- Up-to-date: /workspaces/SESARS_Labs/src/lab/install/lab02_interfaces/share/lab02_interfaces/cmake/lab02_interfaces__rosidl_typesupport_introspection_cppExport-noconfig.cmake
[0.764s] -- Up-to-date: /workspaces/SESARS_Labs/src/lab/install/lab02_interfaces/share/lab02_interfaces/cmake/lab02_interfaces__rosidl_typesupport_cppExport.cmake
[0.764s] -- Up-to-date: /workspaces/SESARS_Labs/src/lab/install/lab02_interfaces/share/lab02_interfaces/cmake/lab02_interfaces__rosidl_typesupport_cppExport-noconfig.cmake
[0.764s] -- Up-to-date: /workspaces/SESARS_Labs/src/lab/install/lab02_interfaces/share/lab02_interfaces/cmake/export_lab02_interfaces__rosidl_generator_pyExport.cmake
[0.765s] -- Up-to-date: /workspaces/SESARS_Labs/src/lab/install/lab02_interfaces/share/lab02_interfaces/cmake/export_lab02_interfaces__rosidl_generator_pyExport-noconfig.cmake
[0.765s] -- Up-to-date: /workspaces/SESARS_Labs/src/lab/install/lab02_interfaces/share/lab02_interfaces/cmake/rosidl_cmake-extras.cmake
[0.765s] -- Up-to-date: /workspaces/SESARS_Labs/src/lab/install/lab02_interfaces/share/lab02_interfaces/cmake/ament_cmake_export_dependencies-extras.cmake
[0.765s] -- Up-to-date: /workspaces/SESARS_Labs/src/lab/install/lab02_interfaces/share/lab02_interfaces/cmake/ament_cmake_export_include_directories-extras.cmake
[0.765s] -- Up-to-date: /workspaces/SESARS_Labs/src/lab/install/lab02_interfaces/share/lab02_interfaces/cmake/ament_cmake_export_libraries-extras.cmake
[0.765s] -- Up-to-date: /workspaces/SESARS_Labs/src/lab/install/lab02_interfaces/share/lab02_interfaces/cmake/ament_cmake_export_targets-extras.cmake
[0.765s] -- Up-to-date: /workspaces/SESARS_Labs/src/lab/install/lab02_interfaces/share/lab02_interfaces/cmake/rosidl_cmake_export_typesupport_targets-extras.cmake
[0.765s] -- Up-to-date: /workspaces/SESARS_Labs/src/lab/install/lab02_interfaces/share/lab02_interfaces/cmake/rosidl_cmake_export_typesupport_libraries-extras.cmake
[0.765s] -- Up-to-date: /workspaces/SESARS_Labs/src/lab/install/lab02_interfaces/share/lab02_interfaces/cmake/lab02_interfacesConfig.cmake
[0.765s] -- Up-to-date: /workspaces/SESARS_Labs/src/lab/install/lab02_interfaces/share/lab02_interfaces/cmake/lab02_interfacesConfig-version.cmake
[0.766s] -- Up-to-date: /workspaces/SESARS_Labs/src/lab/install/lab02_interfaces/share/lab02_interfaces/package.xml
[0.769s] Invoked command in '/workspaces/SESARS_Labs/src/lab/build/lab02_interfaces' returned '0': CMAKE_PREFIX_PATH=${CMAKE_PREFIX_PATH}:/workspaces/SESARS_Labs/src/lab/install/py_pubsub:/workspaces/SESARS_Labs/src/lab/install/lab02_pkg:/workspaces/SESARS_Labs/src/lab/install/lab01_pkg:/opt/ros/humble /usr/bin/cmake --install /workspaces/SESARS_Labs/src/lab/build/lab02_interfaces
