[0.952s] DEBUG:colcon:Command line arguments: ['/usr/bin/colcon', 'build']
[0.952s] DEBUG:colcon:Parsed command line arguments: Namespace(log_base=None, log_level=None, verb_name='build', build_base='build', install_base='install', merge_install=False, symlink_install=False, test_result_base=None, continue_on_error=False, executor='parallel', parallel_workers=12, event_handlers=None, ignore_user_meta=False, metas=['./colcon.meta'], base_paths=['.'], packages_ignore=None, packages_ignore_regex=None, paths=None, packages_up_to=None, packages_up_to_regex=None, packages_above=None, packages_above_and_dependencies=None, packages_above_depth=None, packages_select_by_dep=None, packages_skip_by_dep=None, packages_skip_up_to=None, packages_select_build_failed=False, packages_skip_build_finished=False, packages_select_test_failures=False, packages_skip_test_passed=False, packages_select=None, packages_skip=None, packages_select_regex=None, packages_skip_regex=None, packages_start=None, packages_end=None, cmake_args=None, cmake_target=None, cmake_target_skip_unavailable=False, cmake_clean_cache=False, cmake_clean_first=False, cmake_force_configure=False, ament_cmake_args=None, catkin_cmake_args=None, catkin_skip_building_tests=False, verb_parser=<colcon_defaults.argument_parser.defaults.DefaultArgumentsDecorator object at 0x7f628abd51e0>, verb_extension=<colcon_core.verb.build.BuildVerb object at 0x7f628ab99ed0>, main=<bound method BuildVerb.main of <colcon_core.verb.build.BuildVerb object at 0x7f628ab99ed0>>)
[1.002s] Level 1:colcon.colcon_core.package_discovery:discover_packages(colcon_meta) check parameters
[1.002s] Level 1:colcon.colcon_core.package_discovery:discover_packages(recursive) check parameters
[1.002s] Level 1:colcon.colcon_core.package_discovery:discover_packages(ignore) check parameters
[1.002s] Level 1:colcon.colcon_core.package_discovery:discover_packages(path) check parameters
[1.002s] Level 1:colcon.colcon_core.package_discovery:discover_packages(colcon_meta) discover
[1.003s] Level 1:colcon.colcon_core.package_discovery:discover_packages(recursive) discover
[1.003s] INFO:colcon.colcon_core.package_discovery:Crawling recursively for packages in '/workspaces/SESARS_Labs/src/ros2_ws'
[1.003s] Level 1:colcon.colcon_core.package_identification:_identify(.) by extensions ['ignore', 'ignore_ament_install']
[1.003s] Level 1:colcon.colcon_core.package_identification:_identify(.) by extension 'ignore'
[1.003s] Level 1:colcon.colcon_core.package_identification:_identify(.) by extension 'ignore_ament_install'
[1.003s] Level 1:colcon.colcon_core.package_identification:_identify(.) by extensions ['colcon_pkg']
[1.003s] Level 1:colcon.colcon_core.package_identification:_identify(.) by extension 'colcon_pkg'
[1.003s] Level 1:colcon.colcon_core.package_identification:_identify(.) by extensions ['colcon_meta']
[1.003s] Level 1:colcon.colcon_core.package_identification:_identify(.) by extension 'colcon_meta'
[1.003s] Level 1:colcon.colcon_core.package_identification:_identify(.) by extensions ['ros']
[1.003s] Level 1:colcon.colcon_core.package_identification:_identify(.) by extension 'ros'
[1.019s] Level 1:colcon.colcon_core.package_identification:_identify(.) by extensions ['cmake', 'python']
[1.019s] Level 1:colcon.colcon_core.package_identification:_identify(.) by extension 'cmake'
[1.019s] Level 1:colcon.colcon_core.package_identification:_identify(.) by extension 'python'
[1.020s] Level 1:colcon.colcon_core.package_identification:_identify(.) by extensions ['python_setup_py']
[1.020s] Level 1:colcon.colcon_core.package_identification:_identify(.) by extension 'python_setup_py'
[1.020s] Level 1:colcon.colcon_core.package_identification:_identify(build) by extensions ['ignore', 'ignore_ament_install']
[1.020s] Level 1:colcon.colcon_core.package_identification:_identify(build) by extension 'ignore'
[1.020s] Level 1:colcon.colcon_core.package_identification:_identify(build) ignored
[1.020s] Level 1:colcon.colcon_core.package_identification:_identify(install) by extensions ['ignore', 'ignore_ament_install']
[1.020s] Level 1:colcon.colcon_core.package_identification:_identify(install) by extension 'ignore'
[1.020s] Level 1:colcon.colcon_core.package_identification:_identify(install) ignored
[1.020s] Level 1:colcon.colcon_core.package_identification:_identify(log) by extensions ['ignore', 'ignore_ament_install']
[1.020s] Level 1:colcon.colcon_core.package_identification:_identify(log) by extension 'ignore'
[1.021s] Level 1:colcon.colcon_core.package_identification:_identify(log) ignored
[1.021s] Level 1:colcon.colcon_core.package_identification:_identify(src) by extensions ['ignore', 'ignore_ament_install']
[1.021s] Level 1:colcon.colcon_core.package_identification:_identify(src) by extension 'ignore'
[1.021s] Level 1:colcon.colcon_core.package_identification:_identify(src) by extension 'ignore_ament_install'
[1.021s] Level 1:colcon.colcon_core.package_identification:_identify(src) by extensions ['colcon_pkg']
[1.021s] Level 1:colcon.colcon_core.package_identification:_identify(src) by extension 'colcon_pkg'
[1.021s] Level 1:colcon.colcon_core.package_identification:_identify(src) by extensions ['colcon_meta']
[1.021s] Level 1:colcon.colcon_core.package_identification:_identify(src) by extension 'colcon_meta'
[1.021s] Level 1:colcon.colcon_core.package_identification:_identify(src) by extensions ['ros']
[1.021s] Level 1:colcon.colcon_core.package_identification:_identify(src) by extension 'ros'
[1.021s] Level 1:colcon.colcon_core.package_identification:_identify(src) by extensions ['cmake', 'python']
[1.021s] Level 1:colcon.colcon_core.package_identification:_identify(src) by extension 'cmake'
[1.021s] Level 1:colcon.colcon_core.package_identification:_identify(src) by extension 'python'
[1.021s] Level 1:colcon.colcon_core.package_identification:_identify(src) by extensions ['python_setup_py']
[1.021s] Level 1:colcon.colcon_core.package_identification:_identify(src) by extension 'python_setup_py'
[1.021s] Level 1:colcon.colcon_core.package_identification:_identify(src/lab01_pkg) by extensions ['ignore', 'ignore_ament_install']
[1.022s] Level 1:colcon.colcon_core.package_identification:_identify(src/lab01_pkg) by extension 'ignore'
[1.022s] Level 1:colcon.colcon_core.package_identification:_identify(src/lab01_pkg) by extension 'ignore_ament_install'
[1.022s] Level 1:colcon.colcon_core.package_identification:_identify(src/lab01_pkg) by extensions ['colcon_pkg']
[1.022s] Level 1:colcon.colcon_core.package_identification:_identify(src/lab01_pkg) by extension 'colcon_pkg'
[1.022s] Level 1:colcon.colcon_core.package_identification:_identify(src/lab01_pkg) by extensions ['colcon_meta']
[1.022s] Level 1:colcon.colcon_core.package_identification:_identify(src/lab01_pkg) by extension 'colcon_meta'
[1.022s] Level 1:colcon.colcon_core.package_identification:_identify(src/lab01_pkg) by extensions ['ros']
[1.022s] Level 1:colcon.colcon_core.package_identification:_identify(src/lab01_pkg) by extension 'ros'
[1.025s] DEBUG:colcon.colcon_core.package_identification:Package 'src/lab01_pkg' with type 'ros.ament_python' and name 'lab01_pkg'
[1.025s] Level 1:colcon.colcon_core.package_identification:_identify(src/py_pubsub) by extensions ['ignore', 'ignore_ament_install']
[1.026s] Level 1:colcon.colcon_core.package_identification:_identify(src/py_pubsub) by extension 'ignore'
[1.026s] Level 1:colcon.colcon_core.package_identification:_identify(src/py_pubsub) by extension 'ignore_ament_install'
[1.026s] Level 1:colcon.colcon_core.package_identification:_identify(src/py_pubsub) by extensions ['colcon_pkg']
[1.026s] Level 1:colcon.colcon_core.package_identification:_identify(src/py_pubsub) by extension 'colcon_pkg'
[1.026s] Level 1:colcon.colcon_core.package_identification:_identify(src/py_pubsub) by extensions ['colcon_meta']
[1.026s] Level 1:colcon.colcon_core.package_identification:_identify(src/py_pubsub) by extension 'colcon_meta'
[1.026s] Level 1:colcon.colcon_core.package_identification:_identify(src/py_pubsub) by extensions ['ros']
[1.026s] Level 1:colcon.colcon_core.package_identification:_identify(src/py_pubsub) by extension 'ros'
[1.027s] DEBUG:colcon.colcon_core.package_identification:Package 'src/py_pubsub' with type 'ros.ament_python' and name 'py_pubsub'
[1.027s] Level 1:colcon.colcon_core.package_discovery:discover_packages(recursive) using defaults
[1.027s] Level 1:colcon.colcon_core.package_discovery:discover_packages(ignore) discover
[1.027s] Level 1:colcon.colcon_core.package_discovery:discover_packages(ignore) using defaults
[1.027s] Level 1:colcon.colcon_core.package_discovery:discover_packages(path) discover
[1.027s] Level 1:colcon.colcon_core.package_discovery:discover_packages(path) using defaults
[1.108s] Level 5:colcon.colcon_core.verb:set package 'lab01_pkg' build argument 'cmake_args' from command line to 'None'
[1.108s] Level 5:colcon.colcon_core.verb:set package 'lab01_pkg' build argument 'cmake_target' from command line to 'None'
[1.108s] Level 5:colcon.colcon_core.verb:set package 'lab01_pkg' build argument 'cmake_target_skip_unavailable' from command line to 'False'
[1.108s] Level 5:colcon.colcon_core.verb:set package 'lab01_pkg' build argument 'cmake_clean_cache' from command line to 'False'
[1.108s] Level 5:colcon.colcon_core.verb:set package 'lab01_pkg' build argument 'cmake_clean_first' from command line to 'False'
[1.108s] Level 5:colcon.colcon_core.verb:set package 'lab01_pkg' build argument 'cmake_force_configure' from command line to 'False'
[1.108s] Level 5:colcon.colcon_core.verb:set package 'lab01_pkg' build argument 'ament_cmake_args' from command line to 'None'
[1.108s] Level 5:colcon.colcon_core.verb:set package 'lab01_pkg' build argument 'catkin_cmake_args' from command line to 'None'
[1.108s] Level 5:colcon.colcon_core.verb:set package 'lab01_pkg' build argument 'catkin_skip_building_tests' from command line to 'False'
[1.108s] DEBUG:colcon.colcon_core.verb:Building package 'lab01_pkg' with the following arguments: {'ament_cmake_args': None, 'build_base': '/workspaces/SESARS_Labs/src/ros2_ws/build/lab01_pkg', 'catkin_cmake_args': None, 'catkin_skip_building_tests': False, 'cmake_args': None, 'cmake_clean_cache': False, 'cmake_clean_first': False, 'cmake_force_configure': False, 'cmake_target': None, 'cmake_target_skip_unavailable': False, 'install_base': '/workspaces/SESARS_Labs/src/ros2_ws/install/lab01_pkg', 'merge_install': False, 'path': '/workspaces/SESARS_Labs/src/ros2_ws/src/lab01_pkg', 'symlink_install': False, 'test_result_base': None}
[1.121s] Level 5:colcon.colcon_core.verb:set package 'py_pubsub' build argument 'cmake_args' from command line to 'None'
[1.121s] Level 5:colcon.colcon_core.verb:set package 'py_pubsub' build argument 'cmake_target' from command line to 'None'
[1.121s] Level 5:colcon.colcon_core.verb:set package 'py_pubsub' build argument 'cmake_target_skip_unavailable' from command line to 'False'
[1.121s] Level 5:colcon.colcon_core.verb:set package 'py_pubsub' build argument 'cmake_clean_cache' from command line to 'False'
[1.121s] Level 5:colcon.colcon_core.verb:set package 'py_pubsub' build argument 'cmake_clean_first' from command line to 'False'
[1.121s] Level 5:colcon.colcon_core.verb:set package 'py_pubsub' build argument 'cmake_force_configure' from command line to 'False'
[1.121s] Level 5:colcon.colcon_core.verb:set package 'py_pubsub' build argument 'ament_cmake_args' from command line to 'None'
[1.121s] Level 5:colcon.colcon_core.verb:set package 'py_pubsub' build argument 'catkin_cmake_args' from command line to 'None'
[1.121s] Level 5:colcon.colcon_core.verb:set package 'py_pubsub' build argument 'catkin_skip_building_tests' from command line to 'False'
[1.121s] DEBUG:colcon.colcon_core.verb:Building package 'py_pubsub' with the following arguments: {'ament_cmake_args': None, 'build_base': '/workspaces/SESARS_Labs/src/ros2_ws/build/py_pubsub', 'catkin_cmake_args': None, 'catkin_skip_building_tests': False, 'cmake_args': None, 'cmake_clean_cache': False, 'cmake_clean_first': False, 'cmake_force_configure': False, 'cmake_target': None, 'cmake_target_skip_unavailable': False, 'install_base': '/workspaces/SESARS_Labs/src/ros2_ws/install/py_pubsub', 'merge_install': False, 'path': '/workspaces/SESARS_Labs/src/ros2_ws/src/py_pubsub', 'symlink_install': False, 'test_result_base': None}
[1.134s] INFO:colcon.colcon_core.executor:Executing jobs using 'parallel' executor
[1.148s] DEBUG:colcon.colcon_parallel_executor.executor.parallel:run_until_complete
[1.149s] INFO:colcon.colcon_ros.task.ament_python.build:Building ROS package in '/workspaces/SESARS_Labs/src/ros2_ws/src/lab01_pkg' with build type 'ament_python'
[1.149s] Level 1:colcon.colcon_core.shell:create_environment_hook('lab01_pkg', 'ament_prefix_path')
[1.166s] INFO:colcon.colcon_core.plugin_system:Skipping extension 'colcon_core.shell.bat': Not used on non-Windows systems
[1.167s] INFO:colcon.colcon_core.shell:Creating environment hook '/workspaces/SESARS_Labs/src/ros2_ws/install/lab01_pkg/share/lab01_pkg/hook/ament_prefix_path.ps1'
[1.167s] INFO:colcon.colcon_core.shell:Creating environment descriptor '/workspaces/SESARS_Labs/src/ros2_ws/install/lab01_pkg/share/lab01_pkg/hook/ament_prefix_path.dsv'
[1.168s] INFO:colcon.colcon_core.shell:Creating environment hook '/workspaces/SESARS_Labs/src/ros2_ws/install/lab01_pkg/share/lab01_pkg/hook/ament_prefix_path.sh'
[1.182s] INFO:colcon.colcon_core.shell:Skip shell extension 'powershell' for command environment: Not usable outside of PowerShell
[1.182s] DEBUG:colcon.colcon_core.shell:Skip shell extension 'dsv' for command environment
[1.199s] WARNING:colcon.colcon_ros.prefix_path.ament:The path '/workspaces/SESARS_Labs/src/ros2_ws/install/turtlesim' in the environment variable AMENT_PREFIX_PATH doesn't exist
[1.200s] WARNING:colcon.colcon_ros.prefix_path.catkin:The path '/workspaces/SESARS_Labs/src/ros2_ws/install/turtlesim' in the environment variable CMAKE_PREFIX_PATH doesn't exist
[1.237s] INFO:colcon.colcon_ros.task.ament_python.build:Building ROS package in '/workspaces/SESARS_Labs/src/ros2_ws/src/py_pubsub' with build type 'ament_python'
[1.237s] Level 1:colcon.colcon_core.shell:create_environment_hook('py_pubsub', 'ament_prefix_path')
[1.253s] INFO:colcon.colcon_core.shell:Creating environment hook '/workspaces/SESARS_Labs/src/ros2_ws/install/py_pubsub/share/py_pubsub/hook/ament_prefix_path.ps1'
[1.254s] INFO:colcon.colcon_core.shell:Creating environment descriptor '/workspaces/SESARS_Labs/src/ros2_ws/install/py_pubsub/share/py_pubsub/hook/ament_prefix_path.dsv'
[1.254s] INFO:colcon.colcon_core.shell:Creating environment hook '/workspaces/SESARS_Labs/src/ros2_ws/install/py_pubsub/share/py_pubsub/hook/ament_prefix_path.sh'
[1.268s] INFO:colcon.colcon_core.shell:Skip shell extension 'powershell' for command environment: Not usable outside of PowerShell
[1.269s] DEBUG:colcon.colcon_core.shell:Skip shell extension 'dsv' for command environment
[1.653s] INFO:colcon.colcon_core.task.python.build:Building Python package in '/workspaces/SESARS_Labs/src/ros2_ws/src/lab01_pkg'
[1.672s] INFO:colcon.colcon_core.shell:Skip shell extension 'powershell' for command environment: Not usable outside of PowerShell
[1.672s] DEBUG:colcon.colcon_core.shell:Skip shell extension 'dsv' for command environment
[2.032s] INFO:colcon.colcon_core.task.python.build:Building Python package in '/workspaces/SESARS_Labs/src/ros2_ws/src/py_pubsub'
[2.050s] INFO:colcon.colcon_core.shell:Skip shell extension 'powershell' for command environment: Not usable outside of PowerShell
[2.051s] DEBUG:colcon.colcon_core.shell:Skip shell extension 'dsv' for command environment
[2.485s] DEBUG:colcon.colcon_core.event_handler.log_command:Invoking command in '/workspaces/SESARS_Labs/src/ros2_ws/src/py_pubsub': PYTHONPATH=/workspaces/SESARS_Labs/src/ros2_ws/build/py_pubsub/prefix_override:/workspaces/SESARS_Labs/src/ros2_ws/install/py_pubsub/lib/python3.10/site-packages:${PYTHONPATH} /usr/bin/python3 setup.py egg_info --egg-base ../../build/py_pubsub build --build-base /workspaces/SESARS_Labs/src/ros2_ws/build/py_pubsub/build install --record /workspaces/SESARS_Labs/src/ros2_ws/build/py_pubsub/install.log --single-version-externally-managed
[2.497s] DEBUG:colcon.colcon_core.event_handler.log_command:Invoking command in '/workspaces/SESARS_Labs/src/ros2_ws/src/lab01_pkg': PYTHONPATH=/workspaces/SESARS_Labs/src/ros2_ws/build/lab01_pkg/prefix_override:/workspaces/SESARS_Labs/src/ros2_ws/install/lab01_pkg/lib/python3.10/site-packages:${PYTHONPATH} /usr/bin/python3 setup.py egg_info --egg-base ../../build/lab01_pkg build --build-base /workspaces/SESARS_Labs/src/ros2_ws/build/lab01_pkg/build install --record /workspaces/SESARS_Labs/src/ros2_ws/build/lab01_pkg/install.log --single-version-externally-managed
[2.808s] DEBUG:colcon.colcon_core.event_handler.log_command:Invoked command in '/workspaces/SESARS_Labs/src/ros2_ws/src/py_pubsub' returned '0': PYTHONPATH=/workspaces/SESARS_Labs/src/ros2_ws/build/py_pubsub/prefix_override:/workspaces/SESARS_Labs/src/ros2_ws/install/py_pubsub/lib/python3.10/site-packages:${PYTHONPATH} /usr/bin/python3 setup.py egg_info --egg-base ../../build/py_pubsub build --build-base /workspaces/SESARS_Labs/src/ros2_ws/build/py_pubsub/build install --record /workspaces/SESARS_Labs/src/ros2_ws/build/py_pubsub/install.log --single-version-externally-managed
[2.827s] Level 1:colcon.colcon_core.environment:checking '/workspaces/SESARS_Labs/src/ros2_ws/install/py_pubsub' for CMake module files
[2.827s] Level 1:colcon.colcon_core.environment:checking '/workspaces/SESARS_Labs/src/ros2_ws/install/py_pubsub' for CMake config files
[2.828s] Level 1:colcon.colcon_core.environment:checking '/workspaces/SESARS_Labs/src/ros2_ws/install/py_pubsub/lib'
[2.828s] Level 1:colcon.colcon_core.environment:checking '/workspaces/SESARS_Labs/src/ros2_ws/install/py_pubsub/bin'
[2.828s] Level 1:colcon.colcon_core.environment:checking '/workspaces/SESARS_Labs/src/ros2_ws/install/py_pubsub/lib/pkgconfig/py_pubsub.pc'
[2.829s] Level 1:colcon.colcon_core.environment:checking '/workspaces/SESARS_Labs/src/ros2_ws/install/py_pubsub/lib/python3.10/site-packages'
[2.829s] Level 1:colcon.colcon_core.shell:create_environment_hook('py_pubsub', 'pythonpath')
[2.842s] INFO:colcon.colcon_core.shell:Creating environment hook '/workspaces/SESARS_Labs/src/ros2_ws/install/py_pubsub/share/py_pubsub/hook/pythonpath.ps1'
[2.843s] INFO:colcon.colcon_core.shell:Creating environment descriptor '/workspaces/SESARS_Labs/src/ros2_ws/install/py_pubsub/share/py_pubsub/hook/pythonpath.dsv'
[2.843s] INFO:colcon.colcon_core.shell:Creating environment hook '/workspaces/SESARS_Labs/src/ros2_ws/install/py_pubsub/share/py_pubsub/hook/pythonpath.sh'
[2.844s] Level 1:colcon.colcon_core.environment:checking '/workspaces/SESARS_Labs/src/ros2_ws/install/py_pubsub/bin'
[2.844s] Level 1:colcon.colcon_core.environment:create_environment_scripts_only(py_pubsub)
[2.858s] INFO:colcon.colcon_core.shell:Creating package script '/workspaces/SESARS_Labs/src/ros2_ws/install/py_pubsub/share/py_pubsub/package.ps1'
[2.859s] INFO:colcon.colcon_core.shell:Creating package descriptor '/workspaces/SESARS_Labs/src/ros2_ws/install/py_pubsub/share/py_pubsub/package.dsv'
[2.859s] INFO:colcon.colcon_core.shell:Creating package script '/workspaces/SESARS_Labs/src/ros2_ws/install/py_pubsub/share/py_pubsub/package.sh'
[2.860s] INFO:colcon.colcon_core.shell:Creating package script '/workspaces/SESARS_Labs/src/ros2_ws/install/py_pubsub/share/py_pubsub/package.bash'
[2.861s] INFO:colcon.colcon_core.shell:Creating package script '/workspaces/SESARS_Labs/src/ros2_ws/install/py_pubsub/share/py_pubsub/package.zsh'
[2.862s] Level 1:colcon.colcon_core.environment:create_file_with_runtime_dependencies(/workspaces/SESARS_Labs/src/ros2_ws/install/py_pubsub/share/colcon-core/packages/py_pubsub)
[2.864s] DEBUG:colcon.colcon_core.event_handler.log_command:Invoked command in '/workspaces/SESARS_Labs/src/ros2_ws/src/lab01_pkg' returned '0': PYTHONPATH=/workspaces/SESARS_Labs/src/ros2_ws/build/lab01_pkg/prefix_override:/workspaces/SESARS_Labs/src/ros2_ws/install/lab01_pkg/lib/python3.10/site-packages:${PYTHONPATH} /usr/bin/python3 setup.py egg_info --egg-base ../../build/lab01_pkg build --build-base /workspaces/SESARS_Labs/src/ros2_ws/build/lab01_pkg/build install --record /workspaces/SESARS_Labs/src/ros2_ws/build/lab01_pkg/install.log --single-version-externally-managed
[2.882s] Level 1:colcon.colcon_core.environment:checking '/workspaces/SESARS_Labs/src/ros2_ws/install/lab01_pkg' for CMake module files
[2.883s] Level 1:colcon.colcon_core.environment:checking '/workspaces/SESARS_Labs/src/ros2_ws/install/lab01_pkg' for CMake config files
[2.883s] Level 1:colcon.colcon_core.environment:checking '/workspaces/SESARS_Labs/src/ros2_ws/install/lab01_pkg/lib'
[2.884s] Level 1:colcon.colcon_core.environment:checking '/workspaces/SESARS_Labs/src/ros2_ws/install/lab01_pkg/bin'
[2.884s] Level 1:colcon.colcon_core.environment:checking '/workspaces/SESARS_Labs/src/ros2_ws/install/lab01_pkg/lib/pkgconfig/lab01_pkg.pc'
[2.884s] Level 1:colcon.colcon_core.environment:checking '/workspaces/SESARS_Labs/src/ros2_ws/install/lab01_pkg/lib/python3.10/site-packages'
[2.884s] Level 1:colcon.colcon_core.shell:create_environment_hook('lab01_pkg', 'pythonpath')
[2.898s] INFO:colcon.colcon_core.shell:Creating environment hook '/workspaces/SESARS_Labs/src/ros2_ws/install/lab01_pkg/share/lab01_pkg/hook/pythonpath.ps1'
[2.898s] INFO:colcon.colcon_core.shell:Creating environment descriptor '/workspaces/SESARS_Labs/src/ros2_ws/install/lab01_pkg/share/lab01_pkg/hook/pythonpath.dsv'
[2.899s] INFO:colcon.colcon_core.shell:Creating environment hook '/workspaces/SESARS_Labs/src/ros2_ws/install/lab01_pkg/share/lab01_pkg/hook/pythonpath.sh'
[2.900s] Level 1:colcon.colcon_core.environment:checking '/workspaces/SESARS_Labs/src/ros2_ws/install/lab01_pkg/bin'
[2.900s] Level 1:colcon.colcon_core.environment:create_environment_scripts_only(lab01_pkg)
[2.914s] INFO:colcon.colcon_core.shell:Creating package script '/workspaces/SESARS_Labs/src/ros2_ws/install/lab01_pkg/share/lab01_pkg/package.ps1'
[2.915s] INFO:colcon.colcon_core.shell:Creating package descriptor '/workspaces/SESARS_Labs/src/ros2_ws/install/lab01_pkg/share/lab01_pkg/package.dsv'
[2.916s] INFO:colcon.colcon_core.shell:Creating package script '/workspaces/SESARS_Labs/src/ros2_ws/install/lab01_pkg/share/lab01_pkg/package.sh'
[2.916s] INFO:colcon.colcon_core.shell:Creating package script '/workspaces/SESARS_Labs/src/ros2_ws/install/lab01_pkg/share/lab01_pkg/package.bash'
[2.917s] INFO:colcon.colcon_core.shell:Creating package script '/workspaces/SESARS_Labs/src/ros2_ws/install/lab01_pkg/share/lab01_pkg/package.zsh'
[2.917s] Level 1:colcon.colcon_core.environment:create_file_with_runtime_dependencies(/workspaces/SESARS_Labs/src/ros2_ws/install/lab01_pkg/share/colcon-core/packages/lab01_pkg)
[2.917s] DEBUG:colcon.colcon_parallel_executor.executor.parallel:closing loop
[2.917s] DEBUG:colcon.colcon_parallel_executor.executor.parallel:loop closed
[2.917s] DEBUG:colcon.colcon_parallel_executor.executor.parallel:run_until_complete finished with '0'
[2.918s] DEBUG:colcon.colcon_core.event_reactor:joining thread
[2.940s] INFO:colcon.colcon_core.plugin_system:Skipping extension 'colcon_notification.desktop_notification.notify_send': Could not find 'notify-send'
[2.940s] INFO:colcon.colcon_core.plugin_system:Skipping extension 'colcon_notification.desktop_notification.terminal_notifier': Not used on non-Darwin systems
[2.940s] INFO:colcon.colcon_core.plugin_system:Skipping extension 'colcon_notification.desktop_notification.win32': Not used on non-Windows systems
[2.940s] INFO:colcon.colcon_notification.desktop_notification:Sending desktop notification using 'notify2'
[2.943s] DEBUG:colcon.colcon_notification.desktop_notification.notify2:Failed to initialize notify2: org.freedesktop.DBus.Error.Spawn.ExecFailed: /usr/bin/dbus-launch terminated abnormally without any error message
[2.943s] DEBUG:colcon.colcon_core.event_reactor:joined thread
[2.962s] INFO:colcon.colcon_core.shell:Creating prefix script '/workspaces/SESARS_Labs/src/ros2_ws/install/local_setup.ps1'
[2.963s] INFO:colcon.colcon_core.shell:Creating prefix util module '/workspaces/SESARS_Labs/src/ros2_ws/install/_local_setup_util_ps1.py'
[2.965s] INFO:colcon.colcon_core.shell:Creating prefix chain script '/workspaces/SESARS_Labs/src/ros2_ws/install/setup.ps1'
[2.980s] INFO:colcon.colcon_core.shell:Creating prefix script '/workspaces/SESARS_Labs/src/ros2_ws/install/local_setup.sh'
[2.981s] INFO:colcon.colcon_core.shell:Creating prefix util module '/workspaces/SESARS_Labs/src/ros2_ws/install/_local_setup_util_sh.py'
[2.982s] INFO:colcon.colcon_core.shell:Creating prefix chain script '/workspaces/SESARS_Labs/src/ros2_ws/install/setup.sh'
[2.996s] INFO:colcon.colcon_core.shell:Creating prefix script '/workspaces/SESARS_Labs/src/ros2_ws/install/local_setup.bash'
[2.996s] INFO:colcon.colcon_core.shell:Creating prefix chain script '/workspaces/SESARS_Labs/src/ros2_ws/install/setup.bash'
[3.010s] INFO:colcon.colcon_core.shell:Creating prefix script '/workspaces/SESARS_Labs/src/ros2_ws/install/local_setup.zsh'
[3.011s] INFO:colcon.colcon_core.shell:Creating prefix chain script '/workspaces/SESARS_Labs/src/ros2_ws/install/setup.zsh'
