[1.442s] Invoking command in '/workspaces/SESARS_Labs/src/lab/src/py_srvcli': PYTHONPATH=/workspaces/SESARS_Labs/src/lab/src/build/py_srvcli/prefix_override:/workspaces/SESARS_Labs/src/lab/src/install/py_srvcli/lib/python3.10/site-packages:${PYTHONPATH} /usr/bin/python3 setup.py egg_info --egg-base ../build/py_srvcli build --build-base /workspaces/SESARS_Labs/src/lab/src/build/py_srvcli/build install --record /workspaces/SESARS_Labs/src/lab/src/build/py_srvcli/install.log --single-version-externally-managed
[1.604s] running egg_info
[1.604s] creating ../build/py_srvcli/py_srvcli.egg-info
[1.604s] writing ../build/py_srvcli/py_srvcli.egg-info/PKG-INFO
[1.605s] writing dependency_links to ../build/py_srvcli/py_srvcli.egg-info/dependency_links.txt
[1.605s] writing entry points to ../build/py_srvcli/py_srvcli.egg-info/entry_points.txt
[1.605s] writing requirements to ../build/py_srvcli/py_srvcli.egg-info/requires.txt
[1.605s] writing top-level names to ../build/py_srvcli/py_srvcli.egg-info/top_level.txt
[1.605s] writing manifest file '../build/py_srvcli/py_srvcli.egg-info/SOURCES.txt'
[1.606s] reading manifest file '../build/py_srvcli/py_srvcli.egg-info/SOURCES.txt'
[1.607s] writing manifest file '../build/py_srvcli/py_srvcli.egg-info/SOURCES.txt'
[1.607s] running build
[1.607s] running build_py
[1.607s] creating /workspaces/SESARS_Labs/src/lab/src/build/py_srvcli/build
[1.607s] creating /workspaces/SESARS_Labs/src/lab/src/build/py_srvcli/build/lib
[1.607s] creating /workspaces/SESARS_Labs/src/lab/src/build/py_srvcli/build/lib/py_srvcli
[1.607s] copying py_srvcli/__init__.py -> /workspaces/SESARS_Labs/src/lab/src/build/py_srvcli/build/lib/py_srvcli
[1.608s] running install
[1.608s] /usr/lib/python3/dist-packages/setuptools/command/install.py:34: SetuptoolsDeprecationWarning: setup.py install is deprecated. Use build and pip and other standards-based tools.
[1.608s]   warnings.warn(
[1.608s] running install_lib
[1.610s] creating /workspaces/SESARS_Labs/src/lab/src/install/py_srvcli/lib/python3.10/site-packages/py_srvcli
[1.610s] copying /workspaces/SESARS_Labs/src/lab/src/build/py_srvcli/build/lib/py_srvcli/__init__.py -> /workspaces/SESARS_Labs/src/lab/src/install/py_srvcli/lib/python3.10/site-packages/py_srvcli
[1.611s] byte-compiling /workspaces/SESARS_Labs/src/lab/src/install/py_srvcli/lib/python3.10/site-packages/py_srvcli/__init__.py to __init__.cpython-310.pyc
[1.611s] running install_data
[1.611s] creating /workspaces/SESARS_Labs/src/lab/src/install/py_srvcli/share/ament_index
[1.611s] creating /workspaces/SESARS_Labs/src/lab/src/install/py_srvcli/share/ament_index/resource_index
[1.612s] creating /workspaces/SESARS_Labs/src/lab/src/install/py_srvcli/share/ament_index/resource_index/packages
[1.612s] copying resource/py_srvcli -> /workspaces/SESARS_Labs/src/lab/src/install/py_srvcli/share/ament_index/resource_index/packages
[1.612s] copying package.xml -> /workspaces/SESARS_Labs/src/lab/src/install/py_srvcli/share/py_srvcli
[1.612s] running install_egg_info
[1.613s] Copying ../build/py_srvcli/py_srvcli.egg-info to /workspaces/SESARS_Labs/src/lab/src/install/py_srvcli/lib/python3.10/site-packages/py_srvcli-0.0.0-py3.10.egg-info
[1.615s] running install_scripts
[1.633s] writing list of installed files to '/workspaces/SESARS_Labs/src/lab/src/build/py_srvcli/install.log'
[1.680s] Invoked command in '/workspaces/SESARS_Labs/src/lab/src/py_srvcli' returned '0': PYTHONPATH=/workspaces/SESARS_Labs/src/lab/src/build/py_srvcli/prefix_override:/workspaces/SESARS_Labs/src/lab/src/install/py_srvcli/lib/python3.10/site-packages:${PYTHONPATH} /usr/bin/python3 setup.py egg_info --egg-base ../build/py_srvcli build --build-base /workspaces/SESARS_Labs/src/lab/src/build/py_srvcli/build install --record /workspaces/SESARS_Labs/src/lab/src/build/py_srvcli/install.log --single-version-externally-managed
