[0.605s] DEBUG:colcon:Command line arguments: ['/usr/bin/colcon', 'build']
[0.605s] DEBUG:colcon:Parsed command line arguments: Namespace(log_base=None, log_level=None, verb_name='build', build_base='build', install_base='install', merge_install=False, symlink_install=False, test_result_base=None, continue_on_error=False, executor='parallel', parallel_workers=12, event_handlers=None, ignore_user_meta=False, metas=['./colcon.meta'], base_paths=['.'], packages_ignore=None, packages_ignore_regex=None, paths=None, packages_up_to=None, packages_up_to_regex=None, packages_above=None, packages_above_and_dependencies=None, packages_above_depth=None, packages_select_by_dep=None, packages_skip_by_dep=None, packages_skip_up_to=None, packages_select_build_failed=False, packages_skip_build_finished=False, packages_select_test_failures=False, packages_skip_test_passed=False, packages_select=None, packages_skip=None, packages_select_regex=None, packages_skip_regex=None, packages_start=None, packages_end=None, cmake_args=None, cmake_target=None, cmake_target_skip_unavailable=False, cmake_clean_cache=False, cmake_clean_first=False, cmake_force_configure=False, ament_cmake_args=None, catkin_cmake_args=None, catkin_skip_building_tests=False, verb_parser=<colcon_defaults.argument_parser.defaults.DefaultArgumentsDecorator object at 0x7f20fcda1960>, verb_extension=<colcon_core.verb.build.BuildVerb object at 0x7f20fd02f580>, main=<bound method BuildVerb.main of <colcon_core.verb.build.BuildVerb object at 0x7f20fd02f580>>)
[0.635s] Level 1:colcon.colcon_core.package_discovery:discover_packages(colcon_meta) check parameters
[0.635s] Level 1:colcon.colcon_core.package_discovery:discover_packages(recursive) check parameters
[0.635s] Level 1:colcon.colcon_core.package_discovery:discover_packages(ignore) check parameters
[0.635s] Level 1:colcon.colcon_core.package_discovery:discover_packages(path) check parameters
[0.635s] Level 1:colcon.colcon_core.package_discovery:discover_packages(colcon_meta) discover
[0.635s] Level 1:colcon.colcon_core.package_discovery:discover_packages(recursive) discover
[0.636s] INFO:colcon.colcon_core.package_discovery:Crawling recursively for packages in '/workspaces/SESARS_Labs/src/lab'
[0.636s] Level 1:colcon.colcon_core.package_identification:_identify(.) by extensions ['ignore', 'ignore_ament_install']
[0.636s] Level 1:colcon.colcon_core.package_identification:_identify(.) by extension 'ignore'
[0.636s] Level 1:colcon.colcon_core.package_identification:_identify(.) by extension 'ignore_ament_install'
[0.636s] Level 1:colcon.colcon_core.package_identification:_identify(.) by extensions ['colcon_pkg']
[0.636s] Level 1:colcon.colcon_core.package_identification:_identify(.) by extension 'colcon_pkg'
[0.636s] Level 1:colcon.colcon_core.package_identification:_identify(.) by extensions ['colcon_meta']
[0.636s] Level 1:colcon.colcon_core.package_identification:_identify(.) by extension 'colcon_meta'
[0.636s] Level 1:colcon.colcon_core.package_identification:_identify(.) by extensions ['ros']
[0.636s] Level 1:colcon.colcon_core.package_identification:_identify(.) by extension 'ros'
[0.645s] Level 1:colcon.colcon_core.package_identification:_identify(.) by extensions ['cmake', 'python']
[0.645s] Level 1:colcon.colcon_core.package_identification:_identify(.) by extension 'cmake'
[0.645s] Level 1:colcon.colcon_core.package_identification:_identify(.) by extension 'python'
[0.645s] Level 1:colcon.colcon_core.package_identification:_identify(.) by extensions ['python_setup_py']
[0.645s] Level 1:colcon.colcon_core.package_identification:_identify(.) by extension 'python_setup_py'
[0.645s] Level 1:colcon.colcon_core.package_identification:_identify(build) by extensions ['ignore', 'ignore_ament_install']
[0.646s] Level 1:colcon.colcon_core.package_identification:_identify(build) by extension 'ignore'
[0.646s] Level 1:colcon.colcon_core.package_identification:_identify(build) ignored
[0.646s] Level 1:colcon.colcon_core.package_identification:_identify(install) by extensions ['ignore', 'ignore_ament_install']
[0.646s] Level 1:colcon.colcon_core.package_identification:_identify(install) by extension 'ignore'
[0.646s] Level 1:colcon.colcon_core.package_identification:_identify(install) ignored
[0.646s] Level 1:colcon.colcon_core.package_identification:_identify(log) by extensions ['ignore', 'ignore_ament_install']
[0.646s] Level 1:colcon.colcon_core.package_identification:_identify(log) by extension 'ignore'
[0.646s] Level 1:colcon.colcon_core.package_identification:_identify(log) ignored
[0.646s] Level 1:colcon.colcon_core.package_identification:_identify(src) by extensions ['ignore', 'ignore_ament_install']
[0.646s] Level 1:colcon.colcon_core.package_identification:_identify(src) by extension 'ignore'
[0.646s] Level 1:colcon.colcon_core.package_identification:_identify(src) by extension 'ignore_ament_install'
[0.646s] Level 1:colcon.colcon_core.package_identification:_identify(src) by extensions ['colcon_pkg']
[0.646s] Level 1:colcon.colcon_core.package_identification:_identify(src) by extension 'colcon_pkg'
[0.646s] Level 1:colcon.colcon_core.package_identification:_identify(src) by extensions ['colcon_meta']
[0.646s] Level 1:colcon.colcon_core.package_identification:_identify(src) by extension 'colcon_meta'
[0.646s] Level 1:colcon.colcon_core.package_identification:_identify(src) by extensions ['ros']
[0.646s] Level 1:colcon.colcon_core.package_identification:_identify(src) by extension 'ros'
[0.646s] Level 1:colcon.colcon_core.package_identification:_identify(src) by extensions ['cmake', 'python']
[0.646s] Level 1:colcon.colcon_core.package_identification:_identify(src) by extension 'cmake'
[0.646s] Level 1:colcon.colcon_core.package_identification:_identify(src) by extension 'python'
[0.646s] Level 1:colcon.colcon_core.package_identification:_identify(src) by extensions ['python_setup_py']
[0.646s] Level 1:colcon.colcon_core.package_identification:_identify(src) by extension 'python_setup_py'
[0.647s] Level 1:colcon.colcon_core.package_identification:_identify(src/lab01_pkg) by extensions ['ignore', 'ignore_ament_install']
[0.647s] Level 1:colcon.colcon_core.package_identification:_identify(src/lab01_pkg) by extension 'ignore'
[0.647s] Level 1:colcon.colcon_core.package_identification:_identify(src/lab01_pkg) by extension 'ignore_ament_install'
[0.647s] Level 1:colcon.colcon_core.package_identification:_identify(src/lab01_pkg) by extensions ['colcon_pkg']
[0.647s] Level 1:colcon.colcon_core.package_identification:_identify(src/lab01_pkg) by extension 'colcon_pkg'
[0.647s] Level 1:colcon.colcon_core.package_identification:_identify(src/lab01_pkg) by extensions ['colcon_meta']
[0.647s] Level 1:colcon.colcon_core.package_identification:_identify(src/lab01_pkg) by extension 'colcon_meta'
[0.647s] Level 1:colcon.colcon_core.package_identification:_identify(src/lab01_pkg) by extensions ['ros']
[0.647s] Level 1:colcon.colcon_core.package_identification:_identify(src/lab01_pkg) by extension 'ros'
[0.649s] DEBUG:colcon.colcon_core.package_identification:Package 'src/lab01_pkg' with type 'ros.ament_python' and name 'lab01_pkg'
[0.649s] Level 1:colcon.colcon_core.package_identification:_identify(src/lab02_interfaces) by extensions ['ignore', 'ignore_ament_install']
[0.649s] Level 1:colcon.colcon_core.package_identification:_identify(src/lab02_interfaces) by extension 'ignore'
[0.649s] Level 1:colcon.colcon_core.package_identification:_identify(src/lab02_interfaces) by extension 'ignore_ament_install'
[0.649s] Level 1:colcon.colcon_core.package_identification:_identify(src/lab02_interfaces) by extensions ['colcon_pkg']
[0.649s] Level 1:colcon.colcon_core.package_identification:_identify(src/lab02_interfaces) by extension 'colcon_pkg'
[0.649s] Level 1:colcon.colcon_core.package_identification:_identify(src/lab02_interfaces) by extensions ['colcon_meta']
[0.649s] Level 1:colcon.colcon_core.package_identification:_identify(src/lab02_interfaces) by extension 'colcon_meta'
[0.649s] Level 1:colcon.colcon_core.package_identification:_identify(src/lab02_interfaces) by extensions ['ros']
[0.649s] Level 1:colcon.colcon_core.package_identification:_identify(src/lab02_interfaces) by extension 'ros'
[0.650s] DEBUG:colcon.colcon_core.package_identification:Package 'src/lab02_interfaces' with type 'ros.ament_cmake' and name 'lab02_interfaces'
[0.650s] Level 1:colcon.colcon_core.package_identification:_identify(src/lab02_pkg) by extensions ['ignore', 'ignore_ament_install']
[0.650s] Level 1:colcon.colcon_core.package_identification:_identify(src/lab02_pkg) by extension 'ignore'
[0.650s] Level 1:colcon.colcon_core.package_identification:_identify(src/lab02_pkg) by extension 'ignore_ament_install'
[0.650s] Level 1:colcon.colcon_core.package_identification:_identify(src/lab02_pkg) by extensions ['colcon_pkg']
[0.650s] Level 1:colcon.colcon_core.package_identification:_identify(src/lab02_pkg) by extension 'colcon_pkg'
[0.650s] Level 1:colcon.colcon_core.package_identification:_identify(src/lab02_pkg) by extensions ['colcon_meta']
[0.650s] Level 1:colcon.colcon_core.package_identification:_identify(src/lab02_pkg) by extension 'colcon_meta'
[0.650s] Level 1:colcon.colcon_core.package_identification:_identify(src/lab02_pkg) by extensions ['ros']
[0.650s] Level 1:colcon.colcon_core.package_identification:_identify(src/lab02_pkg) by extension 'ros'
[0.651s] DEBUG:colcon.colcon_core.package_identification:Package 'src/lab02_pkg' with type 'ros.ament_python' and name 'lab02_pkg'
[0.651s] Level 1:colcon.colcon_core.package_identification:_identify(src/py_pubsub) by extensions ['ignore', 'ignore_ament_install']
[0.651s] Level 1:colcon.colcon_core.package_identification:_identify(src/py_pubsub) by extension 'ignore'
[0.651s] Level 1:colcon.colcon_core.package_identification:_identify(src/py_pubsub) by extension 'ignore_ament_install'
[0.651s] Level 1:colcon.colcon_core.package_identification:_identify(src/py_pubsub) by extensions ['colcon_pkg']
[0.651s] Level 1:colcon.colcon_core.package_identification:_identify(src/py_pubsub) by extension 'colcon_pkg'
[0.651s] Level 1:colcon.colcon_core.package_identification:_identify(src/py_pubsub) by extensions ['colcon_meta']
[0.651s] Level 1:colcon.colcon_core.package_identification:_identify(src/py_pubsub) by extension 'colcon_meta'
[0.651s] Level 1:colcon.colcon_core.package_identification:_identify(src/py_pubsub) by extensions ['ros']
[0.651s] Level 1:colcon.colcon_core.package_identification:_identify(src/py_pubsub) by extension 'ros'
[0.652s] DEBUG:colcon.colcon_core.package_identification:Package 'src/py_pubsub' with type 'ros.ament_python' and name 'py_pubsub'
[0.652s] Level 1:colcon.colcon_core.package_discovery:discover_packages(recursive) using defaults
[0.652s] Level 1:colcon.colcon_core.package_discovery:discover_packages(ignore) discover
[0.652s] Level 1:colcon.colcon_core.package_discovery:discover_packages(ignore) using defaults
[0.652s] Level 1:colcon.colcon_core.package_discovery:discover_packages(path) discover
[0.652s] Level 1:colcon.colcon_core.package_discovery:discover_packages(path) using defaults
[0.701s] Level 5:colcon.colcon_core.verb:set package 'lab01_pkg' build argument 'cmake_args' from command line to 'None'
[0.702s] Level 5:colcon.colcon_core.verb:set package 'lab01_pkg' build argument 'cmake_target' from command line to 'None'
[0.702s] Level 5:colcon.colcon_core.verb:set package 'lab01_pkg' build argument 'cmake_target_skip_unavailable' from command line to 'False'
[0.702s] Level 5:colcon.colcon_core.verb:set package 'lab01_pkg' build argument 'cmake_clean_cache' from command line to 'False'
[0.702s] Level 5:colcon.colcon_core.verb:set package 'lab01_pkg' build argument 'cmake_clean_first' from command line to 'False'
[0.702s] Level 5:colcon.colcon_core.verb:set package 'lab01_pkg' build argument 'cmake_force_configure' from command line to 'False'
[0.702s] Level 5:colcon.colcon_core.verb:set package 'lab01_pkg' build argument 'ament_cmake_args' from command line to 'None'
[0.702s] Level 5:colcon.colcon_core.verb:set package 'lab01_pkg' build argument 'catkin_cmake_args' from command line to 'None'
[0.702s] Level 5:colcon.colcon_core.verb:set package 'lab01_pkg' build argument 'catkin_skip_building_tests' from command line to 'False'
[0.702s] DEBUG:colcon.colcon_core.verb:Building package 'lab01_pkg' with the following arguments: {'ament_cmake_args': None, 'build_base': '/workspaces/SESARS_Labs/src/lab/build/lab01_pkg', 'catkin_cmake_args': None, 'catkin_skip_building_tests': False, 'cmake_args': None, 'cmake_clean_cache': False, 'cmake_clean_first': False, 'cmake_force_configure': False, 'cmake_target': None, 'cmake_target_skip_unavailable': False, 'install_base': '/workspaces/SESARS_Labs/src/lab/install/lab01_pkg', 'merge_install': False, 'path': '/workspaces/SESARS_Labs/src/lab/src/lab01_pkg', 'symlink_install': False, 'test_result_base': None}
[0.710s] Level 5:colcon.colcon_core.verb:set package 'lab02_interfaces' build argument 'cmake_args' from command line to 'None'
[0.710s] Level 5:colcon.colcon_core.verb:set package 'lab02_interfaces' build argument 'cmake_target' from command line to 'None'
[0.710s] Level 5:colcon.colcon_core.verb:set package 'lab02_interfaces' build argument 'cmake_target_skip_unavailable' from command line to 'False'
[0.710s] Level 5:colcon.colcon_core.verb:set package 'lab02_interfaces' build argument 'cmake_clean_cache' from command line to 'False'
[0.710s] Level 5:colcon.colcon_core.verb:set package 'lab02_interfaces' build argument 'cmake_clean_first' from command line to 'False'
[0.710s] Level 5:colcon.colcon_core.verb:set package 'lab02_interfaces' build argument 'cmake_force_configure' from command line to 'False'
[0.710s] Level 5:colcon.colcon_core.verb:set package 'lab02_interfaces' build argument 'ament_cmake_args' from command line to 'None'
[0.710s] Level 5:colcon.colcon_core.verb:set package 'lab02_interfaces' build argument 'catkin_cmake_args' from command line to 'None'
[0.710s] Level 5:colcon.colcon_core.verb:set package 'lab02_interfaces' build argument 'catkin_skip_building_tests' from command line to 'False'
[0.710s] DEBUG:colcon.colcon_core.verb:Building package 'lab02_interfaces' with the following arguments: {'ament_cmake_args': None, 'build_base': '/workspaces/SESARS_Labs/src/lab/build/lab02_interfaces', 'catkin_cmake_args': None, 'catkin_skip_building_tests': False, 'cmake_args': None, 'cmake_clean_cache': False, 'cmake_clean_first': False, 'cmake_force_configure': False, 'cmake_target': None, 'cmake_target_skip_unavailable': False, 'install_base': '/workspaces/SESARS_Labs/src/lab/install/lab02_interfaces', 'merge_install': False, 'path': '/workspaces/SESARS_Labs/src/lab/src/lab02_interfaces', 'symlink_install': False, 'test_result_base': None}
[0.718s] Level 5:colcon.colcon_core.verb:set package 'py_pubsub' build argument 'cmake_args' from command line to 'None'
[0.718s] Level 5:colcon.colcon_core.verb:set package 'py_pubsub' build argument 'cmake_target' from command line to 'None'
[0.718s] Level 5:colcon.colcon_core.verb:set package 'py_pubsub' build argument 'cmake_target_skip_unavailable' from command line to 'False'
[0.718s] Level 5:colcon.colcon_core.verb:set package 'py_pubsub' build argument 'cmake_clean_cache' from command line to 'False'
[0.718s] Level 5:colcon.colcon_core.verb:set package 'py_pubsub' build argument 'cmake_clean_first' from command line to 'False'
[0.718s] Level 5:colcon.colcon_core.verb:set package 'py_pubsub' build argument 'cmake_force_configure' from command line to 'False'
[0.718s] Level 5:colcon.colcon_core.verb:set package 'py_pubsub' build argument 'ament_cmake_args' from command line to 'None'
[0.718s] Level 5:colcon.colcon_core.verb:set package 'py_pubsub' build argument 'catkin_cmake_args' from command line to 'None'
[0.718s] Level 5:colcon.colcon_core.verb:set package 'py_pubsub' build argument 'catkin_skip_building_tests' from command line to 'False'
[0.719s] DEBUG:colcon.colcon_core.verb:Building package 'py_pubsub' with the following arguments: {'ament_cmake_args': None, 'build_base': '/workspaces/SESARS_Labs/src/lab/build/py_pubsub', 'catkin_cmake_args': None, 'catkin_skip_building_tests': False, 'cmake_args': None, 'cmake_clean_cache': False, 'cmake_clean_first': False, 'cmake_force_configure': False, 'cmake_target': None, 'cmake_target_skip_unavailable': False, 'install_base': '/workspaces/SESARS_Labs/src/lab/install/py_pubsub', 'merge_install': False, 'path': '/workspaces/SESARS_Labs/src/lab/src/py_pubsub', 'symlink_install': False, 'test_result_base': None}
[0.727s] Level 5:colcon.colcon_core.verb:set package 'lab02_pkg' build argument 'cmake_args' from command line to 'None'
[0.727s] Level 5:colcon.colcon_core.verb:set package 'lab02_pkg' build argument 'cmake_target' from command line to 'None'
[0.727s] Level 5:colcon.colcon_core.verb:set package 'lab02_pkg' build argument 'cmake_target_skip_unavailable' from command line to 'False'
[0.727s] Level 5:colcon.colcon_core.verb:set package 'lab02_pkg' build argument 'cmake_clean_cache' from command line to 'False'
[0.727s] Level 5:colcon.colcon_core.verb:set package 'lab02_pkg' build argument 'cmake_clean_first' from command line to 'False'
[0.727s] Level 5:colcon.colcon_core.verb:set package 'lab02_pkg' build argument 'cmake_force_configure' from command line to 'False'
[0.727s] Level 5:colcon.colcon_core.verb:set package 'lab02_pkg' build argument 'ament_cmake_args' from command line to 'None'
[0.727s] Level 5:colcon.colcon_core.verb:set package 'lab02_pkg' build argument 'catkin_cmake_args' from command line to 'None'
[0.727s] Level 5:colcon.colcon_core.verb:set package 'lab02_pkg' build argument 'catkin_skip_building_tests' from command line to 'False'
[0.727s] DEBUG:colcon.colcon_core.verb:Building package 'lab02_pkg' with the following arguments: {'ament_cmake_args': None, 'build_base': '/workspaces/SESARS_Labs/src/lab/build/lab02_pkg', 'catkin_cmake_args': None, 'catkin_skip_building_tests': False, 'cmake_args': None, 'cmake_clean_cache': False, 'cmake_clean_first': False, 'cmake_force_configure': False, 'cmake_target': None, 'cmake_target_skip_unavailable': False, 'install_base': '/workspaces/SESARS_Labs/src/lab/install/lab02_pkg', 'merge_install': False, 'path': '/workspaces/SESARS_Labs/src/lab/src/lab02_pkg', 'symlink_install': False, 'test_result_base': None}
[0.735s] INFO:colcon.colcon_core.executor:Executing jobs using 'parallel' executor
[0.744s] DEBUG:colcon.colcon_parallel_executor.executor.parallel:run_until_complete
[0.744s] INFO:colcon.colcon_ros.task.ament_cmake.build:Building ROS package in '/workspaces/SESARS_Labs/src/lab/src/lab02_interfaces' with build type 'ament_cmake'
[0.744s] INFO:colcon.colcon_cmake.task.cmake.build:Building CMake package in '/workspaces/SESARS_Labs/src/lab/src/lab02_interfaces'
[0.757s] INFO:colcon.colcon_core.plugin_system:Skipping extension 'colcon_core.shell.bat': Not used on non-Windows systems
[0.757s] INFO:colcon.colcon_core.shell:Skip shell extension 'powershell' for command environment: Not usable outside of PowerShell
[0.757s] DEBUG:colcon.colcon_core.shell:Skip shell extension 'dsv' for command environment
[0.788s] INFO:colcon.colcon_ros.task.ament_python.build:Building ROS package in '/workspaces/SESARS_Labs/src/lab/src/lab01_pkg' with build type 'ament_python'
[0.788s] Level 1:colcon.colcon_core.shell:create_environment_hook('lab01_pkg', 'ament_prefix_path')
[0.797s] INFO:colcon.colcon_core.shell:Creating environment hook '/workspaces/SESARS_Labs/src/lab/install/lab01_pkg/share/lab01_pkg/hook/ament_prefix_path.ps1'
[0.798s] INFO:colcon.colcon_core.shell:Creating environment descriptor '/workspaces/SESARS_Labs/src/lab/install/lab01_pkg/share/lab01_pkg/hook/ament_prefix_path.dsv'
[0.798s] INFO:colcon.colcon_core.shell:Creating environment hook '/workspaces/SESARS_Labs/src/lab/install/lab01_pkg/share/lab01_pkg/hook/ament_prefix_path.sh'
[0.807s] INFO:colcon.colcon_core.shell:Skip shell extension 'powershell' for command environment: Not usable outside of PowerShell
[0.807s] DEBUG:colcon.colcon_core.shell:Skip shell extension 'dsv' for command environment
[0.839s] INFO:colcon.colcon_ros.task.ament_python.build:Building ROS package in '/workspaces/SESARS_Labs/src/lab/src/py_pubsub' with build type 'ament_python'
[0.840s] Level 1:colcon.colcon_core.shell:create_environment_hook('py_pubsub', 'ament_prefix_path')
[0.849s] INFO:colcon.colcon_core.shell:Creating environment hook '/workspaces/SESARS_Labs/src/lab/install/py_pubsub/share/py_pubsub/hook/ament_prefix_path.ps1'
[0.850s] INFO:colcon.colcon_core.shell:Creating environment descriptor '/workspaces/SESARS_Labs/src/lab/install/py_pubsub/share/py_pubsub/hook/ament_prefix_path.dsv'
[0.850s] INFO:colcon.colcon_core.shell:Creating environment hook '/workspaces/SESARS_Labs/src/lab/install/py_pubsub/share/py_pubsub/hook/ament_prefix_path.sh'
[0.858s] INFO:colcon.colcon_core.shell:Skip shell extension 'powershell' for command environment: Not usable outside of PowerShell
[0.858s] DEBUG:colcon.colcon_core.shell:Skip shell extension 'dsv' for command environment
[0.891s] DEBUG:colcon.colcon_core.event_handler.log_command:Invoking command in '/workspaces/SESARS_Labs/src/lab/build/lab02_interfaces': CMAKE_PREFIX_PATH=${CMAKE_PREFIX_PATH}:/workspaces/SESARS_Labs/src/lab/install/py_pubsub:/workspaces/SESARS_Labs/src/lab/install/lab02_pkg:/workspaces/SESARS_Labs/src/lab/install/lab01_pkg:/opt/ros/humble /usr/bin/cmake --build /workspaces/SESARS_Labs/src/lab/build/lab02_interfaces -- -j12 -l12
[1.094s] INFO:colcon.colcon_core.task.python.build:Building Python package in '/workspaces/SESARS_Labs/src/lab/src/lab01_pkg'
[1.108s] INFO:colcon.colcon_core.shell:Skip shell extension 'powershell' for command environment: Not usable outside of PowerShell
[1.108s] DEBUG:colcon.colcon_core.shell:Skip shell extension 'dsv' for command environment
[1.326s] INFO:colcon.colcon_core.task.python.build:Building Python package in '/workspaces/SESARS_Labs/src/lab/src/py_pubsub'
[1.339s] INFO:colcon.colcon_core.shell:Skip shell extension 'powershell' for command environment: Not usable outside of PowerShell
[1.339s] DEBUG:colcon.colcon_core.shell:Skip shell extension 'dsv' for command environment
[1.372s] DEBUG:colcon.colcon_core.event_handler.log_command:Invoked command in '/workspaces/SESARS_Labs/src/lab/build/lab02_interfaces' returned '0': CMAKE_PREFIX_PATH=${CMAKE_PREFIX_PATH}:/workspaces/SESARS_Labs/src/lab/install/py_pubsub:/workspaces/SESARS_Labs/src/lab/install/lab02_pkg:/workspaces/SESARS_Labs/src/lab/install/lab01_pkg:/opt/ros/humble /usr/bin/cmake --build /workspaces/SESARS_Labs/src/lab/build/lab02_interfaces -- -j12 -l12
[1.461s] DEBUG:colcon.colcon_core.event_handler.log_command:Invoking command in '/workspaces/SESARS_Labs/src/lab/build/lab02_interfaces': CMAKE_PREFIX_PATH=${CMAKE_PREFIX_PATH}:/workspaces/SESARS_Labs/src/lab/install/py_pubsub:/workspaces/SESARS_Labs/src/lab/install/lab02_pkg:/workspaces/SESARS_Labs/src/lab/install/lab01_pkg:/opt/ros/humble /usr/bin/cmake --install /workspaces/SESARS_Labs/src/lab/build/lab02_interfaces
[1.514s] Level 1:colcon.colcon_core.environment:create_environment_scripts_only(lab02_interfaces)
[1.515s] DEBUG:colcon.colcon_core.event_handler.log_command:Invoked command in '/workspaces/SESARS_Labs/src/lab/build/lab02_interfaces' returned '0': CMAKE_PREFIX_PATH=${CMAKE_PREFIX_PATH}:/workspaces/SESARS_Labs/src/lab/install/py_pubsub:/workspaces/SESARS_Labs/src/lab/install/lab02_pkg:/workspaces/SESARS_Labs/src/lab/install/lab01_pkg:/opt/ros/humble /usr/bin/cmake --install /workspaces/SESARS_Labs/src/lab/build/lab02_interfaces
[1.530s] Level 1:colcon.colcon_core.environment:checking '/workspaces/SESARS_Labs/src/lab/install/lab02_interfaces' for CMake module files
[1.531s] Level 1:colcon.colcon_core.environment:checking '/workspaces/SESARS_Labs/src/lab/install/lab02_interfaces' for CMake config files
[1.531s] Level 1:colcon.colcon_core.shell:create_environment_hook('lab02_interfaces', 'cmake_prefix_path')
[1.540s] INFO:colcon.colcon_core.shell:Creating environment hook '/workspaces/SESARS_Labs/src/lab/install/lab02_interfaces/share/lab02_interfaces/hook/cmake_prefix_path.ps1'
[1.540s] INFO:colcon.colcon_core.shell:Creating environment descriptor '/workspaces/SESARS_Labs/src/lab/install/lab02_interfaces/share/lab02_interfaces/hook/cmake_prefix_path.dsv'
[1.540s] INFO:colcon.colcon_core.shell:Creating environment hook '/workspaces/SESARS_Labs/src/lab/install/lab02_interfaces/share/lab02_interfaces/hook/cmake_prefix_path.sh'
[1.541s] Level 1:colcon.colcon_core.environment:checking '/workspaces/SESARS_Labs/src/lab/install/lab02_interfaces/lib'
[1.541s] Level 1:colcon.colcon_core.shell:create_environment_hook('lab02_interfaces', 'ld_library_path_lib')
[1.550s] INFO:colcon.colcon_core.shell:Creating environment hook '/workspaces/SESARS_Labs/src/lab/install/lab02_interfaces/share/lab02_interfaces/hook/ld_library_path_lib.ps1'
[1.550s] INFO:colcon.colcon_core.shell:Creating environment descriptor '/workspaces/SESARS_Labs/src/lab/install/lab02_interfaces/share/lab02_interfaces/hook/ld_library_path_lib.dsv'
[1.550s] INFO:colcon.colcon_core.shell:Creating environment hook '/workspaces/SESARS_Labs/src/lab/install/lab02_interfaces/share/lab02_interfaces/hook/ld_library_path_lib.sh'
[1.550s] Level 1:colcon.colcon_core.environment:checking '/workspaces/SESARS_Labs/src/lab/install/lab02_interfaces/bin'
[1.550s] Level 1:colcon.colcon_core.environment:checking '/workspaces/SESARS_Labs/src/lab/install/lab02_interfaces/lib/pkgconfig/lab02_interfaces.pc'
[1.551s] Level 1:colcon.colcon_core.environment:checking '/workspaces/SESARS_Labs/src/lab/install/lab02_interfaces/lib/python3.10/site-packages'
[1.551s] Level 1:colcon.colcon_core.environment:checking '/workspaces/SESARS_Labs/src/lab/install/lab02_interfaces/bin'
[1.560s] INFO:colcon.colcon_core.shell:Creating package script '/workspaces/SESARS_Labs/src/lab/install/lab02_interfaces/share/lab02_interfaces/package.ps1'
[1.561s] INFO:colcon.colcon_core.shell:Creating package descriptor '/workspaces/SESARS_Labs/src/lab/install/lab02_interfaces/share/lab02_interfaces/package.dsv'
[1.562s] INFO:colcon.colcon_core.shell:Creating package script '/workspaces/SESARS_Labs/src/lab/install/lab02_interfaces/share/lab02_interfaces/package.sh'
[1.562s] INFO:colcon.colcon_core.shell:Creating package script '/workspaces/SESARS_Labs/src/lab/install/lab02_interfaces/share/lab02_interfaces/package.bash'
[1.563s] INFO:colcon.colcon_core.shell:Creating package script '/workspaces/SESARS_Labs/src/lab/install/lab02_interfaces/share/lab02_interfaces/package.zsh'
[1.564s] Level 1:colcon.colcon_core.environment:create_file_with_runtime_dependencies(/workspaces/SESARS_Labs/src/lab/install/lab02_interfaces/share/colcon-core/packages/lab02_interfaces)
[1.635s] Level 1:colcon.colcon_core.environment:create_environment_scripts_only(lab02_interfaces)
[1.644s] Level 1:colcon.colcon_core.environment:checking '/workspaces/SESARS_Labs/src/lab/install/lab02_interfaces' for CMake module files
[1.644s] Level 1:colcon.colcon_core.environment:checking '/workspaces/SESARS_Labs/src/lab/install/lab02_interfaces' for CMake config files
[1.644s] Level 1:colcon.colcon_core.shell:create_environment_hook('lab02_interfaces', 'cmake_prefix_path')
[1.658s] INFO:colcon.colcon_core.shell:Creating environment hook '/workspaces/SESARS_Labs/src/lab/install/lab02_interfaces/share/lab02_interfaces/hook/cmake_prefix_path.ps1'
[1.659s] INFO:colcon.colcon_core.shell:Creating environment descriptor '/workspaces/SESARS_Labs/src/lab/install/lab02_interfaces/share/lab02_interfaces/hook/cmake_prefix_path.dsv'
[1.660s] INFO:colcon.colcon_core.shell:Creating environment hook '/workspaces/SESARS_Labs/src/lab/install/lab02_interfaces/share/lab02_interfaces/hook/cmake_prefix_path.sh'
[1.660s] Level 1:colcon.colcon_core.environment:checking '/workspaces/SESARS_Labs/src/lab/install/lab02_interfaces/lib'
[1.661s] Level 1:colcon.colcon_core.shell:create_environment_hook('lab02_interfaces', 'ld_library_path_lib')
[1.672s] INFO:colcon.colcon_core.shell:Creating environment hook '/workspaces/SESARS_Labs/src/lab/install/lab02_interfaces/share/lab02_interfaces/hook/ld_library_path_lib.ps1'
[1.673s] INFO:colcon.colcon_core.shell:Creating environment descriptor '/workspaces/SESARS_Labs/src/lab/install/lab02_interfaces/share/lab02_interfaces/hook/ld_library_path_lib.dsv'
[1.673s] INFO:colcon.colcon_core.shell:Creating environment hook '/workspaces/SESARS_Labs/src/lab/install/lab02_interfaces/share/lab02_interfaces/hook/ld_library_path_lib.sh'
[1.673s] Level 1:colcon.colcon_core.environment:checking '/workspaces/SESARS_Labs/src/lab/install/lab02_interfaces/bin'
[1.673s] Level 1:colcon.colcon_core.environment:checking '/workspaces/SESARS_Labs/src/lab/install/lab02_interfaces/lib/pkgconfig/lab02_interfaces.pc'
[1.673s] Level 1:colcon.colcon_core.environment:checking '/workspaces/SESARS_Labs/src/lab/install/lab02_interfaces/lib/python3.10/site-packages'
[1.674s] Level 1:colcon.colcon_core.environment:checking '/workspaces/SESARS_Labs/src/lab/install/lab02_interfaces/bin'
[1.682s] INFO:colcon.colcon_core.shell:Creating package script '/workspaces/SESARS_Labs/src/lab/install/lab02_interfaces/share/lab02_interfaces/package.ps1'
[1.683s] INFO:colcon.colcon_core.shell:Creating package descriptor '/workspaces/SESARS_Labs/src/lab/install/lab02_interfaces/share/lab02_interfaces/package.dsv'
[1.683s] INFO:colcon.colcon_core.shell:Creating package script '/workspaces/SESARS_Labs/src/lab/install/lab02_interfaces/share/lab02_interfaces/package.sh'
[1.684s] INFO:colcon.colcon_core.shell:Creating package script '/workspaces/SESARS_Labs/src/lab/install/lab02_interfaces/share/lab02_interfaces/package.bash'
[1.684s] INFO:colcon.colcon_core.shell:Creating package script '/workspaces/SESARS_Labs/src/lab/install/lab02_interfaces/share/lab02_interfaces/package.zsh'
[1.684s] Level 1:colcon.colcon_core.environment:create_file_with_runtime_dependencies(/workspaces/SESARS_Labs/src/lab/install/lab02_interfaces/share/colcon-core/packages/lab02_interfaces)
[1.685s] INFO:colcon.colcon_ros.task.ament_python.build:Building ROS package in '/workspaces/SESARS_Labs/src/lab/src/lab02_pkg' with build type 'ament_python'
[1.685s] Level 1:colcon.colcon_core.shell:create_environment_hook('lab02_pkg', 'ament_prefix_path')
[1.695s] INFO:colcon.colcon_core.shell:Creating environment hook '/workspaces/SESARS_Labs/src/lab/install/lab02_pkg/share/lab02_pkg/hook/ament_prefix_path.ps1'
[1.695s] INFO:colcon.colcon_core.shell:Creating environment descriptor '/workspaces/SESARS_Labs/src/lab/install/lab02_pkg/share/lab02_pkg/hook/ament_prefix_path.dsv'
[1.696s] INFO:colcon.colcon_core.shell:Creating environment hook '/workspaces/SESARS_Labs/src/lab/install/lab02_pkg/share/lab02_pkg/hook/ament_prefix_path.sh'
[1.706s] INFO:colcon.colcon_core.shell:Skip shell extension 'powershell' for command environment: Not usable outside of PowerShell
[1.706s] DEBUG:colcon.colcon_core.shell:Skip shell extension 'dsv' for command environment
[1.743s] DEBUG:colcon.colcon_core.event_handler.log_command:Invoking command in '/workspaces/SESARS_Labs/src/lab/src/lab01_pkg': PYTHONPATH=/workspaces/SESARS_Labs/src/lab/build/lab01_pkg/prefix_override:/workspaces/SESARS_Labs/src/lab/install/lab01_pkg/lib/python3.10/site-packages:${PYTHONPATH} /usr/bin/python3 setup.py egg_info --egg-base ../../build/lab01_pkg build --build-base /workspaces/SESARS_Labs/src/lab/build/lab01_pkg/build install --record /workspaces/SESARS_Labs/src/lab/build/lab01_pkg/install.log --single-version-externally-managed
[1.745s] DEBUG:colcon.colcon_core.event_handler.log_command:Invoking command in '/workspaces/SESARS_Labs/src/lab/src/py_pubsub': PYTHONPATH=/workspaces/SESARS_Labs/src/lab/build/py_pubsub/prefix_override:/workspaces/SESARS_Labs/src/lab/install/py_pubsub/lib/python3.10/site-packages:${PYTHONPATH} /usr/bin/python3 setup.py egg_info --egg-base ../../build/py_pubsub build --build-base /workspaces/SESARS_Labs/src/lab/build/py_pubsub/build install --record /workspaces/SESARS_Labs/src/lab/build/py_pubsub/install.log --single-version-externally-managed
[1.947s] INFO:colcon.colcon_core.task.python.build:Building Python package in '/workspaces/SESARS_Labs/src/lab/src/lab02_pkg'
[1.962s] INFO:colcon.colcon_core.shell:Skip shell extension 'powershell' for command environment: Not usable outside of PowerShell
[1.963s] DEBUG:colcon.colcon_core.shell:Skip shell extension 'dsv' for command environment
[1.994s] DEBUG:colcon.colcon_core.event_handler.log_command:Invoked command in '/workspaces/SESARS_Labs/src/lab/src/py_pubsub' returned '0': PYTHONPATH=/workspaces/SESARS_Labs/src/lab/build/py_pubsub/prefix_override:/workspaces/SESARS_Labs/src/lab/install/py_pubsub/lib/python3.10/site-packages:${PYTHONPATH} /usr/bin/python3 setup.py egg_info --egg-base ../../build/py_pubsub build --build-base /workspaces/SESARS_Labs/src/lab/build/py_pubsub/build install --record /workspaces/SESARS_Labs/src/lab/build/py_pubsub/install.log --single-version-externally-managed
[2.006s] Level 1:colcon.colcon_core.environment:checking '/workspaces/SESARS_Labs/src/lab/install/py_pubsub' for CMake module files
[2.006s] Level 1:colcon.colcon_core.environment:checking '/workspaces/SESARS_Labs/src/lab/install/py_pubsub' for CMake config files
[2.006s] Level 1:colcon.colcon_core.environment:checking '/workspaces/SESARS_Labs/src/lab/install/py_pubsub/lib'
[2.006s] Level 1:colcon.colcon_core.environment:checking '/workspaces/SESARS_Labs/src/lab/install/py_pubsub/bin'
[2.006s] Level 1:colcon.colcon_core.environment:checking '/workspaces/SESARS_Labs/src/lab/install/py_pubsub/lib/pkgconfig/py_pubsub.pc'
[2.007s] Level 1:colcon.colcon_core.environment:checking '/workspaces/SESARS_Labs/src/lab/install/py_pubsub/lib/python3.10/site-packages'
[2.007s] Level 1:colcon.colcon_core.shell:create_environment_hook('py_pubsub', 'pythonpath')
[2.015s] INFO:colcon.colcon_core.shell:Creating environment hook '/workspaces/SESARS_Labs/src/lab/install/py_pubsub/share/py_pubsub/hook/pythonpath.ps1'
[2.015s] INFO:colcon.colcon_core.shell:Creating environment descriptor '/workspaces/SESARS_Labs/src/lab/install/py_pubsub/share/py_pubsub/hook/pythonpath.dsv'
[2.016s] INFO:colcon.colcon_core.shell:Creating environment hook '/workspaces/SESARS_Labs/src/lab/install/py_pubsub/share/py_pubsub/hook/pythonpath.sh'
[2.016s] Level 1:colcon.colcon_core.environment:checking '/workspaces/SESARS_Labs/src/lab/install/py_pubsub/bin'
[2.016s] Level 1:colcon.colcon_core.environment:create_environment_scripts_only(py_pubsub)
[2.025s] INFO:colcon.colcon_core.shell:Creating package script '/workspaces/SESARS_Labs/src/lab/install/py_pubsub/share/py_pubsub/package.ps1'
[2.025s] INFO:colcon.colcon_core.shell:Creating package descriptor '/workspaces/SESARS_Labs/src/lab/install/py_pubsub/share/py_pubsub/package.dsv'
[2.025s] INFO:colcon.colcon_core.shell:Creating package script '/workspaces/SESARS_Labs/src/lab/install/py_pubsub/share/py_pubsub/package.sh'
[2.026s] INFO:colcon.colcon_core.shell:Creating package script '/workspaces/SESARS_Labs/src/lab/install/py_pubsub/share/py_pubsub/package.bash'
[2.026s] INFO:colcon.colcon_core.shell:Creating package script '/workspaces/SESARS_Labs/src/lab/install/py_pubsub/share/py_pubsub/package.zsh'
[2.026s] Level 1:colcon.colcon_core.environment:create_file_with_runtime_dependencies(/workspaces/SESARS_Labs/src/lab/install/py_pubsub/share/colcon-core/packages/py_pubsub)
[2.028s] DEBUG:colcon.colcon_core.event_handler.log_command:Invoked command in '/workspaces/SESARS_Labs/src/lab/src/lab01_pkg' returned '0': PYTHONPATH=/workspaces/SESARS_Labs/src/lab/build/lab01_pkg/prefix_override:/workspaces/SESARS_Labs/src/lab/install/lab01_pkg/lib/python3.10/site-packages:${PYTHONPATH} /usr/bin/python3 setup.py egg_info --egg-base ../../build/lab01_pkg build --build-base /workspaces/SESARS_Labs/src/lab/build/lab01_pkg/build install --record /workspaces/SESARS_Labs/src/lab/build/lab01_pkg/install.log --single-version-externally-managed
[2.036s] Level 1:colcon.colcon_core.environment:checking '/workspaces/SESARS_Labs/src/lab/install/lab01_pkg' for CMake module files
[2.036s] Level 1:colcon.colcon_core.environment:checking '/workspaces/SESARS_Labs/src/lab/install/lab01_pkg' for CMake config files
[2.037s] Level 1:colcon.colcon_core.environment:checking '/workspaces/SESARS_Labs/src/lab/install/lab01_pkg/lib'
[2.037s] Level 1:colcon.colcon_core.environment:checking '/workspaces/SESARS_Labs/src/lab/install/lab01_pkg/bin'
[2.037s] Level 1:colcon.colcon_core.environment:checking '/workspaces/SESARS_Labs/src/lab/install/lab01_pkg/lib/pkgconfig/lab01_pkg.pc'
[2.037s] Level 1:colcon.colcon_core.environment:checking '/workspaces/SESARS_Labs/src/lab/install/lab01_pkg/lib/python3.10/site-packages'
[2.037s] Level 1:colcon.colcon_core.shell:create_environment_hook('lab01_pkg', 'pythonpath')
[2.046s] INFO:colcon.colcon_core.shell:Creating environment hook '/workspaces/SESARS_Labs/src/lab/install/lab01_pkg/share/lab01_pkg/hook/pythonpath.ps1'
[2.046s] INFO:colcon.colcon_core.shell:Creating environment descriptor '/workspaces/SESARS_Labs/src/lab/install/lab01_pkg/share/lab01_pkg/hook/pythonpath.dsv'
[2.046s] INFO:colcon.colcon_core.shell:Creating environment hook '/workspaces/SESARS_Labs/src/lab/install/lab01_pkg/share/lab01_pkg/hook/pythonpath.sh'
[2.047s] Level 1:colcon.colcon_core.environment:checking '/workspaces/SESARS_Labs/src/lab/install/lab01_pkg/bin'
[2.047s] Level 1:colcon.colcon_core.environment:create_environment_scripts_only(lab01_pkg)
[2.058s] INFO:colcon.colcon_core.shell:Creating package script '/workspaces/SESARS_Labs/src/lab/install/lab01_pkg/share/lab01_pkg/package.ps1'
[2.059s] INFO:colcon.colcon_core.shell:Creating package descriptor '/workspaces/SESARS_Labs/src/lab/install/lab01_pkg/share/lab01_pkg/package.dsv'
[2.060s] INFO:colcon.colcon_core.shell:Creating package script '/workspaces/SESARS_Labs/src/lab/install/lab01_pkg/share/lab01_pkg/package.sh'
[2.060s] INFO:colcon.colcon_core.shell:Creating package script '/workspaces/SESARS_Labs/src/lab/install/lab01_pkg/share/lab01_pkg/package.bash'
[2.060s] INFO:colcon.colcon_core.shell:Creating package script '/workspaces/SESARS_Labs/src/lab/install/lab01_pkg/share/lab01_pkg/package.zsh'
[2.061s] Level 1:colcon.colcon_core.environment:create_file_with_runtime_dependencies(/workspaces/SESARS_Labs/src/lab/install/lab01_pkg/share/colcon-core/packages/lab01_pkg)
[2.346s] DEBUG:colcon.colcon_core.event_handler.log_command:Invoking command in '/workspaces/SESARS_Labs/src/lab/src/lab02_pkg': PYTHONPATH=/workspaces/SESARS_Labs/src/lab/build/lab02_pkg/prefix_override:/workspaces/SESARS_Labs/src/lab/install/lab02_pkg/lib/python3.10/site-packages:${PYTHONPATH} /usr/bin/python3 setup.py egg_info --egg-base ../../build/lab02_pkg build --build-base /workspaces/SESARS_Labs/src/lab/build/lab02_pkg/build install --record /workspaces/SESARS_Labs/src/lab/build/lab02_pkg/install.log --single-version-externally-managed
[2.567s] DEBUG:colcon.colcon_core.event_handler.log_command:Invoked command in '/workspaces/SESARS_Labs/src/lab/src/lab02_pkg' returned '0': PYTHONPATH=/workspaces/SESARS_Labs/src/lab/build/lab02_pkg/prefix_override:/workspaces/SESARS_Labs/src/lab/install/lab02_pkg/lib/python3.10/site-packages:${PYTHONPATH} /usr/bin/python3 setup.py egg_info --egg-base ../../build/lab02_pkg build --build-base /workspaces/SESARS_Labs/src/lab/build/lab02_pkg/build install --record /workspaces/SESARS_Labs/src/lab/build/lab02_pkg/install.log --single-version-externally-managed
[2.580s] Level 1:colcon.colcon_core.environment:checking '/workspaces/SESARS_Labs/src/lab/install/lab02_pkg' for CMake module files
[2.580s] Level 1:colcon.colcon_core.environment:checking '/workspaces/SESARS_Labs/src/lab/install/lab02_pkg' for CMake config files
[2.581s] Level 1:colcon.colcon_core.environment:checking '/workspaces/SESARS_Labs/src/lab/install/lab02_pkg/lib'
[2.581s] Level 1:colcon.colcon_core.environment:checking '/workspaces/SESARS_Labs/src/lab/install/lab02_pkg/bin'
[2.581s] Level 1:colcon.colcon_core.environment:checking '/workspaces/SESARS_Labs/src/lab/install/lab02_pkg/lib/pkgconfig/lab02_pkg.pc'
[2.581s] Level 1:colcon.colcon_core.environment:checking '/workspaces/SESARS_Labs/src/lab/install/lab02_pkg/lib/python3.10/site-packages'
[2.581s] Level 1:colcon.colcon_core.shell:create_environment_hook('lab02_pkg', 'pythonpath')
[2.590s] INFO:colcon.colcon_core.shell:Creating environment hook '/workspaces/SESARS_Labs/src/lab/install/lab02_pkg/share/lab02_pkg/hook/pythonpath.ps1'
[2.590s] INFO:colcon.colcon_core.shell:Creating environment descriptor '/workspaces/SESARS_Labs/src/lab/install/lab02_pkg/share/lab02_pkg/hook/pythonpath.dsv'
[2.590s] INFO:colcon.colcon_core.shell:Creating environment hook '/workspaces/SESARS_Labs/src/lab/install/lab02_pkg/share/lab02_pkg/hook/pythonpath.sh'
[2.591s] Level 1:colcon.colcon_core.environment:checking '/workspaces/SESARS_Labs/src/lab/install/lab02_pkg/bin'
[2.591s] Level 1:colcon.colcon_core.environment:create_environment_scripts_only(lab02_pkg)
[2.599s] INFO:colcon.colcon_core.shell:Creating package script '/workspaces/SESARS_Labs/src/lab/install/lab02_pkg/share/lab02_pkg/package.ps1'
[2.600s] INFO:colcon.colcon_core.shell:Creating package descriptor '/workspaces/SESARS_Labs/src/lab/install/lab02_pkg/share/lab02_pkg/package.dsv'
[2.600s] INFO:colcon.colcon_core.shell:Creating package script '/workspaces/SESARS_Labs/src/lab/install/lab02_pkg/share/lab02_pkg/package.sh'
[2.600s] INFO:colcon.colcon_core.shell:Creating package script '/workspaces/SESARS_Labs/src/lab/install/lab02_pkg/share/lab02_pkg/package.bash'
[2.601s] INFO:colcon.colcon_core.shell:Creating package script '/workspaces/SESARS_Labs/src/lab/install/lab02_pkg/share/lab02_pkg/package.zsh'
[2.601s] Level 1:colcon.colcon_core.environment:create_file_with_runtime_dependencies(/workspaces/SESARS_Labs/src/lab/install/lab02_pkg/share/colcon-core/packages/lab02_pkg)
[2.601s] DEBUG:colcon.colcon_parallel_executor.executor.parallel:closing loop
[2.601s] DEBUG:colcon.colcon_parallel_executor.executor.parallel:loop closed
[2.601s] DEBUG:colcon.colcon_parallel_executor.executor.parallel:run_until_complete finished with '0'
[2.601s] DEBUG:colcon.colcon_core.event_reactor:joining thread
[2.618s] INFO:colcon.colcon_core.plugin_system:Skipping extension 'colcon_notification.desktop_notification.notify_send': Could not find 'notify-send'
[2.618s] INFO:colcon.colcon_core.plugin_system:Skipping extension 'colcon_notification.desktop_notification.terminal_notifier': Not used on non-Darwin systems
[2.618s] INFO:colcon.colcon_core.plugin_system:Skipping extension 'colcon_notification.desktop_notification.win32': Not used on non-Windows systems
[2.618s] INFO:colcon.colcon_notification.desktop_notification:Sending desktop notification using 'notify2'
[2.621s] DEBUG:colcon.colcon_notification.desktop_notification.notify2:Failed to initialize notify2: org.freedesktop.DBus.Error.Spawn.ExecFailed: /usr/bin/dbus-launch terminated abnormally without any error message
[2.621s] DEBUG:colcon.colcon_core.event_reactor:joined thread
[2.636s] INFO:colcon.colcon_core.shell:Creating prefix script '/workspaces/SESARS_Labs/src/lab/install/local_setup.ps1'
[2.638s] INFO:colcon.colcon_core.shell:Creating prefix util module '/workspaces/SESARS_Labs/src/lab/install/_local_setup_util_ps1.py'
[2.639s] INFO:colcon.colcon_core.shell:Creating prefix chain script '/workspaces/SESARS_Labs/src/lab/install/setup.ps1'
[2.649s] INFO:colcon.colcon_core.shell:Creating prefix script '/workspaces/SESARS_Labs/src/lab/install/local_setup.sh'
[2.650s] INFO:colcon.colcon_core.shell:Creating prefix util module '/workspaces/SESARS_Labs/src/lab/install/_local_setup_util_sh.py'
[2.650s] INFO:colcon.colcon_core.shell:Creating prefix chain script '/workspaces/SESARS_Labs/src/lab/install/setup.sh'
[2.659s] INFO:colcon.colcon_core.shell:Creating prefix script '/workspaces/SESARS_Labs/src/lab/install/local_setup.bash'
[2.660s] INFO:colcon.colcon_core.shell:Creating prefix chain script '/workspaces/SESARS_Labs/src/lab/install/setup.bash'
[2.669s] INFO:colcon.colcon_core.shell:Creating prefix script '/workspaces/SESARS_Labs/src/lab/install/local_setup.zsh'
[2.669s] INFO:colcon.colcon_core.shell:Creating prefix chain script '/workspaces/SESARS_Labs/src/lab/install/setup.zsh'
