[1.146s] Invoking command in '/workspaces/SESARS_Labs/src/lab/src/lab01_pkg': PYTHONPATH=/workspaces/SESARS_Labs/src/lab/build/lab01_pkg/prefix_override:/workspaces/SESARS_Labs/src/lab/install/lab01_pkg/lib/python3.10/site-packages:${PYTHONPATH} /usr/bin/python3 setup.py egg_info --egg-base ../../build/lab01_pkg build --build-base /workspaces/SESARS_Labs/src/lab/build/lab01_pkg/build install --record /workspaces/SESARS_Labs/src/lab/build/lab01_pkg/install.log --single-version-externally-managed
[1.343s] running egg_info
[1.343s] writing ../../build/lab01_pkg/lab01_pkg.egg-info/PKG-INFO
[1.344s] writing dependency_links to ../../build/lab01_pkg/lab01_pkg.egg-info/dependency_links.txt
[1.344s] writing entry points to ../../build/lab01_pkg/lab01_pkg.egg-info/entry_points.txt
[1.344s] writing requirements to ../../build/lab01_pkg/lab01_pkg.egg-info/requires.txt
[1.344s] writing top-level names to ../../build/lab01_pkg/lab01_pkg.egg-info/top_level.txt
[1.346s] reading manifest file '../../build/lab01_pkg/lab01_pkg.egg-info/SOURCES.txt'
[1.347s] writing manifest file '../../build/lab01_pkg/lab01_pkg.egg-info/SOURCES.txt'
[1.347s] running build
[1.347s] running build_py
[1.347s] running install
[1.348s] /usr/lib/python3/dist-packages/setuptools/command/install.py:34: SetuptoolsDeprecationWarning: setup.py install is deprecated. Use build and pip and other standards-based tools.
[1.348s]   warnings.warn(
[1.348s] running install_lib
[1.350s] running install_data
[1.351s] running install_egg_info
[1.353s] removing '/workspaces/SESARS_Labs/src/lab/install/lab01_pkg/lib/python3.10/site-packages/lab01_pkg-0.0.0-py3.10.egg-info' (and everything under it)
[1.353s] Copying ../../build/lab01_pkg/lab01_pkg.egg-info to /workspaces/SESARS_Labs/src/lab/install/lab01_pkg/lib/python3.10/site-packages/lab01_pkg-0.0.0-py3.10.egg-info
[1.353s] running install_scripts
[1.375s] Installing controller script to /workspaces/SESARS_Labs/src/lab/install/lab01_pkg/lib/lab01_pkg
[1.376s] Installing controller_reset script to /workspaces/SESARS_Labs/src/lab/install/lab01_pkg/lib/lab01_pkg
[1.376s] Installing localization script to /workspaces/SESARS_Labs/src/lab/install/lab01_pkg/lib/lab01_pkg
[1.376s] Installing localization_reset script to /workspaces/SESARS_Labs/src/lab/install/lab01_pkg/lib/lab01_pkg
[1.377s] Installing reset_node script to /workspaces/SESARS_Labs/src/lab/install/lab01_pkg/lib/lab01_pkg
[1.377s] writing list of installed files to '/workspaces/SESARS_Labs/src/lab/build/lab01_pkg/install.log'
[1.473s] Invoked command in '/workspaces/SESARS_Labs/src/lab/src/lab01_pkg' returned '0': PYTHONPATH=/workspaces/SESARS_Labs/src/lab/build/lab01_pkg/prefix_override:/workspaces/SESARS_Labs/src/lab/install/lab01_pkg/lib/python3.10/site-packages:${PYTHONPATH} /usr/bin/python3 setup.py egg_info --egg-base ../../build/lab01_pkg build --build-base /workspaces/SESARS_Labs/src/lab/build/lab01_pkg/build install --record /workspaces/SESARS_Labs/src/lab/build/lab01_pkg/install.log --single-version-externally-managed
