[0.607s] DEBUG:colcon:Command line arguments: ['/usr/bin/colcon', 'build']
[0.607s] DEBUG:colcon:Parsed command line arguments: Namespace(log_base=None, log_level=None, verb_name='build', build_base='build', install_base='install', merge_install=False, symlink_install=False, test_result_base=None, continue_on_error=False, executor='parallel', parallel_workers=12, event_handlers=None, ignore_user_meta=False, metas=['./colcon.meta'], base_paths=['.'], packages_ignore=None, packages_ignore_regex=None, paths=None, packages_up_to=None, packages_up_to_regex=None, packages_above=None, packages_above_and_dependencies=None, packages_above_depth=None, packages_select_by_dep=None, packages_skip_by_dep=None, packages_skip_up_to=None, packages_select_build_failed=False, packages_skip_build_finished=False, packages_select_test_failures=False, packages_skip_test_passed=False, packages_select=None, packages_skip=None, packages_select_regex=None, packages_skip_regex=None, packages_start=None, packages_end=None, cmake_args=None, cmake_target=None, cmake_target_skip_unavailable=False, cmake_clean_cache=False, cmake_clean_first=False, cmake_force_configure=False, ament_cmake_args=None, catkin_cmake_args=None, catkin_skip_building_tests=False, verb_parser=<colcon_defaults.argument_parser.defaults.DefaultArgumentsDecorator object at 0x7ffa10b11720>, verb_extension=<colcon_core.verb.build.BuildVerb object at 0x7ffa10da37f0>, main=<bound method BuildVerb.main of <colcon_core.verb.build.BuildVerb object at 0x7ffa10da37f0>>)
[0.638s] Level 1:colcon.colcon_core.package_discovery:discover_packages(colcon_meta) check parameters
[0.638s] Level 1:colcon.colcon_core.package_discovery:discover_packages(recursive) check parameters
[0.638s] Level 1:colcon.colcon_core.package_discovery:discover_packages(ignore) check parameters
[0.638s] Level 1:colcon.colcon_core.package_discovery:discover_packages(path) check parameters
[0.638s] Level 1:colcon.colcon_core.package_discovery:discover_packages(colcon_meta) discover
[0.638s] Level 1:colcon.colcon_core.package_discovery:discover_packages(recursive) discover
[0.638s] INFO:colcon.colcon_core.package_discovery:Crawling recursively for packages in '/workspaces/SESARS_Labs/src/lab'
[0.638s] Level 1:colcon.colcon_core.package_identification:_identify(.) by extensions ['ignore', 'ignore_ament_install']
[0.638s] Level 1:colcon.colcon_core.package_identification:_identify(.) by extension 'ignore'
[0.638s] Level 1:colcon.colcon_core.package_identification:_identify(.) by extension 'ignore_ament_install'
[0.638s] Level 1:colcon.colcon_core.package_identification:_identify(.) by extensions ['colcon_pkg']
[0.638s] Level 1:colcon.colcon_core.package_identification:_identify(.) by extension 'colcon_pkg'
[0.638s] Level 1:colcon.colcon_core.package_identification:_identify(.) by extensions ['colcon_meta']
[0.638s] Level 1:colcon.colcon_core.package_identification:_identify(.) by extension 'colcon_meta'
[0.638s] Level 1:colcon.colcon_core.package_identification:_identify(.) by extensions ['ros']
[0.638s] Level 1:colcon.colcon_core.package_identification:_identify(.) by extension 'ros'
[0.647s] Level 1:colcon.colcon_core.package_identification:_identify(.) by extensions ['cmake', 'python']
[0.648s] Level 1:colcon.colcon_core.package_identification:_identify(.) by extension 'cmake'
[0.648s] Level 1:colcon.colcon_core.package_identification:_identify(.) by extension 'python'
[0.648s] Level 1:colcon.colcon_core.package_identification:_identify(.) by extensions ['python_setup_py']
[0.648s] Level 1:colcon.colcon_core.package_identification:_identify(.) by extension 'python_setup_py'
[0.648s] Level 1:colcon.colcon_core.package_identification:_identify(build) by extensions ['ignore', 'ignore_ament_install']
[0.648s] Level 1:colcon.colcon_core.package_identification:_identify(build) by extension 'ignore'
[0.648s] Level 1:colcon.colcon_core.package_identification:_identify(build) ignored
[0.648s] Level 1:colcon.colcon_core.package_identification:_identify(install) by extensions ['ignore', 'ignore_ament_install']
[0.648s] Level 1:colcon.colcon_core.package_identification:_identify(install) by extension 'ignore'
[0.648s] Level 1:colcon.colcon_core.package_identification:_identify(install) ignored
[0.648s] Level 1:colcon.colcon_core.package_identification:_identify(log) by extensions ['ignore', 'ignore_ament_install']
[0.648s] Level 1:colcon.colcon_core.package_identification:_identify(log) by extension 'ignore'
[0.648s] Level 1:colcon.colcon_core.package_identification:_identify(log) ignored
[0.648s] Level 1:colcon.colcon_core.package_identification:_identify(src) by extensions ['ignore', 'ignore_ament_install']
[0.648s] Level 1:colcon.colcon_core.package_identification:_identify(src) by extension 'ignore'
[0.648s] Level 1:colcon.colcon_core.package_identification:_identify(src) by extension 'ignore_ament_install'
[0.648s] Level 1:colcon.colcon_core.package_identification:_identify(src) by extensions ['colcon_pkg']
[0.648s] Level 1:colcon.colcon_core.package_identification:_identify(src) by extension 'colcon_pkg'
[0.648s] Level 1:colcon.colcon_core.package_identification:_identify(src) by extensions ['colcon_meta']
[0.648s] Level 1:colcon.colcon_core.package_identification:_identify(src) by extension 'colcon_meta'
[0.649s] Level 1:colcon.colcon_core.package_identification:_identify(src) by extensions ['ros']
[0.649s] Level 1:colcon.colcon_core.package_identification:_identify(src) by extension 'ros'
[0.649s] Level 1:colcon.colcon_core.package_identification:_identify(src) by extensions ['cmake', 'python']
[0.649s] Level 1:colcon.colcon_core.package_identification:_identify(src) by extension 'cmake'
[0.649s] Level 1:colcon.colcon_core.package_identification:_identify(src) by extension 'python'
[0.649s] Level 1:colcon.colcon_core.package_identification:_identify(src) by extensions ['python_setup_py']
[0.649s] Level 1:colcon.colcon_core.package_identification:_identify(src) by extension 'python_setup_py'
[0.649s] Level 1:colcon.colcon_core.package_identification:_identify(src/lab01_pkg) by extensions ['ignore', 'ignore_ament_install']
[0.649s] Level 1:colcon.colcon_core.package_identification:_identify(src/lab01_pkg) by extension 'ignore'
[0.649s] Level 1:colcon.colcon_core.package_identification:_identify(src/lab01_pkg) by extension 'ignore_ament_install'
[0.649s] Level 1:colcon.colcon_core.package_identification:_identify(src/lab01_pkg) by extensions ['colcon_pkg']
[0.649s] Level 1:colcon.colcon_core.package_identification:_identify(src/lab01_pkg) by extension 'colcon_pkg'
[0.649s] Level 1:colcon.colcon_core.package_identification:_identify(src/lab01_pkg) by extensions ['colcon_meta']
[0.649s] Level 1:colcon.colcon_core.package_identification:_identify(src/lab01_pkg) by extension 'colcon_meta'
[0.649s] Level 1:colcon.colcon_core.package_identification:_identify(src/lab01_pkg) by extensions ['ros']
[0.649s] Level 1:colcon.colcon_core.package_identification:_identify(src/lab01_pkg) by extension 'ros'
[0.651s] DEBUG:colcon.colcon_core.package_identification:Package 'src/lab01_pkg' with type 'ros.ament_python' and name 'lab01_pkg'
[0.651s] Level 1:colcon.colcon_core.package_identification:_identify(src/lab02_interfaces) by extensions ['ignore', 'ignore_ament_install']
[0.651s] Level 1:colcon.colcon_core.package_identification:_identify(src/lab02_interfaces) by extension 'ignore'
[0.651s] Level 1:colcon.colcon_core.package_identification:_identify(src/lab02_interfaces) by extension 'ignore_ament_install'
[0.651s] Level 1:colcon.colcon_core.package_identification:_identify(src/lab02_interfaces) by extensions ['colcon_pkg']
[0.651s] Level 1:colcon.colcon_core.package_identification:_identify(src/lab02_interfaces) by extension 'colcon_pkg'
[0.651s] Level 1:colcon.colcon_core.package_identification:_identify(src/lab02_interfaces) by extensions ['colcon_meta']
[0.651s] Level 1:colcon.colcon_core.package_identification:_identify(src/lab02_interfaces) by extension 'colcon_meta'
[0.651s] Level 1:colcon.colcon_core.package_identification:_identify(src/lab02_interfaces) by extensions ['ros']
[0.651s] Level 1:colcon.colcon_core.package_identification:_identify(src/lab02_interfaces) by extension 'ros'
[0.652s] DEBUG:colcon.colcon_core.package_identification:Package 'src/lab02_interfaces' with type 'ros.ament_cmake' and name 'lab02_interfaces'
[0.652s] Level 1:colcon.colcon_core.package_identification:_identify(src/lab02_pkg) by extensions ['ignore', 'ignore_ament_install']
[0.652s] Level 1:colcon.colcon_core.package_identification:_identify(src/lab02_pkg) by extension 'ignore'
[0.652s] Level 1:colcon.colcon_core.package_identification:_identify(src/lab02_pkg) by extension 'ignore_ament_install'
[0.652s] Level 1:colcon.colcon_core.package_identification:_identify(src/lab02_pkg) by extensions ['colcon_pkg']
[0.652s] Level 1:colcon.colcon_core.package_identification:_identify(src/lab02_pkg) by extension 'colcon_pkg'
[0.652s] Level 1:colcon.colcon_core.package_identification:_identify(src/lab02_pkg) by extensions ['colcon_meta']
[0.652s] Level 1:colcon.colcon_core.package_identification:_identify(src/lab02_pkg) by extension 'colcon_meta'
[0.652s] Level 1:colcon.colcon_core.package_identification:_identify(src/lab02_pkg) by extensions ['ros']
[0.652s] Level 1:colcon.colcon_core.package_identification:_identify(src/lab02_pkg) by extension 'ros'
[0.653s] DEBUG:colcon.colcon_core.package_identification:Package 'src/lab02_pkg' with type 'ros.ament_python' and name 'lab02_pkg'
[0.653s] Level 1:colcon.colcon_core.package_identification:_identify(src/py_pubsub) by extensions ['ignore', 'ignore_ament_install']
[0.653s] Level 1:colcon.colcon_core.package_identification:_identify(src/py_pubsub) by extension 'ignore'
[0.653s] Level 1:colcon.colcon_core.package_identification:_identify(src/py_pubsub) by extension 'ignore_ament_install'
[0.653s] Level 1:colcon.colcon_core.package_identification:_identify(src/py_pubsub) by extensions ['colcon_pkg']
[0.653s] Level 1:colcon.colcon_core.package_identification:_identify(src/py_pubsub) by extension 'colcon_pkg'
[0.653s] Level 1:colcon.colcon_core.package_identification:_identify(src/py_pubsub) by extensions ['colcon_meta']
[0.653s] Level 1:colcon.colcon_core.package_identification:_identify(src/py_pubsub) by extension 'colcon_meta'
[0.653s] Level 1:colcon.colcon_core.package_identification:_identify(src/py_pubsub) by extensions ['ros']
[0.653s] Level 1:colcon.colcon_core.package_identification:_identify(src/py_pubsub) by extension 'ros'
[0.653s] DEBUG:colcon.colcon_core.package_identification:Package 'src/py_pubsub' with type 'ros.ament_python' and name 'py_pubsub'
[0.653s] Level 1:colcon.colcon_core.package_discovery:discover_packages(recursive) using defaults
[0.654s] Level 1:colcon.colcon_core.package_discovery:discover_packages(ignore) discover
[0.654s] Level 1:colcon.colcon_core.package_discovery:discover_packages(ignore) using defaults
[0.654s] Level 1:colcon.colcon_core.package_discovery:discover_packages(path) discover
[0.654s] Level 1:colcon.colcon_core.package_discovery:discover_packages(path) using defaults
[0.702s] Level 5:colcon.colcon_core.verb:set package 'lab01_pkg' build argument 'cmake_args' from command line to 'None'
[0.702s] Level 5:colcon.colcon_core.verb:set package 'lab01_pkg' build argument 'cmake_target' from command line to 'None'
[0.702s] Level 5:colcon.colcon_core.verb:set package 'lab01_pkg' build argument 'cmake_target_skip_unavailable' from command line to 'False'
[0.702s] Level 5:colcon.colcon_core.verb:set package 'lab01_pkg' build argument 'cmake_clean_cache' from command line to 'False'
[0.702s] Level 5:colcon.colcon_core.verb:set package 'lab01_pkg' build argument 'cmake_clean_first' from command line to 'False'
[0.702s] Level 5:colcon.colcon_core.verb:set package 'lab01_pkg' build argument 'cmake_force_configure' from command line to 'False'
[0.702s] Level 5:colcon.colcon_core.verb:set package 'lab01_pkg' build argument 'ament_cmake_args' from command line to 'None'
[0.702s] Level 5:colcon.colcon_core.verb:set package 'lab01_pkg' build argument 'catkin_cmake_args' from command line to 'None'
[0.702s] Level 5:colcon.colcon_core.verb:set package 'lab01_pkg' build argument 'catkin_skip_building_tests' from command line to 'False'
[0.702s] DEBUG:colcon.colcon_core.verb:Building package 'lab01_pkg' with the following arguments: {'ament_cmake_args': None, 'build_base': '/workspaces/SESARS_Labs/src/lab/build/lab01_pkg', 'catkin_cmake_args': None, 'catkin_skip_building_tests': False, 'cmake_args': None, 'cmake_clean_cache': False, 'cmake_clean_first': False, 'cmake_force_configure': False, 'cmake_target': None, 'cmake_target_skip_unavailable': False, 'install_base': '/workspaces/SESARS_Labs/src/lab/install/lab01_pkg', 'merge_install': False, 'path': '/workspaces/SESARS_Labs/src/lab/src/lab01_pkg', 'symlink_install': False, 'test_result_base': None}
[0.710s] Level 5:colcon.colcon_core.verb:set package 'lab02_interfaces' build argument 'cmake_args' from command line to 'None'
[0.710s] Level 5:colcon.colcon_core.verb:set package 'lab02_interfaces' build argument 'cmake_target' from command line to 'None'
[0.710s] Level 5:colcon.colcon_core.verb:set package 'lab02_interfaces' build argument 'cmake_target_skip_unavailable' from command line to 'False'
[0.710s] Level 5:colcon.colcon_core.verb:set package 'lab02_interfaces' build argument 'cmake_clean_cache' from command line to 'False'
[0.710s] Level 5:colcon.colcon_core.verb:set package 'lab02_interfaces' build argument 'cmake_clean_first' from command line to 'False'
[0.710s] Level 5:colcon.colcon_core.verb:set package 'lab02_interfaces' build argument 'cmake_force_configure' from command line to 'False'
[0.710s] Level 5:colcon.colcon_core.verb:set package 'lab02_interfaces' build argument 'ament_cmake_args' from command line to 'None'
[0.710s] Level 5:colcon.colcon_core.verb:set package 'lab02_interfaces' build argument 'catkin_cmake_args' from command line to 'None'
[0.710s] Level 5:colcon.colcon_core.verb:set package 'lab02_interfaces' build argument 'catkin_skip_building_tests' from command line to 'False'
[0.710s] DEBUG:colcon.colcon_core.verb:Building package 'lab02_interfaces' with the following arguments: {'ament_cmake_args': None, 'build_base': '/workspaces/SESARS_Labs/src/lab/build/lab02_interfaces', 'catkin_cmake_args': None, 'catkin_skip_building_tests': False, 'cmake_args': None, 'cmake_clean_cache': False, 'cmake_clean_first': False, 'cmake_force_configure': False, 'cmake_target': None, 'cmake_target_skip_unavailable': False, 'install_base': '/workspaces/SESARS_Labs/src/lab/install/lab02_interfaces', 'merge_install': False, 'path': '/workspaces/SESARS_Labs/src/lab/src/lab02_interfaces', 'symlink_install': False, 'test_result_base': None}
[0.718s] Level 5:colcon.colcon_core.verb:set package 'py_pubsub' build argument 'cmake_args' from command line to 'None'
[0.718s] Level 5:colcon.colcon_core.verb:set package 'py_pubsub' build argument 'cmake_target' from command line to 'None'
[0.719s] Level 5:colcon.colcon_core.verb:set package 'py_pubsub' build argument 'cmake_target_skip_unavailable' from command line to 'False'
[0.719s] Level 5:colcon.colcon_core.verb:set package 'py_pubsub' build argument 'cmake_clean_cache' from command line to 'False'
[0.719s] Level 5:colcon.colcon_core.verb:set package 'py_pubsub' build argument 'cmake_clean_first' from command line to 'False'
[0.719s] Level 5:colcon.colcon_core.verb:set package 'py_pubsub' build argument 'cmake_force_configure' from command line to 'False'
[0.719s] Level 5:colcon.colcon_core.verb:set package 'py_pubsub' build argument 'ament_cmake_args' from command line to 'None'
[0.719s] Level 5:colcon.colcon_core.verb:set package 'py_pubsub' build argument 'catkin_cmake_args' from command line to 'None'
[0.719s] Level 5:colcon.colcon_core.verb:set package 'py_pubsub' build argument 'catkin_skip_building_tests' from command line to 'False'
[0.719s] DEBUG:colcon.colcon_core.verb:Building package 'py_pubsub' with the following arguments: {'ament_cmake_args': None, 'build_base': '/workspaces/SESARS_Labs/src/lab/build/py_pubsub', 'catkin_cmake_args': None, 'catkin_skip_building_tests': False, 'cmake_args': None, 'cmake_clean_cache': False, 'cmake_clean_first': False, 'cmake_force_configure': False, 'cmake_target': None, 'cmake_target_skip_unavailable': False, 'install_base': '/workspaces/SESARS_Labs/src/lab/install/py_pubsub', 'merge_install': False, 'path': '/workspaces/SESARS_Labs/src/lab/src/py_pubsub', 'symlink_install': False, 'test_result_base': None}
[0.727s] Level 5:colcon.colcon_core.verb:set package 'lab02_pkg' build argument 'cmake_args' from command line to 'None'
[0.727s] Level 5:colcon.colcon_core.verb:set package 'lab02_pkg' build argument 'cmake_target' from command line to 'None'
[0.727s] Level 5:colcon.colcon_core.verb:set package 'lab02_pkg' build argument 'cmake_target_skip_unavailable' from command line to 'False'
[0.727s] Level 5:colcon.colcon_core.verb:set package 'lab02_pkg' build argument 'cmake_clean_cache' from command line to 'False'
[0.727s] Level 5:colcon.colcon_core.verb:set package 'lab02_pkg' build argument 'cmake_clean_first' from command line to 'False'
[0.727s] Level 5:colcon.colcon_core.verb:set package 'lab02_pkg' build argument 'cmake_force_configure' from command line to 'False'
[0.727s] Level 5:colcon.colcon_core.verb:set package 'lab02_pkg' build argument 'ament_cmake_args' from command line to 'None'
[0.727s] Level 5:colcon.colcon_core.verb:set package 'lab02_pkg' build argument 'catkin_cmake_args' from command line to 'None'
[0.727s] Level 5:colcon.colcon_core.verb:set package 'lab02_pkg' build argument 'catkin_skip_building_tests' from command line to 'False'
[0.727s] DEBUG:colcon.colcon_core.verb:Building package 'lab02_pkg' with the following arguments: {'ament_cmake_args': None, 'build_base': '/workspaces/SESARS_Labs/src/lab/build/lab02_pkg', 'catkin_cmake_args': None, 'catkin_skip_building_tests': False, 'cmake_args': None, 'cmake_clean_cache': False, 'cmake_clean_first': False, 'cmake_force_configure': False, 'cmake_target': None, 'cmake_target_skip_unavailable': False, 'install_base': '/workspaces/SESARS_Labs/src/lab/install/lab02_pkg', 'merge_install': False, 'path': '/workspaces/SESARS_Labs/src/lab/src/lab02_pkg', 'symlink_install': False, 'test_result_base': None}
[0.735s] INFO:colcon.colcon_core.executor:Executing jobs using 'parallel' executor
[0.744s] DEBUG:colcon.colcon_parallel_executor.executor.parallel:run_until_complete
[0.744s] INFO:colcon.colcon_ros.task.ament_cmake.build:Building ROS package in '/workspaces/SESARS_Labs/src/lab/src/lab02_interfaces' with build type 'ament_cmake'
[0.744s] INFO:colcon.colcon_cmake.task.cmake.build:Building CMake package in '/workspaces/SESARS_Labs/src/lab/src/lab02_interfaces'
[0.754s] INFO:colcon.colcon_core.plugin_system:Skipping extension 'colcon_core.shell.bat': Not used on non-Windows systems
[0.755s] INFO:colcon.colcon_core.shell:Skip shell extension 'powershell' for command environment: Not usable outside of PowerShell
[0.755s] DEBUG:colcon.colcon_core.shell:Skip shell extension 'dsv' for command environment
[0.763s] WARNING:colcon.colcon_ros.prefix_path.ament:The path '/workspaces/SESARS_Labs/src/lab/install/py_pubsub' in the environment variable AMENT_PREFIX_PATH doesn't exist
[0.763s] WARNING:colcon.colcon_ros.prefix_path.ament:The path '/workspaces/SESARS_Labs/src/lab/install/lab02_pkg' in the environment variable AMENT_PREFIX_PATH doesn't exist
[0.763s] WARNING:colcon.colcon_ros.prefix_path.ament:The path '/workspaces/SESARS_Labs/src/lab/install/lab02_interfaces' in the environment variable AMENT_PREFIX_PATH doesn't exist
[0.763s] WARNING:colcon.colcon_ros.prefix_path.ament:The path '/workspaces/SESARS_Labs/src/lab/install/lab01_pkg' in the environment variable AMENT_PREFIX_PATH doesn't exist
[0.763s] WARNING:colcon.colcon_ros.prefix_path.catkin:The path '/workspaces/SESARS_Labs/src/lab/install/lab02_interfaces' in the environment variable CMAKE_PREFIX_PATH doesn't exist
[0.784s] INFO:colcon.colcon_ros.task.ament_python.build:Building ROS package in '/workspaces/SESARS_Labs/src/lab/src/lab01_pkg' with build type 'ament_python'
[0.784s] Level 1:colcon.colcon_core.shell:create_environment_hook('lab01_pkg', 'ament_prefix_path')
[0.794s] INFO:colcon.colcon_core.shell:Creating environment hook '/workspaces/SESARS_Labs/src/lab/install/lab01_pkg/share/lab01_pkg/hook/ament_prefix_path.ps1'
[0.795s] INFO:colcon.colcon_core.shell:Creating environment descriptor '/workspaces/SESARS_Labs/src/lab/install/lab01_pkg/share/lab01_pkg/hook/ament_prefix_path.dsv'
[0.795s] INFO:colcon.colcon_core.shell:Creating environment hook '/workspaces/SESARS_Labs/src/lab/install/lab01_pkg/share/lab01_pkg/hook/ament_prefix_path.sh'
[0.803s] INFO:colcon.colcon_core.shell:Skip shell extension 'powershell' for command environment: Not usable outside of PowerShell
[0.803s] DEBUG:colcon.colcon_core.shell:Skip shell extension 'dsv' for command environment
[0.834s] INFO:colcon.colcon_ros.task.ament_python.build:Building ROS package in '/workspaces/SESARS_Labs/src/lab/src/py_pubsub' with build type 'ament_python'
[0.834s] Level 1:colcon.colcon_core.shell:create_environment_hook('py_pubsub', 'ament_prefix_path')
[0.845s] INFO:colcon.colcon_core.shell:Creating environment hook '/workspaces/SESARS_Labs/src/lab/install/py_pubsub/share/py_pubsub/hook/ament_prefix_path.ps1'
[0.846s] INFO:colcon.colcon_core.shell:Creating environment descriptor '/workspaces/SESARS_Labs/src/lab/install/py_pubsub/share/py_pubsub/hook/ament_prefix_path.dsv'
[0.847s] INFO:colcon.colcon_core.shell:Creating environment hook '/workspaces/SESARS_Labs/src/lab/install/py_pubsub/share/py_pubsub/hook/ament_prefix_path.sh'
[0.863s] INFO:colcon.colcon_core.shell:Skip shell extension 'powershell' for command environment: Not usable outside of PowerShell
[0.863s] DEBUG:colcon.colcon_core.shell:Skip shell extension 'dsv' for command environment
[0.908s] DEBUG:colcon.colcon_core.event_handler.log_command:Invoking command in '/workspaces/SESARS_Labs/src/lab/build/lab02_interfaces': CMAKE_PREFIX_PATH=${CMAKE_PREFIX_PATH}:/workspaces/SESARS_Labs/src/lab/install/py_pubsub:/workspaces/SESARS_Labs/src/lab/install/lab02_pkg:/workspaces/SESARS_Labs/src/lab/install/lab01_pkg:/opt/ros/humble /usr/bin/cmake /workspaces/SESARS_Labs/src/lab/src/lab02_interfaces -DCMAKE_INSTALL_PREFIX=/workspaces/SESARS_Labs/src/lab/install/lab02_interfaces
[1.100s] INFO:colcon.colcon_core.task.python.build:Building Python package in '/workspaces/SESARS_Labs/src/lab/src/lab01_pkg'
[1.109s] INFO:colcon.colcon_core.shell:Skip shell extension 'powershell' for command environment: Not usable outside of PowerShell
[1.109s] DEBUG:colcon.colcon_core.shell:Skip shell extension 'dsv' for command environment
[1.324s] INFO:colcon.colcon_core.task.python.build:Building Python package in '/workspaces/SESARS_Labs/src/lab/src/py_pubsub'
[1.341s] INFO:colcon.colcon_core.shell:Skip shell extension 'powershell' for command environment: Not usable outside of PowerShell
[1.341s] DEBUG:colcon.colcon_core.shell:Skip shell extension 'dsv' for command environment
[1.662s] DEBUG:colcon.colcon_core.event_handler.log_command:Invoking command in '/workspaces/SESARS_Labs/src/lab/src/py_pubsub': PYTHONPATH=/workspaces/SESARS_Labs/src/lab/build/py_pubsub/prefix_override:/workspaces/SESARS_Labs/src/lab/install/py_pubsub/lib/python3.10/site-packages:${PYTHONPATH} /usr/bin/python3 setup.py egg_info --egg-base ../../build/py_pubsub build --build-base /workspaces/SESARS_Labs/src/lab/build/py_pubsub/build install --record /workspaces/SESARS_Labs/src/lab/build/py_pubsub/install.log --single-version-externally-managed
[1.666s] DEBUG:colcon.colcon_core.event_handler.log_command:Invoking command in '/workspaces/SESARS_Labs/src/lab/src/lab01_pkg': PYTHONPATH=/workspaces/SESARS_Labs/src/lab/build/lab01_pkg/prefix_override:/workspaces/SESARS_Labs/src/lab/install/lab01_pkg/lib/python3.10/site-packages:${PYTHONPATH} /usr/bin/python3 setup.py egg_info --egg-base ../../build/lab01_pkg build --build-base /workspaces/SESARS_Labs/src/lab/build/lab01_pkg/build install --record /workspaces/SESARS_Labs/src/lab/build/lab01_pkg/install.log --single-version-externally-managed
[1.889s] DEBUG:colcon.colcon_core.event_handler.log_command:Invoked command in '/workspaces/SESARS_Labs/src/lab/src/py_pubsub' returned '0': PYTHONPATH=/workspaces/SESARS_Labs/src/lab/build/py_pubsub/prefix_override:/workspaces/SESARS_Labs/src/lab/install/py_pubsub/lib/python3.10/site-packages:${PYTHONPATH} /usr/bin/python3 setup.py egg_info --egg-base ../../build/py_pubsub build --build-base /workspaces/SESARS_Labs/src/lab/build/py_pubsub/build install --record /workspaces/SESARS_Labs/src/lab/build/py_pubsub/install.log --single-version-externally-managed
[1.905s] Level 1:colcon.colcon_core.environment:checking '/workspaces/SESARS_Labs/src/lab/install/py_pubsub' for CMake module files
[1.905s] Level 1:colcon.colcon_core.environment:checking '/workspaces/SESARS_Labs/src/lab/install/py_pubsub' for CMake config files
[1.905s] Level 1:colcon.colcon_core.environment:checking '/workspaces/SESARS_Labs/src/lab/install/py_pubsub/lib'
[1.906s] Level 1:colcon.colcon_core.environment:checking '/workspaces/SESARS_Labs/src/lab/install/py_pubsub/bin'
[1.906s] Level 1:colcon.colcon_core.environment:checking '/workspaces/SESARS_Labs/src/lab/install/py_pubsub/lib/pkgconfig/py_pubsub.pc'
[1.906s] Level 1:colcon.colcon_core.environment:checking '/workspaces/SESARS_Labs/src/lab/install/py_pubsub/lib/python3.10/site-packages'
[1.906s] Level 1:colcon.colcon_core.shell:create_environment_hook('py_pubsub', 'pythonpath')
[1.921s] INFO:colcon.colcon_core.shell:Creating environment hook '/workspaces/SESARS_Labs/src/lab/install/py_pubsub/share/py_pubsub/hook/pythonpath.ps1'
[1.922s] INFO:colcon.colcon_core.shell:Creating environment descriptor '/workspaces/SESARS_Labs/src/lab/install/py_pubsub/share/py_pubsub/hook/pythonpath.dsv'
[1.922s] INFO:colcon.colcon_core.shell:Creating environment hook '/workspaces/SESARS_Labs/src/lab/install/py_pubsub/share/py_pubsub/hook/pythonpath.sh'
[1.922s] Level 1:colcon.colcon_core.environment:checking '/workspaces/SESARS_Labs/src/lab/install/py_pubsub/bin'
[1.922s] Level 1:colcon.colcon_core.environment:create_environment_scripts_only(py_pubsub)
[1.932s] INFO:colcon.colcon_core.shell:Creating package script '/workspaces/SESARS_Labs/src/lab/install/py_pubsub/share/py_pubsub/package.ps1'
[1.933s] INFO:colcon.colcon_core.shell:Creating package descriptor '/workspaces/SESARS_Labs/src/lab/install/py_pubsub/share/py_pubsub/package.dsv'
[1.933s] INFO:colcon.colcon_core.shell:Creating package script '/workspaces/SESARS_Labs/src/lab/install/py_pubsub/share/py_pubsub/package.sh'
[1.934s] INFO:colcon.colcon_core.shell:Creating package script '/workspaces/SESARS_Labs/src/lab/install/py_pubsub/share/py_pubsub/package.bash'
[1.935s] INFO:colcon.colcon_core.shell:Creating package script '/workspaces/SESARS_Labs/src/lab/install/py_pubsub/share/py_pubsub/package.zsh'
[1.935s] Level 1:colcon.colcon_core.environment:create_file_with_runtime_dependencies(/workspaces/SESARS_Labs/src/lab/install/py_pubsub/share/colcon-core/packages/py_pubsub)
[1.938s] DEBUG:colcon.colcon_core.event_handler.log_command:Invoked command in '/workspaces/SESARS_Labs/src/lab/src/lab01_pkg' returned '0': PYTHONPATH=/workspaces/SESARS_Labs/src/lab/build/lab01_pkg/prefix_override:/workspaces/SESARS_Labs/src/lab/install/lab01_pkg/lib/python3.10/site-packages:${PYTHONPATH} /usr/bin/python3 setup.py egg_info --egg-base ../../build/lab01_pkg build --build-base /workspaces/SESARS_Labs/src/lab/build/lab01_pkg/build install --record /workspaces/SESARS_Labs/src/lab/build/lab01_pkg/install.log --single-version-externally-managed
[1.952s] Level 1:colcon.colcon_core.environment:checking '/workspaces/SESARS_Labs/src/lab/install/lab01_pkg' for CMake module files
[1.952s] Level 1:colcon.colcon_core.environment:checking '/workspaces/SESARS_Labs/src/lab/install/lab01_pkg' for CMake config files
[1.953s] Level 1:colcon.colcon_core.environment:checking '/workspaces/SESARS_Labs/src/lab/install/lab01_pkg/lib'
[1.953s] Level 1:colcon.colcon_core.environment:checking '/workspaces/SESARS_Labs/src/lab/install/lab01_pkg/bin'
[1.954s] Level 1:colcon.colcon_core.environment:checking '/workspaces/SESARS_Labs/src/lab/install/lab01_pkg/lib/pkgconfig/lab01_pkg.pc'
[1.954s] Level 1:colcon.colcon_core.environment:checking '/workspaces/SESARS_Labs/src/lab/install/lab01_pkg/lib/python3.10/site-packages'
[1.954s] Level 1:colcon.colcon_core.shell:create_environment_hook('lab01_pkg', 'pythonpath')
[1.964s] INFO:colcon.colcon_core.shell:Creating environment hook '/workspaces/SESARS_Labs/src/lab/install/lab01_pkg/share/lab01_pkg/hook/pythonpath.ps1'
[1.964s] INFO:colcon.colcon_core.shell:Creating environment descriptor '/workspaces/SESARS_Labs/src/lab/install/lab01_pkg/share/lab01_pkg/hook/pythonpath.dsv'
[1.964s] INFO:colcon.colcon_core.shell:Creating environment hook '/workspaces/SESARS_Labs/src/lab/install/lab01_pkg/share/lab01_pkg/hook/pythonpath.sh'
[1.965s] Level 1:colcon.colcon_core.environment:checking '/workspaces/SESARS_Labs/src/lab/install/lab01_pkg/bin'
[1.965s] Level 1:colcon.colcon_core.environment:create_environment_scripts_only(lab01_pkg)
[1.975s] INFO:colcon.colcon_core.shell:Creating package script '/workspaces/SESARS_Labs/src/lab/install/lab01_pkg/share/lab01_pkg/package.ps1'
[1.975s] INFO:colcon.colcon_core.shell:Creating package descriptor '/workspaces/SESARS_Labs/src/lab/install/lab01_pkg/share/lab01_pkg/package.dsv'
[1.976s] INFO:colcon.colcon_core.shell:Creating package script '/workspaces/SESARS_Labs/src/lab/install/lab01_pkg/share/lab01_pkg/package.sh'
[1.976s] INFO:colcon.colcon_core.shell:Creating package script '/workspaces/SESARS_Labs/src/lab/install/lab01_pkg/share/lab01_pkg/package.bash'
[1.976s] INFO:colcon.colcon_core.shell:Creating package script '/workspaces/SESARS_Labs/src/lab/install/lab01_pkg/share/lab01_pkg/package.zsh'
[1.976s] Level 1:colcon.colcon_core.environment:create_file_with_runtime_dependencies(/workspaces/SESARS_Labs/src/lab/install/lab01_pkg/share/colcon-core/packages/lab01_pkg)
[2.557s] DEBUG:colcon.colcon_core.event_handler.log_command:Invoked command in '/workspaces/SESARS_Labs/src/lab/build/lab02_interfaces' returned '0': CMAKE_PREFIX_PATH=${CMAKE_PREFIX_PATH}:/workspaces/SESARS_Labs/src/lab/install/py_pubsub:/workspaces/SESARS_Labs/src/lab/install/lab02_pkg:/workspaces/SESARS_Labs/src/lab/install/lab01_pkg:/opt/ros/humble /usr/bin/cmake /workspaces/SESARS_Labs/src/lab/src/lab02_interfaces -DCMAKE_INSTALL_PREFIX=/workspaces/SESARS_Labs/src/lab/install/lab02_interfaces
[2.560s] DEBUG:colcon.colcon_core.event_handler.log_command:Invoking command in '/workspaces/SESARS_Labs/src/lab/build/lab02_interfaces': CMAKE_PREFIX_PATH=${CMAKE_PREFIX_PATH}:/workspaces/SESARS_Labs/src/lab/install/py_pubsub:/workspaces/SESARS_Labs/src/lab/install/lab02_pkg:/workspaces/SESARS_Labs/src/lab/install/lab01_pkg:/opt/ros/humble /usr/bin/cmake --build /workspaces/SESARS_Labs/src/lab/build/lab02_interfaces -- -j12 -l12
[5.715s] DEBUG:colcon.colcon_core.event_handler.log_command:Invoked command in '/workspaces/SESARS_Labs/src/lab/build/lab02_interfaces' returned '0': CMAKE_PREFIX_PATH=${CMAKE_PREFIX_PATH}:/workspaces/SESARS_Labs/src/lab/install/py_pubsub:/workspaces/SESARS_Labs/src/lab/install/lab02_pkg:/workspaces/SESARS_Labs/src/lab/install/lab01_pkg:/opt/ros/humble /usr/bin/cmake --build /workspaces/SESARS_Labs/src/lab/build/lab02_interfaces -- -j12 -l12
[5.790s] DEBUG:colcon.colcon_core.event_handler.log_command:Invoking command in '/workspaces/SESARS_Labs/src/lab/build/lab02_interfaces': CMAKE_PREFIX_PATH=${CMAKE_PREFIX_PATH}:/workspaces/SESARS_Labs/src/lab/install/py_pubsub:/workspaces/SESARS_Labs/src/lab/install/lab02_pkg:/workspaces/SESARS_Labs/src/lab/install/lab01_pkg:/opt/ros/humble /usr/bin/cmake --install /workspaces/SESARS_Labs/src/lab/build/lab02_interfaces
[5.863s] Level 1:colcon.colcon_core.environment:create_environment_scripts_only(lab02_interfaces)
[5.864s] DEBUG:colcon.colcon_core.event_handler.log_command:Invoked command in '/workspaces/SESARS_Labs/src/lab/build/lab02_interfaces' returned '0': CMAKE_PREFIX_PATH=${CMAKE_PREFIX_PATH}:/workspaces/SESARS_Labs/src/lab/install/py_pubsub:/workspaces/SESARS_Labs/src/lab/install/lab02_pkg:/workspaces/SESARS_Labs/src/lab/install/lab01_pkg:/opt/ros/humble /usr/bin/cmake --install /workspaces/SESARS_Labs/src/lab/build/lab02_interfaces
[5.877s] Level 1:colcon.colcon_core.environment:checking '/workspaces/SESARS_Labs/src/lab/install/lab02_interfaces' for CMake module files
[5.878s] Level 1:colcon.colcon_core.environment:checking '/workspaces/SESARS_Labs/src/lab/install/lab02_interfaces' for CMake config files
[5.878s] Level 1:colcon.colcon_core.shell:create_environment_hook('lab02_interfaces', 'cmake_prefix_path')
[5.887s] INFO:colcon.colcon_core.shell:Creating environment hook '/workspaces/SESARS_Labs/src/lab/install/lab02_interfaces/share/lab02_interfaces/hook/cmake_prefix_path.ps1'
[5.887s] INFO:colcon.colcon_core.shell:Creating environment descriptor '/workspaces/SESARS_Labs/src/lab/install/lab02_interfaces/share/lab02_interfaces/hook/cmake_prefix_path.dsv'
[5.887s] INFO:colcon.colcon_core.shell:Creating environment hook '/workspaces/SESARS_Labs/src/lab/install/lab02_interfaces/share/lab02_interfaces/hook/cmake_prefix_path.sh'
[5.888s] Level 1:colcon.colcon_core.environment:checking '/workspaces/SESARS_Labs/src/lab/install/lab02_interfaces/lib'
[5.888s] Level 1:colcon.colcon_core.shell:create_environment_hook('lab02_interfaces', 'ld_library_path_lib')
[5.897s] INFO:colcon.colcon_core.shell:Creating environment hook '/workspaces/SESARS_Labs/src/lab/install/lab02_interfaces/share/lab02_interfaces/hook/ld_library_path_lib.ps1'
[5.897s] INFO:colcon.colcon_core.shell:Creating environment descriptor '/workspaces/SESARS_Labs/src/lab/install/lab02_interfaces/share/lab02_interfaces/hook/ld_library_path_lib.dsv'
[5.897s] INFO:colcon.colcon_core.shell:Creating environment hook '/workspaces/SESARS_Labs/src/lab/install/lab02_interfaces/share/lab02_interfaces/hook/ld_library_path_lib.sh'
[5.897s] Level 1:colcon.colcon_core.environment:checking '/workspaces/SESARS_Labs/src/lab/install/lab02_interfaces/bin'
[5.897s] Level 1:colcon.colcon_core.environment:checking '/workspaces/SESARS_Labs/src/lab/install/lab02_interfaces/lib/pkgconfig/lab02_interfaces.pc'
[5.898s] Level 1:colcon.colcon_core.environment:checking '/workspaces/SESARS_Labs/src/lab/install/lab02_interfaces/lib/python3.10/site-packages'
[5.898s] Level 1:colcon.colcon_core.environment:checking '/workspaces/SESARS_Labs/src/lab/install/lab02_interfaces/bin'
[5.907s] INFO:colcon.colcon_core.shell:Creating package script '/workspaces/SESARS_Labs/src/lab/install/lab02_interfaces/share/lab02_interfaces/package.ps1'
[5.907s] INFO:colcon.colcon_core.shell:Creating package descriptor '/workspaces/SESARS_Labs/src/lab/install/lab02_interfaces/share/lab02_interfaces/package.dsv'
[5.907s] INFO:colcon.colcon_core.shell:Creating package script '/workspaces/SESARS_Labs/src/lab/install/lab02_interfaces/share/lab02_interfaces/package.sh'
[5.908s] INFO:colcon.colcon_core.shell:Creating package script '/workspaces/SESARS_Labs/src/lab/install/lab02_interfaces/share/lab02_interfaces/package.bash'
[5.908s] INFO:colcon.colcon_core.shell:Creating package script '/workspaces/SESARS_Labs/src/lab/install/lab02_interfaces/share/lab02_interfaces/package.zsh'
[5.908s] Level 1:colcon.colcon_core.environment:create_file_with_runtime_dependencies(/workspaces/SESARS_Labs/src/lab/install/lab02_interfaces/share/colcon-core/packages/lab02_interfaces)
[5.981s] Level 1:colcon.colcon_core.environment:create_environment_scripts_only(lab02_interfaces)
[5.991s] Level 1:colcon.colcon_core.environment:checking '/workspaces/SESARS_Labs/src/lab/install/lab02_interfaces' for CMake module files
[5.991s] Level 1:colcon.colcon_core.environment:checking '/workspaces/SESARS_Labs/src/lab/install/lab02_interfaces' for CMake config files
[5.992s] Level 1:colcon.colcon_core.shell:create_environment_hook('lab02_interfaces', 'cmake_prefix_path')
[6.001s] INFO:colcon.colcon_core.shell:Creating environment hook '/workspaces/SESARS_Labs/src/lab/install/lab02_interfaces/share/lab02_interfaces/hook/cmake_prefix_path.ps1'
[6.001s] INFO:colcon.colcon_core.shell:Creating environment descriptor '/workspaces/SESARS_Labs/src/lab/install/lab02_interfaces/share/lab02_interfaces/hook/cmake_prefix_path.dsv'
[6.001s] INFO:colcon.colcon_core.shell:Creating environment hook '/workspaces/SESARS_Labs/src/lab/install/lab02_interfaces/share/lab02_interfaces/hook/cmake_prefix_path.sh'
[6.002s] Level 1:colcon.colcon_core.environment:checking '/workspaces/SESARS_Labs/src/lab/install/lab02_interfaces/lib'
[6.002s] Level 1:colcon.colcon_core.shell:create_environment_hook('lab02_interfaces', 'ld_library_path_lib')
[6.010s] INFO:colcon.colcon_core.shell:Creating environment hook '/workspaces/SESARS_Labs/src/lab/install/lab02_interfaces/share/lab02_interfaces/hook/ld_library_path_lib.ps1'
[6.011s] INFO:colcon.colcon_core.shell:Creating environment descriptor '/workspaces/SESARS_Labs/src/lab/install/lab02_interfaces/share/lab02_interfaces/hook/ld_library_path_lib.dsv'
[6.011s] INFO:colcon.colcon_core.shell:Creating environment hook '/workspaces/SESARS_Labs/src/lab/install/lab02_interfaces/share/lab02_interfaces/hook/ld_library_path_lib.sh'
[6.011s] Level 1:colcon.colcon_core.environment:checking '/workspaces/SESARS_Labs/src/lab/install/lab02_interfaces/bin'
[6.011s] Level 1:colcon.colcon_core.environment:checking '/workspaces/SESARS_Labs/src/lab/install/lab02_interfaces/lib/pkgconfig/lab02_interfaces.pc'
[6.011s] Level 1:colcon.colcon_core.environment:checking '/workspaces/SESARS_Labs/src/lab/install/lab02_interfaces/lib/python3.10/site-packages'
[6.011s] Level 1:colcon.colcon_core.environment:checking '/workspaces/SESARS_Labs/src/lab/install/lab02_interfaces/bin'
[6.020s] INFO:colcon.colcon_core.shell:Creating package script '/workspaces/SESARS_Labs/src/lab/install/lab02_interfaces/share/lab02_interfaces/package.ps1'
[6.020s] INFO:colcon.colcon_core.shell:Creating package descriptor '/workspaces/SESARS_Labs/src/lab/install/lab02_interfaces/share/lab02_interfaces/package.dsv'
[6.021s] INFO:colcon.colcon_core.shell:Creating package script '/workspaces/SESARS_Labs/src/lab/install/lab02_interfaces/share/lab02_interfaces/package.sh'
[6.021s] INFO:colcon.colcon_core.shell:Creating package script '/workspaces/SESARS_Labs/src/lab/install/lab02_interfaces/share/lab02_interfaces/package.bash'
[6.021s] INFO:colcon.colcon_core.shell:Creating package script '/workspaces/SESARS_Labs/src/lab/install/lab02_interfaces/share/lab02_interfaces/package.zsh'
[6.022s] Level 1:colcon.colcon_core.environment:create_file_with_runtime_dependencies(/workspaces/SESARS_Labs/src/lab/install/lab02_interfaces/share/colcon-core/packages/lab02_interfaces)
[6.022s] INFO:colcon.colcon_ros.task.ament_python.build:Building ROS package in '/workspaces/SESARS_Labs/src/lab/src/lab02_pkg' with build type 'ament_python'
[6.022s] Level 1:colcon.colcon_core.shell:create_environment_hook('lab02_pkg', 'ament_prefix_path')
[6.032s] INFO:colcon.colcon_core.shell:Creating environment hook '/workspaces/SESARS_Labs/src/lab/install/lab02_pkg/share/lab02_pkg/hook/ament_prefix_path.ps1'
[6.032s] INFO:colcon.colcon_core.shell:Creating environment descriptor '/workspaces/SESARS_Labs/src/lab/install/lab02_pkg/share/lab02_pkg/hook/ament_prefix_path.dsv'
[6.032s] INFO:colcon.colcon_core.shell:Creating environment hook '/workspaces/SESARS_Labs/src/lab/install/lab02_pkg/share/lab02_pkg/hook/ament_prefix_path.sh'
[6.041s] INFO:colcon.colcon_core.shell:Skip shell extension 'powershell' for command environment: Not usable outside of PowerShell
[6.041s] DEBUG:colcon.colcon_core.shell:Skip shell extension 'dsv' for command environment
[6.261s] INFO:colcon.colcon_core.task.python.build:Building Python package in '/workspaces/SESARS_Labs/src/lab/src/lab02_pkg'
[6.275s] INFO:colcon.colcon_core.shell:Skip shell extension 'powershell' for command environment: Not usable outside of PowerShell
[6.275s] DEBUG:colcon.colcon_core.shell:Skip shell extension 'dsv' for command environment
[6.577s] DEBUG:colcon.colcon_core.event_handler.log_command:Invoking command in '/workspaces/SESARS_Labs/src/lab/src/lab02_pkg': PYTHONPATH=/workspaces/SESARS_Labs/src/lab/build/lab02_pkg/prefix_override:/workspaces/SESARS_Labs/src/lab/install/lab02_pkg/lib/python3.10/site-packages:${PYTHONPATH} /usr/bin/python3 setup.py egg_info --egg-base ../../build/lab02_pkg build --build-base /workspaces/SESARS_Labs/src/lab/build/lab02_pkg/build install --record /workspaces/SESARS_Labs/src/lab/build/lab02_pkg/install.log --single-version-externally-managed
[6.787s] DEBUG:colcon.colcon_core.event_handler.log_command:Invoked command in '/workspaces/SESARS_Labs/src/lab/src/lab02_pkg' returned '0': PYTHONPATH=/workspaces/SESARS_Labs/src/lab/build/lab02_pkg/prefix_override:/workspaces/SESARS_Labs/src/lab/install/lab02_pkg/lib/python3.10/site-packages:${PYTHONPATH} /usr/bin/python3 setup.py egg_info --egg-base ../../build/lab02_pkg build --build-base /workspaces/SESARS_Labs/src/lab/build/lab02_pkg/build install --record /workspaces/SESARS_Labs/src/lab/build/lab02_pkg/install.log --single-version-externally-managed
[6.801s] Level 1:colcon.colcon_core.environment:checking '/workspaces/SESARS_Labs/src/lab/install/lab02_pkg' for CMake module files
[6.801s] Level 1:colcon.colcon_core.environment:checking '/workspaces/SESARS_Labs/src/lab/install/lab02_pkg' for CMake config files
[6.802s] Level 1:colcon.colcon_core.environment:checking '/workspaces/SESARS_Labs/src/lab/install/lab02_pkg/lib'
[6.802s] Level 1:colcon.colcon_core.environment:checking '/workspaces/SESARS_Labs/src/lab/install/lab02_pkg/bin'
[6.802s] Level 1:colcon.colcon_core.environment:checking '/workspaces/SESARS_Labs/src/lab/install/lab02_pkg/lib/pkgconfig/lab02_pkg.pc'
[6.802s] Level 1:colcon.colcon_core.environment:checking '/workspaces/SESARS_Labs/src/lab/install/lab02_pkg/lib/python3.10/site-packages'
[6.802s] Level 1:colcon.colcon_core.shell:create_environment_hook('lab02_pkg', 'pythonpath')
[6.811s] INFO:colcon.colcon_core.shell:Creating environment hook '/workspaces/SESARS_Labs/src/lab/install/lab02_pkg/share/lab02_pkg/hook/pythonpath.ps1'
[6.811s] INFO:colcon.colcon_core.shell:Creating environment descriptor '/workspaces/SESARS_Labs/src/lab/install/lab02_pkg/share/lab02_pkg/hook/pythonpath.dsv'
[6.811s] INFO:colcon.colcon_core.shell:Creating environment hook '/workspaces/SESARS_Labs/src/lab/install/lab02_pkg/share/lab02_pkg/hook/pythonpath.sh'
[6.811s] Level 1:colcon.colcon_core.environment:checking '/workspaces/SESARS_Labs/src/lab/install/lab02_pkg/bin'
[6.812s] Level 1:colcon.colcon_core.environment:create_environment_scripts_only(lab02_pkg)
[6.820s] INFO:colcon.colcon_core.shell:Creating package script '/workspaces/SESARS_Labs/src/lab/install/lab02_pkg/share/lab02_pkg/package.ps1'
[6.821s] INFO:colcon.colcon_core.shell:Creating package descriptor '/workspaces/SESARS_Labs/src/lab/install/lab02_pkg/share/lab02_pkg/package.dsv'
[6.821s] INFO:colcon.colcon_core.shell:Creating package script '/workspaces/SESARS_Labs/src/lab/install/lab02_pkg/share/lab02_pkg/package.sh'
[6.821s] INFO:colcon.colcon_core.shell:Creating package script '/workspaces/SESARS_Labs/src/lab/install/lab02_pkg/share/lab02_pkg/package.bash'
[6.821s] INFO:colcon.colcon_core.shell:Creating package script '/workspaces/SESARS_Labs/src/lab/install/lab02_pkg/share/lab02_pkg/package.zsh'
[6.821s] Level 1:colcon.colcon_core.environment:create_file_with_runtime_dependencies(/workspaces/SESARS_Labs/src/lab/install/lab02_pkg/share/colcon-core/packages/lab02_pkg)
[6.822s] DEBUG:colcon.colcon_parallel_executor.executor.parallel:closing loop
[6.822s] DEBUG:colcon.colcon_parallel_executor.executor.parallel:loop closed
[6.822s] DEBUG:colcon.colcon_parallel_executor.executor.parallel:run_until_complete finished with '0'
[6.822s] DEBUG:colcon.colcon_core.event_reactor:joining thread
[6.839s] INFO:colcon.colcon_core.plugin_system:Skipping extension 'colcon_notification.desktop_notification.notify_send': Could not find 'notify-send'
[6.839s] INFO:colcon.colcon_core.plugin_system:Skipping extension 'colcon_notification.desktop_notification.terminal_notifier': Not used on non-Darwin systems
[6.839s] INFO:colcon.colcon_core.plugin_system:Skipping extension 'colcon_notification.desktop_notification.win32': Not used on non-Windows systems
[6.839s] INFO:colcon.colcon_notification.desktop_notification:Sending desktop notification using 'notify2'
[6.841s] DEBUG:colcon.colcon_notification.desktop_notification.notify2:Failed to initialize notify2: org.freedesktop.DBus.Error.Spawn.ExecFailed: /usr/bin/dbus-launch terminated abnormally without any error message
[6.842s] DEBUG:colcon.colcon_core.event_reactor:joined thread
[6.858s] INFO:colcon.colcon_core.shell:Creating prefix script '/workspaces/SESARS_Labs/src/lab/install/local_setup.ps1'
[6.860s] INFO:colcon.colcon_core.shell:Creating prefix util module '/workspaces/SESARS_Labs/src/lab/install/_local_setup_util_ps1.py'
[6.861s] INFO:colcon.colcon_core.shell:Creating prefix chain script '/workspaces/SESARS_Labs/src/lab/install/setup.ps1'
[6.871s] INFO:colcon.colcon_core.shell:Creating prefix script '/workspaces/SESARS_Labs/src/lab/install/local_setup.sh'
[6.872s] INFO:colcon.colcon_core.shell:Creating prefix util module '/workspaces/SESARS_Labs/src/lab/install/_local_setup_util_sh.py'
[6.872s] INFO:colcon.colcon_core.shell:Creating prefix chain script '/workspaces/SESARS_Labs/src/lab/install/setup.sh'
[6.881s] INFO:colcon.colcon_core.shell:Creating prefix script '/workspaces/SESARS_Labs/src/lab/install/local_setup.bash'
[6.882s] INFO:colcon.colcon_core.shell:Creating prefix chain script '/workspaces/SESARS_Labs/src/lab/install/setup.bash'
[6.891s] INFO:colcon.colcon_core.shell:Creating prefix script '/workspaces/SESARS_Labs/src/lab/install/local_setup.zsh'
[6.892s] INFO:colcon.colcon_core.shell:Creating prefix chain script '/workspaces/SESARS_Labs/src/lab/install/setup.zsh'
