running egg_info
writing ../../build/lab02_pkg/lab02_pkg.egg-info/PKG-INFO
writing dependency_links to ../../build/lab02_pkg/lab02_pkg.egg-info/dependency_links.txt
writing entry points to ../../build/lab02_pkg/lab02_pkg.egg-info/entry_points.txt
writing requirements to ../../build/lab02_pkg/lab02_pkg.egg-info/requires.txt
writing top-level names to ../../build/lab02_pkg/lab02_pkg.egg-info/top_level.txt
reading manifest file '../../build/lab02_pkg/lab02_pkg.egg-info/SOURCES.txt'
writing manifest file '../../build/lab02_pkg/lab02_pkg.egg-info/SOURCES.txt'
running build
running build_py
copying lab02_pkg/turtle1_move_forward.py -> /workspaces/SESARS_Labs/src/lab/build/lab02_pkg/build/lib/lab02_pkg
running install
running install_lib
/usr/lib/python3/dist-packages/setuptools/command/install.py:34: SetuptoolsDeprecationWarning: setup.py install is deprecated. Use build and pip and other standards-based tools.
  warnings.warn(
copying /workspaces/SESARS_Labs/src/lab/build/lab02_pkg/build/lib/lab02_pkg/turtle1_move_forward.py -> /workspaces/SESARS_Labs/src/lab/install/lab02_pkg/lib/python3.10/site-packages/lab02_pkg
byte-compiling /workspaces/SESARS_Labs/src/lab/install/lab02_pkg/lib/python3.10/site-packages/lab02_pkg/turtle1_move_forward.py to turtle1_move_forward.cpython-310.pyc
running install_data
running install_egg_info
removing '/workspaces/SESARS_Labs/src/lab/install/lab02_pkg/lib/python3.10/site-packages/lab02_pkg-0.0.0-py3.10.egg-info' (and everything under it)
Copying ../../build/lab02_pkg/lab02_pkg.egg-info to /workspaces/SESARS_Labs/src/lab/install/lab02_pkg/lib/python3.10/site-packages/lab02_pkg-0.0.0-py3.10.egg-info
running install_scripts
Installing turtle1_compute_trajectory script to /workspaces/SESARS_Labs/src/lab/install/lab02_pkg/lib/lab02_pkg
Installing turtle1_move_forward script to /workspaces/SESARS_Labs/src/lab/install/lab02_pkg/lib/lab02_pkg
writing list of installed files to '/workspaces/SESARS_Labs/src/lab/build/lab02_pkg/install.log'
