[0.660s] Invoking command in '/workspaces/SESARS_Labs/src/lab/src/lab02_pkg': PYTHONPATH=/workspaces/SESARS_Labs/src/lab/build/lab02_pkg/prefix_override:/workspaces/SESARS_Labs/src/lab/install/lab02_pkg/lib/python3.10/site-packages:${PYTHONPATH} /usr/bin/python3 setup.py egg_info --egg-base ../../build/lab02_pkg build --build-base /workspaces/SESARS_Labs/src/lab/build/lab02_pkg/build install --record /workspaces/SESARS_Labs/src/lab/build/lab02_pkg/install.log --single-version-externally-managed
[0.831s] running egg_info
[0.831s] writing ../../build/lab02_pkg/lab02_pkg.egg-info/PKG-INFO
[0.832s] writing dependency_links to ../../build/lab02_pkg/lab02_pkg.egg-info/dependency_links.txt
[0.832s] writing entry points to ../../build/lab02_pkg/lab02_pkg.egg-info/entry_points.txt
[0.832s] writing requirements to ../../build/lab02_pkg/lab02_pkg.egg-info/requires.txt
[0.832s] writing top-level names to ../../build/lab02_pkg/lab02_pkg.egg-info/top_level.txt
[0.833s] reading manifest file '../../build/lab02_pkg/lab02_pkg.egg-info/SOURCES.txt'
[0.834s] writing manifest file '../../build/lab02_pkg/lab02_pkg.egg-info/SOURCES.txt'
[0.834s] running build
[0.834s] running build_py
[0.834s] copying lab02_pkg/turtle1_move_forward.py -> /workspaces/SESARS_Labs/src/lab/build/lab02_pkg/build/lib/lab02_pkg
[0.835s] running install
[0.835s] running install_lib
[0.835s] /usr/lib/python3/dist-packages/setuptools/command/install.py:34: SetuptoolsDeprecationWarning: setup.py install is deprecated. Use build and pip and other standards-based tools.
[0.835s]   warnings.warn(
[0.835s] copying /workspaces/SESARS_Labs/src/lab/build/lab02_pkg/build/lib/lab02_pkg/turtle1_move_forward.py -> /workspaces/SESARS_Labs/src/lab/install/lab02_pkg/lib/python3.10/site-packages/lab02_pkg
[0.836s] byte-compiling /workspaces/SESARS_Labs/src/lab/install/lab02_pkg/lib/python3.10/site-packages/lab02_pkg/turtle1_move_forward.py to turtle1_move_forward.cpython-310.pyc
[0.836s] running install_data
[0.837s] running install_egg_info
[0.838s] removing '/workspaces/SESARS_Labs/src/lab/install/lab02_pkg/lib/python3.10/site-packages/lab02_pkg-0.0.0-py3.10.egg-info' (and everything under it)
[0.838s] Copying ../../build/lab02_pkg/lab02_pkg.egg-info to /workspaces/SESARS_Labs/src/lab/install/lab02_pkg/lib/python3.10/site-packages/lab02_pkg-0.0.0-py3.10.egg-info
[0.839s] running install_scripts
[0.855s] Installing turtle1_compute_trajectory script to /workspaces/SESARS_Labs/src/lab/install/lab02_pkg/lib/lab02_pkg
[0.855s] Installing turtle1_move_forward script to /workspaces/SESARS_Labs/src/lab/install/lab02_pkg/lib/lab02_pkg
[0.855s] writing list of installed files to '/workspaces/SESARS_Labs/src/lab/build/lab02_pkg/install.log'
[0.880s] Invoked command in '/workspaces/SESARS_Labs/src/lab/src/lab02_pkg' returned '0': PYTHONPATH=/workspaces/SESARS_Labs/src/lab/build/lab02_pkg/prefix_override:/workspaces/SESARS_Labs/src/lab/install/lab02_pkg/lib/python3.10/site-packages:${PYTHONPATH} /usr/bin/python3 setup.py egg_info --egg-base ../../build/lab02_pkg build --build-base /workspaces/SESARS_Labs/src/lab/build/lab02_pkg/build install --record /workspaces/SESARS_Labs/src/lab/build/lab02_pkg/install.log --single-version-externally-managed
