[0.828s] Invoking command in '/workspaces/SESARS_Labs/src/lab/src/py_pubsub': PYTHONPATH=/workspaces/SESARS_Labs/src/lab/build/py_pubsub/prefix_override:/workspaces/SESARS_Labs/src/lab/install/py_pubsub/lib/python3.10/site-packages:${PYTHONPATH} /usr/bin/python3 setup.py egg_info --egg-base ../../build/py_pubsub build --build-base /workspaces/SESARS_Labs/src/lab/build/py_pubsub/build install --record /workspaces/SESARS_Labs/src/lab/build/py_pubsub/install.log --single-version-externally-managed
[0.986s] running egg_info
[0.986s] creating ../../build/py_pubsub/py_pubsub.egg-info
[0.986s] writing ../../build/py_pubsub/py_pubsub.egg-info/PKG-INFO
[0.987s] writing dependency_links to ../../build/py_pubsub/py_pubsub.egg-info/dependency_links.txt
[0.987s] writing entry points to ../../build/py_pubsub/py_pubsub.egg-info/entry_points.txt
[0.987s] writing requirements to ../../build/py_pubsub/py_pubsub.egg-info/requires.txt
[0.987s] writing top-level names to ../../build/py_pubsub/py_pubsub.egg-info/top_level.txt
[0.987s] writing manifest file '../../build/py_pubsub/py_pubsub.egg-info/SOURCES.txt'
[0.988s] reading manifest file '../../build/py_pubsub/py_pubsub.egg-info/SOURCES.txt'
[0.989s] writing manifest file '../../build/py_pubsub/py_pubsub.egg-info/SOURCES.txt'
[0.989s] running build
[0.989s] running build_py
[0.989s] creating /workspaces/SESARS_Labs/src/lab/build/py_pubsub/build
[0.989s] creating /workspaces/SESARS_Labs/src/lab/build/py_pubsub/build/lib
[0.989s] creating /workspaces/SESARS_Labs/src/lab/build/py_pubsub/build/lib/py_pubsub
[0.989s] copying py_pubsub/publisher_member_function.py -> /workspaces/SESARS_Labs/src/lab/build/py_pubsub/build/lib/py_pubsub
[0.990s] copying py_pubsub/subscriber_member_function.py -> /workspaces/SESARS_Labs/src/lab/build/py_pubsub/build/lib/py_pubsub
[0.990s] copying py_pubsub/__init__.py -> /workspaces/SESARS_Labs/src/lab/build/py_pubsub/build/lib/py_pubsub
[0.990s] running install
[0.990s] running install_lib
[0.990s] /usr/lib/python3/dist-packages/setuptools/command/install.py:34: SetuptoolsDeprecationWarning: setup.py install is deprecated. Use build and pip and other standards-based tools.
[0.990s]   warnings.warn(
[0.991s] creating /workspaces/SESARS_Labs/src/lab/install/py_pubsub/lib/python3.10/site-packages/py_pubsub
[0.992s] copying /workspaces/SESARS_Labs/src/lab/build/py_pubsub/build/lib/py_pubsub/publisher_member_function.py -> /workspaces/SESARS_Labs/src/lab/install/py_pubsub/lib/python3.10/site-packages/py_pubsub
[0.992s] copying /workspaces/SESARS_Labs/src/lab/build/py_pubsub/build/lib/py_pubsub/subscriber_member_function.py -> /workspaces/SESARS_Labs/src/lab/install/py_pubsub/lib/python3.10/site-packages/py_pubsub
[0.992s] copying /workspaces/SESARS_Labs/src/lab/build/py_pubsub/build/lib/py_pubsub/__init__.py -> /workspaces/SESARS_Labs/src/lab/install/py_pubsub/lib/python3.10/site-packages/py_pubsub
[0.992s] byte-compiling /workspaces/SESARS_Labs/src/lab/install/py_pubsub/lib/python3.10/site-packages/py_pubsub/publisher_member_function.py to publisher_member_function.cpython-310.pyc
[0.992s] byte-compiling /workspaces/SESARS_Labs/src/lab/install/py_pubsub/lib/python3.10/site-packages/py_pubsub/subscriber_member_function.py to subscriber_member_function.cpython-310.pyc
[0.993s] byte-compiling /workspaces/SESARS_Labs/src/lab/install/py_pubsub/lib/python3.10/site-packages/py_pubsub/__init__.py to __init__.cpython-310.pyc
[0.993s] running install_data
[0.994s] creating /workspaces/SESARS_Labs/src/lab/install/py_pubsub/share/ament_index
[0.994s] creating /workspaces/SESARS_Labs/src/lab/install/py_pubsub/share/ament_index/resource_index
[0.994s] creating /workspaces/SESARS_Labs/src/lab/install/py_pubsub/share/ament_index/resource_index/packages
[0.994s] copying resource/py_pubsub -> /workspaces/SESARS_Labs/src/lab/install/py_pubsub/share/ament_index/resource_index/packages
[0.994s] copying package.xml -> /workspaces/SESARS_Labs/src/lab/install/py_pubsub/share/py_pubsub
[0.994s] running install_egg_info
[0.995s] Copying ../../build/py_pubsub/py_pubsub.egg-info to /workspaces/SESARS_Labs/src/lab/install/py_pubsub/lib/python3.10/site-packages/py_pubsub-0.0.0-py3.10.egg-info
[0.996s] running install_scripts
[1.015s] Installing listener script to /workspaces/SESARS_Labs/src/lab/install/py_pubsub/lib/py_pubsub
[1.015s] Installing talker script to /workspaces/SESARS_Labs/src/lab/install/py_pubsub/lib/py_pubsub
[1.015s] writing list of installed files to '/workspaces/SESARS_Labs/src/lab/build/py_pubsub/install.log'
[1.055s] Invoked command in '/workspaces/SESARS_Labs/src/lab/src/py_pubsub' returned '0': PYTHONPATH=/workspaces/SESARS_Labs/src/lab/build/py_pubsub/prefix_override:/workspaces/SESARS_Labs/src/lab/install/py_pubsub/lib/python3.10/site-packages:${PYTHONPATH} /usr/bin/python3 setup.py egg_info --egg-base ../../build/py_pubsub build --build-base /workspaces/SESARS_Labs/src/lab/build/py_pubsub/build install --record /workspaces/SESARS_Labs/src/lab/build/py_pubsub/install.log --single-version-externally-managed
