[0.601s] Invoking command in '/workspaces/SESARS_Labs/src/lab/src/lab02_pkg': PYTHONPATH=/workspaces/SESARS_Labs/src/lab/build/lab02_pkg/prefix_override:/workspaces/SESARS_Labs/src/lab/install/lab02_pkg/lib/python3.10/site-packages:${PYTHONPATH} /usr/bin/python3 setup.py egg_info --egg-base ../../build/lab02_pkg build --build-base /workspaces/SESARS_Labs/src/lab/build/lab02_pkg/build install --record /workspaces/SESARS_Labs/src/lab/build/lab02_pkg/install.log --single-version-externally-managed
[0.753s] running egg_info
[0.753s] writing ../../build/lab02_pkg/lab02_pkg.egg-info/PKG-INFO
[0.754s] writing dependency_links to ../../build/lab02_pkg/lab02_pkg.egg-info/dependency_links.txt
[0.754s] writing entry points to ../../build/lab02_pkg/lab02_pkg.egg-info/entry_points.txt
[0.754s] writing requirements to ../../build/lab02_pkg/lab02_pkg.egg-info/requires.txt
[0.754s] writing top-level names to ../../build/lab02_pkg/lab02_pkg.egg-info/top_level.txt
[0.755s] reading manifest file '../../build/lab02_pkg/lab02_pkg.egg-info/SOURCES.txt'
[0.755s] writing manifest file '../../build/lab02_pkg/lab02_pkg.egg-info/SOURCES.txt'
[0.756s] running build
[0.756s] running build_py
[0.756s] copying lab02_pkg/turtle1_move_forward.py -> /workspaces/SESARS_Labs/src/lab/build/lab02_pkg/build/lib/lab02_pkg
[0.757s] running install
[0.757s] /usr/lib/python3/dist-packages/setuptools/command/install.py:34: SetuptoolsDeprecationWarning: setup.py install is deprecated. Use build and pip and other standards-based tools.
[0.757s]   warnings.warn(
[0.757s] running install_lib
[0.757s] copying /workspaces/SESARS_Labs/src/lab/build/lab02_pkg/build/lib/lab02_pkg/turtle1_move_forward.py -> /workspaces/SESARS_Labs/src/lab/install/lab02_pkg/lib/python3.10/site-packages/lab02_pkg
[0.758s] byte-compiling /workspaces/SESARS_Labs/src/lab/install/lab02_pkg/lib/python3.10/site-packages/lab02_pkg/turtle1_move_forward.py to turtle1_move_forward.cpython-310.pyc
[0.758s] running install_data
[0.759s] running install_egg_info
[0.760s] removing '/workspaces/SESARS_Labs/src/lab/install/lab02_pkg/lib/python3.10/site-packages/lab02_pkg-0.0.0-py3.10.egg-info' (and everything under it)
[0.760s] Copying ../../build/lab02_pkg/lab02_pkg.egg-info to /workspaces/SESARS_Labs/src/lab/install/lab02_pkg/lib/python3.10/site-packages/lab02_pkg-0.0.0-py3.10.egg-info
[0.761s] running install_scripts
[0.780s] Installing turtle1_compute_trajectory script to /workspaces/SESARS_Labs/src/lab/install/lab02_pkg/lib/lab02_pkg
[0.780s] Installing turtle1_move_forward script to /workspaces/SESARS_Labs/src/lab/install/lab02_pkg/lib/lab02_pkg
[0.780s] writing list of installed files to '/workspaces/SESARS_Labs/src/lab/build/lab02_pkg/install.log'
[0.812s] Invoked command in '/workspaces/SESARS_Labs/src/lab/src/lab02_pkg' returned '0': PYTHONPATH=/workspaces/SESARS_Labs/src/lab/build/lab02_pkg/prefix_override:/workspaces/SESARS_Labs/src/lab/install/lab02_pkg/lib/python3.10/site-packages:${PYTHONPATH} /usr/bin/python3 setup.py egg_info --egg-base ../../build/lab02_pkg build --build-base /workspaces/SESARS_Labs/src/lab/build/lab02_pkg/build install --record /workspaces/SESARS_Labs/src/lab/build/lab02_pkg/install.log --single-version-externally-managed
