-- The C compiler identification is GNU 11.4.0
-- The CXX compiler identification is GNU 11.4.0
-- Detecting C compiler ABI info
-- Detecting C compiler ABI info - done
-- Check for working C compiler: /usr/bin/cc - skipped
-- Detecting C compile features
-- Detecting C compile features - done
-- Detecting CXX compiler ABI info
-- Detecting CXX compiler ABI info - done
-- Check for working CXX compiler: /usr/bin/c++ - skipped
-- Detecting CXX compile features
-- Detecting CXX compile features - done
-- Found ament_cmake: 1.3.5 (/opt/ros/humble/share/ament_cmake/cmake)
-- Found Python3: /usr/bin/python3.10 (found version "3.10.12") found components: Interpreter 
-- Found rosidl_default_generators: 1.2.0 (/opt/ros/humble/share/rosidl_default_generators/cmake)
-- Using all available rosidl_typesupport_c: rosidl_typesupport_fastrtps_c;rosidl_typesupport_introspection_c
-- Found rosidl_adapter: 3.1.5 (/opt/ros/humble/share/rosidl_adapter/cmake)
-- Using all available rosidl_typesupport_cpp: rosidl_typesupport_fastrtps_cpp;rosidl_typesupport_introspection_cpp
-- Found ament_cmake_ros: 0.10.0 (/opt/ros/humble/share/ament_cmake_ros/cmake)
-- Using all available rosidl_typesupport_c: rosidl_typesupport_fastrtps_c;rosidl_typesupport_introspection_c
-- Using all available rosidl_typesupport_cpp: rosidl_typesupport_fastrtps_cpp;rosidl_typesupport_introspection_cpp
-- Found PythonInterp: /usr/bin/python3 (found suitable version "3.10.12", minimum required is "3.6") 
-- Found python_cmake_module: 0.10.0 (/opt/ros/humble/share/python_cmake_module/cmake)
-- Found PythonLibs: /usr/lib/x86_64-linux-gnu/libpython3.10.so (found suitable version "3.10.12", minimum required is "3.5") 
-- Using PYTHON_EXECUTABLE: /usr/bin/python3
-- Using PYTHON_INCLUDE_DIRS: /usr/include/python3.10
-- Using PYTHON_LIBRARIES: /usr/lib/x86_64-linux-gnu/libpython3.10.so
-- Found PythonExtra: .so  
-- Found ament_lint_auto: 0.12.8 (/opt/ros/humble/share/ament_lint_auto/cmake)
-- Added test 'lint_cmake' to check CMake code style
-- Added test 'xmllint' to check XML markup files
-- Configuring done
-- Generating done
-- Build files have been written to: /workspaces/SESARS_Labs/src/lab/build/lab02_interfaces
[  2%] [34m[1mGenerating C code for ROS interfaces[0m
[  5%] [34m[1mGenerating C++ code for ROS interfaces[0m
[  5%] Built target ament_cmake_python_copy_lab02_interfaces
running egg_info
creating lab02_interfaces.egg-info
writing lab02_interfaces.egg-info/PKG-INFO
writing dependency_links to lab02_interfaces.egg-info/dependency_links.txt
writing top-level names to lab02_interfaces.egg-info/top_level.txt
writing manifest file 'lab02_interfaces.egg-info/SOURCES.txt'
reading manifest file 'lab02_interfaces.egg-info/SOURCES.txt'
writing manifest file 'lab02_interfaces.egg-info/SOURCES.txt'
[  5%] Built target ament_cmake_python_build_lab02_interfaces_egg
[  5%] Built target lab02_interfaces__cpp
[ 10%] [34m[1mGenerating C++ introspection for ROS interfaces[0m
[ 10%] [34m[1mGenerating C++ type support for eProsima Fast-RTPS[0m
[ 12%] [34m[1mGenerating C++ type support dispatch for ROS interfaces[0m
[ 15%] [32mBuilding C object CMakeFiles/lab02_interfaces__rosidl_generator_c.dir/rosidl_generator_c/lab02_interfaces/srv/detail/compute_trajectory__functions.c.o[0m
[ 17%] [32mBuilding C object CMakeFiles/lab02_interfaces__rosidl_generator_c.dir/rosidl_generator_c/lab02_interfaces/action/detail/move_distance__functions.c.o[0m
[ 20%] [32m[1mLinking C shared library liblab02_interfaces__rosidl_generator_c.so[0m
[ 20%] Built target lab02_interfaces__rosidl_generator_c
[ 23%] [34m[1mGenerating C introspection for ROS interfaces[0m
[ 25%] [34m[1mGenerating C type support for eProsima Fast-RTPS[0m
[ 28%] [34m[1mGenerating C type support dispatch for ROS interfaces[0m
[ 30%] [32mBuilding CXX object CMakeFiles/lab02_interfaces__rosidl_typesupport_introspection_cpp.dir/rosidl_typesupport_introspection_cpp/lab02_interfaces/action/detail/move_distance__type_support.cpp.o[0m
[ 33%] [32mBuilding CXX object CMakeFiles/lab02_interfaces__rosidl_typesupport_introspection_cpp.dir/rosidl_typesupport_introspection_cpp/lab02_interfaces/srv/detail/compute_trajectory__type_support.cpp.o[0m
[ 38%] [32mBuilding CXX object CMakeFiles/lab02_interfaces__rosidl_typesupport_cpp.dir/rosidl_typesupport_cpp/lab02_interfaces/action/move_distance__type_support.cpp.o[0m
[ 38%] [32mBuilding CXX object CMakeFiles/lab02_interfaces__rosidl_typesupport_cpp.dir/rosidl_typesupport_cpp/lab02_interfaces/srv/compute_trajectory__type_support.cpp.o[0m
[ 43%] [32mBuilding CXX object CMakeFiles/lab02_interfaces__rosidl_typesupport_fastrtps_cpp.dir/rosidl_typesupport_fastrtps_cpp/lab02_interfaces/srv/detail/dds_fastrtps/compute_trajectory__type_support.cpp.o[0m
[ 43%] [32mBuilding CXX object CMakeFiles/lab02_interfaces__rosidl_typesupport_fastrtps_cpp.dir/rosidl_typesupport_fastrtps_cpp/lab02_interfaces/action/detail/dds_fastrtps/move_distance__type_support.cpp.o[0m
[ 46%] [32mBuilding CXX object CMakeFiles/lab02_interfaces__rosidl_typesupport_c.dir/rosidl_typesupport_c/lab02_interfaces/srv/compute_trajectory__type_support.cpp.o[0m
[ 48%] [32mBuilding CXX object CMakeFiles/lab02_interfaces__rosidl_typesupport_c.dir/rosidl_typesupport_c/lab02_interfaces/action/move_distance__type_support.cpp.o[0m
[ 51%] [32m[1mLinking CXX shared library liblab02_interfaces__rosidl_typesupport_c.so[0m
[ 51%] Built target lab02_interfaces__rosidl_typesupport_c
[ 56%] [32mBuilding C object CMakeFiles/lab02_interfaces__rosidl_typesupport_introspection_c.dir/rosidl_typesupport_introspection_c/lab02_interfaces/action/detail/move_distance__type_support.c.o[0m
[ 56%] [32mBuilding C object CMakeFiles/lab02_interfaces__rosidl_typesupport_introspection_c.dir/rosidl_typesupport_introspection_c/lab02_interfaces/srv/detail/compute_trajectory__type_support.c.o[0m
[ 58%] [32m[1mLinking C shared library liblab02_interfaces__rosidl_typesupport_introspection_c.so[0m
[ 58%] Built target lab02_interfaces__rosidl_typesupport_introspection_c
[ 64%] [32mBuilding CXX object CMakeFiles/lab02_interfaces__rosidl_typesupport_fastrtps_c.dir/rosidl_typesupport_fastrtps_c/lab02_interfaces/action/detail/move_distance__type_support_c.cpp.o[0m
[ 64%] [32mBuilding CXX object CMakeFiles/lab02_interfaces__rosidl_typesupport_fastrtps_c.dir/rosidl_typesupport_fastrtps_c/lab02_interfaces/srv/detail/compute_trajectory__type_support_c.cpp.o[0m
[ 66%] [32m[1mLinking CXX shared library liblab02_interfaces__rosidl_typesupport_cpp.so[0m
[ 66%] Built target lab02_interfaces__rosidl_typesupport_cpp
[ 69%] [32m[1mLinking CXX shared library liblab02_interfaces__rosidl_typesupport_introspection_cpp.so[0m
[ 71%] [32m[1mLinking CXX shared library liblab02_interfaces__rosidl_typesupport_fastrtps_cpp.so[0m
[ 71%] Built target lab02_interfaces__rosidl_typesupport_introspection_cpp
[ 74%] [32m[1mLinking CXX shared library liblab02_interfaces__rosidl_typesupport_fastrtps_c.so[0m
[ 74%] Built target lab02_interfaces__rosidl_typesupport_fastrtps_cpp
[ 74%] Built target lab02_interfaces__rosidl_typesupport_fastrtps_c
[ 74%] Built target lab02_interfaces
[ 76%] [34m[1mGenerating Python code for ROS interfaces[0m
[ 76%] Built target lab02_interfaces__py
[ 79%] [32mBuilding C object CMakeFiles/lab02_interfaces__rosidl_generator_py.dir/rosidl_generator_py/lab02_interfaces/srv/_compute_trajectory_s.c.o[0m
[ 82%] [32mBuilding C object CMakeFiles/lab02_interfaces__rosidl_generator_py.dir/rosidl_generator_py/lab02_interfaces/action/_move_distance_s.c.o[0m
[ 84%] [32m[1mLinking C shared library rosidl_generator_py/lab02_interfaces/liblab02_interfaces__rosidl_generator_py.so[0m
[ 84%] Built target lab02_interfaces__rosidl_generator_py
[ 87%] [32mBuilding C object CMakeFiles/lab02_interfaces__rosidl_typesupport_fastrtps_c__pyext.dir/rosidl_generator_py/lab02_interfaces/_lab02_interfaces_s.ep.rosidl_typesupport_fastrtps_c.c.o[0m
[ 89%] [32mBuilding C object CMakeFiles/lab02_interfaces__rosidl_typesupport_introspection_c__pyext.dir/rosidl_generator_py/lab02_interfaces/_lab02_interfaces_s.ep.rosidl_typesupport_introspection_c.c.o[0m
[ 92%] [32mBuilding C object CMakeFiles/lab02_interfaces__rosidl_typesupport_c__pyext.dir/rosidl_generator_py/lab02_interfaces/_lab02_interfaces_s.ep.rosidl_typesupport_c.c.o[0m
[ 94%] [32m[1mLinking C shared library rosidl_generator_py/lab02_interfaces/lab02_interfaces_s__rosidl_typesupport_introspection_c.cpython-310-x86_64-linux-gnu.so[0m
[ 97%] [32m[1mLinking C shared library rosidl_generator_py/lab02_interfaces/lab02_interfaces_s__rosidl_typesupport_fastrtps_c.cpython-310-x86_64-linux-gnu.so[0m
[100%] [32m[1mLinking C shared library rosidl_generator_py/lab02_interfaces/lab02_interfaces_s__rosidl_typesupport_c.cpython-310-x86_64-linux-gnu.so[0m
[100%] Built target lab02_interfaces__rosidl_typesupport_introspection_c__pyext
[100%] Built target lab02_interfaces__rosidl_typesupport_c__pyext
[100%] Built target lab02_interfaces__rosidl_typesupport_fastrtps_c__pyext
-- Install configuration: ""
-- Installing: /workspaces/SESARS_Labs/src/lab/install/lab02_interfaces/share/ament_index/resource_index/rosidl_interfaces/lab02_interfaces
-- Installing: /workspaces/SESARS_Labs/src/lab/install/lab02_interfaces/include/lab02_interfaces/lab02_interfaces
-- Installing: /workspaces/SESARS_Labs/src/lab/install/lab02_interfaces/include/lab02_interfaces/lab02_interfaces/action
-- Installing: /workspaces/SESARS_Labs/src/lab/install/lab02_interfaces/include/lab02_interfaces/lab02_interfaces/action/detail
-- Installing: /workspaces/SESARS_Labs/src/lab/install/lab02_interfaces/include/lab02_interfaces/lab02_interfaces/action/detail/move_distance__struct.h
-- Installing: /workspaces/SESARS_Labs/src/lab/install/lab02_interfaces/include/lab02_interfaces/lab02_interfaces/action/detail/move_distance__type_support.h
-- Installing: /workspaces/SESARS_Labs/src/lab/install/lab02_interfaces/include/lab02_interfaces/lab02_interfaces/action/detail/move_distance__functions.c
-- Installing: /workspaces/SESARS_Labs/src/lab/install/lab02_interfaces/include/lab02_interfaces/lab02_interfaces/action/detail/move_distance__functions.h
-- Installing: /workspaces/SESARS_Labs/src/lab/install/lab02_interfaces/include/lab02_interfaces/lab02_interfaces/action/move_distance.h
-- Installing: /workspaces/SESARS_Labs/src/lab/install/lab02_interfaces/include/lab02_interfaces/lab02_interfaces/srv
-- Installing: /workspaces/SESARS_Labs/src/lab/install/lab02_interfaces/include/lab02_interfaces/lab02_interfaces/srv/detail
-- Installing: /workspaces/SESARS_Labs/src/lab/install/lab02_interfaces/include/lab02_interfaces/lab02_interfaces/srv/detail/compute_trajectory__struct.h
-- Installing: /workspaces/SESARS_Labs/src/lab/install/lab02_interfaces/include/lab02_interfaces/lab02_interfaces/srv/detail/compute_trajectory__functions.h
-- Installing: /workspaces/SESARS_Labs/src/lab/install/lab02_interfaces/include/lab02_interfaces/lab02_interfaces/srv/detail/compute_trajectory__type_support.h
-- Installing: /workspaces/SESARS_Labs/src/lab/install/lab02_interfaces/include/lab02_interfaces/lab02_interfaces/srv/detail/compute_trajectory__functions.c
-- Installing: /workspaces/SESARS_Labs/src/lab/install/lab02_interfaces/include/lab02_interfaces/lab02_interfaces/srv/compute_trajectory.h
-- Installing: /workspaces/SESARS_Labs/src/lab/install/lab02_interfaces/include/lab02_interfaces/lab02_interfaces/msg
-- Installing: /workspaces/SESARS_Labs/src/lab/install/lab02_interfaces/include/lab02_interfaces/lab02_interfaces/msg/rosidl_generator_c__visibility_control.h
-- Installing: /workspaces/SESARS_Labs/src/lab/install/lab02_interfaces/share/lab02_interfaces/environment/library_path.sh
-- Installing: /workspaces/SESARS_Labs/src/lab/install/lab02_interfaces/share/lab02_interfaces/environment/library_path.dsv
-- Installing: /workspaces/SESARS_Labs/src/lab/install/lab02_interfaces/lib/liblab02_interfaces__rosidl_generator_c.so
-- Set runtime path of "/workspaces/SESARS_Labs/src/lab/install/lab02_interfaces/lib/liblab02_interfaces__rosidl_generator_c.so" to ""
-- Up-to-date: /workspaces/SESARS_Labs/src/lab/install/lab02_interfaces/include/lab02_interfaces/lab02_interfaces
-- Up-to-date: /workspaces/SESARS_Labs/src/lab/install/lab02_interfaces/include/lab02_interfaces/lab02_interfaces/action
-- Up-to-date: /workspaces/SESARS_Labs/src/lab/install/lab02_interfaces/include/lab02_interfaces/lab02_interfaces/action/detail
-- Installing: /workspaces/SESARS_Labs/src/lab/install/lab02_interfaces/include/lab02_interfaces/lab02_interfaces/action/detail/move_distance__rosidl_typesupport_fastrtps_c.h
-- Up-to-date: /workspaces/SESARS_Labs/src/lab/install/lab02_interfaces/include/lab02_interfaces/lab02_interfaces/srv
-- Up-to-date: /workspaces/SESARS_Labs/src/lab/install/lab02_interfaces/include/lab02_interfaces/lab02_interfaces/srv/detail
-- Installing: /workspaces/SESARS_Labs/src/lab/install/lab02_interfaces/include/lab02_interfaces/lab02_interfaces/srv/detail/compute_trajectory__rosidl_typesupport_fastrtps_c.h
-- Up-to-date: /workspaces/SESARS_Labs/src/lab/install/lab02_interfaces/include/lab02_interfaces/lab02_interfaces/msg
-- Installing: /workspaces/SESARS_Labs/src/lab/install/lab02_interfaces/include/lab02_interfaces/lab02_interfaces/msg/rosidl_typesupport_fastrtps_c__visibility_control.h
-- Installing: /workspaces/SESARS_Labs/src/lab/install/lab02_interfaces/lib/liblab02_interfaces__rosidl_typesupport_fastrtps_c.so
-- Set runtime path of "/workspaces/SESARS_Labs/src/lab/install/lab02_interfaces/lib/liblab02_interfaces__rosidl_typesupport_fastrtps_c.so" to ""
-- Up-to-date: /workspaces/SESARS_Labs/src/lab/install/lab02_interfaces/include/lab02_interfaces/lab02_interfaces
-- Up-to-date: /workspaces/SESARS_Labs/src/lab/install/lab02_interfaces/include/lab02_interfaces/lab02_interfaces/action
-- Up-to-date: /workspaces/SESARS_Labs/src/lab/install/lab02_interfaces/include/lab02_interfaces/lab02_interfaces/action/detail
-- Installing: /workspaces/SESARS_Labs/src/lab/install/lab02_interfaces/include/lab02_interfaces/lab02_interfaces/action/detail/move_distance__type_support.c
-- Installing: /workspaces/SESARS_Labs/src/lab/install/lab02_interfaces/include/lab02_interfaces/lab02_interfaces/action/detail/move_distance__rosidl_typesupport_introspection_c.h
-- Up-to-date: /workspaces/SESARS_Labs/src/lab/install/lab02_interfaces/include/lab02_interfaces/lab02_interfaces/srv
-- Up-to-date: /workspaces/SESARS_Labs/src/lab/install/lab02_interfaces/include/lab02_interfaces/lab02_interfaces/srv/detail
-- Installing: /workspaces/SESARS_Labs/src/lab/install/lab02_interfaces/include/lab02_interfaces/lab02_interfaces/srv/detail/compute_trajectory__rosidl_typesupport_introspection_c.h
-- Installing: /workspaces/SESARS_Labs/src/lab/install/lab02_interfaces/include/lab02_interfaces/lab02_interfaces/srv/detail/compute_trajectory__type_support.c
-- Up-to-date: /workspaces/SESARS_Labs/src/lab/install/lab02_interfaces/include/lab02_interfaces/lab02_interfaces/msg
-- Installing: /workspaces/SESARS_Labs/src/lab/install/lab02_interfaces/include/lab02_interfaces/lab02_interfaces/msg/rosidl_typesupport_introspection_c__visibility_control.h
-- Installing: /workspaces/SESARS_Labs/src/lab/install/lab02_interfaces/lib/liblab02_interfaces__rosidl_typesupport_introspection_c.so
-- Set runtime path of "/workspaces/SESARS_Labs/src/lab/install/lab02_interfaces/lib/liblab02_interfaces__rosidl_typesupport_introspection_c.so" to ""
-- Installing: /workspaces/SESARS_Labs/src/lab/install/lab02_interfaces/lib/liblab02_interfaces__rosidl_typesupport_c.so
-- Set runtime path of "/workspaces/SESARS_Labs/src/lab/install/lab02_interfaces/lib/liblab02_interfaces__rosidl_typesupport_c.so" to ""
-- Up-to-date: /workspaces/SESARS_Labs/src/lab/install/lab02_interfaces/include/lab02_interfaces/lab02_interfaces
-- Up-to-date: /workspaces/SESARS_Labs/src/lab/install/lab02_interfaces/include/lab02_interfaces/lab02_interfaces/action
-- Installing: /workspaces/SESARS_Labs/src/lab/install/lab02_interfaces/include/lab02_interfaces/lab02_interfaces/action/move_distance.hpp
-- Up-to-date: /workspaces/SESARS_Labs/src/lab/install/lab02_interfaces/include/lab02_interfaces/lab02_interfaces/action/detail
-- Installing: /workspaces/SESARS_Labs/src/lab/install/lab02_interfaces/include/lab02_interfaces/lab02_interfaces/action/detail/move_distance__struct.hpp
-- Installing: /workspaces/SESARS_Labs/src/lab/install/lab02_interfaces/include/lab02_interfaces/lab02_interfaces/action/detail/move_distance__traits.hpp
-- Installing: /workspaces/SESARS_Labs/src/lab/install/lab02_interfaces/include/lab02_interfaces/lab02_interfaces/action/detail/move_distance__builder.hpp
-- Up-to-date: /workspaces/SESARS_Labs/src/lab/install/lab02_interfaces/include/lab02_interfaces/lab02_interfaces/srv
-- Up-to-date: /workspaces/SESARS_Labs/src/lab/install/lab02_interfaces/include/lab02_interfaces/lab02_interfaces/srv/detail
-- Installing: /workspaces/SESARS_Labs/src/lab/install/lab02_interfaces/include/lab02_interfaces/lab02_interfaces/srv/detail/compute_trajectory__builder.hpp
-- Installing: /workspaces/SESARS_Labs/src/lab/install/lab02_interfaces/include/lab02_interfaces/lab02_interfaces/srv/detail/compute_trajectory__traits.hpp
-- Installing: /workspaces/SESARS_Labs/src/lab/install/lab02_interfaces/include/lab02_interfaces/lab02_interfaces/srv/detail/compute_trajectory__struct.hpp
-- Installing: /workspaces/SESARS_Labs/src/lab/install/lab02_interfaces/include/lab02_interfaces/lab02_interfaces/srv/compute_trajectory.hpp
-- Up-to-date: /workspaces/SESARS_Labs/src/lab/install/lab02_interfaces/include/lab02_interfaces/lab02_interfaces
-- Up-to-date: /workspaces/SESARS_Labs/src/lab/install/lab02_interfaces/include/lab02_interfaces/lab02_interfaces/action
-- Up-to-date: /workspaces/SESARS_Labs/src/lab/install/lab02_interfaces/include/lab02_interfaces/lab02_interfaces/action/detail
-- Installing: /workspaces/SESARS_Labs/src/lab/install/lab02_interfaces/include/lab02_interfaces/lab02_interfaces/action/detail/dds_fastrtps
-- Installing: /workspaces/SESARS_Labs/src/lab/install/lab02_interfaces/include/lab02_interfaces/lab02_interfaces/action/detail/move_distance__rosidl_typesupport_fastrtps_cpp.hpp
-- Up-to-date: /workspaces/SESARS_Labs/src/lab/install/lab02_interfaces/include/lab02_interfaces/lab02_interfaces/srv
-- Up-to-date: /workspaces/SESARS_Labs/src/lab/install/lab02_interfaces/include/lab02_interfaces/lab02_interfaces/srv/detail
-- Installing: /workspaces/SESARS_Labs/src/lab/install/lab02_interfaces/include/lab02_interfaces/lab02_interfaces/srv/detail/dds_fastrtps
-- Installing: /workspaces/SESARS_Labs/src/lab/install/lab02_interfaces/include/lab02_interfaces/lab02_interfaces/srv/detail/compute_trajectory__rosidl_typesupport_fastrtps_cpp.hpp
-- Up-to-date: /workspaces/SESARS_Labs/src/lab/install/lab02_interfaces/include/lab02_interfaces/lab02_interfaces/msg
-- Installing: /workspaces/SESARS_Labs/src/lab/install/lab02_interfaces/include/lab02_interfaces/lab02_interfaces/msg/rosidl_typesupport_fastrtps_cpp__visibility_control.h
-- Installing: /workspaces/SESARS_Labs/src/lab/install/lab02_interfaces/lib/liblab02_interfaces__rosidl_typesupport_fastrtps_cpp.so
-- Set runtime path of "/workspaces/SESARS_Labs/src/lab/install/lab02_interfaces/lib/liblab02_interfaces__rosidl_typesupport_fastrtps_cpp.so" to ""
-- Up-to-date: /workspaces/SESARS_Labs/src/lab/install/lab02_interfaces/include/lab02_interfaces/lab02_interfaces
-- Up-to-date: /workspaces/SESARS_Labs/src/lab/install/lab02_interfaces/include/lab02_interfaces/lab02_interfaces/action
-- Up-to-date: /workspaces/SESARS_Labs/src/lab/install/lab02_interfaces/include/lab02_interfaces/lab02_interfaces/action/detail
-- Installing: /workspaces/SESARS_Labs/src/lab/install/lab02_interfaces/include/lab02_interfaces/lab02_interfaces/action/detail/move_distance__rosidl_typesupport_introspection_cpp.hpp
-- Installing: /workspaces/SESARS_Labs/src/lab/install/lab02_interfaces/include/lab02_interfaces/lab02_interfaces/action/detail/move_distance__type_support.cpp
-- Up-to-date: /workspaces/SESARS_Labs/src/lab/install/lab02_interfaces/include/lab02_interfaces/lab02_interfaces/srv
-- Up-to-date: /workspaces/SESARS_Labs/src/lab/install/lab02_interfaces/include/lab02_interfaces/lab02_interfaces/srv/detail
-- Installing: /workspaces/SESARS_Labs/src/lab/install/lab02_interfaces/include/lab02_interfaces/lab02_interfaces/srv/detail/compute_trajectory__rosidl_typesupport_introspection_cpp.hpp
-- Installing: /workspaces/SESARS_Labs/src/lab/install/lab02_interfaces/include/lab02_interfaces/lab02_interfaces/srv/detail/compute_trajectory__type_support.cpp
-- Installing: /workspaces/SESARS_Labs/src/lab/install/lab02_interfaces/lib/liblab02_interfaces__rosidl_typesupport_introspection_cpp.so
-- Set runtime path of "/workspaces/SESARS_Labs/src/lab/install/lab02_interfaces/lib/liblab02_interfaces__rosidl_typesupport_introspection_cpp.so" to ""
-- Installing: /workspaces/SESARS_Labs/src/lab/install/lab02_interfaces/lib/liblab02_interfaces__rosidl_typesupport_cpp.so
-- Set runtime path of "/workspaces/SESARS_Labs/src/lab/install/lab02_interfaces/lib/liblab02_interfaces__rosidl_typesupport_cpp.so" to ""
-- Installing: /workspaces/SESARS_Labs/src/lab/install/lab02_interfaces/share/lab02_interfaces/environment/pythonpath.sh
-- Installing: /workspaces/SESARS_Labs/src/lab/install/lab02_interfaces/share/lab02_interfaces/environment/pythonpath.dsv
-- Installing: /workspaces/SESARS_Labs/src/lab/install/lab02_interfaces/local/lib/python3.10/dist-packages/lab02_interfaces-0.0.0-py3.10.egg-info
-- Installing: /workspaces/SESARS_Labs/src/lab/install/lab02_interfaces/local/lib/python3.10/dist-packages/lab02_interfaces-0.0.0-py3.10.egg-info/top_level.txt
-- Installing: /workspaces/SESARS_Labs/src/lab/install/lab02_interfaces/local/lib/python3.10/dist-packages/lab02_interfaces-0.0.0-py3.10.egg-info/PKG-INFO
-- Installing: /workspaces/SESARS_Labs/src/lab/install/lab02_interfaces/local/lib/python3.10/dist-packages/lab02_interfaces-0.0.0-py3.10.egg-info/dependency_links.txt
-- Installing: /workspaces/SESARS_Labs/src/lab/install/lab02_interfaces/local/lib/python3.10/dist-packages/lab02_interfaces-0.0.0-py3.10.egg-info/SOURCES.txt
-- Installing: /workspaces/SESARS_Labs/src/lab/install/lab02_interfaces/local/lib/python3.10/dist-packages/lab02_interfaces
-- Installing: /workspaces/SESARS_Labs/src/lab/install/lab02_interfaces/local/lib/python3.10/dist-packages/lab02_interfaces/lab02_interfaces_s__rosidl_typesupport_c.cpython-310-x86_64-linux-gnu.so
-- Installing: /workspaces/SESARS_Labs/src/lab/install/lab02_interfaces/local/lib/python3.10/dist-packages/lab02_interfaces/action
-- Installing: /workspaces/SESARS_Labs/src/lab/install/lab02_interfaces/local/lib/python3.10/dist-packages/lab02_interfaces/action/__init__.py
-- Installing: /workspaces/SESARS_Labs/src/lab/install/lab02_interfaces/local/lib/python3.10/dist-packages/lab02_interfaces/action/_move_distance.py
-- Installing: /workspaces/SESARS_Labs/src/lab/install/lab02_interfaces/local/lib/python3.10/dist-packages/lab02_interfaces/action/_move_distance_s.c
-- Installing: /workspaces/SESARS_Labs/src/lab/install/lab02_interfaces/local/lib/python3.10/dist-packages/lab02_interfaces/lab02_interfaces_s__rosidl_typesupport_fastrtps_c.cpython-310-x86_64-linux-gnu.so
-- Installing: /workspaces/SESARS_Labs/src/lab/install/lab02_interfaces/local/lib/python3.10/dist-packages/lab02_interfaces/__init__.py
-- Installing: /workspaces/SESARS_Labs/src/lab/install/lab02_interfaces/local/lib/python3.10/dist-packages/lab02_interfaces/_lab02_interfaces_s.ep.rosidl_typesupport_fastrtps_c.c
-- Installing: /workspaces/SESARS_Labs/src/lab/install/lab02_interfaces/local/lib/python3.10/dist-packages/lab02_interfaces/liblab02_interfaces__rosidl_generator_py.so
-- Installing: /workspaces/SESARS_Labs/src/lab/install/lab02_interfaces/local/lib/python3.10/dist-packages/lab02_interfaces/srv
-- Installing: /workspaces/SESARS_Labs/src/lab/install/lab02_interfaces/local/lib/python3.10/dist-packages/lab02_interfaces/srv/__init__.py
-- Installing: /workspaces/SESARS_Labs/src/lab/install/lab02_interfaces/local/lib/python3.10/dist-packages/lab02_interfaces/srv/_compute_trajectory_s.c
-- Installing: /workspaces/SESARS_Labs/src/lab/install/lab02_interfaces/local/lib/python3.10/dist-packages/lab02_interfaces/srv/_compute_trajectory.py
-- Installing: /workspaces/SESARS_Labs/src/lab/install/lab02_interfaces/local/lib/python3.10/dist-packages/lab02_interfaces/_lab02_interfaces_s.ep.rosidl_typesupport_introspection_c.c
-- Installing: /workspaces/SESARS_Labs/src/lab/install/lab02_interfaces/local/lib/python3.10/dist-packages/lab02_interfaces/lab02_interfaces_s__rosidl_typesupport_introspection_c.cpython-310-x86_64-linux-gnu.so
-- Installing: /workspaces/SESARS_Labs/src/lab/install/lab02_interfaces/local/lib/python3.10/dist-packages/lab02_interfaces/_lab02_interfaces_s.ep.rosidl_typesupport_c.c
Listing '/workspaces/SESARS_Labs/src/lab/install/lab02_interfaces/local/lib/python3.10/dist-packages/lab02_interfaces'...
Compiling '/workspaces/SESARS_Labs/src/lab/install/lab02_interfaces/local/lib/python3.10/dist-packages/lab02_interfaces/__init__.py'...
Listing '/workspaces/SESARS_Labs/src/lab/install/lab02_interfaces/local/lib/python3.10/dist-packages/lab02_interfaces/action'...
Compiling '/workspaces/SESARS_Labs/src/lab/install/lab02_interfaces/local/lib/python3.10/dist-packages/lab02_interfaces/action/__init__.py'...
Compiling '/workspaces/SESARS_Labs/src/lab/install/lab02_interfaces/local/lib/python3.10/dist-packages/lab02_interfaces/action/_move_distance.py'...
Listing '/workspaces/SESARS_Labs/src/lab/install/lab02_interfaces/local/lib/python3.10/dist-packages/lab02_interfaces/srv'...
Compiling '/workspaces/SESARS_Labs/src/lab/install/lab02_interfaces/local/lib/python3.10/dist-packages/lab02_interfaces/srv/__init__.py'...
Compiling '/workspaces/SESARS_Labs/src/lab/install/lab02_interfaces/local/lib/python3.10/dist-packages/lab02_interfaces/srv/_compute_trajectory.py'...
-- Installing: /workspaces/SESARS_Labs/src/lab/install/lab02_interfaces/local/lib/python3.10/dist-packages/lab02_interfaces/lab02_interfaces_s__rosidl_typesupport_fastrtps_c.cpython-310-x86_64-linux-gnu.so
-- Set runtime path of "/workspaces/SESARS_Labs/src/lab/install/lab02_interfaces/local/lib/python3.10/dist-packages/lab02_interfaces/lab02_interfaces_s__rosidl_typesupport_fastrtps_c.cpython-310-x86_64-linux-gnu.so" to ""
-- Installing: /workspaces/SESARS_Labs/src/lab/install/lab02_interfaces/local/lib/python3.10/dist-packages/lab02_interfaces/lab02_interfaces_s__rosidl_typesupport_introspection_c.cpython-310-x86_64-linux-gnu.so
-- Set runtime path of "/workspaces/SESARS_Labs/src/lab/install/lab02_interfaces/local/lib/python3.10/dist-packages/lab02_interfaces/lab02_interfaces_s__rosidl_typesupport_introspection_c.cpython-310-x86_64-linux-gnu.so" to ""
-- Installing: /workspaces/SESARS_Labs/src/lab/install/lab02_interfaces/local/lib/python3.10/dist-packages/lab02_interfaces/lab02_interfaces_s__rosidl_typesupport_c.cpython-310-x86_64-linux-gnu.so
-- Set runtime path of "/workspaces/SESARS_Labs/src/lab/install/lab02_interfaces/local/lib/python3.10/dist-packages/lab02_interfaces/lab02_interfaces_s__rosidl_typesupport_c.cpython-310-x86_64-linux-gnu.so" to ""
-- Installing: /workspaces/SESARS_Labs/src/lab/install/lab02_interfaces/lib/liblab02_interfaces__rosidl_generator_py.so
-- Set runtime path of "/workspaces/SESARS_Labs/src/lab/install/lab02_interfaces/lib/liblab02_interfaces__rosidl_generator_py.so" to ""
-- Installing: /workspaces/SESARS_Labs/src/lab/install/lab02_interfaces/share/lab02_interfaces/srv/ComputeTrajectory.idl
-- Installing: /workspaces/SESARS_Labs/src/lab/install/lab02_interfaces/share/lab02_interfaces/action/MoveDistance.idl
-- Installing: /workspaces/SESARS_Labs/src/lab/install/lab02_interfaces/share/lab02_interfaces/srv/ComputeTrajectory.srv
-- Installing: /workspaces/SESARS_Labs/src/lab/install/lab02_interfaces/share/lab02_interfaces/srv/ComputeTrajectory_Request.msg
-- Installing: /workspaces/SESARS_Labs/src/lab/install/lab02_interfaces/share/lab02_interfaces/srv/ComputeTrajectory_Response.msg
-- Installing: /workspaces/SESARS_Labs/src/lab/install/lab02_interfaces/share/lab02_interfaces/action/MoveDistance.action
-- Installing: /workspaces/SESARS_Labs/src/lab/install/lab02_interfaces/share/ament_index/resource_index/package_run_dependencies/lab02_interfaces
-- Installing: /workspaces/SESARS_Labs/src/lab/install/lab02_interfaces/share/ament_index/resource_index/parent_prefix_path/lab02_interfaces
-- Installing: /workspaces/SESARS_Labs/src/lab/install/lab02_interfaces/share/lab02_interfaces/environment/ament_prefix_path.sh
-- Installing: /workspaces/SESARS_Labs/src/lab/install/lab02_interfaces/share/lab02_interfaces/environment/ament_prefix_path.dsv
-- Installing: /workspaces/SESARS_Labs/src/lab/install/lab02_interfaces/share/lab02_interfaces/environment/path.sh
-- Installing: /workspaces/SESARS_Labs/src/lab/install/lab02_interfaces/share/lab02_interfaces/environment/path.dsv
-- Installing: /workspaces/SESARS_Labs/src/lab/install/lab02_interfaces/share/lab02_interfaces/local_setup.bash
-- Installing: /workspaces/SESARS_Labs/src/lab/install/lab02_interfaces/share/lab02_interfaces/local_setup.sh
-- Installing: /workspaces/SESARS_Labs/src/lab/install/lab02_interfaces/share/lab02_interfaces/local_setup.zsh
-- Installing: /workspaces/SESARS_Labs/src/lab/install/lab02_interfaces/share/lab02_interfaces/local_setup.dsv
-- Installing: /workspaces/SESARS_Labs/src/lab/install/lab02_interfaces/share/lab02_interfaces/package.dsv
-- Installing: /workspaces/SESARS_Labs/src/lab/install/lab02_interfaces/share/ament_index/resource_index/packages/lab02_interfaces
-- Installing: /workspaces/SESARS_Labs/src/lab/install/lab02_interfaces/share/lab02_interfaces/cmake/export_lab02_interfaces__rosidl_generator_cExport.cmake
-- Installing: /workspaces/SESARS_Labs/src/lab/install/lab02_interfaces/share/lab02_interfaces/cmake/export_lab02_interfaces__rosidl_generator_cExport-noconfig.cmake
-- Installing: /workspaces/SESARS_Labs/src/lab/install/lab02_interfaces/share/lab02_interfaces/cmake/export_lab02_interfaces__rosidl_typesupport_fastrtps_cExport.cmake
-- Installing: /workspaces/SESARS_Labs/src/lab/install/lab02_interfaces/share/lab02_interfaces/cmake/export_lab02_interfaces__rosidl_typesupport_fastrtps_cExport-noconfig.cmake
-- Installing: /workspaces/SESARS_Labs/src/lab/install/lab02_interfaces/share/lab02_interfaces/cmake/lab02_interfaces__rosidl_typesupport_introspection_cExport.cmake
-- Installing: /workspaces/SESARS_Labs/src/lab/install/lab02_interfaces/share/lab02_interfaces/cmake/lab02_interfaces__rosidl_typesupport_introspection_cExport-noconfig.cmake
-- Installing: /workspaces/SESARS_Labs/src/lab/install/lab02_interfaces/share/lab02_interfaces/cmake/lab02_interfaces__rosidl_typesupport_cExport.cmake
-- Installing: /workspaces/SESARS_Labs/src/lab/install/lab02_interfaces/share/lab02_interfaces/cmake/lab02_interfaces__rosidl_typesupport_cExport-noconfig.cmake
-- Installing: /workspaces/SESARS_Labs/src/lab/install/lab02_interfaces/share/lab02_interfaces/cmake/export_lab02_interfaces__rosidl_generator_cppExport.cmake
-- Installing: /workspaces/SESARS_Labs/src/lab/install/lab02_interfaces/share/lab02_interfaces/cmake/export_lab02_interfaces__rosidl_typesupport_fastrtps_cppExport.cmake
-- Installing: /workspaces/SESARS_Labs/src/lab/install/lab02_interfaces/share/lab02_interfaces/cmake/export_lab02_interfaces__rosidl_typesupport_fastrtps_cppExport-noconfig.cmake
-- Installing: /workspaces/SESARS_Labs/src/lab/install/lab02_interfaces/share/lab02_interfaces/cmake/lab02_interfaces__rosidl_typesupport_introspection_cppExport.cmake
-- Installing: /workspaces/SESARS_Labs/src/lab/install/lab02_interfaces/share/lab02_interfaces/cmake/lab02_interfaces__rosidl_typesupport_introspection_cppExport-noconfig.cmake
-- Installing: /workspaces/SESARS_Labs/src/lab/install/lab02_interfaces/share/lab02_interfaces/cmake/lab02_interfaces__rosidl_typesupport_cppExport.cmake
-- Installing: /workspaces/SESARS_Labs/src/lab/install/lab02_interfaces/share/lab02_interfaces/cmake/lab02_interfaces__rosidl_typesupport_cppExport-noconfig.cmake
-- Installing: /workspaces/SESARS_Labs/src/lab/install/lab02_interfaces/share/lab02_interfaces/cmake/export_lab02_interfaces__rosidl_generator_pyExport.cmake
-- Installing: /workspaces/SESARS_Labs/src/lab/install/lab02_interfaces/share/lab02_interfaces/cmake/export_lab02_interfaces__rosidl_generator_pyExport-noconfig.cmake
-- Installing: /workspaces/SESARS_Labs/src/lab/install/lab02_interfaces/share/lab02_interfaces/cmake/rosidl_cmake-extras.cmake
-- Installing: /workspaces/SESARS_Labs/src/lab/install/lab02_interfaces/share/lab02_interfaces/cmake/ament_cmake_export_dependencies-extras.cmake
-- Installing: /workspaces/SESARS_Labs/src/lab/install/lab02_interfaces/share/lab02_interfaces/cmake/ament_cmake_export_include_directories-extras.cmake
-- Installing: /workspaces/SESARS_Labs/src/lab/install/lab02_interfaces/share/lab02_interfaces/cmake/ament_cmake_export_libraries-extras.cmake
-- Installing: /workspaces/SESARS_Labs/src/lab/install/lab02_interfaces/share/lab02_interfaces/cmake/ament_cmake_export_targets-extras.cmake
-- Installing: /workspaces/SESARS_Labs/src/lab/install/lab02_interfaces/share/lab02_interfaces/cmake/rosidl_cmake_export_typesupport_targets-extras.cmake
-- Installing: /workspaces/SESARS_Labs/src/lab/install/lab02_interfaces/share/lab02_interfaces/cmake/rosidl_cmake_export_typesupport_libraries-extras.cmake
-- Installing: /workspaces/SESARS_Labs/src/lab/install/lab02_interfaces/share/lab02_interfaces/cmake/lab02_interfacesConfig.cmake
-- Installing: /workspaces/SESARS_Labs/src/lab/install/lab02_interfaces/share/lab02_interfaces/cmake/lab02_interfacesConfig-version.cmake
-- Installing: /workspaces/SESARS_Labs/src/lab/install/lab02_interfaces/share/lab02_interfaces/package.xml
