[0.163s] Invoking command in '/workspaces/SESARS_Labs/src/lab/build/lab02_interfaces': CMAKE_PREFIX_PATH=${CMAKE_PREFIX_PATH}:/workspaces/SESARS_Labs/src/lab/install/py_pubsub:/workspaces/SESARS_Labs/src/lab/install/lab02_pkg:/workspaces/SESARS_Labs/src/lab/install/lab01_pkg:/opt/ros/humble /usr/bin/cmake /workspaces/SESARS_Labs/src/lab/src/lab02_interfaces -DCMAKE_INSTALL_PREFIX=/workspaces/SESARS_Labs/src/lab/install/lab02_interfaces
[0.391s] -- The C compiler identification is GNU 11.4.0
[0.391s] -- The CXX compiler identification is GNU 11.4.0
[0.391s] -- Detecting C compiler ABI info
[0.403s] -- Detecting C compiler ABI info - done
[0.410s] -- Check for working C compiler: /usr/bin/cc - skipped
[0.410s] -- Detecting C compile features
[0.411s] -- Detecting C compile features - done
[0.413s] -- Detecting CXX compiler ABI info
[0.499s] -- Detecting CXX compiler ABI info - done
[0.511s] -- Check for working CXX compiler: /usr/bin/c++ - skipped
[0.511s] -- Detecting CXX compile features
[0.511s] -- Detecting CXX compile features - done
[0.515s] -- Found ament_cmake: 1.3.5 (/opt/ros/humble/share/ament_cmake/cmake)
[0.665s] -- Found Python3: /usr/bin/python3.10 (found version "3.10.12") found components: Interpreter 
[0.752s] -- Found rosidl_default_generators: 1.2.0 (/opt/ros/humble/share/rosidl_default_generators/cmake)
[0.754s] -- Using all available rosidl_typesupport_c: rosidl_typesupport_fastrtps_c;rosidl_typesupport_introspection_c
[0.759s] -- Found rosidl_adapter: 3.1.5 (/opt/ros/humble/share/rosidl_adapter/cmake)
[0.791s] -- Using all available rosidl_typesupport_cpp: rosidl_typesupport_fastrtps_cpp;rosidl_typesupport_introspection_cpp
[1.199s] -- Found ament_cmake_ros: 0.10.0 (/opt/ros/humble/share/ament_cmake_ros/cmake)
[1.399s] -- Using all available rosidl_typesupport_c: rosidl_typesupport_fastrtps_c;rosidl_typesupport_introspection_c
[1.640s] -- Using all available rosidl_typesupport_cpp: rosidl_typesupport_fastrtps_cpp;rosidl_typesupport_introspection_cpp
[1.665s] -- Found PythonInterp: /usr/bin/python3 (found suitable version "3.10.12", minimum required is "3.6") 
[1.666s] -- Found python_cmake_module: 0.10.0 (/opt/ros/humble/share/python_cmake_module/cmake)
[1.685s] -- Found PythonLibs: /usr/lib/x86_64-linux-gnu/libpython3.10.so (found suitable version "3.10.12", minimum required is "3.5") 
[1.685s] -- Using PYTHON_EXECUTABLE: /usr/bin/python3
[1.685s] -- Using PYTHON_INCLUDE_DIRS: /usr/include/python3.10
[1.685s] -- Using PYTHON_LIBRARIES: /usr/lib/x86_64-linux-gnu/libpython3.10.so
[1.702s] -- Found PythonExtra: .so  
[1.754s] -- Found ament_lint_auto: 0.12.8 (/opt/ros/humble/share/ament_lint_auto/cmake)
[1.773s] -- Added test 'lint_cmake' to check CMake code style
[1.774s] -- Added test 'xmllint' to check XML markup files
[1.777s] -- Configuring done
[1.804s] -- Generating done
[1.806s] -- Build files have been written to: /workspaces/SESARS_Labs/src/lab/build/lab02_interfaces
[1.812s] Invoked command in '/workspaces/SESARS_Labs/src/lab/build/lab02_interfaces' returned '0': CMAKE_PREFIX_PATH=${CMAKE_PREFIX_PATH}:/workspaces/SESARS_Labs/src/lab/install/py_pubsub:/workspaces/SESARS_Labs/src/lab/install/lab02_pkg:/workspaces/SESARS_Labs/src/lab/install/lab01_pkg:/opt/ros/humble /usr/bin/cmake /workspaces/SESARS_Labs/src/lab/src/lab02_interfaces -DCMAKE_INSTALL_PREFIX=/workspaces/SESARS_Labs/src/lab/install/lab02_interfaces
[1.815s] Invoking command in '/workspaces/SESARS_Labs/src/lab/build/lab02_interfaces': CMAKE_PREFIX_PATH=${CMAKE_PREFIX_PATH}:/workspaces/SESARS_Labs/src/lab/install/py_pubsub:/workspaces/SESARS_Labs/src/lab/install/lab02_pkg:/workspaces/SESARS_Labs/src/lab/install/lab01_pkg:/opt/ros/humble /usr/bin/cmake --build /workspaces/SESARS_Labs/src/lab/build/lab02_interfaces -- -j12 -l12
[1.861s] [  2%] [34m[1mGenerating C code for ROS interfaces[0m
[1.877s] [  5%] [34m[1mGenerating C++ code for ROS interfaces[0m
[1.883s] [  5%] Built target ament_cmake_python_copy_lab02_interfaces
[2.068s] running egg_info
[2.068s] creating lab02_interfaces.egg-info
[2.068s] writing lab02_interfaces.egg-info/PKG-INFO
[2.068s] writing dependency_links to lab02_interfaces.egg-info/dependency_links.txt
[2.069s] writing top-level names to lab02_interfaces.egg-info/top_level.txt
[2.069s] writing manifest file 'lab02_interfaces.egg-info/SOURCES.txt'
[2.070s] reading manifest file 'lab02_interfaces.egg-info/SOURCES.txt'
[2.070s] writing manifest file 'lab02_interfaces.egg-info/SOURCES.txt'
[2.100s] [  5%] Built target ament_cmake_python_build_lab02_interfaces_egg
[2.365s] [  5%] Built target lab02_interfaces__cpp
[2.372s] [ 10%] [34m[1mGenerating C++ introspection for ROS interfaces[0m
[2.372s] [ 10%] [34m[1mGenerating C++ type support for eProsima Fast-RTPS[0m
[2.373s] [ 12%] [34m[1mGenerating C++ type support dispatch for ROS interfaces[0m
[2.379s] [ 15%] [32mBuilding C object CMakeFiles/lab02_interfaces__rosidl_generator_c.dir/rosidl_generator_c/lab02_interfaces/srv/detail/compute_trajectory__functions.c.o[0m
[2.383s] [ 17%] [32mBuilding C object CMakeFiles/lab02_interfaces__rosidl_generator_c.dir/rosidl_generator_c/lab02_interfaces/action/detail/move_distance__functions.c.o[0m
[2.506s] [ 20%] [32m[1mLinking C shared library liblab02_interfaces__rosidl_generator_c.so[0m
[2.550s] [ 20%] Built target lab02_interfaces__rosidl_generator_c
[2.557s] [ 23%] [34m[1mGenerating C introspection for ROS interfaces[0m
[2.561s] [ 25%] [34m[1mGenerating C type support for eProsima Fast-RTPS[0m
[2.562s] [ 28%] [34m[1mGenerating C type support dispatch for ROS interfaces[0m
[2.760s] [ 30%] [32mBuilding CXX object CMakeFiles/lab02_interfaces__rosidl_typesupport_introspection_cpp.dir/rosidl_typesupport_introspection_cpp/lab02_interfaces/action/detail/move_distance__type_support.cpp.o[0m
[2.760s] [ 33%] [32mBuilding CXX object CMakeFiles/lab02_interfaces__rosidl_typesupport_introspection_cpp.dir/rosidl_typesupport_introspection_cpp/lab02_interfaces/srv/detail/compute_trajectory__type_support.cpp.o[0m
[2.803s] [ 38%] [32mBuilding CXX object CMakeFiles/lab02_interfaces__rosidl_typesupport_cpp.dir/rosidl_typesupport_cpp/lab02_interfaces/action/move_distance__type_support.cpp.o[0m
[2.803s] [ 38%] [32mBuilding CXX object CMakeFiles/lab02_interfaces__rosidl_typesupport_cpp.dir/rosidl_typesupport_cpp/lab02_interfaces/srv/compute_trajectory__type_support.cpp.o[0m
[2.896s] [ 43%] [32mBuilding CXX object CMakeFiles/lab02_interfaces__rosidl_typesupport_fastrtps_cpp.dir/rosidl_typesupport_fastrtps_cpp/lab02_interfaces/srv/detail/dds_fastrtps/compute_trajectory__type_support.cpp.o[0m
[2.897s] [ 43%] [32mBuilding CXX object CMakeFiles/lab02_interfaces__rosidl_typesupport_fastrtps_cpp.dir/rosidl_typesupport_fastrtps_cpp/lab02_interfaces/action/detail/dds_fastrtps/move_distance__type_support.cpp.o[0m
[2.957s] [ 46%] [32mBuilding CXX object CMakeFiles/lab02_interfaces__rosidl_typesupport_c.dir/rosidl_typesupport_c/lab02_interfaces/srv/compute_trajectory__type_support.cpp.o[0m
[2.959s] [ 48%] [32mBuilding CXX object CMakeFiles/lab02_interfaces__rosidl_typesupport_c.dir/rosidl_typesupport_c/lab02_interfaces/action/move_distance__type_support.cpp.o[0m
[3.022s] [ 51%] [32m[1mLinking CXX shared library liblab02_interfaces__rosidl_typesupport_c.so[0m
[3.081s] [ 51%] Built target lab02_interfaces__rosidl_typesupport_c
[3.109s] [ 56%] [32mBuilding C object CMakeFiles/lab02_interfaces__rosidl_typesupport_introspection_c.dir/rosidl_typesupport_introspection_c/lab02_interfaces/action/detail/move_distance__type_support.c.o[0m
[3.109s] [ 56%] [32mBuilding C object CMakeFiles/lab02_interfaces__rosidl_typesupport_introspection_c.dir/rosidl_typesupport_introspection_c/lab02_interfaces/srv/detail/compute_trajectory__type_support.c.o[0m
[3.163s] [ 58%] [32m[1mLinking C shared library liblab02_interfaces__rosidl_typesupport_introspection_c.so[0m
[3.202s] [ 58%] Built target lab02_interfaces__rosidl_typesupport_introspection_c
[3.248s] [ 64%] [32mBuilding CXX object CMakeFiles/lab02_interfaces__rosidl_typesupport_fastrtps_c.dir/rosidl_typesupport_fastrtps_c/lab02_interfaces/action/detail/move_distance__type_support_c.cpp.o[0m
[3.248s] [ 64%] [32mBuilding CXX object CMakeFiles/lab02_interfaces__rosidl_typesupport_fastrtps_c.dir/rosidl_typesupport_fastrtps_c/lab02_interfaces/srv/detail/compute_trajectory__type_support_c.cpp.o[0m
[3.358s] [ 66%] [32m[1mLinking CXX shared library liblab02_interfaces__rosidl_typesupport_cpp.so[0m
[3.400s] [ 66%] Built target lab02_interfaces__rosidl_typesupport_cpp
[3.473s] [ 69%] [32m[1mLinking CXX shared library liblab02_interfaces__rosidl_typesupport_introspection_cpp.so[0m
[3.524s] [ 71%] [32m[1mLinking CXX shared library liblab02_interfaces__rosidl_typesupport_fastrtps_cpp.so[0m
[3.581s] [ 71%] Built target lab02_interfaces__rosidl_typesupport_introspection_cpp
[3.600s] [ 74%] [32m[1mLinking CXX shared library liblab02_interfaces__rosidl_typesupport_fastrtps_c.so[0m
[3.616s] [ 74%] Built target lab02_interfaces__rosidl_typesupport_fastrtps_cpp
[3.699s] [ 74%] Built target lab02_interfaces__rosidl_typesupport_fastrtps_c
[3.723s] [ 74%] Built target lab02_interfaces
[3.746s] [ 76%] [34m[1mGenerating Python code for ROS interfaces[0m
[4.589s] [ 76%] Built target lab02_interfaces__py
[4.611s] [ 79%] [32mBuilding C object CMakeFiles/lab02_interfaces__rosidl_generator_py.dir/rosidl_generator_py/lab02_interfaces/srv/_compute_trajectory_s.c.o[0m
[4.612s] [ 82%] [32mBuilding C object CMakeFiles/lab02_interfaces__rosidl_generator_py.dir/rosidl_generator_py/lab02_interfaces/action/_move_distance_s.c.o[0m
[4.732s] [ 84%] [32m[1mLinking C shared library rosidl_generator_py/lab02_interfaces/liblab02_interfaces__rosidl_generator_py.so[0m
[4.778s] [ 84%] Built target lab02_interfaces__rosidl_generator_py
[4.795s] [ 87%] [32mBuilding C object CMakeFiles/lab02_interfaces__rosidl_typesupport_fastrtps_c__pyext.dir/rosidl_generator_py/lab02_interfaces/_lab02_interfaces_s.ep.rosidl_typesupport_fastrtps_c.c.o[0m
[4.798s] [ 89%] [32mBuilding C object CMakeFiles/lab02_interfaces__rosidl_typesupport_introspection_c__pyext.dir/rosidl_generator_py/lab02_interfaces/_lab02_interfaces_s.ep.rosidl_typesupport_introspection_c.c.o[0m
[4.803s] [ 92%] [32mBuilding C object CMakeFiles/lab02_interfaces__rosidl_typesupport_c__pyext.dir/rosidl_generator_py/lab02_interfaces/_lab02_interfaces_s.ep.rosidl_typesupport_c.c.o[0m
[4.908s] [ 94%] [32m[1mLinking C shared library rosidl_generator_py/lab02_interfaces/lab02_interfaces_s__rosidl_typesupport_introspection_c.cpython-310-x86_64-linux-gnu.so[0m
[4.913s] [ 97%] [32m[1mLinking C shared library rosidl_generator_py/lab02_interfaces/lab02_interfaces_s__rosidl_typesupport_fastrtps_c.cpython-310-x86_64-linux-gnu.so[0m
[4.919s] [100%] [32m[1mLinking C shared library rosidl_generator_py/lab02_interfaces/lab02_interfaces_s__rosidl_typesupport_c.cpython-310-x86_64-linux-gnu.so[0m
[4.947s] [100%] Built target lab02_interfaces__rosidl_typesupport_introspection_c__pyext
[4.958s] [100%] Built target lab02_interfaces__rosidl_typesupport_c__pyext
[4.959s] [100%] Built target lab02_interfaces__rosidl_typesupport_fastrtps_c__pyext
[4.970s] Invoked command in '/workspaces/SESARS_Labs/src/lab/build/lab02_interfaces' returned '0': CMAKE_PREFIX_PATH=${CMAKE_PREFIX_PATH}:/workspaces/SESARS_Labs/src/lab/install/py_pubsub:/workspaces/SESARS_Labs/src/lab/install/lab02_pkg:/workspaces/SESARS_Labs/src/lab/install/lab01_pkg:/opt/ros/humble /usr/bin/cmake --build /workspaces/SESARS_Labs/src/lab/build/lab02_interfaces -- -j12 -l12
[5.045s] Invoking command in '/workspaces/SESARS_Labs/src/lab/build/lab02_interfaces': CMAKE_PREFIX_PATH=${CMAKE_PREFIX_PATH}:/workspaces/SESARS_Labs/src/lab/install/py_pubsub:/workspaces/SESARS_Labs/src/lab/install/lab02_pkg:/workspaces/SESARS_Labs/src/lab/install/lab01_pkg:/opt/ros/humble /usr/bin/cmake --install /workspaces/SESARS_Labs/src/lab/build/lab02_interfaces
[5.054s] -- Install configuration: ""
[5.054s] -- Installing: /workspaces/SESARS_Labs/src/lab/install/lab02_interfaces/share/ament_index/resource_index/rosidl_interfaces/lab02_interfaces
[5.054s] -- Installing: /workspaces/SESARS_Labs/src/lab/install/lab02_interfaces/include/lab02_interfaces/lab02_interfaces
[5.055s] -- Installing: /workspaces/SESARS_Labs/src/lab/install/lab02_interfaces/include/lab02_interfaces/lab02_interfaces/action
[5.055s] -- Installing: /workspaces/SESARS_Labs/src/lab/install/lab02_interfaces/include/lab02_interfaces/lab02_interfaces/action/detail
[5.055s] -- Installing: /workspaces/SESARS_Labs/src/lab/install/lab02_interfaces/include/lab02_interfaces/lab02_interfaces/action/detail/move_distance__struct.h
[5.055s] -- Installing: /workspaces/SESARS_Labs/src/lab/install/lab02_interfaces/include/lab02_interfaces/lab02_interfaces/action/detail/move_distance__type_support.h
[5.055s] -- Installing: /workspaces/SESARS_Labs/src/lab/install/lab02_interfaces/include/lab02_interfaces/lab02_interfaces/action/detail/move_distance__functions.c
[5.055s] -- Installing: /workspaces/SESARS_Labs/src/lab/install/lab02_interfaces/include/lab02_interfaces/lab02_interfaces/action/detail/move_distance__functions.h
[5.055s] -- Installing: /workspaces/SESARS_Labs/src/lab/install/lab02_interfaces/include/lab02_interfaces/lab02_interfaces/action/move_distance.h
[5.056s] -- Installing: /workspaces/SESARS_Labs/src/lab/install/lab02_interfaces/include/lab02_interfaces/lab02_interfaces/srv
[5.056s] -- Installing: /workspaces/SESARS_Labs/src/lab/install/lab02_interfaces/include/lab02_interfaces/lab02_interfaces/srv/detail
[5.056s] -- Installing: /workspaces/SESARS_Labs/src/lab/install/lab02_interfaces/include/lab02_interfaces/lab02_interfaces/srv/detail/compute_trajectory__struct.h
[5.056s] -- Installing: /workspaces/SESARS_Labs/src/lab/install/lab02_interfaces/include/lab02_interfaces/lab02_interfaces/srv/detail/compute_trajectory__functions.h
[5.056s] -- Installing: /workspaces/SESARS_Labs/src/lab/install/lab02_interfaces/include/lab02_interfaces/lab02_interfaces/srv/detail/compute_trajectory__type_support.h
[5.056s] -- Installing: /workspaces/SESARS_Labs/src/lab/install/lab02_interfaces/include/lab02_interfaces/lab02_interfaces/srv/detail/compute_trajectory__functions.c
[5.056s] -- Installing: /workspaces/SESARS_Labs/src/lab/install/lab02_interfaces/include/lab02_interfaces/lab02_interfaces/srv/compute_trajectory.h
[5.056s] -- Installing: /workspaces/SESARS_Labs/src/lab/install/lab02_interfaces/include/lab02_interfaces/lab02_interfaces/msg
[5.057s] -- Installing: /workspaces/SESARS_Labs/src/lab/install/lab02_interfaces/include/lab02_interfaces/lab02_interfaces/msg/rosidl_generator_c__visibility_control.h
[5.057s] -- Installing: /workspaces/SESARS_Labs/src/lab/install/lab02_interfaces/share/lab02_interfaces/environment/library_path.sh
[5.057s] -- Installing: /workspaces/SESARS_Labs/src/lab/install/lab02_interfaces/share/lab02_interfaces/environment/library_path.dsv
[5.057s] -- Installing: /workspaces/SESARS_Labs/src/lab/install/lab02_interfaces/lib/liblab02_interfaces__rosidl_generator_c.so
[5.057s] -- Set runtime path of "/workspaces/SESARS_Labs/src/lab/install/lab02_interfaces/lib/liblab02_interfaces__rosidl_generator_c.so" to ""
[5.057s] -- Up-to-date: /workspaces/SESARS_Labs/src/lab/install/lab02_interfaces/include/lab02_interfaces/lab02_interfaces
[5.057s] -- Up-to-date: /workspaces/SESARS_Labs/src/lab/install/lab02_interfaces/include/lab02_interfaces/lab02_interfaces/action
[5.058s] -- Up-to-date: /workspaces/SESARS_Labs/src/lab/install/lab02_interfaces/include/lab02_interfaces/lab02_interfaces/action/detail
[5.058s] -- Installing: /workspaces/SESARS_Labs/src/lab/install/lab02_interfaces/include/lab02_interfaces/lab02_interfaces/action/detail/move_distance__rosidl_typesupport_fastrtps_c.h
[5.058s] -- Up-to-date: /workspaces/SESARS_Labs/src/lab/install/lab02_interfaces/include/lab02_interfaces/lab02_interfaces/srv
[5.058s] -- Up-to-date: /workspaces/SESARS_Labs/src/lab/install/lab02_interfaces/include/lab02_interfaces/lab02_interfaces/srv/detail
[5.058s] -- Installing: /workspaces/SESARS_Labs/src/lab/install/lab02_interfaces/include/lab02_interfaces/lab02_interfaces/srv/detail/compute_trajectory__rosidl_typesupport_fastrtps_c.h
[5.059s] -- Up-to-date: /workspaces/SESARS_Labs/src/lab/install/lab02_interfaces/include/lab02_interfaces/lab02_interfaces/msg
[5.059s] -- Installing: /workspaces/SESARS_Labs/src/lab/install/lab02_interfaces/include/lab02_interfaces/lab02_interfaces/msg/rosidl_typesupport_fastrtps_c__visibility_control.h
[5.059s] -- Installing: /workspaces/SESARS_Labs/src/lab/install/lab02_interfaces/lib/liblab02_interfaces__rosidl_typesupport_fastrtps_c.so
[5.059s] -- Set runtime path of "/workspaces/SESARS_Labs/src/lab/install/lab02_interfaces/lib/liblab02_interfaces__rosidl_typesupport_fastrtps_c.so" to ""
[5.059s] -- Up-to-date: /workspaces/SESARS_Labs/src/lab/install/lab02_interfaces/include/lab02_interfaces/lab02_interfaces
[5.059s] -- Up-to-date: /workspaces/SESARS_Labs/src/lab/install/lab02_interfaces/include/lab02_interfaces/lab02_interfaces/action
[5.059s] -- Up-to-date: /workspaces/SESARS_Labs/src/lab/install/lab02_interfaces/include/lab02_interfaces/lab02_interfaces/action/detail
[5.059s] -- Installing: /workspaces/SESARS_Labs/src/lab/install/lab02_interfaces/include/lab02_interfaces/lab02_interfaces/action/detail/move_distance__type_support.c
[5.060s] -- Installing: /workspaces/SESARS_Labs/src/lab/install/lab02_interfaces/include/lab02_interfaces/lab02_interfaces/action/detail/move_distance__rosidl_typesupport_introspection_c.h
[5.060s] -- Up-to-date: /workspaces/SESARS_Labs/src/lab/install/lab02_interfaces/include/lab02_interfaces/lab02_interfaces/srv
[5.060s] -- Up-to-date: /workspaces/SESARS_Labs/src/lab/install/lab02_interfaces/include/lab02_interfaces/lab02_interfaces/srv/detail
[5.060s] -- Installing: /workspaces/SESARS_Labs/src/lab/install/lab02_interfaces/include/lab02_interfaces/lab02_interfaces/srv/detail/compute_trajectory__rosidl_typesupport_introspection_c.h
[5.060s] -- Installing: /workspaces/SESARS_Labs/src/lab/install/lab02_interfaces/include/lab02_interfaces/lab02_interfaces/srv/detail/compute_trajectory__type_support.c
[5.060s] -- Up-to-date: /workspaces/SESARS_Labs/src/lab/install/lab02_interfaces/include/lab02_interfaces/lab02_interfaces/msg
[5.060s] -- Installing: /workspaces/SESARS_Labs/src/lab/install/lab02_interfaces/include/lab02_interfaces/lab02_interfaces/msg/rosidl_typesupport_introspection_c__visibility_control.h
[5.060s] -- Installing: /workspaces/SESARS_Labs/src/lab/install/lab02_interfaces/lib/liblab02_interfaces__rosidl_typesupport_introspection_c.so
[5.060s] -- Set runtime path of "/workspaces/SESARS_Labs/src/lab/install/lab02_interfaces/lib/liblab02_interfaces__rosidl_typesupport_introspection_c.so" to ""
[5.061s] -- Installing: /workspaces/SESARS_Labs/src/lab/install/lab02_interfaces/lib/liblab02_interfaces__rosidl_typesupport_c.so
[5.061s] -- Set runtime path of "/workspaces/SESARS_Labs/src/lab/install/lab02_interfaces/lib/liblab02_interfaces__rosidl_typesupport_c.so" to ""
[5.061s] -- Up-to-date: /workspaces/SESARS_Labs/src/lab/install/lab02_interfaces/include/lab02_interfaces/lab02_interfaces
[5.061s] -- Up-to-date: /workspaces/SESARS_Labs/src/lab/install/lab02_interfaces/include/lab02_interfaces/lab02_interfaces/action
[5.061s] -- Installing: /workspaces/SESARS_Labs/src/lab/install/lab02_interfaces/include/lab02_interfaces/lab02_interfaces/action/move_distance.hpp
[5.061s] -- Up-to-date: /workspaces/SESARS_Labs/src/lab/install/lab02_interfaces/include/lab02_interfaces/lab02_interfaces/action/detail
[5.061s] -- Installing: /workspaces/SESARS_Labs/src/lab/install/lab02_interfaces/include/lab02_interfaces/lab02_interfaces/action/detail/move_distance__struct.hpp
[5.062s] -- Installing: /workspaces/SESARS_Labs/src/lab/install/lab02_interfaces/include/lab02_interfaces/lab02_interfaces/action/detail/move_distance__traits.hpp
[5.062s] -- Installing: /workspaces/SESARS_Labs/src/lab/install/lab02_interfaces/include/lab02_interfaces/lab02_interfaces/action/detail/move_distance__builder.hpp
[5.062s] -- Up-to-date: /workspaces/SESARS_Labs/src/lab/install/lab02_interfaces/include/lab02_interfaces/lab02_interfaces/srv
[5.062s] -- Up-to-date: /workspaces/SESARS_Labs/src/lab/install/lab02_interfaces/include/lab02_interfaces/lab02_interfaces/srv/detail
[5.062s] -- Installing: /workspaces/SESARS_Labs/src/lab/install/lab02_interfaces/include/lab02_interfaces/lab02_interfaces/srv/detail/compute_trajectory__builder.hpp
[5.062s] -- Installing: /workspaces/SESARS_Labs/src/lab/install/lab02_interfaces/include/lab02_interfaces/lab02_interfaces/srv/detail/compute_trajectory__traits.hpp
[5.062s] -- Installing: /workspaces/SESARS_Labs/src/lab/install/lab02_interfaces/include/lab02_interfaces/lab02_interfaces/srv/detail/compute_trajectory__struct.hpp
[5.063s] -- Installing: /workspaces/SESARS_Labs/src/lab/install/lab02_interfaces/include/lab02_interfaces/lab02_interfaces/srv/compute_trajectory.hpp
[5.063s] -- Up-to-date: /workspaces/SESARS_Labs/src/lab/install/lab02_interfaces/include/lab02_interfaces/lab02_interfaces
[5.063s] -- Up-to-date: /workspaces/SESARS_Labs/src/lab/install/lab02_interfaces/include/lab02_interfaces/lab02_interfaces/action
[5.063s] -- Up-to-date: /workspaces/SESARS_Labs/src/lab/install/lab02_interfaces/include/lab02_interfaces/lab02_interfaces/action/detail
[5.063s] -- Installing: /workspaces/SESARS_Labs/src/lab/install/lab02_interfaces/include/lab02_interfaces/lab02_interfaces/action/detail/dds_fastrtps
[5.063s] -- Installing: /workspaces/SESARS_Labs/src/lab/install/lab02_interfaces/include/lab02_interfaces/lab02_interfaces/action/detail/move_distance__rosidl_typesupport_fastrtps_cpp.hpp
[5.063s] -- Up-to-date: /workspaces/SESARS_Labs/src/lab/install/lab02_interfaces/include/lab02_interfaces/lab02_interfaces/srv
[5.063s] -- Up-to-date: /workspaces/SESARS_Labs/src/lab/install/lab02_interfaces/include/lab02_interfaces/lab02_interfaces/srv/detail
[5.063s] -- Installing: /workspaces/SESARS_Labs/src/lab/install/lab02_interfaces/include/lab02_interfaces/lab02_interfaces/srv/detail/dds_fastrtps
[5.064s] -- Installing: /workspaces/SESARS_Labs/src/lab/install/lab02_interfaces/include/lab02_interfaces/lab02_interfaces/srv/detail/compute_trajectory__rosidl_typesupport_fastrtps_cpp.hpp
[5.064s] -- Up-to-date: /workspaces/SESARS_Labs/src/lab/install/lab02_interfaces/include/lab02_interfaces/lab02_interfaces/msg
[5.064s] -- Installing: /workspaces/SESARS_Labs/src/lab/install/lab02_interfaces/include/lab02_interfaces/lab02_interfaces/msg/rosidl_typesupport_fastrtps_cpp__visibility_control.h
[5.064s] -- Installing: /workspaces/SESARS_Labs/src/lab/install/lab02_interfaces/lib/liblab02_interfaces__rosidl_typesupport_fastrtps_cpp.so
[5.064s] -- Set runtime path of "/workspaces/SESARS_Labs/src/lab/install/lab02_interfaces/lib/liblab02_interfaces__rosidl_typesupport_fastrtps_cpp.so" to ""
[5.064s] -- Up-to-date: /workspaces/SESARS_Labs/src/lab/install/lab02_interfaces/include/lab02_interfaces/lab02_interfaces
[5.064s] -- Up-to-date: /workspaces/SESARS_Labs/src/lab/install/lab02_interfaces/include/lab02_interfaces/lab02_interfaces/action
[5.064s] -- Up-to-date: /workspaces/SESARS_Labs/src/lab/install/lab02_interfaces/include/lab02_interfaces/lab02_interfaces/action/detail
[5.064s] -- Installing: /workspaces/SESARS_Labs/src/lab/install/lab02_interfaces/include/lab02_interfaces/lab02_interfaces/action/detail/move_distance__rosidl_typesupport_introspection_cpp.hpp
[5.064s] -- Installing: /workspaces/SESARS_Labs/src/lab/install/lab02_interfaces/include/lab02_interfaces/lab02_interfaces/action/detail/move_distance__type_support.cpp
[5.065s] -- Up-to-date: /workspaces/SESARS_Labs/src/lab/install/lab02_interfaces/include/lab02_interfaces/lab02_interfaces/srv
[5.065s] -- Up-to-date: /workspaces/SESARS_Labs/src/lab/install/lab02_interfaces/include/lab02_interfaces/lab02_interfaces/srv/detail
[5.065s] -- Installing: /workspaces/SESARS_Labs/src/lab/install/lab02_interfaces/include/lab02_interfaces/lab02_interfaces/srv/detail/compute_trajectory__rosidl_typesupport_introspection_cpp.hpp
[5.065s] -- Installing: /workspaces/SESARS_Labs/src/lab/install/lab02_interfaces/include/lab02_interfaces/lab02_interfaces/srv/detail/compute_trajectory__type_support.cpp
[5.065s] -- Installing: /workspaces/SESARS_Labs/src/lab/install/lab02_interfaces/lib/liblab02_interfaces__rosidl_typesupport_introspection_cpp.so
[5.065s] -- Set runtime path of "/workspaces/SESARS_Labs/src/lab/install/lab02_interfaces/lib/liblab02_interfaces__rosidl_typesupport_introspection_cpp.so" to ""
[5.065s] -- Installing: /workspaces/SESARS_Labs/src/lab/install/lab02_interfaces/lib/liblab02_interfaces__rosidl_typesupport_cpp.so
[5.065s] -- Set runtime path of "/workspaces/SESARS_Labs/src/lab/install/lab02_interfaces/lib/liblab02_interfaces__rosidl_typesupport_cpp.so" to ""
[5.066s] -- Installing: /workspaces/SESARS_Labs/src/lab/install/lab02_interfaces/share/lab02_interfaces/environment/pythonpath.sh
[5.066s] -- Installing: /workspaces/SESARS_Labs/src/lab/install/lab02_interfaces/share/lab02_interfaces/environment/pythonpath.dsv
[5.066s] -- Installing: /workspaces/SESARS_Labs/src/lab/install/lab02_interfaces/local/lib/python3.10/dist-packages/lab02_interfaces-0.0.0-py3.10.egg-info
[5.066s] -- Installing: /workspaces/SESARS_Labs/src/lab/install/lab02_interfaces/local/lib/python3.10/dist-packages/lab02_interfaces-0.0.0-py3.10.egg-info/top_level.txt
[5.066s] -- Installing: /workspaces/SESARS_Labs/src/lab/install/lab02_interfaces/local/lib/python3.10/dist-packages/lab02_interfaces-0.0.0-py3.10.egg-info/PKG-INFO
[5.066s] -- Installing: /workspaces/SESARS_Labs/src/lab/install/lab02_interfaces/local/lib/python3.10/dist-packages/lab02_interfaces-0.0.0-py3.10.egg-info/dependency_links.txt
[5.066s] -- Installing: /workspaces/SESARS_Labs/src/lab/install/lab02_interfaces/local/lib/python3.10/dist-packages/lab02_interfaces-0.0.0-py3.10.egg-info/SOURCES.txt
[5.066s] -- Installing: /workspaces/SESARS_Labs/src/lab/install/lab02_interfaces/local/lib/python3.10/dist-packages/lab02_interfaces
[5.066s] -- Installing: /workspaces/SESARS_Labs/src/lab/install/lab02_interfaces/local/lib/python3.10/dist-packages/lab02_interfaces/lab02_interfaces_s__rosidl_typesupport_c.cpython-310-x86_64-linux-gnu.so
[5.067s] -- Installing: /workspaces/SESARS_Labs/src/lab/install/lab02_interfaces/local/lib/python3.10/dist-packages/lab02_interfaces/action
[5.067s] -- Installing: /workspaces/SESARS_Labs/src/lab/install/lab02_interfaces/local/lib/python3.10/dist-packages/lab02_interfaces/action/__init__.py
[5.067s] -- Installing: /workspaces/SESARS_Labs/src/lab/install/lab02_interfaces/local/lib/python3.10/dist-packages/lab02_interfaces/action/_move_distance.py
[5.067s] -- Installing: /workspaces/SESARS_Labs/src/lab/install/lab02_interfaces/local/lib/python3.10/dist-packages/lab02_interfaces/action/_move_distance_s.c
[5.067s] -- Installing: /workspaces/SESARS_Labs/src/lab/install/lab02_interfaces/local/lib/python3.10/dist-packages/lab02_interfaces/lab02_interfaces_s__rosidl_typesupport_fastrtps_c.cpython-310-x86_64-linux-gnu.so
[5.067s] -- Installing: /workspaces/SESARS_Labs/src/lab/install/lab02_interfaces/local/lib/python3.10/dist-packages/lab02_interfaces/__init__.py
[5.067s] -- Installing: /workspaces/SESARS_Labs/src/lab/install/lab02_interfaces/local/lib/python3.10/dist-packages/lab02_interfaces/_lab02_interfaces_s.ep.rosidl_typesupport_fastrtps_c.c
[5.067s] -- Installing: /workspaces/SESARS_Labs/src/lab/install/lab02_interfaces/local/lib/python3.10/dist-packages/lab02_interfaces/liblab02_interfaces__rosidl_generator_py.so
[5.067s] -- Installing: /workspaces/SESARS_Labs/src/lab/install/lab02_interfaces/local/lib/python3.10/dist-packages/lab02_interfaces/srv
[5.067s] -- Installing: /workspaces/SESARS_Labs/src/lab/install/lab02_interfaces/local/lib/python3.10/dist-packages/lab02_interfaces/srv/__init__.py
[5.067s] -- Installing: /workspaces/SESARS_Labs/src/lab/install/lab02_interfaces/local/lib/python3.10/dist-packages/lab02_interfaces/srv/_compute_trajectory_s.c
[5.067s] -- Installing: /workspaces/SESARS_Labs/src/lab/install/lab02_interfaces/local/lib/python3.10/dist-packages/lab02_interfaces/srv/_compute_trajectory.py
[5.067s] -- Installing: /workspaces/SESARS_Labs/src/lab/install/lab02_interfaces/local/lib/python3.10/dist-packages/lab02_interfaces/_lab02_interfaces_s.ep.rosidl_typesupport_introspection_c.c
[5.067s] -- Installing: /workspaces/SESARS_Labs/src/lab/install/lab02_interfaces/local/lib/python3.10/dist-packages/lab02_interfaces/lab02_interfaces_s__rosidl_typesupport_introspection_c.cpython-310-x86_64-linux-gnu.so
[5.067s] -- Installing: /workspaces/SESARS_Labs/src/lab/install/lab02_interfaces/local/lib/python3.10/dist-packages/lab02_interfaces/_lab02_interfaces_s.ep.rosidl_typesupport_c.c
[5.099s] Listing '/workspaces/SESARS_Labs/src/lab/install/lab02_interfaces/local/lib/python3.10/dist-packages/lab02_interfaces'...
[5.099s] Compiling '/workspaces/SESARS_Labs/src/lab/install/lab02_interfaces/local/lib/python3.10/dist-packages/lab02_interfaces/__init__.py'...
[5.099s] Listing '/workspaces/SESARS_Labs/src/lab/install/lab02_interfaces/local/lib/python3.10/dist-packages/lab02_interfaces/action'...
[5.100s] Compiling '/workspaces/SESARS_Labs/src/lab/install/lab02_interfaces/local/lib/python3.10/dist-packages/lab02_interfaces/action/__init__.py'...
[5.100s] Compiling '/workspaces/SESARS_Labs/src/lab/install/lab02_interfaces/local/lib/python3.10/dist-packages/lab02_interfaces/action/_move_distance.py'...
[5.100s] Listing '/workspaces/SESARS_Labs/src/lab/install/lab02_interfaces/local/lib/python3.10/dist-packages/lab02_interfaces/srv'...
[5.100s] Compiling '/workspaces/SESARS_Labs/src/lab/install/lab02_interfaces/local/lib/python3.10/dist-packages/lab02_interfaces/srv/__init__.py'...
[5.100s] Compiling '/workspaces/SESARS_Labs/src/lab/install/lab02_interfaces/local/lib/python3.10/dist-packages/lab02_interfaces/srv/_compute_trajectory.py'...
[5.104s] -- Installing: /workspaces/SESARS_Labs/src/lab/install/lab02_interfaces/local/lib/python3.10/dist-packages/lab02_interfaces/lab02_interfaces_s__rosidl_typesupport_fastrtps_c.cpython-310-x86_64-linux-gnu.so
[5.105s] -- Set runtime path of "/workspaces/SESARS_Labs/src/lab/install/lab02_interfaces/local/lib/python3.10/dist-packages/lab02_interfaces/lab02_interfaces_s__rosidl_typesupport_fastrtps_c.cpython-310-x86_64-linux-gnu.so" to ""
[5.105s] -- Installing: /workspaces/SESARS_Labs/src/lab/install/lab02_interfaces/local/lib/python3.10/dist-packages/lab02_interfaces/lab02_interfaces_s__rosidl_typesupport_introspection_c.cpython-310-x86_64-linux-gnu.so
[5.106s] -- Set runtime path of "/workspaces/SESARS_Labs/src/lab/install/lab02_interfaces/local/lib/python3.10/dist-packages/lab02_interfaces/lab02_interfaces_s__rosidl_typesupport_introspection_c.cpython-310-x86_64-linux-gnu.so" to ""
[5.106s] -- Installing: /workspaces/SESARS_Labs/src/lab/install/lab02_interfaces/local/lib/python3.10/dist-packages/lab02_interfaces/lab02_interfaces_s__rosidl_typesupport_c.cpython-310-x86_64-linux-gnu.so
[5.107s] -- Set runtime path of "/workspaces/SESARS_Labs/src/lab/install/lab02_interfaces/local/lib/python3.10/dist-packages/lab02_interfaces/lab02_interfaces_s__rosidl_typesupport_c.cpython-310-x86_64-linux-gnu.so" to ""
[5.107s] -- Installing: /workspaces/SESARS_Labs/src/lab/install/lab02_interfaces/lib/liblab02_interfaces__rosidl_generator_py.so
[5.107s] -- Set runtime path of "/workspaces/SESARS_Labs/src/lab/install/lab02_interfaces/lib/liblab02_interfaces__rosidl_generator_py.so" to ""
[5.108s] -- Installing: /workspaces/SESARS_Labs/src/lab/install/lab02_interfaces/share/lab02_interfaces/srv/ComputeTrajectory.idl
[5.108s] -- Installing: /workspaces/SESARS_Labs/src/lab/install/lab02_interfaces/share/lab02_interfaces/action/MoveDistance.idl
[5.108s] -- Installing: /workspaces/SESARS_Labs/src/lab/install/lab02_interfaces/share/lab02_interfaces/srv/ComputeTrajectory.srv
[5.108s] -- Installing: /workspaces/SESARS_Labs/src/lab/install/lab02_interfaces/share/lab02_interfaces/srv/ComputeTrajectory_Request.msg
[5.108s] -- Installing: /workspaces/SESARS_Labs/src/lab/install/lab02_interfaces/share/lab02_interfaces/srv/ComputeTrajectory_Response.msg
[5.109s] -- Installing: /workspaces/SESARS_Labs/src/lab/install/lab02_interfaces/share/lab02_interfaces/action/MoveDistance.action
[5.109s] -- Installing: /workspaces/SESARS_Labs/src/lab/install/lab02_interfaces/share/ament_index/resource_index/package_run_dependencies/lab02_interfaces
[5.109s] -- Installing: /workspaces/SESARS_Labs/src/lab/install/lab02_interfaces/share/ament_index/resource_index/parent_prefix_path/lab02_interfaces
[5.109s] -- Installing: /workspaces/SESARS_Labs/src/lab/install/lab02_interfaces/share/lab02_interfaces/environment/ament_prefix_path.sh
[5.110s] -- Installing: /workspaces/SESARS_Labs/src/lab/install/lab02_interfaces/share/lab02_interfaces/environment/ament_prefix_path.dsv
[5.110s] -- Installing: /workspaces/SESARS_Labs/src/lab/install/lab02_interfaces/share/lab02_interfaces/environment/path.sh
[5.110s] -- Installing: /workspaces/SESARS_Labs/src/lab/install/lab02_interfaces/share/lab02_interfaces/environment/path.dsv
[5.110s] -- Installing: /workspaces/SESARS_Labs/src/lab/install/lab02_interfaces/share/lab02_interfaces/local_setup.bash
[5.111s] -- Installing: /workspaces/SESARS_Labs/src/lab/install/lab02_interfaces/share/lab02_interfaces/local_setup.sh
[5.111s] -- Installing: /workspaces/SESARS_Labs/src/lab/install/lab02_interfaces/share/lab02_interfaces/local_setup.zsh
[5.111s] -- Installing: /workspaces/SESARS_Labs/src/lab/install/lab02_interfaces/share/lab02_interfaces/local_setup.dsv
[5.111s] -- Installing: /workspaces/SESARS_Labs/src/lab/install/lab02_interfaces/share/lab02_interfaces/package.dsv
[5.111s] -- Installing: /workspaces/SESARS_Labs/src/lab/install/lab02_interfaces/share/ament_index/resource_index/packages/lab02_interfaces
[5.112s] -- Installing: /workspaces/SESARS_Labs/src/lab/install/lab02_interfaces/share/lab02_interfaces/cmake/export_lab02_interfaces__rosidl_generator_cExport.cmake
[5.112s] -- Installing: /workspaces/SESARS_Labs/src/lab/install/lab02_interfaces/share/lab02_interfaces/cmake/export_lab02_interfaces__rosidl_generator_cExport-noconfig.cmake
[5.112s] -- Installing: /workspaces/SESARS_Labs/src/lab/install/lab02_interfaces/share/lab02_interfaces/cmake/export_lab02_interfaces__rosidl_typesupport_fastrtps_cExport.cmake
[5.112s] -- Installing: /workspaces/SESARS_Labs/src/lab/install/lab02_interfaces/share/lab02_interfaces/cmake/export_lab02_interfaces__rosidl_typesupport_fastrtps_cExport-noconfig.cmake
[5.113s] -- Installing: /workspaces/SESARS_Labs/src/lab/install/lab02_interfaces/share/lab02_interfaces/cmake/lab02_interfaces__rosidl_typesupport_introspection_cExport.cmake
[5.113s] -- Installing: /workspaces/SESARS_Labs/src/lab/install/lab02_interfaces/share/lab02_interfaces/cmake/lab02_interfaces__rosidl_typesupport_introspection_cExport-noconfig.cmake
[5.113s] -- Installing: /workspaces/SESARS_Labs/src/lab/install/lab02_interfaces/share/lab02_interfaces/cmake/lab02_interfaces__rosidl_typesupport_cExport.cmake
[5.113s] -- Installing: /workspaces/SESARS_Labs/src/lab/install/lab02_interfaces/share/lab02_interfaces/cmake/lab02_interfaces__rosidl_typesupport_cExport-noconfig.cmake
[5.114s] -- Installing: /workspaces/SESARS_Labs/src/lab/install/lab02_interfaces/share/lab02_interfaces/cmake/export_lab02_interfaces__rosidl_generator_cppExport.cmake
[5.114s] -- Installing: /workspaces/SESARS_Labs/src/lab/install/lab02_interfaces/share/lab02_interfaces/cmake/export_lab02_interfaces__rosidl_typesupport_fastrtps_cppExport.cmake
[5.114s] -- Installing: /workspaces/SESARS_Labs/src/lab/install/lab02_interfaces/share/lab02_interfaces/cmake/export_lab02_interfaces__rosidl_typesupport_fastrtps_cppExport-noconfig.cmake
[5.114s] -- Installing: /workspaces/SESARS_Labs/src/lab/install/lab02_interfaces/share/lab02_interfaces/cmake/lab02_interfaces__rosidl_typesupport_introspection_cppExport.cmake
[5.115s] -- Installing: /workspaces/SESARS_Labs/src/lab/install/lab02_interfaces/share/lab02_interfaces/cmake/lab02_interfaces__rosidl_typesupport_introspection_cppExport-noconfig.cmake
[5.115s] -- Installing: /workspaces/SESARS_Labs/src/lab/install/lab02_interfaces/share/lab02_interfaces/cmake/lab02_interfaces__rosidl_typesupport_cppExport.cmake
[5.115s] -- Installing: /workspaces/SESARS_Labs/src/lab/install/lab02_interfaces/share/lab02_interfaces/cmake/lab02_interfaces__rosidl_typesupport_cppExport-noconfig.cmake
[5.115s] -- Installing: /workspaces/SESARS_Labs/src/lab/install/lab02_interfaces/share/lab02_interfaces/cmake/export_lab02_interfaces__rosidl_generator_pyExport.cmake
[5.115s] -- Installing: /workspaces/SESARS_Labs/src/lab/install/lab02_interfaces/share/lab02_interfaces/cmake/export_lab02_interfaces__rosidl_generator_pyExport-noconfig.cmake
[5.115s] -- Installing: /workspaces/SESARS_Labs/src/lab/install/lab02_interfaces/share/lab02_interfaces/cmake/rosidl_cmake-extras.cmake
[5.116s] -- Installing: /workspaces/SESARS_Labs/src/lab/install/lab02_interfaces/share/lab02_interfaces/cmake/ament_cmake_export_dependencies-extras.cmake
[5.116s] -- Installing: /workspaces/SESARS_Labs/src/lab/install/lab02_interfaces/share/lab02_interfaces/cmake/ament_cmake_export_include_directories-extras.cmake
[5.116s] -- Installing: /workspaces/SESARS_Labs/src/lab/install/lab02_interfaces/share/lab02_interfaces/cmake/ament_cmake_export_libraries-extras.cmake
[5.116s] -- Installing: /workspaces/SESARS_Labs/src/lab/install/lab02_interfaces/share/lab02_interfaces/cmake/ament_cmake_export_targets-extras.cmake
[5.116s] -- Installing: /workspaces/SESARS_Labs/src/lab/install/lab02_interfaces/share/lab02_interfaces/cmake/rosidl_cmake_export_typesupport_targets-extras.cmake
[5.117s] -- Installing: /workspaces/SESARS_Labs/src/lab/install/lab02_interfaces/share/lab02_interfaces/cmake/rosidl_cmake_export_typesupport_libraries-extras.cmake
[5.117s] -- Installing: /workspaces/SESARS_Labs/src/lab/install/lab02_interfaces/share/lab02_interfaces/cmake/lab02_interfacesConfig.cmake
[5.117s] -- Installing: /workspaces/SESARS_Labs/src/lab/install/lab02_interfaces/share/lab02_interfaces/cmake/lab02_interfacesConfig-version.cmake
[5.117s] -- Installing: /workspaces/SESARS_Labs/src/lab/install/lab02_interfaces/share/lab02_interfaces/package.xml
[5.118s] Invoked command in '/workspaces/SESARS_Labs/src/lab/build/lab02_interfaces' returned '0': CMAKE_PREFIX_PATH=${CMAKE_PREFIX_PATH}:/workspaces/SESARS_Labs/src/lab/install/py_pubsub:/workspaces/SESARS_Labs/src/lab/install/lab02_pkg:/workspaces/SESARS_Labs/src/lab/install/lab01_pkg:/opt/ros/humble /usr/bin/cmake --install /workspaces/SESARS_Labs/src/lab/build/lab02_interfaces
